[0.048s] DEBUG:colcon:Command line arguments: ['/usr/bin/colcon', 'build', '--packages-select', 'stonefish_ros2']
[0.048s] DEBUG:colcon:Parsed command line arguments: Namespace(log_base=None, log_level=None, verb_name='build', build_base='build', install_base='install', merge_install=False, symlink_install=False, test_result_base=None, continue_on_error=False, executor='parallel', parallel_workers=32, event_handlers=None, ignore_user_meta=False, metas=['./colcon.meta'], base_paths=['.'], packages_ignore=None, packages_ignore_regex=None, paths=None, packages_up_to=None, packages_up_to_regex=None, packages_above=None, packages_above_and_dependencies=None, packages_above_depth=None, packages_select_by_dep=None, packages_skip_by_dep=None, packages_skip_up_to=None, packages_select_build_failed=False, packages_skip_build_finished=False, packages_select_test_failures=False, packages_skip_test_passed=False, packages_select=['stonefish_ros2'], packages_skip=None, packages_select_regex=None, packages_skip_regex=None, packages_start=None, packages_end=None, cmake_args=None, cmake_target=None, cmake_target_skip_unavailable=False, cmake_clean_cache=False, cmake_clean_first=False, cmake_force_configure=False, ament_cmake_args=None, catkin_cmake_args=None, catkin_skip_building_tests=False, mixin_files=None, mixin=None, verb_parser=<colcon_mixin.mixin.mixin_argument.MixinArgumentDecorator object at 0x7baeaf0dccd0>, verb_extension=<colcon_core.verb.build.BuildVerb object at 0x7baeaf225450>, main=<bound method BuildVerb.main of <colcon_core.verb.build.BuildVerb object at 0x7baeaf225450>>, mixin_verb=('build',))
[0.104s] Level 1:colcon.colcon_core.package_discovery:discover_packages(colcon_meta) check parameters
[0.104s] INFO:colcon.colcon_metadata.package_discovery.colcon_meta:Using configuration from '/root/.colcon/metadata/default/Gazebo.meta'
[0.104s] INFO:colcon.colcon_metadata.package_discovery.colcon_meta:Using configuration from '/root/.colcon/metadata/default/fastrtps.meta'
[0.104s] Level 1:colcon.colcon_core.package_discovery:discover_packages(recursive) check parameters
[0.104s] Level 1:colcon.colcon_core.package_discovery:discover_packages(ignore) check parameters
[0.104s] Level 1:colcon.colcon_core.package_discovery:discover_packages(path) check parameters
[0.104s] Level 1:colcon.colcon_core.package_discovery:discover_packages(colcon_meta) discover
[0.104s] Level 1:colcon.colcon_core.package_discovery:discover_packages(recursive) discover
[0.104s] INFO:colcon.colcon_core.package_discovery:Crawling recursively for packages in '/home/sf_ws'
[0.104s] Level 1:colcon.colcon_core.package_identification:_identify(.) by extensions ['ignore', 'ignore_ament_install']
[0.104s] Level 1:colcon.colcon_core.package_identification:_identify(.) by extension 'ignore'
[0.104s] Level 1:colcon.colcon_core.package_identification:_identify(.) by extension 'ignore_ament_install'
[0.104s] Level 1:colcon.colcon_core.package_identification:_identify(.) by extensions ['colcon_pkg']
[0.104s] Level 1:colcon.colcon_core.package_identification:_identify(.) by extension 'colcon_pkg'
[0.104s] Level 1:colcon.colcon_core.package_identification:_identify(.) by extensions ['colcon_meta']
[0.104s] Level 1:colcon.colcon_core.package_identification:_identify(.) by extension 'colcon_meta'
[0.104s] Level 1:colcon.colcon_core.package_identification:_identify(.) by extensions ['ros']
[0.104s] Level 1:colcon.colcon_core.package_identification:_identify(.) by extension 'ros'
[0.109s] Level 1:colcon.colcon_core.package_identification:_identify(.) by extensions ['cmake', 'python']
[0.109s] Level 1:colcon.colcon_core.package_identification:_identify(.) by extension 'cmake'
[0.109s] Level 1:colcon.colcon_core.package_identification:_identify(.) by extension 'python'
[0.109s] Level 1:colcon.colcon_core.package_identification:_identify(.) by extensions ['python_setup_py']
[0.109s] Level 1:colcon.colcon_core.package_identification:_identify(.) by extension 'python_setup_py'
[0.109s] Level 1:colcon.colcon_core.package_identification:_identify(annotations_2024-10-12) by extensions ['ignore', 'ignore_ament_install']
[0.109s] Level 1:colcon.colcon_core.package_identification:_identify(annotations_2024-10-12) by extension 'ignore'
[0.109s] Level 1:colcon.colcon_core.package_identification:_identify(annotations_2024-10-12) by extension 'ignore_ament_install'
[0.109s] Level 1:colcon.colcon_core.package_identification:_identify(annotations_2024-10-12) by extensions ['colcon_pkg']
[0.109s] Level 1:colcon.colcon_core.package_identification:_identify(annotations_2024-10-12) by extension 'colcon_pkg'
[0.109s] Level 1:colcon.colcon_core.package_identification:_identify(annotations_2024-10-12) by extensions ['colcon_meta']
[0.109s] Level 1:colcon.colcon_core.package_identification:_identify(annotations_2024-10-12) by extension 'colcon_meta'
[0.109s] Level 1:colcon.colcon_core.package_identification:_identify(annotations_2024-10-12) by extensions ['ros']
[0.109s] Level 1:colcon.colcon_core.package_identification:_identify(annotations_2024-10-12) by extension 'ros'
[0.109s] Level 1:colcon.colcon_core.package_identification:_identify(annotations_2024-10-12) by extensions ['cmake', 'python']
[0.109s] Level 1:colcon.colcon_core.package_identification:_identify(annotations_2024-10-12) by extension 'cmake'
[0.109s] Level 1:colcon.colcon_core.package_identification:_identify(annotations_2024-10-12) by extension 'python'
[0.110s] Level 1:colcon.colcon_core.package_identification:_identify(annotations_2024-10-12) by extensions ['python_setup_py']
[0.110s] Level 1:colcon.colcon_core.package_identification:_identify(annotations_2024-10-12) by extension 'python_setup_py'
[0.110s] Level 1:colcon.colcon_core.package_identification:_identify(build) by extensions ['ignore', 'ignore_ament_install']
[0.110s] Level 1:colcon.colcon_core.package_identification:_identify(build) by extension 'ignore'
[0.110s] Level 1:colcon.colcon_core.package_identification:_identify(build) ignored
[0.110s] Level 1:colcon.colcon_core.package_identification:_identify(install) by extensions ['ignore', 'ignore_ament_install']
[0.110s] Level 1:colcon.colcon_core.package_identification:_identify(install) by extension 'ignore'
[0.110s] Level 1:colcon.colcon_core.package_identification:_identify(install) ignored
[0.110s] Level 1:colcon.colcon_core.package_identification:_identify(log) by extensions ['ignore', 'ignore_ament_install']
[0.110s] Level 1:colcon.colcon_core.package_identification:_identify(log) by extension 'ignore'
[0.110s] Level 1:colcon.colcon_core.package_identification:_identify(log) ignored
[0.110s] Level 1:colcon.colcon_core.package_identification:_identify(src) by extensions ['ignore', 'ignore_ament_install']
[0.110s] Level 1:colcon.colcon_core.package_identification:_identify(src) by extension 'ignore'
[0.110s] Level 1:colcon.colcon_core.package_identification:_identify(src) by extension 'ignore_ament_install'
[0.110s] Level 1:colcon.colcon_core.package_identification:_identify(src) by extensions ['colcon_pkg']
[0.110s] Level 1:colcon.colcon_core.package_identification:_identify(src) by extension 'colcon_pkg'
[0.110s] Level 1:colcon.colcon_core.package_identification:_identify(src) by extensions ['colcon_meta']
[0.110s] Level 1:colcon.colcon_core.package_identification:_identify(src) by extension 'colcon_meta'
[0.110s] Level 1:colcon.colcon_core.package_identification:_identify(src) by extensions ['ros']
[0.110s] Level 1:colcon.colcon_core.package_identification:_identify(src) by extension 'ros'
[0.110s] Level 1:colcon.colcon_core.package_identification:_identify(src) by extensions ['cmake', 'python']
[0.110s] Level 1:colcon.colcon_core.package_identification:_identify(src) by extension 'cmake'
[0.110s] Level 1:colcon.colcon_core.package_identification:_identify(src) by extension 'python'
[0.110s] Level 1:colcon.colcon_core.package_identification:_identify(src) by extensions ['python_setup_py']
[0.110s] Level 1:colcon.colcon_core.package_identification:_identify(src) by extension 'python_setup_py'
[0.110s] Level 1:colcon.colcon_core.package_identification:_identify(src/cola2_msgs_ros2) by extensions ['ignore', 'ignore_ament_install']
[0.110s] Level 1:colcon.colcon_core.package_identification:_identify(src/cola2_msgs_ros2) by extension 'ignore'
[0.110s] Level 1:colcon.colcon_core.package_identification:_identify(src/cola2_msgs_ros2) by extension 'ignore_ament_install'
[0.110s] Level 1:colcon.colcon_core.package_identification:_identify(src/cola2_msgs_ros2) by extensions ['colcon_pkg']
[0.110s] Level 1:colcon.colcon_core.package_identification:_identify(src/cola2_msgs_ros2) by extension 'colcon_pkg'
[0.110s] Level 1:colcon.colcon_core.package_identification:_identify(src/cola2_msgs_ros2) by extensions ['colcon_meta']
[0.110s] Level 1:colcon.colcon_core.package_identification:_identify(src/cola2_msgs_ros2) by extension 'colcon_meta'
[0.110s] Level 1:colcon.colcon_core.package_identification:_identify(src/cola2_msgs_ros2) by extensions ['ros']
[0.110s] Level 1:colcon.colcon_core.package_identification:_identify(src/cola2_msgs_ros2) by extension 'ros'
[0.111s] DEBUG:colcon.colcon_core.package_identification:Package 'src/cola2_msgs_ros2' with type 'ros.catkin' and name 'cola2_msgs'
[0.111s] Level 1:colcon.colcon_core.package_identification:_identify(src/cola2_stonefish_ros2) by extensions ['ignore', 'ignore_ament_install']
[0.111s] Level 1:colcon.colcon_core.package_identification:_identify(src/cola2_stonefish_ros2) by extension 'ignore'
[0.111s] Level 1:colcon.colcon_core.package_identification:_identify(src/cola2_stonefish_ros2) by extension 'ignore_ament_install'
[0.111s] Level 1:colcon.colcon_core.package_identification:_identify(src/cola2_stonefish_ros2) by extensions ['colcon_pkg']
[0.111s] Level 1:colcon.colcon_core.package_identification:_identify(src/cola2_stonefish_ros2) by extension 'colcon_pkg'
[0.111s] Level 1:colcon.colcon_core.package_identification:_identify(src/cola2_stonefish_ros2) by extensions ['colcon_meta']
[0.111s] Level 1:colcon.colcon_core.package_identification:_identify(src/cola2_stonefish_ros2) by extension 'colcon_meta'
[0.111s] Level 1:colcon.colcon_core.package_identification:_identify(src/cola2_stonefish_ros2) by extensions ['ros']
[0.111s] Level 1:colcon.colcon_core.package_identification:_identify(src/cola2_stonefish_ros2) by extension 'ros'
[0.112s] DEBUG:colcon.colcon_core.package_identification:Package 'src/cola2_stonefish_ros2' with type 'ros.ament_cmake' and name 'cola2_stonefish'
[0.112s] Level 1:colcon.colcon_core.package_identification:_identify(src/extras_boat) by extensions ['ignore', 'ignore_ament_install']
[0.112s] Level 1:colcon.colcon_core.package_identification:_identify(src/extras_boat) by extension 'ignore'
[0.112s] Level 1:colcon.colcon_core.package_identification:_identify(src/extras_boat) by extension 'ignore_ament_install'
[0.112s] Level 1:colcon.colcon_core.package_identification:_identify(src/extras_boat) by extensions ['colcon_pkg']
[0.112s] Level 1:colcon.colcon_core.package_identification:_identify(src/extras_boat) by extension 'colcon_pkg'
[0.112s] Level 1:colcon.colcon_core.package_identification:_identify(src/extras_boat) by extensions ['colcon_meta']
[0.112s] Level 1:colcon.colcon_core.package_identification:_identify(src/extras_boat) by extension 'colcon_meta'
[0.112s] Level 1:colcon.colcon_core.package_identification:_identify(src/extras_boat) by extensions ['ros']
[0.112s] Level 1:colcon.colcon_core.package_identification:_identify(src/extras_boat) by extension 'ros'
[0.112s] Level 1:colcon.colcon_core.package_identification:_identify(src/extras_boat) by extensions ['cmake', 'python']
[0.112s] Level 1:colcon.colcon_core.package_identification:_identify(src/extras_boat) by extension 'cmake'
[0.112s] Level 1:colcon.colcon_core.package_identification:_identify(src/extras_boat) by extension 'python'
[0.112s] Level 1:colcon.colcon_core.package_identification:_identify(src/extras_boat) by extensions ['python_setup_py']
[0.112s] Level 1:colcon.colcon_core.package_identification:_identify(src/extras_boat) by extension 'python_setup_py'
[0.112s] Level 1:colcon.colcon_core.package_identification:_identify(src/extras_rov) by extensions ['ignore', 'ignore_ament_install']
[0.112s] Level 1:colcon.colcon_core.package_identification:_identify(src/extras_rov) by extension 'ignore'
[0.112s] Level 1:colcon.colcon_core.package_identification:_identify(src/extras_rov) by extension 'ignore_ament_install'
[0.112s] Level 1:colcon.colcon_core.package_identification:_identify(src/extras_rov) by extensions ['colcon_pkg']
[0.112s] Level 1:colcon.colcon_core.package_identification:_identify(src/extras_rov) by extension 'colcon_pkg'
[0.112s] Level 1:colcon.colcon_core.package_identification:_identify(src/extras_rov) by extensions ['colcon_meta']
[0.112s] Level 1:colcon.colcon_core.package_identification:_identify(src/extras_rov) by extension 'colcon_meta'
[0.112s] Level 1:colcon.colcon_core.package_identification:_identify(src/extras_rov) by extensions ['ros']
[0.112s] Level 1:colcon.colcon_core.package_identification:_identify(src/extras_rov) by extension 'ros'
[0.112s] Level 1:colcon.colcon_core.package_identification:_identify(src/extras_rov) by extensions ['cmake', 'python']
[0.112s] Level 1:colcon.colcon_core.package_identification:_identify(src/extras_rov) by extension 'cmake'
[0.112s] Level 1:colcon.colcon_core.package_identification:_identify(src/extras_rov) by extension 'python'
[0.112s] Level 1:colcon.colcon_core.package_identification:_identify(src/extras_rov) by extensions ['python_setup_py']
[0.112s] Level 1:colcon.colcon_core.package_identification:_identify(src/extras_rov) by extension 'python_setup_py'
[0.112s] Level 1:colcon.colcon_core.package_identification:_identify(src/stonefish_bluerov2) by extensions ['ignore', 'ignore_ament_install']
[0.112s] Level 1:colcon.colcon_core.package_identification:_identify(src/stonefish_bluerov2) by extension 'ignore'
[0.112s] Level 1:colcon.colcon_core.package_identification:_identify(src/stonefish_bluerov2) by extension 'ignore_ament_install'
[0.112s] Level 1:colcon.colcon_core.package_identification:_identify(src/stonefish_bluerov2) by extensions ['colcon_pkg']
[0.112s] Level 1:colcon.colcon_core.package_identification:_identify(src/stonefish_bluerov2) by extension 'colcon_pkg'
[0.112s] Level 1:colcon.colcon_core.package_identification:_identify(src/stonefish_bluerov2) by extensions ['colcon_meta']
[0.112s] Level 1:colcon.colcon_core.package_identification:_identify(src/stonefish_bluerov2) by extension 'colcon_meta'
[0.112s] Level 1:colcon.colcon_core.package_identification:_identify(src/stonefish_bluerov2) by extensions ['ros']
[0.112s] Level 1:colcon.colcon_core.package_identification:_identify(src/stonefish_bluerov2) by extension 'ros'
[0.113s] DEBUG:colcon.colcon_core.package_identification:Package 'src/stonefish_bluerov2' with type 'ros.ament_cmake' and name 'stonefish_bluerov2'
[0.113s] Level 1:colcon.colcon_core.package_identification:_identify(src/stonefish_ros2) by extensions ['ignore', 'ignore_ament_install']
[0.113s] Level 1:colcon.colcon_core.package_identification:_identify(src/stonefish_ros2) by extension 'ignore'
[0.113s] Level 1:colcon.colcon_core.package_identification:_identify(src/stonefish_ros2) by extension 'ignore_ament_install'
[0.113s] Level 1:colcon.colcon_core.package_identification:_identify(src/stonefish_ros2) by extensions ['colcon_pkg']
[0.113s] Level 1:colcon.colcon_core.package_identification:_identify(src/stonefish_ros2) by extension 'colcon_pkg'
[0.113s] Level 1:colcon.colcon_core.package_identification:_identify(src/stonefish_ros2) by extensions ['colcon_meta']
[0.113s] Level 1:colcon.colcon_core.package_identification:_identify(src/stonefish_ros2) by extension 'colcon_meta'
[0.113s] Level 1:colcon.colcon_core.package_identification:_identify(src/stonefish_ros2) by extensions ['ros']
[0.113s] Level 1:colcon.colcon_core.package_identification:_identify(src/stonefish_ros2) by extension 'ros'
[0.113s] DEBUG:colcon.colcon_core.package_identification:Package 'src/stonefish_ros2' with type 'ros.ament_cmake' and name 'stonefish_ros2'
[0.113s] Level 1:colcon.colcon_core.package_discovery:discover_packages(recursive) using defaults
[0.113s] Level 1:colcon.colcon_core.package_discovery:discover_packages(ignore) discover
[0.113s] Level 1:colcon.colcon_core.package_discovery:discover_packages(ignore) using defaults
[0.113s] Level 1:colcon.colcon_core.package_discovery:discover_packages(path) discover
[0.113s] Level 1:colcon.colcon_core.package_discovery:discover_packages(path) using defaults
[0.121s] INFO:colcon.colcon_core.package_selection:Skipping not selected package 'cola2_msgs' in 'src/cola2_msgs_ros2'
[0.121s] INFO:colcon.colcon_core.package_selection:Skipping not selected package 'stonefish_bluerov2' in 'src/stonefish_bluerov2'
[0.121s] INFO:colcon.colcon_core.package_selection:Skipping not selected package 'cola2_stonefish' in 'src/cola2_stonefish_ros2'
[0.121s] Level 5:colcon.colcon_core.verb:set package 'stonefish_ros2' build argument 'cmake_args' from command line to 'None'
[0.121s] Level 5:colcon.colcon_core.verb:set package 'stonefish_ros2' build argument 'cmake_target' from command line to 'None'
[0.121s] Level 5:colcon.colcon_core.verb:set package 'stonefish_ros2' build argument 'cmake_target_skip_unavailable' from command line to 'False'
[0.122s] Level 5:colcon.colcon_core.verb:set package 'stonefish_ros2' build argument 'cmake_clean_cache' from command line to 'False'
[0.122s] Level 5:colcon.colcon_core.verb:set package 'stonefish_ros2' build argument 'cmake_clean_first' from command line to 'False'
[0.122s] Level 5:colcon.colcon_core.verb:set package 'stonefish_ros2' build argument 'cmake_force_configure' from command line to 'False'
[0.122s] Level 5:colcon.colcon_core.verb:set package 'stonefish_ros2' build argument 'ament_cmake_args' from command line to 'None'
[0.122s] Level 5:colcon.colcon_core.verb:set package 'stonefish_ros2' build argument 'catkin_cmake_args' from command line to 'None'
[0.122s] Level 5:colcon.colcon_core.verb:set package 'stonefish_ros2' build argument 'catkin_skip_building_tests' from command line to 'False'
[0.122s] DEBUG:colcon.colcon_core.verb:Building package 'stonefish_ros2' with the following arguments: {'ament_cmake_args': None, 'build_base': '/home/sf_ws/build/stonefish_ros2', 'catkin_cmake_args': None, 'catkin_skip_building_tests': False, 'cmake_args': None, 'cmake_clean_cache': False, 'cmake_clean_first': False, 'cmake_force_configure': False, 'cmake_target': None, 'cmake_target_skip_unavailable': False, 'install_base': '/home/sf_ws/install/stonefish_ros2', 'merge_install': False, 'path': '/home/sf_ws/src/stonefish_ros2', 'symlink_install': False, 'test_result_base': None}
[0.122s] INFO:colcon.colcon_core.executor:Executing jobs using 'parallel' executor
[0.122s] DEBUG:colcon.colcon_parallel_executor.executor.parallel:run_until_complete
[0.122s] INFO:colcon.colcon_ros.task.ament_cmake.build:Building ROS package in '/home/sf_ws/src/stonefish_ros2' with build type 'ament_cmake'
[0.122s] INFO:colcon.colcon_cmake.task.cmake.build:Building CMake package in '/home/sf_ws/src/stonefish_ros2'
[0.123s] INFO:colcon.colcon_core.plugin_system:Skipping extension 'colcon_core.shell.bat': Not used on non-Windows systems
[0.123s] INFO:colcon.colcon_core.shell:Skip shell extension 'powershell' for command environment: Not usable outside of PowerShell
[0.123s] DEBUG:colcon.colcon_core.shell:Skip shell extension 'dsv' for command environment
[0.129s] DEBUG:colcon.colcon_core.event_handler.log_command:Invoking command in '/home/sf_ws/build/stonefish_ros2': CMAKE_PREFIX_PATH=${CMAKE_PREFIX_PATH}:/opt/ros/humble /usr/bin/cmake /home/sf_ws/src/stonefish_ros2 -DCMAKE_INSTALL_PREFIX=/home/sf_ws/install/stonefish_ros2
[2.557s] DEBUG:colcon.colcon_core.event_handler.log_command:Invoked command in '/home/sf_ws/build/stonefish_ros2' returned '0': CMAKE_PREFIX_PATH=${CMAKE_PREFIX_PATH}:/opt/ros/humble /usr/bin/cmake /home/sf_ws/src/stonefish_ros2 -DCMAKE_INSTALL_PREFIX=/home/sf_ws/install/stonefish_ros2
[2.557s] DEBUG:colcon.colcon_core.event_handler.log_command:Invoking command in '/home/sf_ws/build/stonefish_ros2': CMAKE_PREFIX_PATH=${CMAKE_PREFIX_PATH}:/opt/ros/humble /usr/bin/cmake --build /home/sf_ws/build/stonefish_ros2 -- -j32 -l32
[21.092s] DEBUG:colcon.colcon_core.event_handler.log_command:Invoked command in '/home/sf_ws/build/stonefish_ros2' returned '0': CMAKE_PREFIX_PATH=${CMAKE_PREFIX_PATH}:/opt/ros/humble /usr/bin/cmake --build /home/sf_ws/build/stonefish_ros2 -- -j32 -l32
[21.236s] DEBUG:colcon.colcon_core.event_handler.log_command:Invoking command in '/home/sf_ws/build/stonefish_ros2': CMAKE_PREFIX_PATH=${CMAKE_PREFIX_PATH}:/opt/ros/humble /usr/bin/cmake --install /home/sf_ws/build/stonefish_ros2
[21.294s] Level 1:colcon.colcon_core.environment:create_environment_scripts_only(stonefish_ros2)
[21.294s] DEBUG:colcon.colcon_core.event_handler.log_command:Invoked command in '/home/sf_ws/build/stonefish_ros2' returned '0': CMAKE_PREFIX_PATH=${CMAKE_PREFIX_PATH}:/opt/ros/humble /usr/bin/cmake --install /home/sf_ws/build/stonefish_ros2
[21.296s] Level 1:colcon.colcon_core.environment:checking '/home/sf_ws/install/stonefish_ros2' for CMake module files
[21.296s] Level 1:colcon.colcon_core.environment:checking '/home/sf_ws/install/stonefish_ros2' for CMake config files
[21.297s] Level 1:colcon.colcon_core.shell:create_environment_hook('stonefish_ros2', 'cmake_prefix_path')
[21.297s] INFO:colcon.colcon_core.shell:Creating environment hook '/home/sf_ws/install/stonefish_ros2/share/stonefish_ros2/hook/cmake_prefix_path.ps1'
[21.298s] INFO:colcon.colcon_core.shell:Creating environment descriptor '/home/sf_ws/install/stonefish_ros2/share/stonefish_ros2/hook/cmake_prefix_path.dsv'
[21.298s] INFO:colcon.colcon_core.shell:Creating environment hook '/home/sf_ws/install/stonefish_ros2/share/stonefish_ros2/hook/cmake_prefix_path.sh'
[21.299s] Level 1:colcon.colcon_core.environment:checking '/home/sf_ws/install/stonefish_ros2/lib'
[21.299s] Level 1:colcon.colcon_core.shell:create_environment_hook('stonefish_ros2', 'ld_library_path_lib')
[21.299s] INFO:colcon.colcon_core.shell:Creating environment hook '/home/sf_ws/install/stonefish_ros2/share/stonefish_ros2/hook/ld_library_path_lib.ps1'
[21.299s] INFO:colcon.colcon_core.shell:Creating environment descriptor '/home/sf_ws/install/stonefish_ros2/share/stonefish_ros2/hook/ld_library_path_lib.dsv'
[21.299s] INFO:colcon.colcon_core.shell:Creating environment hook '/home/sf_ws/install/stonefish_ros2/share/stonefish_ros2/hook/ld_library_path_lib.sh'
[21.299s] Level 1:colcon.colcon_core.environment:checking '/home/sf_ws/install/stonefish_ros2/bin'
[21.300s] Level 1:colcon.colcon_core.environment:checking '/home/sf_ws/install/stonefish_ros2/lib/pkgconfig/stonefish_ros2.pc'
[21.301s] Level 1:colcon.colcon_core.environment:checking '/home/sf_ws/install/stonefish_ros2/lib/python3.10/site-packages'
[21.301s] Level 1:colcon.colcon_core.environment:checking '/home/sf_ws/install/stonefish_ros2/bin'
[21.301s] INFO:colcon.colcon_core.shell:Creating package script '/home/sf_ws/install/stonefish_ros2/share/stonefish_ros2/package.ps1'
[21.302s] INFO:colcon.colcon_core.shell:Creating package descriptor '/home/sf_ws/install/stonefish_ros2/share/stonefish_ros2/package.dsv'
[21.302s] INFO:colcon.colcon_core.shell:Creating package script '/home/sf_ws/install/stonefish_ros2/share/stonefish_ros2/package.sh'
[21.309s] INFO:colcon.colcon_core.shell:Creating package script '/home/sf_ws/install/stonefish_ros2/share/stonefish_ros2/package.bash'
[21.310s] INFO:colcon.colcon_core.shell:Creating package script '/home/sf_ws/install/stonefish_ros2/share/stonefish_ros2/package.zsh'
[21.310s] Level 1:colcon.colcon_core.environment:create_file_with_runtime_dependencies(/home/sf_ws/install/stonefish_ros2/share/colcon-core/packages/stonefish_ros2)
[21.452s] Level 1:colcon.colcon_core.environment:create_environment_scripts_only(stonefish_ros2)
[21.452s] Level 1:colcon.colcon_core.environment:checking '/home/sf_ws/install/stonefish_ros2' for CMake module files
[21.453s] Level 1:colcon.colcon_core.environment:checking '/home/sf_ws/install/stonefish_ros2' for CMake config files
[21.453s] Level 1:colcon.colcon_core.shell:create_environment_hook('stonefish_ros2', 'cmake_prefix_path')
[21.454s] INFO:colcon.colcon_core.shell:Creating environment hook '/home/sf_ws/install/stonefish_ros2/share/stonefish_ros2/hook/cmake_prefix_path.ps1'
[21.454s] INFO:colcon.colcon_core.shell:Creating environment descriptor '/home/sf_ws/install/stonefish_ros2/share/stonefish_ros2/hook/cmake_prefix_path.dsv'
[21.454s] INFO:colcon.colcon_core.shell:Creating environment hook '/home/sf_ws/install/stonefish_ros2/share/stonefish_ros2/hook/cmake_prefix_path.sh'
[21.455s] Level 1:colcon.colcon_core.environment:checking '/home/sf_ws/install/stonefish_ros2/lib'
[21.455s] Level 1:colcon.colcon_core.shell:create_environment_hook('stonefish_ros2', 'ld_library_path_lib')
[21.455s] INFO:colcon.colcon_core.shell:Creating environment hook '/home/sf_ws/install/stonefish_ros2/share/stonefish_ros2/hook/ld_library_path_lib.ps1'
[21.455s] INFO:colcon.colcon_core.shell:Creating environment descriptor '/home/sf_ws/install/stonefish_ros2/share/stonefish_ros2/hook/ld_library_path_lib.dsv'
[21.455s] INFO:colcon.colcon_core.shell:Creating environment hook '/home/sf_ws/install/stonefish_ros2/share/stonefish_ros2/hook/ld_library_path_lib.sh'
[21.455s] Level 1:colcon.colcon_core.environment:checking '/home/sf_ws/install/stonefish_ros2/bin'
[21.455s] Level 1:colcon.colcon_core.environment:checking '/home/sf_ws/install/stonefish_ros2/lib/pkgconfig/stonefish_ros2.pc'
[21.456s] Level 1:colcon.colcon_core.environment:checking '/home/sf_ws/install/stonefish_ros2/lib/python3.10/site-packages'
[21.456s] Level 1:colcon.colcon_core.environment:checking '/home/sf_ws/install/stonefish_ros2/bin'
[21.456s] INFO:colcon.colcon_core.shell:Creating package script '/home/sf_ws/install/stonefish_ros2/share/stonefish_ros2/package.ps1'
[21.456s] INFO:colcon.colcon_core.shell:Creating package descriptor '/home/sf_ws/install/stonefish_ros2/share/stonefish_ros2/package.dsv'
[21.457s] INFO:colcon.colcon_core.shell:Creating package script '/home/sf_ws/install/stonefish_ros2/share/stonefish_ros2/package.sh'
[21.457s] INFO:colcon.colcon_core.shell:Creating package script '/home/sf_ws/install/stonefish_ros2/share/stonefish_ros2/package.bash'
[21.457s] INFO:colcon.colcon_core.shell:Creating package script '/home/sf_ws/install/stonefish_ros2/share/stonefish_ros2/package.zsh'
[21.458s] Level 1:colcon.colcon_core.environment:create_file_with_runtime_dependencies(/home/sf_ws/install/stonefish_ros2/share/colcon-core/packages/stonefish_ros2)
[21.458s] DEBUG:colcon.colcon_parallel_executor.executor.parallel:closing loop
[21.458s] DEBUG:colcon.colcon_parallel_executor.executor.parallel:loop closed
[21.458s] DEBUG:colcon.colcon_parallel_executor.executor.parallel:run_until_complete finished with '0'
[21.458s] DEBUG:colcon.colcon_core.event_reactor:joining thread
[21.460s] INFO:colcon.colcon_core.plugin_system:Skipping extension 'colcon_notification.desktop_notification.notify_send': Could not find 'notify-send'
[21.460s] INFO:colcon.colcon_core.plugin_system:Skipping extension 'colcon_notification.desktop_notification.terminal_notifier': Not used on non-Darwin systems
[21.460s] INFO:colcon.colcon_core.plugin_system:Skipping extension 'colcon_notification.desktop_notification.win32': Not used on non-Windows systems
[21.460s] INFO:colcon.colcon_notification.desktop_notification:Sending desktop notification using 'notify2'
[21.462s] DEBUG:colcon.colcon_notification.desktop_notification.notify2:Failed to initialize notify2: org.freedesktop.DBus.Error.Spawn.ExecFailed: /usr/bin/dbus-launch terminated abnormally without any error message
[21.462s] DEBUG:colcon.colcon_core.event_reactor:joined thread
[21.462s] INFO:colcon.colcon_core.shell:Creating prefix script '/home/sf_ws/install/local_setup.ps1'
[21.463s] INFO:colcon.colcon_core.shell:Creating prefix util module '/home/sf_ws/install/_local_setup_util_ps1.py'
[21.464s] INFO:colcon.colcon_core.shell:Creating prefix chain script '/home/sf_ws/install/setup.ps1'
[21.464s] INFO:colcon.colcon_core.shell:Creating prefix script '/home/sf_ws/install/local_setup.sh'
[21.464s] INFO:colcon.colcon_core.shell:Creating prefix util module '/home/sf_ws/install/_local_setup_util_sh.py'
[21.464s] INFO:colcon.colcon_core.shell:Creating prefix chain script '/home/sf_ws/install/setup.sh'
[21.465s] INFO:colcon.colcon_core.shell:Creating prefix script '/home/sf_ws/install/local_setup.bash'
[21.465s] INFO:colcon.colcon_core.shell:Creating prefix chain script '/home/sf_ws/install/setup.bash'
[21.465s] INFO:colcon.colcon_core.shell:Creating prefix script '/home/sf_ws/install/local_setup.zsh'
[21.465s] INFO:colcon.colcon_core.shell:Creating prefix chain script '/home/sf_ws/install/setup.zsh'
