[0.009s] Invoking command in '/home/sf_ws/build/cola2_msgs': /usr/bin/cmake --build /home/sf_ws/build/cola2_msgs -- -j32 -l32
[0.045s] [  0%] Built target cola2_msgs__cpp
[0.049s] [  6%] Built target ament_cmake_python_copy_cola2_msgs
[0.049s] [ 12%] Built target cola2_msgs__rosidl_generator_c
[0.062s] [ 24%] Built target cola2_msgs__rosidl_typesupport_c
[0.065s] [ 37%] Built target cola2_msgs__rosidl_typesupport_introspection_cpp
[0.066s] [ 49%] Built target cola2_msgs__rosidl_typesupport_cpp
[0.067s] [ 61%] Built target cola2_msgs__rosidl_typesupport_fastrtps_cpp
[0.068s] [ 74%] Built target cola2_msgs__rosidl_typesupport_introspection_c
[0.070s] [ 86%] Built target cola2_msgs__rosidl_typesupport_fastrtps_c
[0.082s] [ 86%] Built target cola2_msgs
[0.095s] [ 86%] Built target cola2_msgs__py
[0.115s] [ 98%] Built target cola2_msgs__rosidl_generator_py
[0.130s] [100%] Built target cola2_msgs__rosidl_typesupport_fastrtps_c__pyext
[0.130s] [100%] Built target cola2_msgs__rosidl_typesupport_introspection_c__pyext
[0.130s] [100%] Built target cola2_msgs__rosidl_typesupport_c__pyext
[0.143s] running egg_info
[0.143s] writing cola2_msgs.egg-info/PKG-INFO
[0.143s] writing dependency_links to cola2_msgs.egg-info/dependency_links.txt
[0.143s] writing top-level names to cola2_msgs.egg-info/top_level.txt
[0.144s] reading manifest file 'cola2_msgs.egg-info/SOURCES.txt'
[0.145s] writing manifest file 'cola2_msgs.egg-info/SOURCES.txt'
[0.159s] [100%] Built target ament_cmake_python_build_cola2_msgs_egg
[0.166s] Invoked command in '/home/sf_ws/build/cola2_msgs' returned '0': /usr/bin/cmake --build /home/sf_ws/build/cola2_msgs -- -j32 -l32
[0.841s] Invoking command in '/home/sf_ws/build/cola2_msgs': /usr/bin/cmake --install /home/sf_ws/build/cola2_msgs
[0.846s] -- Install configuration: ""
[0.846s] -- Up-to-date: /home/sf_ws/install/cola2_msgs/share/ament_index/resource_index/rosidl_interfaces/cola2_msgs
[0.846s] -- Up-to-date: /home/sf_ws/install/cola2_msgs/include/cola2_msgs/cola2_msgs
[0.846s] -- Up-to-date: /home/sf_ws/install/cola2_msgs/include/cola2_msgs/cola2_msgs/action
[0.846s] -- Up-to-date: /home/sf_ws/install/cola2_msgs/include/cola2_msgs/cola2_msgs/action/detail
[0.846s] -- Up-to-date: /home/sf_ws/install/cola2_msgs/include/cola2_msgs/cola2_msgs/action/detail/pilot__type_support.h
[0.846s] -- Up-to-date: /home/sf_ws/install/cola2_msgs/include/cola2_msgs/cola2_msgs/action/detail/pilot__functions.h
[0.846s] -- Up-to-date: /home/sf_ws/install/cola2_msgs/include/cola2_msgs/cola2_msgs/action/detail/pilot__functions.c
[0.847s] -- Up-to-date: /home/sf_ws/install/cola2_msgs/include/cola2_msgs/cola2_msgs/action/detail/pilot__struct.h
[0.847s] -- Up-to-date: /home/sf_ws/install/cola2_msgs/include/cola2_msgs/cola2_msgs/action/pilot.h
[0.847s] -- Up-to-date: /home/sf_ws/install/cola2_msgs/include/cola2_msgs/cola2_msgs/msg
[0.847s] -- Up-to-date: /home/sf_ws/install/cola2_msgs/include/cola2_msgs/cola2_msgs/msg/captain_status.h
[0.847s] -- Up-to-date: /home/sf_ws/install/cola2_msgs/include/cola2_msgs/cola2_msgs/msg/goal_descriptor.h
[0.847s] -- Up-to-date: /home/sf_ws/install/cola2_msgs/include/cola2_msgs/cola2_msgs/msg/float32_stamped.h
[0.847s] -- Up-to-date: /home/sf_ws/install/cola2_msgs/include/cola2_msgs/cola2_msgs/msg/safety_supervisor_status.h
[0.847s] -- Up-to-date: /home/sf_ws/install/cola2_msgs/include/cola2_msgs/cola2_msgs/msg/setpoints.h
[0.847s] -- Up-to-date: /home/sf_ws/install/cola2_msgs/include/cola2_msgs/cola2_msgs/msg/map.h
[0.847s] -- Up-to-date: /home/sf_ws/install/cola2_msgs/include/cola2_msgs/cola2_msgs/msg/key_value.h
[0.847s] -- Up-to-date: /home/sf_ws/install/cola2_msgs/include/cola2_msgs/cola2_msgs/msg/dvl_beam.h
[0.847s] -- Up-to-date: /home/sf_ws/install/cola2_msgs/include/cola2_msgs/cola2_msgs/msg/dvl.h
[0.847s] -- Up-to-date: /home/sf_ws/install/cola2_msgs/include/cola2_msgs/cola2_msgs/msg/decimal_lat_lon.h
[0.847s] -- Up-to-date: /home/sf_ws/install/cola2_msgs/include/cola2_msgs/cola2_msgs/msg/bool6_axis.h
[0.847s] -- Up-to-date: /home/sf_ws/install/cola2_msgs/include/cola2_msgs/cola2_msgs/msg/detail
[0.847s] -- Up-to-date: /home/sf_ws/install/cola2_msgs/include/cola2_msgs/cola2_msgs/msg/detail/bool6_axis__struct.h
[0.847s] -- Up-to-date: /home/sf_ws/install/cola2_msgs/include/cola2_msgs/cola2_msgs/msg/detail/nav_sts__functions.h
[0.847s] -- Up-to-date: /home/sf_ws/install/cola2_msgs/include/cola2_msgs/cola2_msgs/msg/detail/rpy__functions.h
[0.847s] -- Up-to-date: /home/sf_ws/install/cola2_msgs/include/cola2_msgs/cola2_msgs/msg/detail/ned__type_support.h
[0.847s] -- Up-to-date: /home/sf_ws/install/cola2_msgs/include/cola2_msgs/cola2_msgs/msg/detail/rpy__struct.h
[0.847s] -- Up-to-date: /home/sf_ws/install/cola2_msgs/include/cola2_msgs/cola2_msgs/msg/detail/setpoints__type_support.h
[0.847s] -- Up-to-date: /home/sf_ws/install/cola2_msgs/include/cola2_msgs/cola2_msgs/msg/detail/recovery_action__functions.h
[0.847s] -- Up-to-date: /home/sf_ws/install/cola2_msgs/include/cola2_msgs/cola2_msgs/msg/detail/captain_status__functions.c
[0.847s] -- Up-to-date: /home/sf_ws/install/cola2_msgs/include/cola2_msgs/cola2_msgs/msg/detail/setpoints__functions.h
[0.847s] -- Up-to-date: /home/sf_ws/install/cola2_msgs/include/cola2_msgs/cola2_msgs/msg/detail/float32_stamped__functions.c
[0.847s] -- Up-to-date: /home/sf_ws/install/cola2_msgs/include/cola2_msgs/cola2_msgs/msg/detail/captain_state_feedback__struct.h
[0.847s] -- Up-to-date: /home/sf_ws/install/cola2_msgs/include/cola2_msgs/cola2_msgs/msg/detail/decimal_lat_lon__functions.h
[0.847s] -- Up-to-date: /home/sf_ws/install/cola2_msgs/include/cola2_msgs/cola2_msgs/msg/detail/setpoints__struct.h
[0.847s] -- Up-to-date: /home/sf_ws/install/cola2_msgs/include/cola2_msgs/cola2_msgs/msg/detail/ned__struct.h
[0.847s] -- Up-to-date: /home/sf_ws/install/cola2_msgs/include/cola2_msgs/cola2_msgs/msg/detail/safety_supervisor_status__functions.h
[0.847s] -- Up-to-date: /home/sf_ws/install/cola2_msgs/include/cola2_msgs/cola2_msgs/msg/detail/mission_state__struct.h
[0.847s] -- Up-to-date: /home/sf_ws/install/cola2_msgs/include/cola2_msgs/cola2_msgs/msg/detail/world_waypoint_req__struct.h
[0.847s] -- Up-to-date: /home/sf_ws/install/cola2_msgs/include/cola2_msgs/cola2_msgs/msg/detail/captain_status__struct.h
[0.847s] -- Up-to-date: /home/sf_ws/install/cola2_msgs/include/cola2_msgs/cola2_msgs/msg/detail/captain_state_feedback__functions.c
[0.847s] -- Up-to-date: /home/sf_ws/install/cola2_msgs/include/cola2_msgs/cola2_msgs/msg/detail/key_value__struct.h
[0.847s] -- Up-to-date: /home/sf_ws/install/cola2_msgs/include/cola2_msgs/cola2_msgs/msg/detail/body_force_req__functions.c
[0.847s] -- Up-to-date: /home/sf_ws/install/cola2_msgs/include/cola2_msgs/cola2_msgs/msg/detail/goal_descriptor__struct.h
[0.848s] -- Up-to-date: /home/sf_ws/install/cola2_msgs/include/cola2_msgs/cola2_msgs/msg/detail/landmark__struct.h
[0.848s] -- Up-to-date: /home/sf_ws/install/cola2_msgs/include/cola2_msgs/cola2_msgs/msg/detail/dvl__functions.c
[0.848s] -- Up-to-date: /home/sf_ws/install/cola2_msgs/include/cola2_msgs/cola2_msgs/msg/detail/dvl__struct.h
[0.848s] -- Up-to-date: /home/sf_ws/install/cola2_msgs/include/cola2_msgs/cola2_msgs/msg/detail/float32_stamped__functions.h
[0.848s] -- Up-to-date: /home/sf_ws/install/cola2_msgs/include/cola2_msgs/cola2_msgs/msg/detail/key_value__functions.h
[0.848s] -- Up-to-date: /home/sf_ws/install/cola2_msgs/include/cola2_msgs/cola2_msgs/msg/detail/body_force_req__struct.h
[0.848s] -- Up-to-date: /home/sf_ws/install/cola2_msgs/include/cola2_msgs/cola2_msgs/msg/detail/world_waypoint_req__type_support.h
[0.848s] -- Up-to-date: /home/sf_ws/install/cola2_msgs/include/cola2_msgs/cola2_msgs/msg/detail/bool6_axis__functions.h
[0.848s] -- Up-to-date: /home/sf_ws/install/cola2_msgs/include/cola2_msgs/cola2_msgs/msg/detail/captain_state_feedback__type_support.h
[0.848s] -- Up-to-date: /home/sf_ws/install/cola2_msgs/include/cola2_msgs/cola2_msgs/msg/detail/mission_state__type_support.h
[0.848s] -- Up-to-date: /home/sf_ws/install/cola2_msgs/include/cola2_msgs/cola2_msgs/msg/detail/map__type_support.h
[0.848s] -- Up-to-date: /home/sf_ws/install/cola2_msgs/include/cola2_msgs/cola2_msgs/msg/detail/float32_stamped__struct.h
[0.848s] -- Up-to-date: /home/sf_ws/install/cola2_msgs/include/cola2_msgs/cola2_msgs/msg/detail/goal_descriptor__functions.h
[0.848s] -- Up-to-date: /home/sf_ws/install/cola2_msgs/include/cola2_msgs/cola2_msgs/msg/detail/safety_supervisor_status__type_support.h
[0.848s] -- Up-to-date: /home/sf_ws/install/cola2_msgs/include/cola2_msgs/cola2_msgs/msg/detail/setpoints__functions.c
[0.848s] -- Up-to-date: /home/sf_ws/install/cola2_msgs/include/cola2_msgs/cola2_msgs/msg/detail/ned__functions.h
[0.848s] -- Up-to-date: /home/sf_ws/install/cola2_msgs/include/cola2_msgs/cola2_msgs/msg/detail/decimal_lat_lon__type_support.h
[0.848s] -- Up-to-date: /home/sf_ws/install/cola2_msgs/include/cola2_msgs/cola2_msgs/msg/detail/recovery_action__functions.c
[0.848s] -- Up-to-date: /home/sf_ws/install/cola2_msgs/include/cola2_msgs/cola2_msgs/msg/detail/goal_descriptor__type_support.h
[0.848s] -- Up-to-date: /home/sf_ws/install/cola2_msgs/include/cola2_msgs/cola2_msgs/msg/detail/key_value__type_support.h
[0.848s] -- Up-to-date: /home/sf_ws/install/cola2_msgs/include/cola2_msgs/cola2_msgs/msg/detail/goal_descriptor__functions.c
[0.848s] -- Up-to-date: /home/sf_ws/install/cola2_msgs/include/cola2_msgs/cola2_msgs/msg/detail/landmark__functions.c
[0.848s] -- Up-to-date: /home/sf_ws/install/cola2_msgs/include/cola2_msgs/cola2_msgs/msg/detail/body_velocity_req__type_support.h
[0.848s] -- Up-to-date: /home/sf_ws/install/cola2_msgs/include/cola2_msgs/cola2_msgs/msg/detail/world_waypoint_req__functions.c
[0.848s] -- Up-to-date: /home/sf_ws/install/cola2_msgs/include/cola2_msgs/cola2_msgs/msg/detail/ned__functions.c
[0.848s] -- Up-to-date: /home/sf_ws/install/cola2_msgs/include/cola2_msgs/cola2_msgs/msg/detail/nav_sts__struct.h
[0.848s] -- Up-to-date: /home/sf_ws/install/cola2_msgs/include/cola2_msgs/cola2_msgs/msg/detail/decimal_lat_lon__functions.c
[0.848s] -- Up-to-date: /home/sf_ws/install/cola2_msgs/include/cola2_msgs/cola2_msgs/msg/detail/captain_status__functions.h
[0.848s] -- Up-to-date: /home/sf_ws/install/cola2_msgs/include/cola2_msgs/cola2_msgs/msg/detail/map__functions.h
[0.848s] -- Up-to-date: /home/sf_ws/install/cola2_msgs/include/cola2_msgs/cola2_msgs/msg/detail/key_value__functions.c
[0.848s] -- Up-to-date: /home/sf_ws/install/cola2_msgs/include/cola2_msgs/cola2_msgs/msg/detail/float32_stamped__type_support.h
[0.848s] -- Up-to-date: /home/sf_ws/install/cola2_msgs/include/cola2_msgs/cola2_msgs/msg/detail/captain_state_feedback__functions.h
[0.848s] -- Up-to-date: /home/sf_ws/install/cola2_msgs/include/cola2_msgs/cola2_msgs/msg/detail/body_force_req__functions.h
[0.848s] -- Up-to-date: /home/sf_ws/install/cola2_msgs/include/cola2_msgs/cola2_msgs/msg/detail/dvl_beam__struct.h
[0.848s] -- Up-to-date: /home/sf_ws/install/cola2_msgs/include/cola2_msgs/cola2_msgs/msg/detail/dvl_beam__functions.h
[0.848s] -- Up-to-date: /home/sf_ws/install/cola2_msgs/include/cola2_msgs/cola2_msgs/msg/detail/captain_status__type_support.h
[0.848s] -- Up-to-date: /home/sf_ws/install/cola2_msgs/include/cola2_msgs/cola2_msgs/msg/detail/map__struct.h
[0.848s] -- Up-to-date: /home/sf_ws/install/cola2_msgs/include/cola2_msgs/cola2_msgs/msg/detail/recovery_action__struct.h
[0.848s] -- Up-to-date: /home/sf_ws/install/cola2_msgs/include/cola2_msgs/cola2_msgs/msg/detail/dvl_beam__type_support.h
[0.848s] -- Up-to-date: /home/sf_ws/install/cola2_msgs/include/cola2_msgs/cola2_msgs/msg/detail/bool6_axis__type_support.h
[0.848s] -- Up-to-date: /home/sf_ws/install/cola2_msgs/include/cola2_msgs/cola2_msgs/msg/detail/bool6_axis__functions.c
[0.848s] -- Up-to-date: /home/sf_ws/install/cola2_msgs/include/cola2_msgs/cola2_msgs/msg/detail/recovery_action__type_support.h
[0.849s] -- Up-to-date: /home/sf_ws/install/cola2_msgs/include/cola2_msgs/cola2_msgs/msg/detail/world_waypoint_req__functions.h
[0.849s] -- Up-to-date: /home/sf_ws/install/cola2_msgs/include/cola2_msgs/cola2_msgs/msg/detail/body_velocity_req__functions.h
[0.849s] -- Up-to-date: /home/sf_ws/install/cola2_msgs/include/cola2_msgs/cola2_msgs/msg/detail/body_force_req__type_support.h
[0.849s] -- Up-to-date: /home/sf_ws/install/cola2_msgs/include/cola2_msgs/cola2_msgs/msg/detail/mission_state__functions.c
[0.849s] -- Up-to-date: /home/sf_ws/install/cola2_msgs/include/cola2_msgs/cola2_msgs/msg/detail/map__functions.c
[0.849s] -- Up-to-date: /home/sf_ws/install/cola2_msgs/include/cola2_msgs/cola2_msgs/msg/detail/body_velocity_req__functions.c
[0.849s] -- Up-to-date: /home/sf_ws/install/cola2_msgs/include/cola2_msgs/cola2_msgs/msg/detail/body_velocity_req__struct.h
[0.849s] -- Up-to-date: /home/sf_ws/install/cola2_msgs/include/cola2_msgs/cola2_msgs/msg/detail/dvl_beam__functions.c
[0.849s] -- Up-to-date: /home/sf_ws/install/cola2_msgs/include/cola2_msgs/cola2_msgs/msg/detail/decimal_lat_lon__struct.h
[0.849s] -- Up-to-date: /home/sf_ws/install/cola2_msgs/include/cola2_msgs/cola2_msgs/msg/detail/safety_supervisor_status__functions.c
[0.849s] -- Up-to-date: /home/sf_ws/install/cola2_msgs/include/cola2_msgs/cola2_msgs/msg/detail/rpy__functions.c
[0.849s] -- Up-to-date: /home/sf_ws/install/cola2_msgs/include/cola2_msgs/cola2_msgs/msg/detail/dvl__functions.h
[0.849s] -- Up-to-date: /home/sf_ws/install/cola2_msgs/include/cola2_msgs/cola2_msgs/msg/detail/landmark__functions.h
[0.849s] -- Up-to-date: /home/sf_ws/install/cola2_msgs/include/cola2_msgs/cola2_msgs/msg/detail/rpy__type_support.h
[0.849s] -- Up-to-date: /home/sf_ws/install/cola2_msgs/include/cola2_msgs/cola2_msgs/msg/detail/mission_state__functions.h
[0.849s] -- Up-to-date: /home/sf_ws/install/cola2_msgs/include/cola2_msgs/cola2_msgs/msg/detail/landmark__type_support.h
[0.849s] -- Up-to-date: /home/sf_ws/install/cola2_msgs/include/cola2_msgs/cola2_msgs/msg/detail/nav_sts__functions.c
[0.849s] -- Up-to-date: /home/sf_ws/install/cola2_msgs/include/cola2_msgs/cola2_msgs/msg/detail/nav_sts__type_support.h
[0.849s] -- Up-to-date: /home/sf_ws/install/cola2_msgs/include/cola2_msgs/cola2_msgs/msg/detail/safety_supervisor_status__struct.h
[0.849s] -- Up-to-date: /home/sf_ws/install/cola2_msgs/include/cola2_msgs/cola2_msgs/msg/detail/dvl__type_support.h
[0.849s] -- Up-to-date: /home/sf_ws/install/cola2_msgs/include/cola2_msgs/cola2_msgs/msg/nav_sts.h
[0.849s] -- Up-to-date: /home/sf_ws/install/cola2_msgs/include/cola2_msgs/cola2_msgs/msg/body_velocity_req.h
[0.849s] -- Up-to-date: /home/sf_ws/install/cola2_msgs/include/cola2_msgs/cola2_msgs/msg/rosidl_generator_c__visibility_control.h
[0.849s] -- Up-to-date: /home/sf_ws/install/cola2_msgs/include/cola2_msgs/cola2_msgs/msg/mission_state.h
[0.849s] -- Up-to-date: /home/sf_ws/install/cola2_msgs/include/cola2_msgs/cola2_msgs/msg/recovery_action.h
[0.849s] -- Up-to-date: /home/sf_ws/install/cola2_msgs/include/cola2_msgs/cola2_msgs/msg/ned.h
[0.849s] -- Up-to-date: /home/sf_ws/install/cola2_msgs/include/cola2_msgs/cola2_msgs/msg/body_force_req.h
[0.849s] -- Up-to-date: /home/sf_ws/install/cola2_msgs/include/cola2_msgs/cola2_msgs/msg/captain_state_feedback.h
[0.849s] -- Up-to-date: /home/sf_ws/install/cola2_msgs/include/cola2_msgs/cola2_msgs/msg/world_waypoint_req.h
[0.849s] -- Up-to-date: /home/sf_ws/install/cola2_msgs/include/cola2_msgs/cola2_msgs/msg/landmark.h
[0.849s] -- Up-to-date: /home/sf_ws/install/cola2_msgs/include/cola2_msgs/cola2_msgs/msg/rpy.h
[0.849s] -- Up-to-date: /home/sf_ws/install/cola2_msgs/include/cola2_msgs/cola2_msgs/srv
[0.849s] -- Up-to-date: /home/sf_ws/install/cola2_msgs/include/cola2_msgs/cola2_msgs/srv/mission.h
[0.849s] -- Up-to-date: /home/sf_ws/install/cola2_msgs/include/cola2_msgs/cola2_msgs/srv/digital_output.h
[0.849s] -- Up-to-date: /home/sf_ws/install/cola2_msgs/include/cola2_msgs/cola2_msgs/srv/goto.h
[0.849s] -- Up-to-date: /home/sf_ws/install/cola2_msgs/include/cola2_msgs/cola2_msgs/srv/detail
[0.849s] -- Up-to-date: /home/sf_ws/install/cola2_msgs/include/cola2_msgs/cola2_msgs/srv/detail/digital_output__functions.c
[0.850s] -- Up-to-date: /home/sf_ws/install/cola2_msgs/include/cola2_msgs/cola2_msgs/srv/detail/recovery__type_support.h
[0.850s] -- Up-to-date: /home/sf_ws/install/cola2_msgs/include/cola2_msgs/cola2_msgs/srv/detail/action__functions.h
[0.850s] -- Up-to-date: /home/sf_ws/install/cola2_msgs/include/cola2_msgs/cola2_msgs/srv/detail/mission__type_support.h
[0.850s] -- Up-to-date: /home/sf_ws/install/cola2_msgs/include/cola2_msgs/cola2_msgs/srv/detail/max_joy_velocity__struct.h
[0.850s] -- Up-to-date: /home/sf_ws/install/cola2_msgs/include/cola2_msgs/cola2_msgs/srv/detail/recovery__functions.h
[0.850s] -- Up-to-date: /home/sf_ws/install/cola2_msgs/include/cola2_msgs/cola2_msgs/srv/detail/section__functions.c
[0.850s] -- Up-to-date: /home/sf_ws/install/cola2_msgs/include/cola2_msgs/cola2_msgs/srv/detail/string__struct.h
[0.850s] -- Up-to-date: /home/sf_ws/install/cola2_msgs/include/cola2_msgs/cola2_msgs/srv/detail/action__type_support.h
[0.850s] -- Up-to-date: /home/sf_ws/install/cola2_msgs/include/cola2_msgs/cola2_msgs/srv/detail/digital_output__type_support.h
[0.850s] -- Up-to-date: /home/sf_ws/install/cola2_msgs/include/cola2_msgs/cola2_msgs/srv/detail/action__functions.c
[0.850s] -- Up-to-date: /home/sf_ws/install/cola2_msgs/include/cola2_msgs/cola2_msgs/srv/detail/max_joy_velocity__functions.c
[0.850s] -- Up-to-date: /home/sf_ws/install/cola2_msgs/include/cola2_msgs/cola2_msgs/srv/detail/goto__functions.h
[0.850s] -- Up-to-date: /home/sf_ws/install/cola2_msgs/include/cola2_msgs/cola2_msgs/srv/detail/recovery__functions.c
[0.850s] -- Up-to-date: /home/sf_ws/install/cola2_msgs/include/cola2_msgs/cola2_msgs/srv/detail/mission__functions.h
[0.850s] -- Up-to-date: /home/sf_ws/install/cola2_msgs/include/cola2_msgs/cola2_msgs/srv/detail/mission__struct.h
[0.850s] -- Up-to-date: /home/sf_ws/install/cola2_msgs/include/cola2_msgs/cola2_msgs/srv/detail/goto__type_support.h
[0.850s] -- Up-to-date: /home/sf_ws/install/cola2_msgs/include/cola2_msgs/cola2_msgs/srv/detail/goto__struct.h
[0.850s] -- Up-to-date: /home/sf_ws/install/cola2_msgs/include/cola2_msgs/cola2_msgs/srv/detail/digital_output__struct.h
[0.850s] -- Up-to-date: /home/sf_ws/install/cola2_msgs/include/cola2_msgs/cola2_msgs/srv/detail/recovery__struct.h
[0.850s] -- Up-to-date: /home/sf_ws/install/cola2_msgs/include/cola2_msgs/cola2_msgs/srv/detail/section__type_support.h
[0.850s] -- Up-to-date: /home/sf_ws/install/cola2_msgs/include/cola2_msgs/cola2_msgs/srv/detail/section__functions.h
[0.850s] -- Up-to-date: /home/sf_ws/install/cola2_msgs/include/cola2_msgs/cola2_msgs/srv/detail/mission__functions.c
[0.850s] -- Up-to-date: /home/sf_ws/install/cola2_msgs/include/cola2_msgs/cola2_msgs/srv/detail/max_joy_velocity__functions.h
[0.850s] -- Up-to-date: /home/sf_ws/install/cola2_msgs/include/cola2_msgs/cola2_msgs/srv/detail/max_joy_velocity__type_support.h
[0.850s] -- Up-to-date: /home/sf_ws/install/cola2_msgs/include/cola2_msgs/cola2_msgs/srv/detail/string__functions.h
[0.850s] -- Up-to-date: /home/sf_ws/install/cola2_msgs/include/cola2_msgs/cola2_msgs/srv/detail/digital_output__functions.h
[0.850s] -- Up-to-date: /home/sf_ws/install/cola2_msgs/include/cola2_msgs/cola2_msgs/srv/detail/goto__functions.c
[0.850s] -- Up-to-date: /home/sf_ws/install/cola2_msgs/include/cola2_msgs/cola2_msgs/srv/detail/section__struct.h
[0.850s] -- Up-to-date: /home/sf_ws/install/cola2_msgs/include/cola2_msgs/cola2_msgs/srv/detail/action__struct.h
[0.850s] -- Up-to-date: /home/sf_ws/install/cola2_msgs/include/cola2_msgs/cola2_msgs/srv/detail/string__functions.c
[0.850s] -- Up-to-date: /home/sf_ws/install/cola2_msgs/include/cola2_msgs/cola2_msgs/srv/detail/string__type_support.h
[0.850s] -- Up-to-date: /home/sf_ws/install/cola2_msgs/include/cola2_msgs/cola2_msgs/srv/recovery.h
[0.850s] -- Up-to-date: /home/sf_ws/install/cola2_msgs/include/cola2_msgs/cola2_msgs/srv/max_joy_velocity.h
[0.850s] -- Up-to-date: /home/sf_ws/install/cola2_msgs/include/cola2_msgs/cola2_msgs/srv/section.h
[0.850s] -- Up-to-date: /home/sf_ws/install/cola2_msgs/include/cola2_msgs/cola2_msgs/srv/action.h
[0.850s] -- Up-to-date: /home/sf_ws/install/cola2_msgs/include/cola2_msgs/cola2_msgs/srv/string.h
[0.850s] -- Up-to-date: /home/sf_ws/install/cola2_msgs/share/cola2_msgs/environment/library_path.sh
[0.850s] -- Up-to-date: /home/sf_ws/install/cola2_msgs/share/cola2_msgs/environment/library_path.dsv
[0.851s] -- Up-to-date: /home/sf_ws/install/cola2_msgs/lib/libcola2_msgs__rosidl_generator_c.so
[0.851s] -- Up-to-date: /home/sf_ws/install/cola2_msgs/include/cola2_msgs/cola2_msgs
[0.851s] -- Up-to-date: /home/sf_ws/install/cola2_msgs/include/cola2_msgs/cola2_msgs/action
[0.851s] -- Up-to-date: /home/sf_ws/install/cola2_msgs/include/cola2_msgs/cola2_msgs/action/detail
[0.851s] -- Up-to-date: /home/sf_ws/install/cola2_msgs/include/cola2_msgs/cola2_msgs/action/detail/pilot__rosidl_typesupport_fastrtps_c.h
[0.851s] -- Up-to-date: /home/sf_ws/install/cola2_msgs/include/cola2_msgs/cola2_msgs/msg
[0.851s] -- Up-to-date: /home/sf_ws/install/cola2_msgs/include/cola2_msgs/cola2_msgs/msg/rosidl_typesupport_fastrtps_c__visibility_control.h
[0.851s] -- Up-to-date: /home/sf_ws/install/cola2_msgs/include/cola2_msgs/cola2_msgs/msg/detail
[0.851s] -- Up-to-date: /home/sf_ws/install/cola2_msgs/include/cola2_msgs/cola2_msgs/msg/detail/nav_sts__rosidl_typesupport_fastrtps_c.h
[0.851s] -- Up-to-date: /home/sf_ws/install/cola2_msgs/include/cola2_msgs/cola2_msgs/msg/detail/world_waypoint_req__rosidl_typesupport_fastrtps_c.h
[0.851s] -- Up-to-date: /home/sf_ws/install/cola2_msgs/include/cola2_msgs/cola2_msgs/msg/detail/key_value__rosidl_typesupport_fastrtps_c.h
[0.851s] -- Up-to-date: /home/sf_ws/install/cola2_msgs/include/cola2_msgs/cola2_msgs/msg/detail/rpy__rosidl_typesupport_fastrtps_c.h
[0.851s] -- Up-to-date: /home/sf_ws/install/cola2_msgs/include/cola2_msgs/cola2_msgs/msg/detail/body_force_req__rosidl_typesupport_fastrtps_c.h
[0.851s] -- Up-to-date: /home/sf_ws/install/cola2_msgs/include/cola2_msgs/cola2_msgs/msg/detail/mission_state__rosidl_typesupport_fastrtps_c.h
[0.851s] -- Up-to-date: /home/sf_ws/install/cola2_msgs/include/cola2_msgs/cola2_msgs/msg/detail/setpoints__rosidl_typesupport_fastrtps_c.h
[0.851s] -- Up-to-date: /home/sf_ws/install/cola2_msgs/include/cola2_msgs/cola2_msgs/msg/detail/safety_supervisor_status__rosidl_typesupport_fastrtps_c.h
[0.851s] -- Up-to-date: /home/sf_ws/install/cola2_msgs/include/cola2_msgs/cola2_msgs/msg/detail/dvl_beam__rosidl_typesupport_fastrtps_c.h
[0.851s] -- Up-to-date: /home/sf_ws/install/cola2_msgs/include/cola2_msgs/cola2_msgs/msg/detail/body_velocity_req__rosidl_typesupport_fastrtps_c.h
[0.851s] -- Up-to-date: /home/sf_ws/install/cola2_msgs/include/cola2_msgs/cola2_msgs/msg/detail/landmark__rosidl_typesupport_fastrtps_c.h
[0.851s] -- Up-to-date: /home/sf_ws/install/cola2_msgs/include/cola2_msgs/cola2_msgs/msg/detail/recovery_action__rosidl_typesupport_fastrtps_c.h
[0.851s] -- Up-to-date: /home/sf_ws/install/cola2_msgs/include/cola2_msgs/cola2_msgs/msg/detail/decimal_lat_lon__rosidl_typesupport_fastrtps_c.h
[0.851s] -- Up-to-date: /home/sf_ws/install/cola2_msgs/include/cola2_msgs/cola2_msgs/msg/detail/goal_descriptor__rosidl_typesupport_fastrtps_c.h
[0.851s] -- Up-to-date: /home/sf_ws/install/cola2_msgs/include/cola2_msgs/cola2_msgs/msg/detail/ned__rosidl_typesupport_fastrtps_c.h
[0.851s] -- Up-to-date: /home/sf_ws/install/cola2_msgs/include/cola2_msgs/cola2_msgs/msg/detail/captain_state_feedback__rosidl_typesupport_fastrtps_c.h
[0.851s] -- Up-to-date: /home/sf_ws/install/cola2_msgs/include/cola2_msgs/cola2_msgs/msg/detail/dvl__rosidl_typesupport_fastrtps_c.h
[0.851s] -- Up-to-date: /home/sf_ws/install/cola2_msgs/include/cola2_msgs/cola2_msgs/msg/detail/bool6_axis__rosidl_typesupport_fastrtps_c.h
[0.851s] -- Up-to-date: /home/sf_ws/install/cola2_msgs/include/cola2_msgs/cola2_msgs/msg/detail/float32_stamped__rosidl_typesupport_fastrtps_c.h
[0.851s] -- Up-to-date: /home/sf_ws/install/cola2_msgs/include/cola2_msgs/cola2_msgs/msg/detail/captain_status__rosidl_typesupport_fastrtps_c.h
[0.851s] -- Up-to-date: /home/sf_ws/install/cola2_msgs/include/cola2_msgs/cola2_msgs/msg/detail/map__rosidl_typesupport_fastrtps_c.h
[0.851s] -- Up-to-date: /home/sf_ws/install/cola2_msgs/include/cola2_msgs/cola2_msgs/srv
[0.851s] -- Up-to-date: /home/sf_ws/install/cola2_msgs/include/cola2_msgs/cola2_msgs/srv/detail
[0.851s] -- Up-to-date: /home/sf_ws/install/cola2_msgs/include/cola2_msgs/cola2_msgs/srv/detail/goto__rosidl_typesupport_fastrtps_c.h
[0.851s] -- Up-to-date: /home/sf_ws/install/cola2_msgs/include/cola2_msgs/cola2_msgs/srv/detail/digital_output__rosidl_typesupport_fastrtps_c.h
[0.851s] -- Up-to-date: /home/sf_ws/install/cola2_msgs/include/cola2_msgs/cola2_msgs/srv/detail/recovery__rosidl_typesupport_fastrtps_c.h
[0.852s] -- Up-to-date: /home/sf_ws/install/cola2_msgs/include/cola2_msgs/cola2_msgs/srv/detail/max_joy_velocity__rosidl_typesupport_fastrtps_c.h
[0.852s] -- Up-to-date: /home/sf_ws/install/cola2_msgs/include/cola2_msgs/cola2_msgs/srv/detail/mission__rosidl_typesupport_fastrtps_c.h
[0.852s] -- Up-to-date: /home/sf_ws/install/cola2_msgs/include/cola2_msgs/cola2_msgs/srv/detail/action__rosidl_typesupport_fastrtps_c.h
[0.852s] -- Up-to-date: /home/sf_ws/install/cola2_msgs/include/cola2_msgs/cola2_msgs/srv/detail/string__rosidl_typesupport_fastrtps_c.h
[0.852s] -- Up-to-date: /home/sf_ws/install/cola2_msgs/include/cola2_msgs/cola2_msgs/srv/detail/section__rosidl_typesupport_fastrtps_c.h
[0.852s] -- Up-to-date: /home/sf_ws/install/cola2_msgs/lib/libcola2_msgs__rosidl_typesupport_fastrtps_c.so
[0.852s] -- Up-to-date: /home/sf_ws/install/cola2_msgs/include/cola2_msgs/cola2_msgs
[0.852s] -- Up-to-date: /home/sf_ws/install/cola2_msgs/include/cola2_msgs/cola2_msgs/action
[0.852s] -- Up-to-date: /home/sf_ws/install/cola2_msgs/include/cola2_msgs/cola2_msgs/action/detail
[0.852s] -- Up-to-date: /home/sf_ws/install/cola2_msgs/include/cola2_msgs/cola2_msgs/action/detail/pilot__rosidl_typesupport_introspection_c.h
[0.852s] -- Up-to-date: /home/sf_ws/install/cola2_msgs/include/cola2_msgs/cola2_msgs/action/detail/pilot__type_support.c
[0.852s] -- Up-to-date: /home/sf_ws/install/cola2_msgs/include/cola2_msgs/cola2_msgs/msg
[0.852s] -- Up-to-date: /home/sf_ws/install/cola2_msgs/include/cola2_msgs/cola2_msgs/msg/detail
[0.852s] -- Up-to-date: /home/sf_ws/install/cola2_msgs/include/cola2_msgs/cola2_msgs/msg/detail/safety_supervisor_status__rosidl_typesupport_introspection_c.h
[0.852s] -- Up-to-date: /home/sf_ws/install/cola2_msgs/include/cola2_msgs/cola2_msgs/msg/detail/ned__type_support.c
[0.852s] -- Up-to-date: /home/sf_ws/install/cola2_msgs/include/cola2_msgs/cola2_msgs/msg/detail/key_value__rosidl_typesupport_introspection_c.h
[0.852s] -- Up-to-date: /home/sf_ws/install/cola2_msgs/include/cola2_msgs/cola2_msgs/msg/detail/key_value__type_support.c
[0.852s] -- Up-to-date: /home/sf_ws/install/cola2_msgs/include/cola2_msgs/cola2_msgs/msg/detail/world_waypoint_req__rosidl_typesupport_introspection_c.h
[0.852s] -- Up-to-date: /home/sf_ws/install/cola2_msgs/include/cola2_msgs/cola2_msgs/msg/detail/nav_sts__rosidl_typesupport_introspection_c.h
[0.852s] -- Up-to-date: /home/sf_ws/install/cola2_msgs/include/cola2_msgs/cola2_msgs/msg/detail/body_force_req__type_support.c
[0.852s] -- Up-to-date: /home/sf_ws/install/cola2_msgs/include/cola2_msgs/cola2_msgs/msg/detail/captain_state_feedback__rosidl_typesupport_introspection_c.h
[0.852s] -- Up-to-date: /home/sf_ws/install/cola2_msgs/include/cola2_msgs/cola2_msgs/msg/detail/recovery_action__rosidl_typesupport_introspection_c.h
[0.852s] -- Up-to-date: /home/sf_ws/install/cola2_msgs/include/cola2_msgs/cola2_msgs/msg/detail/decimal_lat_lon__rosidl_typesupport_introspection_c.h
[0.852s] -- Up-to-date: /home/sf_ws/install/cola2_msgs/include/cola2_msgs/cola2_msgs/msg/detail/captain_state_feedback__type_support.c
[0.852s] -- Up-to-date: /home/sf_ws/install/cola2_msgs/include/cola2_msgs/cola2_msgs/msg/detail/body_force_req__rosidl_typesupport_introspection_c.h
[0.852s] -- Up-to-date: /home/sf_ws/install/cola2_msgs/include/cola2_msgs/cola2_msgs/msg/detail/captain_status__type_support.c
[0.852s] -- Up-to-date: /home/sf_ws/install/cola2_msgs/include/cola2_msgs/cola2_msgs/msg/detail/mission_state__type_support.c
[0.852s] -- Up-to-date: /home/sf_ws/install/cola2_msgs/include/cola2_msgs/cola2_msgs/msg/detail/body_velocity_req__rosidl_typesupport_introspection_c.h
[0.852s] -- Up-to-date: /home/sf_ws/install/cola2_msgs/include/cola2_msgs/cola2_msgs/msg/detail/dvl__type_support.c
[0.852s] -- Up-to-date: /home/sf_ws/install/cola2_msgs/include/cola2_msgs/cola2_msgs/msg/detail/float32_stamped__type_support.c
[0.852s] -- Up-to-date: /home/sf_ws/install/cola2_msgs/include/cola2_msgs/cola2_msgs/msg/detail/map__rosidl_typesupport_introspection_c.h
[0.852s] -- Up-to-date: /home/sf_ws/install/cola2_msgs/include/cola2_msgs/cola2_msgs/msg/detail/landmark__type_support.c
[0.852s] -- Up-to-date: /home/sf_ws/install/cola2_msgs/include/cola2_msgs/cola2_msgs/msg/detail/goal_descriptor__type_support.c
[0.852s] -- Up-to-date: /home/sf_ws/install/cola2_msgs/include/cola2_msgs/cola2_msgs/msg/detail/goal_descriptor__rosidl_typesupport_introspection_c.h
[0.852s] -- Up-to-date: /home/sf_ws/install/cola2_msgs/include/cola2_msgs/cola2_msgs/msg/detail/setpoints__type_support.c
[0.852s] -- Up-to-date: /home/sf_ws/install/cola2_msgs/include/cola2_msgs/cola2_msgs/msg/detail/landmark__rosidl_typesupport_introspection_c.h
[0.852s] -- Up-to-date: /home/sf_ws/install/cola2_msgs/include/cola2_msgs/cola2_msgs/msg/detail/setpoints__rosidl_typesupport_introspection_c.h
[0.852s] -- Up-to-date: /home/sf_ws/install/cola2_msgs/include/cola2_msgs/cola2_msgs/msg/detail/body_velocity_req__type_support.c
[0.852s] -- Up-to-date: /home/sf_ws/install/cola2_msgs/include/cola2_msgs/cola2_msgs/msg/detail/float32_stamped__rosidl_typesupport_introspection_c.h
[0.852s] -- Up-to-date: /home/sf_ws/install/cola2_msgs/include/cola2_msgs/cola2_msgs/msg/detail/decimal_lat_lon__type_support.c
[0.852s] -- Up-to-date: /home/sf_ws/install/cola2_msgs/include/cola2_msgs/cola2_msgs/msg/detail/dvl_beam__rosidl_typesupport_introspection_c.h
[0.852s] -- Up-to-date: /home/sf_ws/install/cola2_msgs/include/cola2_msgs/cola2_msgs/msg/detail/rpy__rosidl_typesupport_introspection_c.h
[0.852s] -- Up-to-date: /home/sf_ws/install/cola2_msgs/include/cola2_msgs/cola2_msgs/msg/detail/recovery_action__type_support.c
[0.852s] -- Up-to-date: /home/sf_ws/install/cola2_msgs/include/cola2_msgs/cola2_msgs/msg/detail/nav_sts__type_support.c
[0.852s] -- Up-to-date: /home/sf_ws/install/cola2_msgs/include/cola2_msgs/cola2_msgs/msg/detail/rpy__type_support.c
[0.852s] -- Up-to-date: /home/sf_ws/install/cola2_msgs/include/cola2_msgs/cola2_msgs/msg/detail/mission_state__rosidl_typesupport_introspection_c.h
[0.852s] -- Up-to-date: /home/sf_ws/install/cola2_msgs/include/cola2_msgs/cola2_msgs/msg/detail/safety_supervisor_status__type_support.c
[0.852s] -- Up-to-date: /home/sf_ws/install/cola2_msgs/include/cola2_msgs/cola2_msgs/msg/detail/world_waypoint_req__type_support.c
[0.852s] -- Up-to-date: /home/sf_ws/install/cola2_msgs/include/cola2_msgs/cola2_msgs/msg/detail/ned__rosidl_typesupport_introspection_c.h
[0.852s] -- Up-to-date: /home/sf_ws/install/cola2_msgs/include/cola2_msgs/cola2_msgs/msg/detail/map__type_support.c
[0.852s] -- Up-to-date: /home/sf_ws/install/cola2_msgs/include/cola2_msgs/cola2_msgs/msg/detail/bool6_axis__rosidl_typesupport_introspection_c.h
[0.852s] -- Up-to-date: /home/sf_ws/install/cola2_msgs/include/cola2_msgs/cola2_msgs/msg/detail/bool6_axis__type_support.c
[0.852s] -- Up-to-date: /home/sf_ws/install/cola2_msgs/include/cola2_msgs/cola2_msgs/msg/detail/dvl_beam__type_support.c
[0.852s] -- Up-to-date: /home/sf_ws/install/cola2_msgs/include/cola2_msgs/cola2_msgs/msg/detail/dvl__rosidl_typesupport_introspection_c.h
[0.853s] -- Up-to-date: /home/sf_ws/install/cola2_msgs/include/cola2_msgs/cola2_msgs/msg/detail/captain_status__rosidl_typesupport_introspection_c.h
[0.853s] -- Up-to-date: /home/sf_ws/install/cola2_msgs/include/cola2_msgs/cola2_msgs/msg/rosidl_typesupport_introspection_c__visibility_control.h
[0.853s] -- Up-to-date: /home/sf_ws/install/cola2_msgs/include/cola2_msgs/cola2_msgs/srv
[0.853s] -- Up-to-date: /home/sf_ws/install/cola2_msgs/include/cola2_msgs/cola2_msgs/srv/detail
[0.853s] -- Up-to-date: /home/sf_ws/install/cola2_msgs/include/cola2_msgs/cola2_msgs/srv/detail/action__rosidl_typesupport_introspection_c.h
[0.853s] -- Up-to-date: /home/sf_ws/install/cola2_msgs/include/cola2_msgs/cola2_msgs/srv/detail/recovery__rosidl_typesupport_introspection_c.h
[0.853s] -- Up-to-date: /home/sf_ws/install/cola2_msgs/include/cola2_msgs/cola2_msgs/srv/detail/max_joy_velocity__rosidl_typesupport_introspection_c.h
[0.853s] -- Up-to-date: /home/sf_ws/install/cola2_msgs/include/cola2_msgs/cola2_msgs/srv/detail/recovery__type_support.c
[0.853s] -- Up-to-date: /home/sf_ws/install/cola2_msgs/include/cola2_msgs/cola2_msgs/srv/detail/goto__type_support.c
[0.853s] -- Up-to-date: /home/sf_ws/install/cola2_msgs/include/cola2_msgs/cola2_msgs/srv/detail/digital_output__type_support.c
[0.853s] -- Up-to-date: /home/sf_ws/install/cola2_msgs/include/cola2_msgs/cola2_msgs/srv/detail/action__type_support.c
[0.853s] -- Up-to-date: /home/sf_ws/install/cola2_msgs/include/cola2_msgs/cola2_msgs/srv/detail/string__type_support.c
[0.853s] -- Up-to-date: /home/sf_ws/install/cola2_msgs/include/cola2_msgs/cola2_msgs/srv/detail/section__rosidl_typesupport_introspection_c.h
[0.853s] -- Up-to-date: /home/sf_ws/install/cola2_msgs/include/cola2_msgs/cola2_msgs/srv/detail/mission__rosidl_typesupport_introspection_c.h
[0.853s] -- Up-to-date: /home/sf_ws/install/cola2_msgs/include/cola2_msgs/cola2_msgs/srv/detail/max_joy_velocity__type_support.c
[0.853s] -- Up-to-date: /home/sf_ws/install/cola2_msgs/include/cola2_msgs/cola2_msgs/srv/detail/goto__rosidl_typesupport_introspection_c.h
[0.853s] -- Up-to-date: /home/sf_ws/install/cola2_msgs/include/cola2_msgs/cola2_msgs/srv/detail/string__rosidl_typesupport_introspection_c.h
[0.853s] -- Up-to-date: /home/sf_ws/install/cola2_msgs/include/cola2_msgs/cola2_msgs/srv/detail/section__type_support.c
[0.853s] -- Up-to-date: /home/sf_ws/install/cola2_msgs/include/cola2_msgs/cola2_msgs/srv/detail/digital_output__rosidl_typesupport_introspection_c.h
[0.853s] -- Up-to-date: /home/sf_ws/install/cola2_msgs/include/cola2_msgs/cola2_msgs/srv/detail/mission__type_support.c
[0.853s] -- Up-to-date: /home/sf_ws/install/cola2_msgs/lib/libcola2_msgs__rosidl_typesupport_introspection_c.so
[0.853s] -- Up-to-date: /home/sf_ws/install/cola2_msgs/lib/libcola2_msgs__rosidl_typesupport_c.so
[0.853s] -- Up-to-date: /home/sf_ws/install/cola2_msgs/include/cola2_msgs/cola2_msgs
[0.853s] -- Up-to-date: /home/sf_ws/install/cola2_msgs/include/cola2_msgs/cola2_msgs/action
[0.853s] -- Up-to-date: /home/sf_ws/install/cola2_msgs/include/cola2_msgs/cola2_msgs/action/detail
[0.853s] -- Up-to-date: /home/sf_ws/install/cola2_msgs/include/cola2_msgs/cola2_msgs/action/detail/pilot__struct.hpp
[0.853s] -- Up-to-date: /home/sf_ws/install/cola2_msgs/include/cola2_msgs/cola2_msgs/action/detail/pilot__traits.hpp
[0.853s] -- Up-to-date: /home/sf_ws/install/cola2_msgs/include/cola2_msgs/cola2_msgs/action/detail/pilot__builder.hpp
[0.853s] -- Up-to-date: /home/sf_ws/install/cola2_msgs/include/cola2_msgs/cola2_msgs/action/pilot.hpp
[0.853s] -- Up-to-date: /home/sf_ws/install/cola2_msgs/include/cola2_msgs/cola2_msgs/msg
[0.853s] -- Up-to-date: /home/sf_ws/install/cola2_msgs/include/cola2_msgs/cola2_msgs/msg/dvl.hpp
[0.853s] -- Up-to-date: /home/sf_ws/install/cola2_msgs/include/cola2_msgs/cola2_msgs/msg/captain_state_feedback.hpp
[0.853s] -- Up-to-date: /home/sf_ws/install/cola2_msgs/include/cola2_msgs/cola2_msgs/msg/landmark.hpp
[0.853s] -- Up-to-date: /home/sf_ws/install/cola2_msgs/include/cola2_msgs/cola2_msgs/msg/key_value.hpp
[0.853s] -- Up-to-date: /home/sf_ws/install/cola2_msgs/include/cola2_msgs/cola2_msgs/msg/float32_stamped.hpp
[0.853s] -- Up-to-date: /home/sf_ws/install/cola2_msgs/include/cola2_msgs/cola2_msgs/msg/mission_state.hpp
[0.853s] -- Up-to-date: /home/sf_ws/install/cola2_msgs/include/cola2_msgs/cola2_msgs/msg/bool6_axis.hpp
[0.853s] -- Up-to-date: /home/sf_ws/install/cola2_msgs/include/cola2_msgs/cola2_msgs/msg/setpoints.hpp
[0.853s] -- Up-to-date: /home/sf_ws/install/cola2_msgs/include/cola2_msgs/cola2_msgs/msg/safety_supervisor_status.hpp
[0.853s] -- Up-to-date: /home/sf_ws/install/cola2_msgs/include/cola2_msgs/cola2_msgs/msg/decimal_lat_lon.hpp
[0.853s] -- Up-to-date: /home/sf_ws/install/cola2_msgs/include/cola2_msgs/cola2_msgs/msg/dvl_beam.hpp
[0.853s] -- Up-to-date: /home/sf_ws/install/cola2_msgs/include/cola2_msgs/cola2_msgs/msg/detail
[0.853s] -- Up-to-date: /home/sf_ws/install/cola2_msgs/include/cola2_msgs/cola2_msgs/msg/detail/captain_status__struct.hpp
[0.853s] -- Up-to-date: /home/sf_ws/install/cola2_msgs/include/cola2_msgs/cola2_msgs/msg/detail/setpoints__struct.hpp
[0.853s] -- Up-to-date: /home/sf_ws/install/cola2_msgs/include/cola2_msgs/cola2_msgs/msg/detail/map__struct.hpp
[0.853s] -- Up-to-date: /home/sf_ws/install/cola2_msgs/include/cola2_msgs/cola2_msgs/msg/detail/rpy__struct.hpp
[0.853s] -- Up-to-date: /home/sf_ws/install/cola2_msgs/include/cola2_msgs/cola2_msgs/msg/detail/safety_supervisor_status__builder.hpp
[0.853s] -- Up-to-date: /home/sf_ws/install/cola2_msgs/include/cola2_msgs/cola2_msgs/msg/detail/bool6_axis__struct.hpp
[0.853s] -- Up-to-date: /home/sf_ws/install/cola2_msgs/include/cola2_msgs/cola2_msgs/msg/detail/goal_descriptor__struct.hpp
[0.853s] -- Up-to-date: /home/sf_ws/install/cola2_msgs/include/cola2_msgs/cola2_msgs/msg/detail/nav_sts__struct.hpp
[0.853s] -- Up-to-date: /home/sf_ws/install/cola2_msgs/include/cola2_msgs/cola2_msgs/msg/detail/float32_stamped__struct.hpp
[0.853s] -- Up-to-date: /home/sf_ws/install/cola2_msgs/include/cola2_msgs/cola2_msgs/msg/detail/body_velocity_req__traits.hpp
[0.853s] -- Up-to-date: /home/sf_ws/install/cola2_msgs/include/cola2_msgs/cola2_msgs/msg/detail/captain_state_feedback__builder.hpp
[0.853s] -- Up-to-date: /home/sf_ws/install/cola2_msgs/include/cola2_msgs/cola2_msgs/msg/detail/goal_descriptor__builder.hpp
[0.853s] -- Up-to-date: /home/sf_ws/install/cola2_msgs/include/cola2_msgs/cola2_msgs/msg/detail/dvl_beam__builder.hpp
[0.853s] -- Up-to-date: /home/sf_ws/install/cola2_msgs/include/cola2_msgs/cola2_msgs/msg/detail/captain_status__traits.hpp
[0.853s] -- Up-to-date: /home/sf_ws/install/cola2_msgs/include/cola2_msgs/cola2_msgs/msg/detail/nav_sts__traits.hpp
[0.853s] -- Up-to-date: /home/sf_ws/install/cola2_msgs/include/cola2_msgs/cola2_msgs/msg/detail/world_waypoint_req__builder.hpp
[0.854s] -- Up-to-date: /home/sf_ws/install/cola2_msgs/include/cola2_msgs/cola2_msgs/msg/detail/map__traits.hpp
[0.854s] -- Up-to-date: /home/sf_ws/install/cola2_msgs/include/cola2_msgs/cola2_msgs/msg/detail/captain_state_feedback__struct.hpp
[0.854s] -- Up-to-date: /home/sf_ws/install/cola2_msgs/include/cola2_msgs/cola2_msgs/msg/detail/body_velocity_req__struct.hpp
[0.854s] -- Up-to-date: /home/sf_ws/install/cola2_msgs/include/cola2_msgs/cola2_msgs/msg/detail/key_value__traits.hpp
[0.854s] -- Up-to-date: /home/sf_ws/install/cola2_msgs/include/cola2_msgs/cola2_msgs/msg/detail/setpoints__builder.hpp
[0.854s] -- Up-to-date: /home/sf_ws/install/cola2_msgs/include/cola2_msgs/cola2_msgs/msg/detail/float32_stamped__builder.hpp
[0.854s] -- Up-to-date: /home/sf_ws/install/cola2_msgs/include/cola2_msgs/cola2_msgs/msg/detail/mission_state__struct.hpp
[0.854s] -- Up-to-date: /home/sf_ws/install/cola2_msgs/include/cola2_msgs/cola2_msgs/msg/detail/recovery_action__builder.hpp
[0.854s] -- Up-to-date: /home/sf_ws/install/cola2_msgs/include/cola2_msgs/cola2_msgs/msg/detail/goal_descriptor__traits.hpp
[0.854s] -- Up-to-date: /home/sf_ws/install/cola2_msgs/include/cola2_msgs/cola2_msgs/msg/detail/mission_state__traits.hpp
[0.854s] -- Up-to-date: /home/sf_ws/install/cola2_msgs/include/cola2_msgs/cola2_msgs/msg/detail/landmark__builder.hpp
[0.854s] -- Up-to-date: /home/sf_ws/install/cola2_msgs/include/cola2_msgs/cola2_msgs/msg/detail/safety_supervisor_status__struct.hpp
[0.854s] -- Up-to-date: /home/sf_ws/install/cola2_msgs/include/cola2_msgs/cola2_msgs/msg/detail/mission_state__builder.hpp
[0.854s] -- Up-to-date: /home/sf_ws/install/cola2_msgs/include/cola2_msgs/cola2_msgs/msg/detail/rpy__traits.hpp
[0.854s] -- Up-to-date: /home/sf_ws/install/cola2_msgs/include/cola2_msgs/cola2_msgs/msg/detail/bool6_axis__traits.hpp
[0.854s] -- Up-to-date: /home/sf_ws/install/cola2_msgs/include/cola2_msgs/cola2_msgs/msg/detail/body_force_req__builder.hpp
[0.854s] -- Up-to-date: /home/sf_ws/install/cola2_msgs/include/cola2_msgs/cola2_msgs/msg/detail/body_velocity_req__builder.hpp
[0.854s] -- Up-to-date: /home/sf_ws/install/cola2_msgs/include/cola2_msgs/cola2_msgs/msg/detail/world_waypoint_req__traits.hpp
[0.854s] -- Up-to-date: /home/sf_ws/install/cola2_msgs/include/cola2_msgs/cola2_msgs/msg/detail/dvl_beam__traits.hpp
[0.854s] -- Up-to-date: /home/sf_ws/install/cola2_msgs/include/cola2_msgs/cola2_msgs/msg/detail/body_force_req__struct.hpp
[0.854s] -- Up-to-date: /home/sf_ws/install/cola2_msgs/include/cola2_msgs/cola2_msgs/msg/detail/landmark__struct.hpp
[0.854s] -- Up-to-date: /home/sf_ws/install/cola2_msgs/include/cola2_msgs/cola2_msgs/msg/detail/ned__struct.hpp
[0.854s] -- Up-to-date: /home/sf_ws/install/cola2_msgs/include/cola2_msgs/cola2_msgs/msg/detail/setpoints__traits.hpp
[0.854s] -- Up-to-date: /home/sf_ws/install/cola2_msgs/include/cola2_msgs/cola2_msgs/msg/detail/bool6_axis__builder.hpp
[0.854s] -- Up-to-date: /home/sf_ws/install/cola2_msgs/include/cola2_msgs/cola2_msgs/msg/detail/dvl__traits.hpp
[0.854s] -- Up-to-date: /home/sf_ws/install/cola2_msgs/include/cola2_msgs/cola2_msgs/msg/detail/captain_state_feedback__traits.hpp
[0.854s] -- Up-to-date: /home/sf_ws/install/cola2_msgs/include/cola2_msgs/cola2_msgs/msg/detail/nav_sts__builder.hpp
[0.854s] -- Up-to-date: /home/sf_ws/install/cola2_msgs/include/cola2_msgs/cola2_msgs/msg/detail/recovery_action__struct.hpp
[0.854s] -- Up-to-date: /home/sf_ws/install/cola2_msgs/include/cola2_msgs/cola2_msgs/msg/detail/decimal_lat_lon__struct.hpp
[0.854s] -- Up-to-date: /home/sf_ws/install/cola2_msgs/include/cola2_msgs/cola2_msgs/msg/detail/dvl_beam__struct.hpp
[0.854s] -- Up-to-date: /home/sf_ws/install/cola2_msgs/include/cola2_msgs/cola2_msgs/msg/detail/landmark__traits.hpp
[0.854s] -- Up-to-date: /home/sf_ws/install/cola2_msgs/include/cola2_msgs/cola2_msgs/msg/detail/world_waypoint_req__struct.hpp
[0.854s] -- Up-to-date: /home/sf_ws/install/cola2_msgs/include/cola2_msgs/cola2_msgs/msg/detail/key_value__builder.hpp
[0.854s] -- Up-to-date: /home/sf_ws/install/cola2_msgs/include/cola2_msgs/cola2_msgs/msg/detail/decimal_lat_lon__builder.hpp
[0.854s] -- Up-to-date: /home/sf_ws/install/cola2_msgs/include/cola2_msgs/cola2_msgs/msg/detail/safety_supervisor_status__traits.hpp
[0.854s] -- Up-to-date: /home/sf_ws/install/cola2_msgs/include/cola2_msgs/cola2_msgs/msg/detail/ned__traits.hpp
[0.854s] -- Up-to-date: /home/sf_ws/install/cola2_msgs/include/cola2_msgs/cola2_msgs/msg/detail/rpy__builder.hpp
[0.854s] -- Up-to-date: /home/sf_ws/install/cola2_msgs/include/cola2_msgs/cola2_msgs/msg/detail/key_value__struct.hpp
[0.854s] -- Up-to-date: /home/sf_ws/install/cola2_msgs/include/cola2_msgs/cola2_msgs/msg/detail/ned__builder.hpp
[0.854s] -- Up-to-date: /home/sf_ws/install/cola2_msgs/include/cola2_msgs/cola2_msgs/msg/detail/dvl__struct.hpp
[0.854s] -- Up-to-date: /home/sf_ws/install/cola2_msgs/include/cola2_msgs/cola2_msgs/msg/detail/recovery_action__traits.hpp
[0.854s] -- Up-to-date: /home/sf_ws/install/cola2_msgs/include/cola2_msgs/cola2_msgs/msg/detail/captain_status__builder.hpp
[0.854s] -- Up-to-date: /home/sf_ws/install/cola2_msgs/include/cola2_msgs/cola2_msgs/msg/detail/float32_stamped__traits.hpp
[0.854s] -- Up-to-date: /home/sf_ws/install/cola2_msgs/include/cola2_msgs/cola2_msgs/msg/detail/dvl__builder.hpp
[0.854s] -- Up-to-date: /home/sf_ws/install/cola2_msgs/include/cola2_msgs/cola2_msgs/msg/detail/body_force_req__traits.hpp
[0.854s] -- Up-to-date: /home/sf_ws/install/cola2_msgs/include/cola2_msgs/cola2_msgs/msg/detail/map__builder.hpp
[0.854s] -- Up-to-date: /home/sf_ws/install/cola2_msgs/include/cola2_msgs/cola2_msgs/msg/detail/decimal_lat_lon__traits.hpp
[0.854s] -- Up-to-date: /home/sf_ws/install/cola2_msgs/include/cola2_msgs/cola2_msgs/msg/captain_status.hpp
[0.854s] -- Up-to-date: /home/sf_ws/install/cola2_msgs/include/cola2_msgs/cola2_msgs/msg/ned.hpp
[0.854s] -- Up-to-date: /home/sf_ws/install/cola2_msgs/include/cola2_msgs/cola2_msgs/msg/map.hpp
[0.854s] -- Up-to-date: /home/sf_ws/install/cola2_msgs/include/cola2_msgs/cola2_msgs/msg/body_velocity_req.hpp
[0.854s] -- Up-to-date: /home/sf_ws/install/cola2_msgs/include/cola2_msgs/cola2_msgs/msg/body_force_req.hpp
[0.854s] -- Up-to-date: /home/sf_ws/install/cola2_msgs/include/cola2_msgs/cola2_msgs/msg/recovery_action.hpp
[0.854s] -- Up-to-date: /home/sf_ws/install/cola2_msgs/include/cola2_msgs/cola2_msgs/msg/nav_sts.hpp
[0.854s] -- Up-to-date: /home/sf_ws/install/cola2_msgs/include/cola2_msgs/cola2_msgs/msg/rpy.hpp
[0.854s] -- Up-to-date: /home/sf_ws/install/cola2_msgs/include/cola2_msgs/cola2_msgs/msg/goal_descriptor.hpp
[0.854s] -- Up-to-date: /home/sf_ws/install/cola2_msgs/include/cola2_msgs/cola2_msgs/msg/world_waypoint_req.hpp
[0.855s] -- Up-to-date: /home/sf_ws/install/cola2_msgs/include/cola2_msgs/cola2_msgs/srv
[0.855s] -- Up-to-date: /home/sf_ws/install/cola2_msgs/include/cola2_msgs/cola2_msgs/srv/section.hpp
[0.855s] -- Up-to-date: /home/sf_ws/install/cola2_msgs/include/cola2_msgs/cola2_msgs/srv/mission.hpp
[0.855s] -- Up-to-date: /home/sf_ws/install/cola2_msgs/include/cola2_msgs/cola2_msgs/srv/max_joy_velocity.hpp
[0.855s] -- Up-to-date: /home/sf_ws/install/cola2_msgs/include/cola2_msgs/cola2_msgs/srv/recovery.hpp
[0.855s] -- Up-to-date: /home/sf_ws/install/cola2_msgs/include/cola2_msgs/cola2_msgs/srv/digital_output.hpp
[0.855s] -- Up-to-date: /home/sf_ws/install/cola2_msgs/include/cola2_msgs/cola2_msgs/srv/string.hpp
[0.855s] -- Up-to-date: /home/sf_ws/install/cola2_msgs/include/cola2_msgs/cola2_msgs/srv/detail
[0.855s] -- Up-to-date: /home/sf_ws/install/cola2_msgs/include/cola2_msgs/cola2_msgs/srv/detail/goto__builder.hpp
[0.855s] -- Up-to-date: /home/sf_ws/install/cola2_msgs/include/cola2_msgs/cola2_msgs/srv/detail/action__builder.hpp
[0.855s] -- Up-to-date: /home/sf_ws/install/cola2_msgs/include/cola2_msgs/cola2_msgs/srv/detail/string__traits.hpp
[0.855s] -- Up-to-date: /home/sf_ws/install/cola2_msgs/include/cola2_msgs/cola2_msgs/srv/detail/digital_output__builder.hpp
[0.855s] -- Up-to-date: /home/sf_ws/install/cola2_msgs/include/cola2_msgs/cola2_msgs/srv/detail/recovery__builder.hpp
[0.855s] -- Up-to-date: /home/sf_ws/install/cola2_msgs/include/cola2_msgs/cola2_msgs/srv/detail/mission__struct.hpp
[0.855s] -- Up-to-date: /home/sf_ws/install/cola2_msgs/include/cola2_msgs/cola2_msgs/srv/detail/digital_output__struct.hpp
[0.855s] -- Up-to-date: /home/sf_ws/install/cola2_msgs/include/cola2_msgs/cola2_msgs/srv/detail/mission__traits.hpp
[0.855s] -- Up-to-date: /home/sf_ws/install/cola2_msgs/include/cola2_msgs/cola2_msgs/srv/detail/max_joy_velocity__builder.hpp
[0.855s] -- Up-to-date: /home/sf_ws/install/cola2_msgs/include/cola2_msgs/cola2_msgs/srv/detail/mission__builder.hpp
[0.855s] -- Up-to-date: /home/sf_ws/install/cola2_msgs/include/cola2_msgs/cola2_msgs/srv/detail/recovery__struct.hpp
[0.855s] -- Up-to-date: /home/sf_ws/install/cola2_msgs/include/cola2_msgs/cola2_msgs/srv/detail/section__builder.hpp
[0.855s] -- Up-to-date: /home/sf_ws/install/cola2_msgs/include/cola2_msgs/cola2_msgs/srv/detail/action__traits.hpp
[0.855s] -- Up-to-date: /home/sf_ws/install/cola2_msgs/include/cola2_msgs/cola2_msgs/srv/detail/string__builder.hpp
[0.855s] -- Up-to-date: /home/sf_ws/install/cola2_msgs/include/cola2_msgs/cola2_msgs/srv/detail/goto__struct.hpp
[0.855s] -- Up-to-date: /home/sf_ws/install/cola2_msgs/include/cola2_msgs/cola2_msgs/srv/detail/max_joy_velocity__traits.hpp
[0.855s] -- Up-to-date: /home/sf_ws/install/cola2_msgs/include/cola2_msgs/cola2_msgs/srv/detail/string__struct.hpp
[0.855s] -- Up-to-date: /home/sf_ws/install/cola2_msgs/include/cola2_msgs/cola2_msgs/srv/detail/goto__traits.hpp
[0.855s] -- Up-to-date: /home/sf_ws/install/cola2_msgs/include/cola2_msgs/cola2_msgs/srv/detail/max_joy_velocity__struct.hpp
[0.855s] -- Up-to-date: /home/sf_ws/install/cola2_msgs/include/cola2_msgs/cola2_msgs/srv/detail/section__struct.hpp
[0.855s] -- Up-to-date: /home/sf_ws/install/cola2_msgs/include/cola2_msgs/cola2_msgs/srv/detail/digital_output__traits.hpp
[0.855s] -- Up-to-date: /home/sf_ws/install/cola2_msgs/include/cola2_msgs/cola2_msgs/srv/detail/section__traits.hpp
[0.855s] -- Up-to-date: /home/sf_ws/install/cola2_msgs/include/cola2_msgs/cola2_msgs/srv/detail/action__struct.hpp
[0.855s] -- Up-to-date: /home/sf_ws/install/cola2_msgs/include/cola2_msgs/cola2_msgs/srv/detail/recovery__traits.hpp
[0.855s] -- Up-to-date: /home/sf_ws/install/cola2_msgs/include/cola2_msgs/cola2_msgs/srv/action.hpp
[0.855s] -- Up-to-date: /home/sf_ws/install/cola2_msgs/include/cola2_msgs/cola2_msgs/srv/goto.hpp
[0.855s] -- Up-to-date: /home/sf_ws/install/cola2_msgs/include/cola2_msgs/cola2_msgs
[0.855s] -- Up-to-date: /home/sf_ws/install/cola2_msgs/include/cola2_msgs/cola2_msgs/action
[0.855s] -- Up-to-date: /home/sf_ws/install/cola2_msgs/include/cola2_msgs/cola2_msgs/action/detail
[0.855s] -- Up-to-date: /home/sf_ws/install/cola2_msgs/include/cola2_msgs/cola2_msgs/action/detail/dds_fastrtps
[0.855s] -- Up-to-date: /home/sf_ws/install/cola2_msgs/include/cola2_msgs/cola2_msgs/action/detail/pilot__rosidl_typesupport_fastrtps_cpp.hpp
[0.855s] -- Up-to-date: /home/sf_ws/install/cola2_msgs/include/cola2_msgs/cola2_msgs/msg
[0.855s] -- Up-to-date: /home/sf_ws/install/cola2_msgs/include/cola2_msgs/cola2_msgs/msg/detail
[0.855s] -- Up-to-date: /home/sf_ws/install/cola2_msgs/include/cola2_msgs/cola2_msgs/msg/detail/decimal_lat_lon__rosidl_typesupport_fastrtps_cpp.hpp
[0.855s] -- Up-to-date: /home/sf_ws/install/cola2_msgs/include/cola2_msgs/cola2_msgs/msg/detail/dds_fastrtps
[0.855s] -- Up-to-date: /home/sf_ws/install/cola2_msgs/include/cola2_msgs/cola2_msgs/msg/detail/landmark__rosidl_typesupport_fastrtps_cpp.hpp
[0.855s] -- Up-to-date: /home/sf_ws/install/cola2_msgs/include/cola2_msgs/cola2_msgs/msg/detail/map__rosidl_typesupport_fastrtps_cpp.hpp
[0.855s] -- Up-to-date: /home/sf_ws/install/cola2_msgs/include/cola2_msgs/cola2_msgs/msg/detail/body_force_req__rosidl_typesupport_fastrtps_cpp.hpp
[0.855s] -- Up-to-date: /home/sf_ws/install/cola2_msgs/include/cola2_msgs/cola2_msgs/msg/detail/dvl_beam__rosidl_typesupport_fastrtps_cpp.hpp
[0.855s] -- Up-to-date: /home/sf_ws/install/cola2_msgs/include/cola2_msgs/cola2_msgs/msg/detail/recovery_action__rosidl_typesupport_fastrtps_cpp.hpp
[0.855s] -- Up-to-date: /home/sf_ws/install/cola2_msgs/include/cola2_msgs/cola2_msgs/msg/detail/nav_sts__rosidl_typesupport_fastrtps_cpp.hpp
[0.855s] -- Up-to-date: /home/sf_ws/install/cola2_msgs/include/cola2_msgs/cola2_msgs/msg/detail/safety_supervisor_status__rosidl_typesupport_fastrtps_cpp.hpp
[0.855s] -- Up-to-date: /home/sf_ws/install/cola2_msgs/include/cola2_msgs/cola2_msgs/msg/detail/key_value__rosidl_typesupport_fastrtps_cpp.hpp
[0.855s] -- Up-to-date: /home/sf_ws/install/cola2_msgs/include/cola2_msgs/cola2_msgs/msg/detail/setpoints__rosidl_typesupport_fastrtps_cpp.hpp
[0.855s] -- Up-to-date: /home/sf_ws/install/cola2_msgs/include/cola2_msgs/cola2_msgs/msg/detail/goal_descriptor__rosidl_typesupport_fastrtps_cpp.hpp
[0.855s] -- Up-to-date: /home/sf_ws/install/cola2_msgs/include/cola2_msgs/cola2_msgs/msg/detail/ned__rosidl_typesupport_fastrtps_cpp.hpp
[0.855s] -- Up-to-date: /home/sf_ws/install/cola2_msgs/include/cola2_msgs/cola2_msgs/msg/detail/body_velocity_req__rosidl_typesupport_fastrtps_cpp.hpp
[0.856s] -- Up-to-date: /home/sf_ws/install/cola2_msgs/include/cola2_msgs/cola2_msgs/msg/detail/rpy__rosidl_typesupport_fastrtps_cpp.hpp
[0.856s] -- Up-to-date: /home/sf_ws/install/cola2_msgs/include/cola2_msgs/cola2_msgs/msg/detail/dvl__rosidl_typesupport_fastrtps_cpp.hpp
[0.856s] -- Up-to-date: /home/sf_ws/install/cola2_msgs/include/cola2_msgs/cola2_msgs/msg/detail/captain_state_feedback__rosidl_typesupport_fastrtps_cpp.hpp
[0.856s] -- Up-to-date: /home/sf_ws/install/cola2_msgs/include/cola2_msgs/cola2_msgs/msg/detail/float32_stamped__rosidl_typesupport_fastrtps_cpp.hpp
[0.856s] -- Up-to-date: /home/sf_ws/install/cola2_msgs/include/cola2_msgs/cola2_msgs/msg/detail/world_waypoint_req__rosidl_typesupport_fastrtps_cpp.hpp
[0.856s] -- Up-to-date: /home/sf_ws/install/cola2_msgs/include/cola2_msgs/cola2_msgs/msg/detail/mission_state__rosidl_typesupport_fastrtps_cpp.hpp
[0.856s] -- Up-to-date: /home/sf_ws/install/cola2_msgs/include/cola2_msgs/cola2_msgs/msg/detail/bool6_axis__rosidl_typesupport_fastrtps_cpp.hpp
[0.856s] -- Up-to-date: /home/sf_ws/install/cola2_msgs/include/cola2_msgs/cola2_msgs/msg/detail/captain_status__rosidl_typesupport_fastrtps_cpp.hpp
[0.856s] -- Up-to-date: /home/sf_ws/install/cola2_msgs/include/cola2_msgs/cola2_msgs/msg/rosidl_typesupport_fastrtps_cpp__visibility_control.h
[0.856s] -- Up-to-date: /home/sf_ws/install/cola2_msgs/include/cola2_msgs/cola2_msgs/srv
[0.856s] -- Up-to-date: /home/sf_ws/install/cola2_msgs/include/cola2_msgs/cola2_msgs/srv/detail
[0.856s] -- Up-to-date: /home/sf_ws/install/cola2_msgs/include/cola2_msgs/cola2_msgs/srv/detail/dds_fastrtps
[0.856s] -- Up-to-date: /home/sf_ws/install/cola2_msgs/include/cola2_msgs/cola2_msgs/srv/detail/mission__rosidl_typesupport_fastrtps_cpp.hpp
[0.856s] -- Up-to-date: /home/sf_ws/install/cola2_msgs/include/cola2_msgs/cola2_msgs/srv/detail/section__rosidl_typesupport_fastrtps_cpp.hpp
[0.856s] -- Up-to-date: /home/sf_ws/install/cola2_msgs/include/cola2_msgs/cola2_msgs/srv/detail/action__rosidl_typesupport_fastrtps_cpp.hpp
[0.856s] -- Up-to-date: /home/sf_ws/install/cola2_msgs/include/cola2_msgs/cola2_msgs/srv/detail/max_joy_velocity__rosidl_typesupport_fastrtps_cpp.hpp
[0.856s] -- Up-to-date: /home/sf_ws/install/cola2_msgs/include/cola2_msgs/cola2_msgs/srv/detail/recovery__rosidl_typesupport_fastrtps_cpp.hpp
[0.856s] -- Up-to-date: /home/sf_ws/install/cola2_msgs/include/cola2_msgs/cola2_msgs/srv/detail/goto__rosidl_typesupport_fastrtps_cpp.hpp
[0.856s] -- Up-to-date: /home/sf_ws/install/cola2_msgs/include/cola2_msgs/cola2_msgs/srv/detail/digital_output__rosidl_typesupport_fastrtps_cpp.hpp
[0.856s] -- Up-to-date: /home/sf_ws/install/cola2_msgs/include/cola2_msgs/cola2_msgs/srv/detail/string__rosidl_typesupport_fastrtps_cpp.hpp
[0.856s] -- Up-to-date: /home/sf_ws/install/cola2_msgs/lib/libcola2_msgs__rosidl_typesupport_fastrtps_cpp.so
[0.856s] -- Up-to-date: /home/sf_ws/install/cola2_msgs/include/cola2_msgs/cola2_msgs
[0.856s] -- Up-to-date: /home/sf_ws/install/cola2_msgs/include/cola2_msgs/cola2_msgs/action
[0.856s] -- Up-to-date: /home/sf_ws/install/cola2_msgs/include/cola2_msgs/cola2_msgs/action/detail
[0.856s] -- Up-to-date: /home/sf_ws/install/cola2_msgs/include/cola2_msgs/cola2_msgs/action/detail/pilot__rosidl_typesupport_introspection_cpp.hpp
[0.856s] -- Up-to-date: /home/sf_ws/install/cola2_msgs/include/cola2_msgs/cola2_msgs/action/detail/pilot__type_support.cpp
[0.856s] -- Up-to-date: /home/sf_ws/install/cola2_msgs/include/cola2_msgs/cola2_msgs/msg
[0.856s] -- Up-to-date: /home/sf_ws/install/cola2_msgs/include/cola2_msgs/cola2_msgs/msg/detail
[0.856s] -- Up-to-date: /home/sf_ws/install/cola2_msgs/include/cola2_msgs/cola2_msgs/msg/detail/dvl__rosidl_typesupport_introspection_cpp.hpp
[0.856s] -- Up-to-date: /home/sf_ws/install/cola2_msgs/include/cola2_msgs/cola2_msgs/msg/detail/safety_supervisor_status__type_support.cpp
[0.856s] -- Up-to-date: /home/sf_ws/install/cola2_msgs/include/cola2_msgs/cola2_msgs/msg/detail/recovery_action__rosidl_typesupport_introspection_cpp.hpp
[0.856s] -- Up-to-date: /home/sf_ws/install/cola2_msgs/include/cola2_msgs/cola2_msgs/msg/detail/captain_status__rosidl_typesupport_introspection_cpp.hpp
[0.856s] -- Up-to-date: /home/sf_ws/install/cola2_msgs/include/cola2_msgs/cola2_msgs/msg/detail/map__type_support.cpp
[0.856s] -- Up-to-date: /home/sf_ws/install/cola2_msgs/include/cola2_msgs/cola2_msgs/msg/detail/body_force_req__rosidl_typesupport_introspection_cpp.hpp
[0.856s] -- Up-to-date: /home/sf_ws/install/cola2_msgs/include/cola2_msgs/cola2_msgs/msg/detail/landmark__rosidl_typesupport_introspection_cpp.hpp
[0.856s] -- Up-to-date: /home/sf_ws/install/cola2_msgs/include/cola2_msgs/cola2_msgs/msg/detail/landmark__type_support.cpp
[0.856s] -- Up-to-date: /home/sf_ws/install/cola2_msgs/include/cola2_msgs/cola2_msgs/msg/detail/mission_state__type_support.cpp
[0.856s] -- Up-to-date: /home/sf_ws/install/cola2_msgs/include/cola2_msgs/cola2_msgs/msg/detail/float32_stamped__type_support.cpp
[0.856s] -- Up-to-date: /home/sf_ws/install/cola2_msgs/include/cola2_msgs/cola2_msgs/msg/detail/ned__rosidl_typesupport_introspection_cpp.hpp
[0.856s] -- Up-to-date: /home/sf_ws/install/cola2_msgs/include/cola2_msgs/cola2_msgs/msg/detail/float32_stamped__rosidl_typesupport_introspection_cpp.hpp
[0.856s] -- Up-to-date: /home/sf_ws/install/cola2_msgs/include/cola2_msgs/cola2_msgs/msg/detail/dvl__type_support.cpp
[0.856s] -- Up-to-date: /home/sf_ws/install/cola2_msgs/include/cola2_msgs/cola2_msgs/msg/detail/mission_state__rosidl_typesupport_introspection_cpp.hpp
[0.856s] -- Up-to-date: /home/sf_ws/install/cola2_msgs/include/cola2_msgs/cola2_msgs/msg/detail/goal_descriptor__rosidl_typesupport_introspection_cpp.hpp
[0.856s] -- Up-to-date: /home/sf_ws/install/cola2_msgs/include/cola2_msgs/cola2_msgs/msg/detail/decimal_lat_lon__type_support.cpp
[0.856s] -- Up-to-date: /home/sf_ws/install/cola2_msgs/include/cola2_msgs/cola2_msgs/msg/detail/bool6_axis__rosidl_typesupport_introspection_cpp.hpp
[0.856s] -- Up-to-date: /home/sf_ws/install/cola2_msgs/include/cola2_msgs/cola2_msgs/msg/detail/captain_state_feedback__rosidl_typesupport_introspection_cpp.hpp
[0.856s] -- Up-to-date: /home/sf_ws/install/cola2_msgs/include/cola2_msgs/cola2_msgs/msg/detail/body_velocity_req__type_support.cpp
[0.856s] -- Up-to-date: /home/sf_ws/install/cola2_msgs/include/cola2_msgs/cola2_msgs/msg/detail/body_force_req__type_support.cpp
[0.856s] -- Up-to-date: /home/sf_ws/install/cola2_msgs/include/cola2_msgs/cola2_msgs/msg/detail/ned__type_support.cpp
[0.857s] -- Up-to-date: /home/sf_ws/install/cola2_msgs/include/cola2_msgs/cola2_msgs/msg/detail/dvl_beam__rosidl_typesupport_introspection_cpp.hpp
[0.857s] -- Up-to-date: /home/sf_ws/install/cola2_msgs/include/cola2_msgs/cola2_msgs/msg/detail/dvl_beam__type_support.cpp
[0.857s] -- Up-to-date: /home/sf_ws/install/cola2_msgs/include/cola2_msgs/cola2_msgs/msg/detail/world_waypoint_req__rosidl_typesupport_introspection_cpp.hpp
[0.857s] -- Up-to-date: /home/sf_ws/install/cola2_msgs/include/cola2_msgs/cola2_msgs/msg/detail/bool6_axis__type_support.cpp
[0.857s] -- Up-to-date: /home/sf_ws/install/cola2_msgs/include/cola2_msgs/cola2_msgs/msg/detail/key_value__type_support.cpp
[0.857s] -- Up-to-date: /home/sf_ws/install/cola2_msgs/include/cola2_msgs/cola2_msgs/msg/detail/recovery_action__type_support.cpp
[0.857s] -- Up-to-date: /home/sf_ws/install/cola2_msgs/include/cola2_msgs/cola2_msgs/msg/detail/rpy__type_support.cpp
[0.857s] -- Up-to-date: /home/sf_ws/install/cola2_msgs/include/cola2_msgs/cola2_msgs/msg/detail/nav_sts__rosidl_typesupport_introspection_cpp.hpp
[0.857s] -- Up-to-date: /home/sf_ws/install/cola2_msgs/include/cola2_msgs/cola2_msgs/msg/detail/safety_supervisor_status__rosidl_typesupport_introspection_cpp.hpp
[0.857s] -- Up-to-date: /home/sf_ws/install/cola2_msgs/include/cola2_msgs/cola2_msgs/msg/detail/decimal_lat_lon__rosidl_typesupport_introspection_cpp.hpp
[0.857s] -- Up-to-date: /home/sf_ws/install/cola2_msgs/include/cola2_msgs/cola2_msgs/msg/detail/rpy__rosidl_typesupport_introspection_cpp.hpp
[0.857s] -- Up-to-date: /home/sf_ws/install/cola2_msgs/include/cola2_msgs/cola2_msgs/msg/detail/setpoints__type_support.cpp
[0.857s] -- Up-to-date: /home/sf_ws/install/cola2_msgs/include/cola2_msgs/cola2_msgs/msg/detail/captain_state_feedback__type_support.cpp
[0.857s] -- Up-to-date: /home/sf_ws/install/cola2_msgs/include/cola2_msgs/cola2_msgs/msg/detail/nav_sts__type_support.cpp
[0.857s] -- Up-to-date: /home/sf_ws/install/cola2_msgs/include/cola2_msgs/cola2_msgs/msg/detail/setpoints__rosidl_typesupport_introspection_cpp.hpp
[0.857s] -- Up-to-date: /home/sf_ws/install/cola2_msgs/include/cola2_msgs/cola2_msgs/msg/detail/world_waypoint_req__type_support.cpp
[0.857s] -- Up-to-date: /home/sf_ws/install/cola2_msgs/include/cola2_msgs/cola2_msgs/msg/detail/goal_descriptor__type_support.cpp
[0.857s] -- Up-to-date: /home/sf_ws/install/cola2_msgs/include/cola2_msgs/cola2_msgs/msg/detail/map__rosidl_typesupport_introspection_cpp.hpp
[0.857s] -- Up-to-date: /home/sf_ws/install/cola2_msgs/include/cola2_msgs/cola2_msgs/msg/detail/body_velocity_req__rosidl_typesupport_introspection_cpp.hpp
[0.857s] -- Up-to-date: /home/sf_ws/install/cola2_msgs/include/cola2_msgs/cola2_msgs/msg/detail/key_value__rosidl_typesupport_introspection_cpp.hpp
[0.857s] -- Up-to-date: /home/sf_ws/install/cola2_msgs/include/cola2_msgs/cola2_msgs/msg/detail/captain_status__type_support.cpp
[0.857s] -- Up-to-date: /home/sf_ws/install/cola2_msgs/include/cola2_msgs/cola2_msgs/srv
[0.857s] -- Up-to-date: /home/sf_ws/install/cola2_msgs/include/cola2_msgs/cola2_msgs/srv/detail
[0.857s] -- Up-to-date: /home/sf_ws/install/cola2_msgs/include/cola2_msgs/cola2_msgs/srv/detail/action__rosidl_typesupport_introspection_cpp.hpp
[0.857s] -- Up-to-date: /home/sf_ws/install/cola2_msgs/include/cola2_msgs/cola2_msgs/srv/detail/max_joy_velocity__rosidl_typesupport_introspection_cpp.hpp
[0.857s] -- Up-to-date: /home/sf_ws/install/cola2_msgs/include/cola2_msgs/cola2_msgs/srv/detail/string__type_support.cpp
[0.857s] -- Up-to-date: /home/sf_ws/install/cola2_msgs/include/cola2_msgs/cola2_msgs/srv/detail/digital_output__rosidl_typesupport_introspection_cpp.hpp
[0.857s] -- Up-to-date: /home/sf_ws/install/cola2_msgs/include/cola2_msgs/cola2_msgs/srv/detail/max_joy_velocity__type_support.cpp
[0.857s] -- Up-to-date: /home/sf_ws/install/cola2_msgs/include/cola2_msgs/cola2_msgs/srv/detail/mission__type_support.cpp
[0.857s] -- Up-to-date: /home/sf_ws/install/cola2_msgs/include/cola2_msgs/cola2_msgs/srv/detail/digital_output__type_support.cpp
[0.857s] -- Up-to-date: /home/sf_ws/install/cola2_msgs/include/cola2_msgs/cola2_msgs/srv/detail/goto__rosidl_typesupport_introspection_cpp.hpp
[0.857s] -- Up-to-date: /home/sf_ws/install/cola2_msgs/include/cola2_msgs/cola2_msgs/srv/detail/section__rosidl_typesupport_introspection_cpp.hpp
[0.857s] -- Up-to-date: /home/sf_ws/install/cola2_msgs/include/cola2_msgs/cola2_msgs/srv/detail/mission__rosidl_typesupport_introspection_cpp.hpp
[0.857s] -- Up-to-date: /home/sf_ws/install/cola2_msgs/include/cola2_msgs/cola2_msgs/srv/detail/action__type_support.cpp
[0.857s] -- Up-to-date: /home/sf_ws/install/cola2_msgs/include/cola2_msgs/cola2_msgs/srv/detail/recovery__rosidl_typesupport_introspection_cpp.hpp
[0.857s] -- Up-to-date: /home/sf_ws/install/cola2_msgs/include/cola2_msgs/cola2_msgs/srv/detail/recovery__type_support.cpp
[0.857s] -- Up-to-date: /home/sf_ws/install/cola2_msgs/include/cola2_msgs/cola2_msgs/srv/detail/section__type_support.cpp
[0.857s] -- Up-to-date: /home/sf_ws/install/cola2_msgs/include/cola2_msgs/cola2_msgs/srv/detail/string__rosidl_typesupport_introspection_cpp.hpp
[0.857s] -- Up-to-date: /home/sf_ws/install/cola2_msgs/include/cola2_msgs/cola2_msgs/srv/detail/goto__type_support.cpp
[0.857s] -- Up-to-date: /home/sf_ws/install/cola2_msgs/lib/libcola2_msgs__rosidl_typesupport_introspection_cpp.so
[0.857s] -- Up-to-date: /home/sf_ws/install/cola2_msgs/lib/libcola2_msgs__rosidl_typesupport_cpp.so
[0.857s] -- Up-to-date: /home/sf_ws/install/cola2_msgs/share/cola2_msgs/environment/pythonpath.sh
[0.857s] -- Up-to-date: /home/sf_ws/install/cola2_msgs/share/cola2_msgs/environment/pythonpath.dsv
[0.857s] -- Up-to-date: /home/sf_ws/install/cola2_msgs/local/lib/python3.10/dist-packages/cola2_msgs-1.3.0-py3.10.egg-info
[0.857s] -- Installing: /home/sf_ws/install/cola2_msgs/local/lib/python3.10/dist-packages/cola2_msgs-1.3.0-py3.10.egg-info/SOURCES.txt
[0.857s] -- Installing: /home/sf_ws/install/cola2_msgs/local/lib/python3.10/dist-packages/cola2_msgs-1.3.0-py3.10.egg-info/top_level.txt
[0.857s] -- Installing: /home/sf_ws/install/cola2_msgs/local/lib/python3.10/dist-packages/cola2_msgs-1.3.0-py3.10.egg-info/PKG-INFO
[0.857s] -- Installing: /home/sf_ws/install/cola2_msgs/local/lib/python3.10/dist-packages/cola2_msgs-1.3.0-py3.10.egg-info/dependency_links.txt
[0.857s] -- Up-to-date: /home/sf_ws/install/cola2_msgs/local/lib/python3.10/dist-packages/cola2_msgs
[0.857s] -- Up-to-date: /home/sf_ws/install/cola2_msgs/local/lib/python3.10/dist-packages/cola2_msgs/_cola2_msgs_s.ep.rosidl_typesupport_c.c
[0.857s] -- Up-to-date: /home/sf_ws/install/cola2_msgs/local/lib/python3.10/dist-packages/cola2_msgs/action
[0.857s] -- Up-to-date: /home/sf_ws/install/cola2_msgs/local/lib/python3.10/dist-packages/cola2_msgs/action/_pilot.py
[0.857s] -- Up-to-date: /home/sf_ws/install/cola2_msgs/local/lib/python3.10/dist-packages/cola2_msgs/action/__init__.py
[0.857s] -- Up-to-date: /home/sf_ws/install/cola2_msgs/local/lib/python3.10/dist-packages/cola2_msgs/action/_pilot_s.c
[0.857s] -- Up-to-date: /home/sf_ws/install/cola2_msgs/local/lib/python3.10/dist-packages/cola2_msgs/cola2_msgs_s__rosidl_typesupport_fastrtps_c.cpython-310-x86_64-linux-gnu.so
[0.857s] -- Up-to-date: /home/sf_ws/install/cola2_msgs/local/lib/python3.10/dist-packages/cola2_msgs/msg
[0.857s] -- Up-to-date: /home/sf_ws/install/cola2_msgs/local/lib/python3.10/dist-packages/cola2_msgs/msg/_landmark.py
[0.858s] -- Up-to-date: /home/sf_ws/install/cola2_msgs/local/lib/python3.10/dist-packages/cola2_msgs/msg/_recovery_action_s.c
[0.858s] -- Up-to-date: /home/sf_ws/install/cola2_msgs/local/lib/python3.10/dist-packages/cola2_msgs/msg/_decimal_lat_lon_s.c
[0.858s] -- Up-to-date: /home/sf_ws/install/cola2_msgs/local/lib/python3.10/dist-packages/cola2_msgs/msg/_rpy.py
[0.858s] -- Up-to-date: /home/sf_ws/install/cola2_msgs/local/lib/python3.10/dist-packages/cola2_msgs/msg/_key_value_s.c
[0.858s] -- Up-to-date: /home/sf_ws/install/cola2_msgs/local/lib/python3.10/dist-packages/cola2_msgs/msg/_dvl_s.c
[0.858s] -- Up-to-date: /home/sf_ws/install/cola2_msgs/local/lib/python3.10/dist-packages/cola2_msgs/msg/_goal_descriptor.py
[0.858s] -- Up-to-date: /home/sf_ws/install/cola2_msgs/local/lib/python3.10/dist-packages/cola2_msgs/msg/_decimal_lat_lon.py
[0.858s] -- Up-to-date: /home/sf_ws/install/cola2_msgs/local/lib/python3.10/dist-packages/cola2_msgs/msg/_captain_state_feedback.py
[0.858s] -- Up-to-date: /home/sf_ws/install/cola2_msgs/local/lib/python3.10/dist-packages/cola2_msgs/msg/_setpoints.py
[0.858s] -- Up-to-date: /home/sf_ws/install/cola2_msgs/local/lib/python3.10/dist-packages/cola2_msgs/msg/_captain_state_feedback_s.c
[0.858s] -- Up-to-date: /home/sf_ws/install/cola2_msgs/local/lib/python3.10/dist-packages/cola2_msgs/msg/_key_value.py
[0.858s] -- Up-to-date: /home/sf_ws/install/cola2_msgs/local/lib/python3.10/dist-packages/cola2_msgs/msg/_float32_stamped_s.c
[0.858s] -- Up-to-date: /home/sf_ws/install/cola2_msgs/local/lib/python3.10/dist-packages/cola2_msgs/msg/_nav_sts_s.c
[0.858s] -- Up-to-date: /home/sf_ws/install/cola2_msgs/local/lib/python3.10/dist-packages/cola2_msgs/msg/_safety_supervisor_status_s.c
[0.858s] -- Up-to-date: /home/sf_ws/install/cola2_msgs/local/lib/python3.10/dist-packages/cola2_msgs/msg/_mission_state_s.c
[0.858s] -- Up-to-date: /home/sf_ws/install/cola2_msgs/local/lib/python3.10/dist-packages/cola2_msgs/msg/_body_velocity_req.py
[0.858s] -- Up-to-date: /home/sf_ws/install/cola2_msgs/local/lib/python3.10/dist-packages/cola2_msgs/msg/_dvl.py
[0.858s] -- Up-to-date: /home/sf_ws/install/cola2_msgs/local/lib/python3.10/dist-packages/cola2_msgs/msg/_ned_s.c
[0.858s] -- Up-to-date: /home/sf_ws/install/cola2_msgs/local/lib/python3.10/dist-packages/cola2_msgs/msg/_body_velocity_req_s.c
[0.858s] -- Up-to-date: /home/sf_ws/install/cola2_msgs/local/lib/python3.10/dist-packages/cola2_msgs/msg/_ned.py
[0.858s] -- Up-to-date: /home/sf_ws/install/cola2_msgs/local/lib/python3.10/dist-packages/cola2_msgs/msg/_recovery_action.py
[0.858s] -- Up-to-date: /home/sf_ws/install/cola2_msgs/local/lib/python3.10/dist-packages/cola2_msgs/msg/_landmark_s.c
[0.858s] -- Up-to-date: /home/sf_ws/install/cola2_msgs/local/lib/python3.10/dist-packages/cola2_msgs/msg/_dvl_beam_s.c
[0.858s] -- Up-to-date: /home/sf_ws/install/cola2_msgs/local/lib/python3.10/dist-packages/cola2_msgs/msg/_body_force_req.py
[0.858s] -- Up-to-date: /home/sf_ws/install/cola2_msgs/local/lib/python3.10/dist-packages/cola2_msgs/msg/_safety_supervisor_status.py
[0.858s] -- Up-to-date: /home/sf_ws/install/cola2_msgs/local/lib/python3.10/dist-packages/cola2_msgs/msg/_bool6_axis_s.c
[0.858s] -- Up-to-date: /home/sf_ws/install/cola2_msgs/local/lib/python3.10/dist-packages/cola2_msgs/msg/_map.py
[0.858s] -- Up-to-date: /home/sf_ws/install/cola2_msgs/local/lib/python3.10/dist-packages/cola2_msgs/msg/__init__.py
[0.858s] -- Up-to-date: /home/sf_ws/install/cola2_msgs/local/lib/python3.10/dist-packages/cola2_msgs/msg/_body_force_req_s.c
[0.858s] -- Up-to-date: /home/sf_ws/install/cola2_msgs/local/lib/python3.10/dist-packages/cola2_msgs/msg/_map_s.c
[0.858s] -- Up-to-date: /home/sf_ws/install/cola2_msgs/local/lib/python3.10/dist-packages/cola2_msgs/msg/_setpoints_s.c
[0.858s] -- Up-to-date: /home/sf_ws/install/cola2_msgs/local/lib/python3.10/dist-packages/cola2_msgs/msg/_float32_stamped.py
[0.858s] -- Up-to-date: /home/sf_ws/install/cola2_msgs/local/lib/python3.10/dist-packages/cola2_msgs/msg/_bool6_axis.py
[0.858s] -- Up-to-date: /home/sf_ws/install/cola2_msgs/local/lib/python3.10/dist-packages/cola2_msgs/msg/_mission_state.py
[0.858s] -- Up-to-date: /home/sf_ws/install/cola2_msgs/local/lib/python3.10/dist-packages/cola2_msgs/msg/_captain_status.py
[0.858s] -- Up-to-date: /home/sf_ws/install/cola2_msgs/local/lib/python3.10/dist-packages/cola2_msgs/msg/_world_waypoint_req_s.c
[0.858s] -- Up-to-date: /home/sf_ws/install/cola2_msgs/local/lib/python3.10/dist-packages/cola2_msgs/msg/_nav_sts.py
[0.858s] -- Up-to-date: /home/sf_ws/install/cola2_msgs/local/lib/python3.10/dist-packages/cola2_msgs/msg/_goal_descriptor_s.c
[0.858s] -- Up-to-date: /home/sf_ws/install/cola2_msgs/local/lib/python3.10/dist-packages/cola2_msgs/msg/_rpy_s.c
[0.858s] -- Up-to-date: /home/sf_ws/install/cola2_msgs/local/lib/python3.10/dist-packages/cola2_msgs/msg/_world_waypoint_req.py
[0.858s] -- Up-to-date: /home/sf_ws/install/cola2_msgs/local/lib/python3.10/dist-packages/cola2_msgs/msg/_captain_status_s.c
[0.858s] -- Up-to-date: /home/sf_ws/install/cola2_msgs/local/lib/python3.10/dist-packages/cola2_msgs/msg/_dvl_beam.py
[0.858s] -- Up-to-date: /home/sf_ws/install/cola2_msgs/local/lib/python3.10/dist-packages/cola2_msgs/_cola2_msgs_s.ep.rosidl_typesupport_introspection_c.c
[0.858s] -- Up-to-date: /home/sf_ws/install/cola2_msgs/local/lib/python3.10/dist-packages/cola2_msgs/_cola2_msgs_s.ep.rosidl_typesupport_fastrtps_c.c
[0.858s] -- Up-to-date: /home/sf_ws/install/cola2_msgs/local/lib/python3.10/dist-packages/cola2_msgs/__init__.py
[0.858s] -- Up-to-date: /home/sf_ws/install/cola2_msgs/local/lib/python3.10/dist-packages/cola2_msgs/cola2_msgs_s__rosidl_typesupport_c.cpython-310-x86_64-linux-gnu.so
[0.858s] -- Up-to-date: /home/sf_ws/install/cola2_msgs/local/lib/python3.10/dist-packages/cola2_msgs/libcola2_msgs__rosidl_generator_py.so
[0.858s] -- Up-to-date: /home/sf_ws/install/cola2_msgs/local/lib/python3.10/dist-packages/cola2_msgs/srv
[0.858s] -- Up-to-date: /home/sf_ws/install/cola2_msgs/local/lib/python3.10/dist-packages/cola2_msgs/srv/_string.py
[0.858s] -- Up-to-date: /home/sf_ws/install/cola2_msgs/local/lib/python3.10/dist-packages/cola2_msgs/srv/_string_s.c
[0.858s] -- Up-to-date: /home/sf_ws/install/cola2_msgs/local/lib/python3.10/dist-packages/cola2_msgs/srv/_recovery.py
[0.858s] -- Up-to-date: /home/sf_ws/install/cola2_msgs/local/lib/python3.10/dist-packages/cola2_msgs/srv/_section.py
[0.858s] -- Up-to-date: /home/sf_ws/install/cola2_msgs/local/lib/python3.10/dist-packages/cola2_msgs/srv/_max_joy_velocity.py
[0.858s] -- Up-to-date: /home/sf_ws/install/cola2_msgs/local/lib/python3.10/dist-packages/cola2_msgs/srv/_action.py
[0.858s] -- Up-to-date: /home/sf_ws/install/cola2_msgs/local/lib/python3.10/dist-packages/cola2_msgs/srv/_digital_output.py
[0.858s] -- Up-to-date: /home/sf_ws/install/cola2_msgs/local/lib/python3.10/dist-packages/cola2_msgs/srv/_mission_s.c
[0.858s] -- Up-to-date: /home/sf_ws/install/cola2_msgs/local/lib/python3.10/dist-packages/cola2_msgs/srv/__init__.py
[0.858s] -- Up-to-date: /home/sf_ws/install/cola2_msgs/local/lib/python3.10/dist-packages/cola2_msgs/srv/_max_joy_velocity_s.c
[0.859s] -- Up-to-date: /home/sf_ws/install/cola2_msgs/local/lib/python3.10/dist-packages/cola2_msgs/srv/_recovery_s.c
[0.859s] -- Up-to-date: /home/sf_ws/install/cola2_msgs/local/lib/python3.10/dist-packages/cola2_msgs/srv/_digital_output_s.c
[0.859s] -- Up-to-date: /home/sf_ws/install/cola2_msgs/local/lib/python3.10/dist-packages/cola2_msgs/srv/_goto_s.c
[0.859s] -- Up-to-date: /home/sf_ws/install/cola2_msgs/local/lib/python3.10/dist-packages/cola2_msgs/srv/_action_s.c
[0.859s] -- Up-to-date: /home/sf_ws/install/cola2_msgs/local/lib/python3.10/dist-packages/cola2_msgs/srv/_mission.py
[0.859s] -- Up-to-date: /home/sf_ws/install/cola2_msgs/local/lib/python3.10/dist-packages/cola2_msgs/srv/_goto.py
[0.859s] -- Up-to-date: /home/sf_ws/install/cola2_msgs/local/lib/python3.10/dist-packages/cola2_msgs/srv/_section_s.c
[0.859s] -- Up-to-date: /home/sf_ws/install/cola2_msgs/local/lib/python3.10/dist-packages/cola2_msgs/cola2_msgs_s__rosidl_typesupport_introspection_c.cpython-310-x86_64-linux-gnu.so
[0.866s] Listing '/home/sf_ws/install/cola2_msgs/local/lib/python3.10/dist-packages/cola2_msgs'...
[0.866s] Listing '/home/sf_ws/install/cola2_msgs/local/lib/python3.10/dist-packages/cola2_msgs/action'...
[0.866s] Listing '/home/sf_ws/install/cola2_msgs/local/lib/python3.10/dist-packages/cola2_msgs/msg'...
[0.866s] Listing '/home/sf_ws/install/cola2_msgs/local/lib/python3.10/dist-packages/cola2_msgs/srv'...
[0.868s] -- Up-to-date: /home/sf_ws/install/cola2_msgs/local/lib/python3.10/dist-packages/cola2_msgs/cola2_msgs_s__rosidl_typesupport_fastrtps_c.cpython-310-x86_64-linux-gnu.so
[0.868s] -- Up-to-date: /home/sf_ws/install/cola2_msgs/local/lib/python3.10/dist-packages/cola2_msgs/cola2_msgs_s__rosidl_typesupport_introspection_c.cpython-310-x86_64-linux-gnu.so
[0.868s] -- Up-to-date: /home/sf_ws/install/cola2_msgs/local/lib/python3.10/dist-packages/cola2_msgs/cola2_msgs_s__rosidl_typesupport_c.cpython-310-x86_64-linux-gnu.so
[0.868s] -- Up-to-date: /home/sf_ws/install/cola2_msgs/lib/libcola2_msgs__rosidl_generator_py.so
[0.868s] -- Up-to-date: /home/sf_ws/install/cola2_msgs/share/cola2_msgs/msg/GoalDescriptor.idl
[0.868s] -- Up-to-date: /home/sf_ws/install/cola2_msgs/share/cola2_msgs/msg/Bool6Axis.idl
[0.868s] -- Up-to-date: /home/sf_ws/install/cola2_msgs/share/cola2_msgs/msg/BodyForceReq.idl
[0.868s] -- Up-to-date: /home/sf_ws/install/cola2_msgs/share/cola2_msgs/msg/BodyVelocityReq.idl
[0.868s] -- Up-to-date: /home/sf_ws/install/cola2_msgs/share/cola2_msgs/msg/CaptainStateFeedback.idl
[0.868s] -- Up-to-date: /home/sf_ws/install/cola2_msgs/share/cola2_msgs/msg/CaptainStatus.idl
[0.868s] -- Up-to-date: /home/sf_ws/install/cola2_msgs/share/cola2_msgs/msg/DecimalLatLon.idl
[0.868s] -- Up-to-date: /home/sf_ws/install/cola2_msgs/share/cola2_msgs/msg/DVL.idl
[0.868s] -- Up-to-date: /home/sf_ws/install/cola2_msgs/share/cola2_msgs/msg/DVLBeam.idl
[0.868s] -- Up-to-date: /home/sf_ws/install/cola2_msgs/share/cola2_msgs/msg/Float32Stamped.idl
[0.868s] -- Up-to-date: /home/sf_ws/install/cola2_msgs/share/cola2_msgs/msg/KeyValue.idl
[0.868s] -- Up-to-date: /home/sf_ws/install/cola2_msgs/share/cola2_msgs/msg/Landmark.idl
[0.868s] -- Up-to-date: /home/sf_ws/install/cola2_msgs/share/cola2_msgs/msg/Map.idl
[0.868s] -- Up-to-date: /home/sf_ws/install/cola2_msgs/share/cola2_msgs/msg/MissionState.idl
[0.868s] -- Up-to-date: /home/sf_ws/install/cola2_msgs/share/cola2_msgs/msg/NavSts.idl
[0.868s] -- Up-to-date: /home/sf_ws/install/cola2_msgs/share/cola2_msgs/msg/NED.idl
[0.868s] -- Up-to-date: /home/sf_ws/install/cola2_msgs/share/cola2_msgs/msg/RecoveryAction.idl
[0.868s] -- Up-to-date: /home/sf_ws/install/cola2_msgs/share/cola2_msgs/msg/RPY.idl
[0.868s] -- Up-to-date: /home/sf_ws/install/cola2_msgs/share/cola2_msgs/msg/SafetySupervisorStatus.idl
[0.868s] -- Up-to-date: /home/sf_ws/install/cola2_msgs/share/cola2_msgs/msg/Setpoints.idl
[0.868s] -- Up-to-date: /home/sf_ws/install/cola2_msgs/share/cola2_msgs/msg/WorldWaypointReq.idl
[0.868s] -- Up-to-date: /home/sf_ws/install/cola2_msgs/share/cola2_msgs/srv/Action.idl
[0.868s] -- Up-to-date: /home/sf_ws/install/cola2_msgs/share/cola2_msgs/srv/DigitalOutput.idl
[0.869s] -- Up-to-date: /home/sf_ws/install/cola2_msgs/share/cola2_msgs/srv/Goto.idl
[0.869s] -- Up-to-date: /home/sf_ws/install/cola2_msgs/share/cola2_msgs/srv/MaxJoyVelocity.idl
[0.869s] -- Up-to-date: /home/sf_ws/install/cola2_msgs/share/cola2_msgs/srv/Mission.idl
[0.869s] -- Up-to-date: /home/sf_ws/install/cola2_msgs/share/cola2_msgs/srv/Recovery.idl
[0.869s] -- Up-to-date: /home/sf_ws/install/cola2_msgs/share/cola2_msgs/srv/Section.idl
[0.869s] -- Up-to-date: /home/sf_ws/install/cola2_msgs/share/cola2_msgs/srv/String.idl
[0.869s] -- Up-to-date: /home/sf_ws/install/cola2_msgs/share/cola2_msgs/action/Pilot.idl
[0.869s] -- Up-to-date: /home/sf_ws/install/cola2_msgs/share/cola2_msgs/msg/GoalDescriptor.msg
[0.869s] -- Up-to-date: /home/sf_ws/install/cola2_msgs/share/cola2_msgs/msg/Bool6Axis.msg
[0.869s] -- Up-to-date: /home/sf_ws/install/cola2_msgs/share/cola2_msgs/msg/BodyForceReq.msg
[0.869s] -- Up-to-date: /home/sf_ws/install/cola2_msgs/share/cola2_msgs/msg/BodyVelocityReq.msg
[0.869s] -- Up-to-date: /home/sf_ws/install/cola2_msgs/share/cola2_msgs/msg/CaptainStateFeedback.msg
[0.869s] -- Up-to-date: /home/sf_ws/install/cola2_msgs/share/cola2_msgs/msg/CaptainStatus.msg
[0.869s] -- Up-to-date: /home/sf_ws/install/cola2_msgs/share/cola2_msgs/msg/DecimalLatLon.msg
[0.869s] -- Up-to-date: /home/sf_ws/install/cola2_msgs/share/cola2_msgs/msg/DVL.msg
[0.869s] -- Up-to-date: /home/sf_ws/install/cola2_msgs/share/cola2_msgs/msg/DVLBeam.msg
[0.869s] -- Up-to-date: /home/sf_ws/install/cola2_msgs/share/cola2_msgs/msg/Float32Stamped.msg
[0.869s] -- Up-to-date: /home/sf_ws/install/cola2_msgs/share/cola2_msgs/msg/KeyValue.msg
[0.869s] -- Up-to-date: /home/sf_ws/install/cola2_msgs/share/cola2_msgs/msg/Landmark.msg
[0.869s] -- Up-to-date: /home/sf_ws/install/cola2_msgs/share/cola2_msgs/msg/Map.msg
[0.869s] -- Up-to-date: /home/sf_ws/install/cola2_msgs/share/cola2_msgs/msg/MissionState.msg
[0.869s] -- Up-to-date: /home/sf_ws/install/cola2_msgs/share/cola2_msgs/msg/NavSts.msg
[0.869s] -- Up-to-date: /home/sf_ws/install/cola2_msgs/share/cola2_msgs/msg/NED.msg
[0.869s] -- Up-to-date: /home/sf_ws/install/cola2_msgs/share/cola2_msgs/msg/RecoveryAction.msg
[0.869s] -- Up-to-date: /home/sf_ws/install/cola2_msgs/share/cola2_msgs/msg/RPY.msg
[0.869s] -- Up-to-date: /home/sf_ws/install/cola2_msgs/share/cola2_msgs/msg/SafetySupervisorStatus.msg
[0.869s] -- Up-to-date: /home/sf_ws/install/cola2_msgs/share/cola2_msgs/msg/Setpoints.msg
[0.869s] -- Up-to-date: /home/sf_ws/install/cola2_msgs/share/cola2_msgs/msg/WorldWaypointReq.msg
[0.869s] -- Up-to-date: /home/sf_ws/install/cola2_msgs/share/cola2_msgs/srv/Action.srv
[0.869s] -- Up-to-date: /home/sf_ws/install/cola2_msgs/share/cola2_msgs/srv/Action_Request.msg
[0.869s] -- Up-to-date: /home/sf_ws/install/cola2_msgs/share/cola2_msgs/srv/Action_Response.msg
[0.869s] -- Up-to-date: /home/sf_ws/install/cola2_msgs/share/cola2_msgs/srv/DigitalOutput.srv
[0.869s] -- Up-to-date: /home/sf_ws/install/cola2_msgs/share/cola2_msgs/srv/DigitalOutput_Request.msg
[0.869s] -- Up-to-date: /home/sf_ws/install/cola2_msgs/share/cola2_msgs/srv/DigitalOutput_Response.msg
[0.869s] -- Up-to-date: /home/sf_ws/install/cola2_msgs/share/cola2_msgs/srv/Goto.srv
[0.869s] -- Up-to-date: /home/sf_ws/install/cola2_msgs/share/cola2_msgs/srv/Goto_Request.msg
[0.869s] -- Up-to-date: /home/sf_ws/install/cola2_msgs/share/cola2_msgs/srv/Goto_Response.msg
[0.869s] -- Up-to-date: /home/sf_ws/install/cola2_msgs/share/cola2_msgs/srv/MaxJoyVelocity.srv
[0.869s] -- Up-to-date: /home/sf_ws/install/cola2_msgs/share/cola2_msgs/srv/MaxJoyVelocity_Request.msg
[0.869s] -- Up-to-date: /home/sf_ws/install/cola2_msgs/share/cola2_msgs/srv/MaxJoyVelocity_Response.msg
[0.869s] -- Up-to-date: /home/sf_ws/install/cola2_msgs/share/cola2_msgs/srv/Mission.srv
[0.869s] -- Up-to-date: /home/sf_ws/install/cola2_msgs/share/cola2_msgs/srv/Mission_Request.msg
[0.869s] -- Up-to-date: /home/sf_ws/install/cola2_msgs/share/cola2_msgs/srv/Mission_Response.msg
[0.870s] -- Up-to-date: /home/sf_ws/install/cola2_msgs/share/cola2_msgs/srv/Recovery.srv
[0.870s] -- Up-to-date: /home/sf_ws/install/cola2_msgs/share/cola2_msgs/srv/Recovery_Request.msg
[0.870s] -- Up-to-date: /home/sf_ws/install/cola2_msgs/share/cola2_msgs/srv/Recovery_Response.msg
[0.870s] -- Up-to-date: /home/sf_ws/install/cola2_msgs/share/cola2_msgs/srv/Section.srv
[0.870s] -- Up-to-date: /home/sf_ws/install/cola2_msgs/share/cola2_msgs/srv/Section_Request.msg
[0.870s] -- Up-to-date: /home/sf_ws/install/cola2_msgs/share/cola2_msgs/srv/Section_Response.msg
[0.870s] -- Up-to-date: /home/sf_ws/install/cola2_msgs/share/cola2_msgs/srv/String.srv
[0.870s] -- Up-to-date: /home/sf_ws/install/cola2_msgs/share/cola2_msgs/srv/String_Request.msg
[0.870s] -- Up-to-date: /home/sf_ws/install/cola2_msgs/share/cola2_msgs/srv/String_Response.msg
[0.870s] -- Up-to-date: /home/sf_ws/install/cola2_msgs/share/cola2_msgs/action/Pilot.action
[0.870s] -- Up-to-date: /home/sf_ws/install/cola2_msgs/share/ament_index/resource_index/package_run_dependencies/cola2_msgs
[0.870s] -- Up-to-date: /home/sf_ws/install/cola2_msgs/share/ament_index/resource_index/parent_prefix_path/cola2_msgs
[0.870s] -- Up-to-date: /home/sf_ws/install/cola2_msgs/share/cola2_msgs/environment/ament_prefix_path.sh
[0.870s] -- Up-to-date: /home/sf_ws/install/cola2_msgs/share/cola2_msgs/environment/ament_prefix_path.dsv
[0.870s] -- Up-to-date: /home/sf_ws/install/cola2_msgs/share/cola2_msgs/environment/path.sh
[0.870s] -- Up-to-date: /home/sf_ws/install/cola2_msgs/share/cola2_msgs/environment/path.dsv
[0.870s] -- Up-to-date: /home/sf_ws/install/cola2_msgs/share/cola2_msgs/local_setup.bash
[0.870s] -- Up-to-date: /home/sf_ws/install/cola2_msgs/share/cola2_msgs/local_setup.sh
[0.870s] -- Up-to-date: /home/sf_ws/install/cola2_msgs/share/cola2_msgs/local_setup.zsh
[0.870s] -- Up-to-date: /home/sf_ws/install/cola2_msgs/share/cola2_msgs/local_setup.dsv
[0.870s] -- Installing: /home/sf_ws/install/cola2_msgs/share/cola2_msgs/package.dsv
[0.870s] -- Up-to-date: /home/sf_ws/install/cola2_msgs/share/ament_index/resource_index/packages/cola2_msgs
[0.870s] -- Up-to-date: /home/sf_ws/install/cola2_msgs/share/cola2_msgs/cmake/export_cola2_msgs__rosidl_generator_cExport.cmake
[0.870s] -- Up-to-date: /home/sf_ws/install/cola2_msgs/share/cola2_msgs/cmake/export_cola2_msgs__rosidl_generator_cExport-noconfig.cmake
[0.870s] -- Up-to-date: /home/sf_ws/install/cola2_msgs/share/cola2_msgs/cmake/export_cola2_msgs__rosidl_typesupport_fastrtps_cExport.cmake
[0.870s] -- Up-to-date: /home/sf_ws/install/cola2_msgs/share/cola2_msgs/cmake/export_cola2_msgs__rosidl_typesupport_fastrtps_cExport-noconfig.cmake
[0.870s] -- Up-to-date: /home/sf_ws/install/cola2_msgs/share/cola2_msgs/cmake/cola2_msgs__rosidl_typesupport_introspection_cExport.cmake
[0.870s] -- Up-to-date: /home/sf_ws/install/cola2_msgs/share/cola2_msgs/cmake/cola2_msgs__rosidl_typesupport_introspection_cExport-noconfig.cmake
[0.870s] -- Up-to-date: /home/sf_ws/install/cola2_msgs/share/cola2_msgs/cmake/cola2_msgs__rosidl_typesupport_cExport.cmake
[0.870s] -- Up-to-date: /home/sf_ws/install/cola2_msgs/share/cola2_msgs/cmake/cola2_msgs__rosidl_typesupport_cExport-noconfig.cmake
[0.870s] -- Up-to-date: /home/sf_ws/install/cola2_msgs/share/cola2_msgs/cmake/export_cola2_msgs__rosidl_generator_cppExport.cmake
[0.870s] -- Up-to-date: /home/sf_ws/install/cola2_msgs/share/cola2_msgs/cmake/export_cola2_msgs__rosidl_typesupport_fastrtps_cppExport.cmake
[0.870s] -- Up-to-date: /home/sf_ws/install/cola2_msgs/share/cola2_msgs/cmake/export_cola2_msgs__rosidl_typesupport_fastrtps_cppExport-noconfig.cmake
[0.870s] -- Up-to-date: /home/sf_ws/install/cola2_msgs/share/cola2_msgs/cmake/cola2_msgs__rosidl_typesupport_introspection_cppExport.cmake
[0.870s] -- Up-to-date: /home/sf_ws/install/cola2_msgs/share/cola2_msgs/cmake/cola2_msgs__rosidl_typesupport_introspection_cppExport-noconfig.cmake
[0.870s] -- Up-to-date: /home/sf_ws/install/cola2_msgs/share/cola2_msgs/cmake/cola2_msgs__rosidl_typesupport_cppExport.cmake
[0.870s] -- Up-to-date: /home/sf_ws/install/cola2_msgs/share/cola2_msgs/cmake/cola2_msgs__rosidl_typesupport_cppExport-noconfig.cmake
[0.870s] -- Up-to-date: /home/sf_ws/install/cola2_msgs/share/cola2_msgs/cmake/export_cola2_msgs__rosidl_generator_pyExport.cmake
[0.870s] -- Up-to-date: /home/sf_ws/install/cola2_msgs/share/cola2_msgs/cmake/export_cola2_msgs__rosidl_generator_pyExport-noconfig.cmake
[0.870s] -- Up-to-date: /home/sf_ws/install/cola2_msgs/share/cola2_msgs/cmake/rosidl_cmake-extras.cmake
[0.870s] -- Up-to-date: /home/sf_ws/install/cola2_msgs/share/cola2_msgs/cmake/ament_cmake_export_dependencies-extras.cmake
[0.871s] -- Up-to-date: /home/sf_ws/install/cola2_msgs/share/cola2_msgs/cmake/ament_cmake_export_include_directories-extras.cmake
[0.871s] -- Up-to-date: /home/sf_ws/install/cola2_msgs/share/cola2_msgs/cmake/ament_cmake_export_libraries-extras.cmake
[0.871s] -- Up-to-date: /home/sf_ws/install/cola2_msgs/share/cola2_msgs/cmake/ament_cmake_export_targets-extras.cmake
[0.871s] -- Up-to-date: /home/sf_ws/install/cola2_msgs/share/cola2_msgs/cmake/rosidl_cmake_export_typesupport_targets-extras.cmake
[0.871s] -- Up-to-date: /home/sf_ws/install/cola2_msgs/share/cola2_msgs/cmake/rosidl_cmake_export_typesupport_libraries-extras.cmake
[0.871s] -- Up-to-date: /home/sf_ws/install/cola2_msgs/share/cola2_msgs/cmake/cola2_msgsConfig.cmake
[0.871s] -- Up-to-date: /home/sf_ws/install/cola2_msgs/share/cola2_msgs/cmake/cola2_msgsConfig-version.cmake
[0.871s] -- Up-to-date: /home/sf_ws/install/cola2_msgs/share/cola2_msgs/package.xml
[0.872s] Invoked command in '/home/sf_ws/build/cola2_msgs' returned '0': /usr/bin/cmake --install /home/sf_ws/build/cola2_msgs
