[  0%] Built target cola2_msgs__cpp
[ 12%] Built target cola2_msgs__rosidl_generator_c
[ 12%] Built target ament_cmake_python_copy_cola2_msgs
[ 37%] Built target cola2_msgs__rosidl_typesupport_c
[ 37%] Built target cola2_msgs__rosidl_typesupport_introspection_cpp
[ 49%] Built target cola2_msgs__rosidl_typesupport_cpp
[ 61%] Built target cola2_msgs__rosidl_typesupport_fastrtps_cpp
[ 74%] Built target cola2_msgs__rosidl_typesupport_introspection_c
[ 86%] Built target cola2_msgs__rosidl_typesupport_fastrtps_c
[ 86%] Built target cola2_msgs
[ 86%] Built target cola2_msgs__py
[ 98%] Built target cola2_msgs__rosidl_generator_py
[ 98%] Built target cola2_msgs__rosidl_typesupport_introspection_c__pyext
[100%] Built target cola2_msgs__rosidl_typesupport_c__pyext
[100%] Built target cola2_msgs__rosidl_typesupport_fastrtps_c__pyext
running egg_info
writing cola2_msgs.egg-info/PKG-INFO
writing dependency_links to cola2_msgs.egg-info/dependency_links.txt
writing top-level names to cola2_msgs.egg-info/top_level.txt
reading manifest file 'cola2_msgs.egg-info/SOURCES.txt'
writing manifest file 'cola2_msgs.egg-info/SOURCES.txt'
[100%] Built target ament_cmake_python_build_cola2_msgs_egg
-- Install configuration: ""
-- Up-to-date: /home/sf_ws/install/cola2_msgs/share/ament_index/resource_index/rosidl_interfaces/cola2_msgs
-- Up-to-date: /home/sf_ws/install/cola2_msgs/include/cola2_msgs/cola2_msgs
-- Up-to-date: /home/sf_ws/install/cola2_msgs/include/cola2_msgs/cola2_msgs/action
-- Up-to-date: /home/sf_ws/install/cola2_msgs/include/cola2_msgs/cola2_msgs/action/detail
-- Up-to-date: /home/sf_ws/install/cola2_msgs/include/cola2_msgs/cola2_msgs/action/detail/pilot__type_support.h
-- Up-to-date: /home/sf_ws/install/cola2_msgs/include/cola2_msgs/cola2_msgs/action/detail/pilot__functions.h
-- Up-to-date: /home/sf_ws/install/cola2_msgs/include/cola2_msgs/cola2_msgs/action/detail/pilot__functions.c
-- Up-to-date: /home/sf_ws/install/cola2_msgs/include/cola2_msgs/cola2_msgs/action/detail/pilot__struct.h
-- Up-to-date: /home/sf_ws/install/cola2_msgs/include/cola2_msgs/cola2_msgs/action/pilot.h
-- Up-to-date: /home/sf_ws/install/cola2_msgs/include/cola2_msgs/cola2_msgs/msg
-- Up-to-date: /home/sf_ws/install/cola2_msgs/include/cola2_msgs/cola2_msgs/msg/captain_status.h
-- Up-to-date: /home/sf_ws/install/cola2_msgs/include/cola2_msgs/cola2_msgs/msg/goal_descriptor.h
-- Up-to-date: /home/sf_ws/install/cola2_msgs/include/cola2_msgs/cola2_msgs/msg/float32_stamped.h
-- Up-to-date: /home/sf_ws/install/cola2_msgs/include/cola2_msgs/cola2_msgs/msg/safety_supervisor_status.h
-- Up-to-date: /home/sf_ws/install/cola2_msgs/include/cola2_msgs/cola2_msgs/msg/setpoints.h
-- Up-to-date: /home/sf_ws/install/cola2_msgs/include/cola2_msgs/cola2_msgs/msg/map.h
-- Up-to-date: /home/sf_ws/install/cola2_msgs/include/cola2_msgs/cola2_msgs/msg/key_value.h
-- Up-to-date: /home/sf_ws/install/cola2_msgs/include/cola2_msgs/cola2_msgs/msg/dvl_beam.h
-- Up-to-date: /home/sf_ws/install/cola2_msgs/include/cola2_msgs/cola2_msgs/msg/dvl.h
-- Up-to-date: /home/sf_ws/install/cola2_msgs/include/cola2_msgs/cola2_msgs/msg/decimal_lat_lon.h
-- Up-to-date: /home/sf_ws/install/cola2_msgs/include/cola2_msgs/cola2_msgs/msg/bool6_axis.h
-- Up-to-date: /home/sf_ws/install/cola2_msgs/include/cola2_msgs/cola2_msgs/msg/detail
-- Up-to-date: /home/sf_ws/install/cola2_msgs/include/cola2_msgs/cola2_msgs/msg/detail/bool6_axis__struct.h
-- Up-to-date: /home/sf_ws/install/cola2_msgs/include/cola2_msgs/cola2_msgs/msg/detail/nav_sts__functions.h
-- Up-to-date: /home/sf_ws/install/cola2_msgs/include/cola2_msgs/cola2_msgs/msg/detail/rpy__functions.h
-- Up-to-date: /home/sf_ws/install/cola2_msgs/include/cola2_msgs/cola2_msgs/msg/detail/ned__type_support.h
-- Up-to-date: /home/sf_ws/install/cola2_msgs/include/cola2_msgs/cola2_msgs/msg/detail/rpy__struct.h
-- Up-to-date: /home/sf_ws/install/cola2_msgs/include/cola2_msgs/cola2_msgs/msg/detail/setpoints__type_support.h
-- Up-to-date: /home/sf_ws/install/cola2_msgs/include/cola2_msgs/cola2_msgs/msg/detail/recovery_action__functions.h
-- Up-to-date: /home/sf_ws/install/cola2_msgs/include/cola2_msgs/cola2_msgs/msg/detail/captain_status__functions.c
-- Up-to-date: /home/sf_ws/install/cola2_msgs/include/cola2_msgs/cola2_msgs/msg/detail/setpoints__functions.h
-- Up-to-date: /home/sf_ws/install/cola2_msgs/include/cola2_msgs/cola2_msgs/msg/detail/float32_stamped__functions.c
-- Up-to-date: /home/sf_ws/install/cola2_msgs/include/cola2_msgs/cola2_msgs/msg/detail/captain_state_feedback__struct.h
-- Up-to-date: /home/sf_ws/install/cola2_msgs/include/cola2_msgs/cola2_msgs/msg/detail/decimal_lat_lon__functions.h
-- Up-to-date: /home/sf_ws/install/cola2_msgs/include/cola2_msgs/cola2_msgs/msg/detail/setpoints__struct.h
-- Up-to-date: /home/sf_ws/install/cola2_msgs/include/cola2_msgs/cola2_msgs/msg/detail/ned__struct.h
-- Up-to-date: /home/sf_ws/install/cola2_msgs/include/cola2_msgs/cola2_msgs/msg/detail/safety_supervisor_status__functions.h
-- Up-to-date: /home/sf_ws/install/cola2_msgs/include/cola2_msgs/cola2_msgs/msg/detail/mission_state__struct.h
-- Up-to-date: /home/sf_ws/install/cola2_msgs/include/cola2_msgs/cola2_msgs/msg/detail/world_waypoint_req__struct.h
-- Up-to-date: /home/sf_ws/install/cola2_msgs/include/cola2_msgs/cola2_msgs/msg/detail/captain_status__struct.h
-- Up-to-date: /home/sf_ws/install/cola2_msgs/include/cola2_msgs/cola2_msgs/msg/detail/captain_state_feedback__functions.c
-- Up-to-date: /home/sf_ws/install/cola2_msgs/include/cola2_msgs/cola2_msgs/msg/detail/key_value__struct.h
-- Up-to-date: /home/sf_ws/install/cola2_msgs/include/cola2_msgs/cola2_msgs/msg/detail/body_force_req__functions.c
-- Up-to-date: /home/sf_ws/install/cola2_msgs/include/cola2_msgs/cola2_msgs/msg/detail/goal_descriptor__struct.h
-- Up-to-date: /home/sf_ws/install/cola2_msgs/include/cola2_msgs/cola2_msgs/msg/detail/landmark__struct.h
-- Up-to-date: /home/sf_ws/install/cola2_msgs/include/cola2_msgs/cola2_msgs/msg/detail/dvl__functions.c
-- Up-to-date: /home/sf_ws/install/cola2_msgs/include/cola2_msgs/cola2_msgs/msg/detail/dvl__struct.h
-- Up-to-date: /home/sf_ws/install/cola2_msgs/include/cola2_msgs/cola2_msgs/msg/detail/float32_stamped__functions.h
-- Up-to-date: /home/sf_ws/install/cola2_msgs/include/cola2_msgs/cola2_msgs/msg/detail/key_value__functions.h
-- Up-to-date: /home/sf_ws/install/cola2_msgs/include/cola2_msgs/cola2_msgs/msg/detail/body_force_req__struct.h
-- Up-to-date: /home/sf_ws/install/cola2_msgs/include/cola2_msgs/cola2_msgs/msg/detail/world_waypoint_req__type_support.h
-- Up-to-date: /home/sf_ws/install/cola2_msgs/include/cola2_msgs/cola2_msgs/msg/detail/bool6_axis__functions.h
-- Up-to-date: /home/sf_ws/install/cola2_msgs/include/cola2_msgs/cola2_msgs/msg/detail/captain_state_feedback__type_support.h
-- Up-to-date: /home/sf_ws/install/cola2_msgs/include/cola2_msgs/cola2_msgs/msg/detail/mission_state__type_support.h
-- Up-to-date: /home/sf_ws/install/cola2_msgs/include/cola2_msgs/cola2_msgs/msg/detail/map__type_support.h
-- Up-to-date: /home/sf_ws/install/cola2_msgs/include/cola2_msgs/cola2_msgs/msg/detail/float32_stamped__struct.h
-- Up-to-date: /home/sf_ws/install/cola2_msgs/include/cola2_msgs/cola2_msgs/msg/detail/goal_descriptor__functions.h
-- Up-to-date: /home/sf_ws/install/cola2_msgs/include/cola2_msgs/cola2_msgs/msg/detail/safety_supervisor_status__type_support.h
-- Up-to-date: /home/sf_ws/install/cola2_msgs/include/cola2_msgs/cola2_msgs/msg/detail/setpoints__functions.c
-- Up-to-date: /home/sf_ws/install/cola2_msgs/include/cola2_msgs/cola2_msgs/msg/detail/ned__functions.h
-- Up-to-date: /home/sf_ws/install/cola2_msgs/include/cola2_msgs/cola2_msgs/msg/detail/decimal_lat_lon__type_support.h
-- Up-to-date: /home/sf_ws/install/cola2_msgs/include/cola2_msgs/cola2_msgs/msg/detail/recovery_action__functions.c
-- Up-to-date: /home/sf_ws/install/cola2_msgs/include/cola2_msgs/cola2_msgs/msg/detail/goal_descriptor__type_support.h
-- Up-to-date: /home/sf_ws/install/cola2_msgs/include/cola2_msgs/cola2_msgs/msg/detail/key_value__type_support.h
-- Up-to-date: /home/sf_ws/install/cola2_msgs/include/cola2_msgs/cola2_msgs/msg/detail/goal_descriptor__functions.c
-- Up-to-date: /home/sf_ws/install/cola2_msgs/include/cola2_msgs/cola2_msgs/msg/detail/landmark__functions.c
-- Up-to-date: /home/sf_ws/install/cola2_msgs/include/cola2_msgs/cola2_msgs/msg/detail/body_velocity_req__type_support.h
-- Up-to-date: /home/sf_ws/install/cola2_msgs/include/cola2_msgs/cola2_msgs/msg/detail/world_waypoint_req__functions.c
-- Up-to-date: /home/sf_ws/install/cola2_msgs/include/cola2_msgs/cola2_msgs/msg/detail/ned__functions.c
-- Up-to-date: /home/sf_ws/install/cola2_msgs/include/cola2_msgs/cola2_msgs/msg/detail/nav_sts__struct.h
-- Up-to-date: /home/sf_ws/install/cola2_msgs/include/cola2_msgs/cola2_msgs/msg/detail/decimal_lat_lon__functions.c
-- Up-to-date: /home/sf_ws/install/cola2_msgs/include/cola2_msgs/cola2_msgs/msg/detail/captain_status__functions.h
-- Up-to-date: /home/sf_ws/install/cola2_msgs/include/cola2_msgs/cola2_msgs/msg/detail/map__functions.h
-- Up-to-date: /home/sf_ws/install/cola2_msgs/include/cola2_msgs/cola2_msgs/msg/detail/key_value__functions.c
-- Up-to-date: /home/sf_ws/install/cola2_msgs/include/cola2_msgs/cola2_msgs/msg/detail/float32_stamped__type_support.h
-- Up-to-date: /home/sf_ws/install/cola2_msgs/include/cola2_msgs/cola2_msgs/msg/detail/captain_state_feedback__functions.h
-- Up-to-date: /home/sf_ws/install/cola2_msgs/include/cola2_msgs/cola2_msgs/msg/detail/body_force_req__functions.h
-- Up-to-date: /home/sf_ws/install/cola2_msgs/include/cola2_msgs/cola2_msgs/msg/detail/dvl_beam__struct.h
-- Up-to-date: /home/sf_ws/install/cola2_msgs/include/cola2_msgs/cola2_msgs/msg/detail/dvl_beam__functions.h
-- Up-to-date: /home/sf_ws/install/cola2_msgs/include/cola2_msgs/cola2_msgs/msg/detail/captain_status__type_support.h
-- Up-to-date: /home/sf_ws/install/cola2_msgs/include/cola2_msgs/cola2_msgs/msg/detail/map__struct.h
-- Up-to-date: /home/sf_ws/install/cola2_msgs/include/cola2_msgs/cola2_msgs/msg/detail/recovery_action__struct.h
-- Up-to-date: /home/sf_ws/install/cola2_msgs/include/cola2_msgs/cola2_msgs/msg/detail/dvl_beam__type_support.h
-- Up-to-date: /home/sf_ws/install/cola2_msgs/include/cola2_msgs/cola2_msgs/msg/detail/bool6_axis__type_support.h
-- Up-to-date: /home/sf_ws/install/cola2_msgs/include/cola2_msgs/cola2_msgs/msg/detail/bool6_axis__functions.c
-- Up-to-date: /home/sf_ws/install/cola2_msgs/include/cola2_msgs/cola2_msgs/msg/detail/recovery_action__type_support.h
-- Up-to-date: /home/sf_ws/install/cola2_msgs/include/cola2_msgs/cola2_msgs/msg/detail/world_waypoint_req__functions.h
-- Up-to-date: /home/sf_ws/install/cola2_msgs/include/cola2_msgs/cola2_msgs/msg/detail/body_velocity_req__functions.h
-- Up-to-date: /home/sf_ws/install/cola2_msgs/include/cola2_msgs/cola2_msgs/msg/detail/body_force_req__type_support.h
-- Up-to-date: /home/sf_ws/install/cola2_msgs/include/cola2_msgs/cola2_msgs/msg/detail/mission_state__functions.c
-- Up-to-date: /home/sf_ws/install/cola2_msgs/include/cola2_msgs/cola2_msgs/msg/detail/map__functions.c
-- Up-to-date: /home/sf_ws/install/cola2_msgs/include/cola2_msgs/cola2_msgs/msg/detail/body_velocity_req__functions.c
-- Up-to-date: /home/sf_ws/install/cola2_msgs/include/cola2_msgs/cola2_msgs/msg/detail/body_velocity_req__struct.h
-- Up-to-date: /home/sf_ws/install/cola2_msgs/include/cola2_msgs/cola2_msgs/msg/detail/dvl_beam__functions.c
-- Up-to-date: /home/sf_ws/install/cola2_msgs/include/cola2_msgs/cola2_msgs/msg/detail/decimal_lat_lon__struct.h
-- Up-to-date: /home/sf_ws/install/cola2_msgs/include/cola2_msgs/cola2_msgs/msg/detail/safety_supervisor_status__functions.c
-- Up-to-date: /home/sf_ws/install/cola2_msgs/include/cola2_msgs/cola2_msgs/msg/detail/rpy__functions.c
-- Up-to-date: /home/sf_ws/install/cola2_msgs/include/cola2_msgs/cola2_msgs/msg/detail/dvl__functions.h
-- Up-to-date: /home/sf_ws/install/cola2_msgs/include/cola2_msgs/cola2_msgs/msg/detail/landmark__functions.h
-- Up-to-date: /home/sf_ws/install/cola2_msgs/include/cola2_msgs/cola2_msgs/msg/detail/rpy__type_support.h
-- Up-to-date: /home/sf_ws/install/cola2_msgs/include/cola2_msgs/cola2_msgs/msg/detail/mission_state__functions.h
-- Up-to-date: /home/sf_ws/install/cola2_msgs/include/cola2_msgs/cola2_msgs/msg/detail/landmark__type_support.h
-- Up-to-date: /home/sf_ws/install/cola2_msgs/include/cola2_msgs/cola2_msgs/msg/detail/nav_sts__functions.c
-- Up-to-date: /home/sf_ws/install/cola2_msgs/include/cola2_msgs/cola2_msgs/msg/detail/nav_sts__type_support.h
-- Up-to-date: /home/sf_ws/install/cola2_msgs/include/cola2_msgs/cola2_msgs/msg/detail/safety_supervisor_status__struct.h
-- Up-to-date: /home/sf_ws/install/cola2_msgs/include/cola2_msgs/cola2_msgs/msg/detail/dvl__type_support.h
-- Up-to-date: /home/sf_ws/install/cola2_msgs/include/cola2_msgs/cola2_msgs/msg/nav_sts.h
-- Up-to-date: /home/sf_ws/install/cola2_msgs/include/cola2_msgs/cola2_msgs/msg/body_velocity_req.h
-- Up-to-date: /home/sf_ws/install/cola2_msgs/include/cola2_msgs/cola2_msgs/msg/rosidl_generator_c__visibility_control.h
-- Up-to-date: /home/sf_ws/install/cola2_msgs/include/cola2_msgs/cola2_msgs/msg/mission_state.h
-- Up-to-date: /home/sf_ws/install/cola2_msgs/include/cola2_msgs/cola2_msgs/msg/recovery_action.h
-- Up-to-date: /home/sf_ws/install/cola2_msgs/include/cola2_msgs/cola2_msgs/msg/ned.h
-- Up-to-date: /home/sf_ws/install/cola2_msgs/include/cola2_msgs/cola2_msgs/msg/body_force_req.h
-- Up-to-date: /home/sf_ws/install/cola2_msgs/include/cola2_msgs/cola2_msgs/msg/captain_state_feedback.h
-- Up-to-date: /home/sf_ws/install/cola2_msgs/include/cola2_msgs/cola2_msgs/msg/world_waypoint_req.h
-- Up-to-date: /home/sf_ws/install/cola2_msgs/include/cola2_msgs/cola2_msgs/msg/landmark.h
-- Up-to-date: /home/sf_ws/install/cola2_msgs/include/cola2_msgs/cola2_msgs/msg/rpy.h
-- Up-to-date: /home/sf_ws/install/cola2_msgs/include/cola2_msgs/cola2_msgs/srv
-- Up-to-date: /home/sf_ws/install/cola2_msgs/include/cola2_msgs/cola2_msgs/srv/mission.h
-- Up-to-date: /home/sf_ws/install/cola2_msgs/include/cola2_msgs/cola2_msgs/srv/digital_output.h
-- Up-to-date: /home/sf_ws/install/cola2_msgs/include/cola2_msgs/cola2_msgs/srv/goto.h
-- Up-to-date: /home/sf_ws/install/cola2_msgs/include/cola2_msgs/cola2_msgs/srv/detail
-- Up-to-date: /home/sf_ws/install/cola2_msgs/include/cola2_msgs/cola2_msgs/srv/detail/digital_output__functions.c
-- Up-to-date: /home/sf_ws/install/cola2_msgs/include/cola2_msgs/cola2_msgs/srv/detail/recovery__type_support.h
-- Up-to-date: /home/sf_ws/install/cola2_msgs/include/cola2_msgs/cola2_msgs/srv/detail/action__functions.h
-- Up-to-date: /home/sf_ws/install/cola2_msgs/include/cola2_msgs/cola2_msgs/srv/detail/mission__type_support.h
-- Up-to-date: /home/sf_ws/install/cola2_msgs/include/cola2_msgs/cola2_msgs/srv/detail/max_joy_velocity__struct.h
-- Up-to-date: /home/sf_ws/install/cola2_msgs/include/cola2_msgs/cola2_msgs/srv/detail/recovery__functions.h
-- Up-to-date: /home/sf_ws/install/cola2_msgs/include/cola2_msgs/cola2_msgs/srv/detail/section__functions.c
-- Up-to-date: /home/sf_ws/install/cola2_msgs/include/cola2_msgs/cola2_msgs/srv/detail/string__struct.h
-- Up-to-date: /home/sf_ws/install/cola2_msgs/include/cola2_msgs/cola2_msgs/srv/detail/action__type_support.h
-- Up-to-date: /home/sf_ws/install/cola2_msgs/include/cola2_msgs/cola2_msgs/srv/detail/digital_output__type_support.h
-- Up-to-date: /home/sf_ws/install/cola2_msgs/include/cola2_msgs/cola2_msgs/srv/detail/action__functions.c
-- Up-to-date: /home/sf_ws/install/cola2_msgs/include/cola2_msgs/cola2_msgs/srv/detail/max_joy_velocity__functions.c
-- Up-to-date: /home/sf_ws/install/cola2_msgs/include/cola2_msgs/cola2_msgs/srv/detail/goto__functions.h
-- Up-to-date: /home/sf_ws/install/cola2_msgs/include/cola2_msgs/cola2_msgs/srv/detail/recovery__functions.c
-- Up-to-date: /home/sf_ws/install/cola2_msgs/include/cola2_msgs/cola2_msgs/srv/detail/mission__functions.h
-- Up-to-date: /home/sf_ws/install/cola2_msgs/include/cola2_msgs/cola2_msgs/srv/detail/mission__struct.h
-- Up-to-date: /home/sf_ws/install/cola2_msgs/include/cola2_msgs/cola2_msgs/srv/detail/goto__type_support.h
-- Up-to-date: /home/sf_ws/install/cola2_msgs/include/cola2_msgs/cola2_msgs/srv/detail/goto__struct.h
-- Up-to-date: /home/sf_ws/install/cola2_msgs/include/cola2_msgs/cola2_msgs/srv/detail/digital_output__struct.h
-- Up-to-date: /home/sf_ws/install/cola2_msgs/include/cola2_msgs/cola2_msgs/srv/detail/recovery__struct.h
-- Up-to-date: /home/sf_ws/install/cola2_msgs/include/cola2_msgs/cola2_msgs/srv/detail/section__type_support.h
-- Up-to-date: /home/sf_ws/install/cola2_msgs/include/cola2_msgs/cola2_msgs/srv/detail/section__functions.h
-- Up-to-date: /home/sf_ws/install/cola2_msgs/include/cola2_msgs/cola2_msgs/srv/detail/mission__functions.c
-- Up-to-date: /home/sf_ws/install/cola2_msgs/include/cola2_msgs/cola2_msgs/srv/detail/max_joy_velocity__functions.h
-- Up-to-date: /home/sf_ws/install/cola2_msgs/include/cola2_msgs/cola2_msgs/srv/detail/max_joy_velocity__type_support.h
-- Up-to-date: /home/sf_ws/install/cola2_msgs/include/cola2_msgs/cola2_msgs/srv/detail/string__functions.h
-- Up-to-date: /home/sf_ws/install/cola2_msgs/include/cola2_msgs/cola2_msgs/srv/detail/digital_output__functions.h
-- Up-to-date: /home/sf_ws/install/cola2_msgs/include/cola2_msgs/cola2_msgs/srv/detail/goto__functions.c
-- Up-to-date: /home/sf_ws/install/cola2_msgs/include/cola2_msgs/cola2_msgs/srv/detail/section__struct.h
-- Up-to-date: /home/sf_ws/install/cola2_msgs/include/cola2_msgs/cola2_msgs/srv/detail/action__struct.h
-- Up-to-date: /home/sf_ws/install/cola2_msgs/include/cola2_msgs/cola2_msgs/srv/detail/string__functions.c
-- Up-to-date: /home/sf_ws/install/cola2_msgs/include/cola2_msgs/cola2_msgs/srv/detail/string__type_support.h
-- Up-to-date: /home/sf_ws/install/cola2_msgs/include/cola2_msgs/cola2_msgs/srv/recovery.h
-- Up-to-date: /home/sf_ws/install/cola2_msgs/include/cola2_msgs/cola2_msgs/srv/max_joy_velocity.h
-- Up-to-date: /home/sf_ws/install/cola2_msgs/include/cola2_msgs/cola2_msgs/srv/section.h
-- Up-to-date: /home/sf_ws/install/cola2_msgs/include/cola2_msgs/cola2_msgs/srv/action.h
-- Up-to-date: /home/sf_ws/install/cola2_msgs/include/cola2_msgs/cola2_msgs/srv/string.h
-- Up-to-date: /home/sf_ws/install/cola2_msgs/share/cola2_msgs/environment/library_path.sh
-- Up-to-date: /home/sf_ws/install/cola2_msgs/share/cola2_msgs/environment/library_path.dsv
-- Up-to-date: /home/sf_ws/install/cola2_msgs/lib/libcola2_msgs__rosidl_generator_c.so
-- Up-to-date: /home/sf_ws/install/cola2_msgs/include/cola2_msgs/cola2_msgs
-- Up-to-date: /home/sf_ws/install/cola2_msgs/include/cola2_msgs/cola2_msgs/action
-- Up-to-date: /home/sf_ws/install/cola2_msgs/include/cola2_msgs/cola2_msgs/action/detail
-- Up-to-date: /home/sf_ws/install/cola2_msgs/include/cola2_msgs/cola2_msgs/action/detail/pilot__rosidl_typesupport_fastrtps_c.h
-- Up-to-date: /home/sf_ws/install/cola2_msgs/include/cola2_msgs/cola2_msgs/msg
-- Up-to-date: /home/sf_ws/install/cola2_msgs/include/cola2_msgs/cola2_msgs/msg/rosidl_typesupport_fastrtps_c__visibility_control.h
-- Up-to-date: /home/sf_ws/install/cola2_msgs/include/cola2_msgs/cola2_msgs/msg/detail
-- Up-to-date: /home/sf_ws/install/cola2_msgs/include/cola2_msgs/cola2_msgs/msg/detail/nav_sts__rosidl_typesupport_fastrtps_c.h
-- Up-to-date: /home/sf_ws/install/cola2_msgs/include/cola2_msgs/cola2_msgs/msg/detail/world_waypoint_req__rosidl_typesupport_fastrtps_c.h
-- Up-to-date: /home/sf_ws/install/cola2_msgs/include/cola2_msgs/cola2_msgs/msg/detail/key_value__rosidl_typesupport_fastrtps_c.h
-- Up-to-date: /home/sf_ws/install/cola2_msgs/include/cola2_msgs/cola2_msgs/msg/detail/rpy__rosidl_typesupport_fastrtps_c.h
-- Up-to-date: /home/sf_ws/install/cola2_msgs/include/cola2_msgs/cola2_msgs/msg/detail/body_force_req__rosidl_typesupport_fastrtps_c.h
-- Up-to-date: /home/sf_ws/install/cola2_msgs/include/cola2_msgs/cola2_msgs/msg/detail/mission_state__rosidl_typesupport_fastrtps_c.h
-- Up-to-date: /home/sf_ws/install/cola2_msgs/include/cola2_msgs/cola2_msgs/msg/detail/setpoints__rosidl_typesupport_fastrtps_c.h
-- Up-to-date: /home/sf_ws/install/cola2_msgs/include/cola2_msgs/cola2_msgs/msg/detail/safety_supervisor_status__rosidl_typesupport_fastrtps_c.h
-- Up-to-date: /home/sf_ws/install/cola2_msgs/include/cola2_msgs/cola2_msgs/msg/detail/dvl_beam__rosidl_typesupport_fastrtps_c.h
-- Up-to-date: /home/sf_ws/install/cola2_msgs/include/cola2_msgs/cola2_msgs/msg/detail/body_velocity_req__rosidl_typesupport_fastrtps_c.h
-- Up-to-date: /home/sf_ws/install/cola2_msgs/include/cola2_msgs/cola2_msgs/msg/detail/landmark__rosidl_typesupport_fastrtps_c.h
-- Up-to-date: /home/sf_ws/install/cola2_msgs/include/cola2_msgs/cola2_msgs/msg/detail/recovery_action__rosidl_typesupport_fastrtps_c.h
-- Up-to-date: /home/sf_ws/install/cola2_msgs/include/cola2_msgs/cola2_msgs/msg/detail/decimal_lat_lon__rosidl_typesupport_fastrtps_c.h
-- Up-to-date: /home/sf_ws/install/cola2_msgs/include/cola2_msgs/cola2_msgs/msg/detail/goal_descriptor__rosidl_typesupport_fastrtps_c.h
-- Up-to-date: /home/sf_ws/install/cola2_msgs/include/cola2_msgs/cola2_msgs/msg/detail/ned__rosidl_typesupport_fastrtps_c.h
-- Up-to-date: /home/sf_ws/install/cola2_msgs/include/cola2_msgs/cola2_msgs/msg/detail/captain_state_feedback__rosidl_typesupport_fastrtps_c.h
-- Up-to-date: /home/sf_ws/install/cola2_msgs/include/cola2_msgs/cola2_msgs/msg/detail/dvl__rosidl_typesupport_fastrtps_c.h
-- Up-to-date: /home/sf_ws/install/cola2_msgs/include/cola2_msgs/cola2_msgs/msg/detail/bool6_axis__rosidl_typesupport_fastrtps_c.h
-- Up-to-date: /home/sf_ws/install/cola2_msgs/include/cola2_msgs/cola2_msgs/msg/detail/float32_stamped__rosidl_typesupport_fastrtps_c.h
-- Up-to-date: /home/sf_ws/install/cola2_msgs/include/cola2_msgs/cola2_msgs/msg/detail/captain_status__rosidl_typesupport_fastrtps_c.h
-- Up-to-date: /home/sf_ws/install/cola2_msgs/include/cola2_msgs/cola2_msgs/msg/detail/map__rosidl_typesupport_fastrtps_c.h
-- Up-to-date: /home/sf_ws/install/cola2_msgs/include/cola2_msgs/cola2_msgs/srv
-- Up-to-date: /home/sf_ws/install/cola2_msgs/include/cola2_msgs/cola2_msgs/srv/detail
-- Up-to-date: /home/sf_ws/install/cola2_msgs/include/cola2_msgs/cola2_msgs/srv/detail/goto__rosidl_typesupport_fastrtps_c.h
-- Up-to-date: /home/sf_ws/install/cola2_msgs/include/cola2_msgs/cola2_msgs/srv/detail/digital_output__rosidl_typesupport_fastrtps_c.h
-- Up-to-date: /home/sf_ws/install/cola2_msgs/include/cola2_msgs/cola2_msgs/srv/detail/recovery__rosidl_typesupport_fastrtps_c.h
-- Up-to-date: /home/sf_ws/install/cola2_msgs/include/cola2_msgs/cola2_msgs/srv/detail/max_joy_velocity__rosidl_typesupport_fastrtps_c.h
-- Up-to-date: /home/sf_ws/install/cola2_msgs/include/cola2_msgs/cola2_msgs/srv/detail/mission__rosidl_typesupport_fastrtps_c.h
-- Up-to-date: /home/sf_ws/install/cola2_msgs/include/cola2_msgs/cola2_msgs/srv/detail/action__rosidl_typesupport_fastrtps_c.h
-- Up-to-date: /home/sf_ws/install/cola2_msgs/include/cola2_msgs/cola2_msgs/srv/detail/string__rosidl_typesupport_fastrtps_c.h
-- Up-to-date: /home/sf_ws/install/cola2_msgs/include/cola2_msgs/cola2_msgs/srv/detail/section__rosidl_typesupport_fastrtps_c.h
-- Up-to-date: /home/sf_ws/install/cola2_msgs/lib/libcola2_msgs__rosidl_typesupport_fastrtps_c.so
-- Up-to-date: /home/sf_ws/install/cola2_msgs/include/cola2_msgs/cola2_msgs
-- Up-to-date: /home/sf_ws/install/cola2_msgs/include/cola2_msgs/cola2_msgs/action
-- Up-to-date: /home/sf_ws/install/cola2_msgs/include/cola2_msgs/cola2_msgs/action/detail
-- Up-to-date: /home/sf_ws/install/cola2_msgs/include/cola2_msgs/cola2_msgs/action/detail/pilot__rosidl_typesupport_introspection_c.h
-- Up-to-date: /home/sf_ws/install/cola2_msgs/include/cola2_msgs/cola2_msgs/action/detail/pilot__type_support.c
-- Up-to-date: /home/sf_ws/install/cola2_msgs/include/cola2_msgs/cola2_msgs/msg
-- Up-to-date: /home/sf_ws/install/cola2_msgs/include/cola2_msgs/cola2_msgs/msg/detail
-- Up-to-date: /home/sf_ws/install/cola2_msgs/include/cola2_msgs/cola2_msgs/msg/detail/safety_supervisor_status__rosidl_typesupport_introspection_c.h
-- Up-to-date: /home/sf_ws/install/cola2_msgs/include/cola2_msgs/cola2_msgs/msg/detail/ned__type_support.c
-- Up-to-date: /home/sf_ws/install/cola2_msgs/include/cola2_msgs/cola2_msgs/msg/detail/key_value__rosidl_typesupport_introspection_c.h
-- Up-to-date: /home/sf_ws/install/cola2_msgs/include/cola2_msgs/cola2_msgs/msg/detail/key_value__type_support.c
-- Up-to-date: /home/sf_ws/install/cola2_msgs/include/cola2_msgs/cola2_msgs/msg/detail/world_waypoint_req__rosidl_typesupport_introspection_c.h
-- Up-to-date: /home/sf_ws/install/cola2_msgs/include/cola2_msgs/cola2_msgs/msg/detail/nav_sts__rosidl_typesupport_introspection_c.h
-- Up-to-date: /home/sf_ws/install/cola2_msgs/include/cola2_msgs/cola2_msgs/msg/detail/body_force_req__type_support.c
-- Up-to-date: /home/sf_ws/install/cola2_msgs/include/cola2_msgs/cola2_msgs/msg/detail/captain_state_feedback__rosidl_typesupport_introspection_c.h
-- Up-to-date: /home/sf_ws/install/cola2_msgs/include/cola2_msgs/cola2_msgs/msg/detail/recovery_action__rosidl_typesupport_introspection_c.h
-- Up-to-date: /home/sf_ws/install/cola2_msgs/include/cola2_msgs/cola2_msgs/msg/detail/decimal_lat_lon__rosidl_typesupport_introspection_c.h
-- Up-to-date: /home/sf_ws/install/cola2_msgs/include/cola2_msgs/cola2_msgs/msg/detail/captain_state_feedback__type_support.c
-- Up-to-date: /home/sf_ws/install/cola2_msgs/include/cola2_msgs/cola2_msgs/msg/detail/body_force_req__rosidl_typesupport_introspection_c.h
-- Up-to-date: /home/sf_ws/install/cola2_msgs/include/cola2_msgs/cola2_msgs/msg/detail/captain_status__type_support.c
-- Up-to-date: /home/sf_ws/install/cola2_msgs/include/cola2_msgs/cola2_msgs/msg/detail/mission_state__type_support.c
-- Up-to-date: /home/sf_ws/install/cola2_msgs/include/cola2_msgs/cola2_msgs/msg/detail/body_velocity_req__rosidl_typesupport_introspection_c.h
-- Up-to-date: /home/sf_ws/install/cola2_msgs/include/cola2_msgs/cola2_msgs/msg/detail/dvl__type_support.c
-- Up-to-date: /home/sf_ws/install/cola2_msgs/include/cola2_msgs/cola2_msgs/msg/detail/float32_stamped__type_support.c
-- Up-to-date: /home/sf_ws/install/cola2_msgs/include/cola2_msgs/cola2_msgs/msg/detail/map__rosidl_typesupport_introspection_c.h
-- Up-to-date: /home/sf_ws/install/cola2_msgs/include/cola2_msgs/cola2_msgs/msg/detail/landmark__type_support.c
-- Up-to-date: /home/sf_ws/install/cola2_msgs/include/cola2_msgs/cola2_msgs/msg/detail/goal_descriptor__type_support.c
-- Up-to-date: /home/sf_ws/install/cola2_msgs/include/cola2_msgs/cola2_msgs/msg/detail/goal_descriptor__rosidl_typesupport_introspection_c.h
-- Up-to-date: /home/sf_ws/install/cola2_msgs/include/cola2_msgs/cola2_msgs/msg/detail/setpoints__type_support.c
-- Up-to-date: /home/sf_ws/install/cola2_msgs/include/cola2_msgs/cola2_msgs/msg/detail/landmark__rosidl_typesupport_introspection_c.h
-- Up-to-date: /home/sf_ws/install/cola2_msgs/include/cola2_msgs/cola2_msgs/msg/detail/setpoints__rosidl_typesupport_introspection_c.h
-- Up-to-date: /home/sf_ws/install/cola2_msgs/include/cola2_msgs/cola2_msgs/msg/detail/body_velocity_req__type_support.c
-- Up-to-date: /home/sf_ws/install/cola2_msgs/include/cola2_msgs/cola2_msgs/msg/detail/float32_stamped__rosidl_typesupport_introspection_c.h
-- Up-to-date: /home/sf_ws/install/cola2_msgs/include/cola2_msgs/cola2_msgs/msg/detail/decimal_lat_lon__type_support.c
-- Up-to-date: /home/sf_ws/install/cola2_msgs/include/cola2_msgs/cola2_msgs/msg/detail/dvl_beam__rosidl_typesupport_introspection_c.h
-- Up-to-date: /home/sf_ws/install/cola2_msgs/include/cola2_msgs/cola2_msgs/msg/detail/rpy__rosidl_typesupport_introspection_c.h
-- Up-to-date: /home/sf_ws/install/cola2_msgs/include/cola2_msgs/cola2_msgs/msg/detail/recovery_action__type_support.c
-- Up-to-date: /home/sf_ws/install/cola2_msgs/include/cola2_msgs/cola2_msgs/msg/detail/nav_sts__type_support.c
-- Up-to-date: /home/sf_ws/install/cola2_msgs/include/cola2_msgs/cola2_msgs/msg/detail/rpy__type_support.c
-- Up-to-date: /home/sf_ws/install/cola2_msgs/include/cola2_msgs/cola2_msgs/msg/detail/mission_state__rosidl_typesupport_introspection_c.h
-- Up-to-date: /home/sf_ws/install/cola2_msgs/include/cola2_msgs/cola2_msgs/msg/detail/safety_supervisor_status__type_support.c
-- Up-to-date: /home/sf_ws/install/cola2_msgs/include/cola2_msgs/cola2_msgs/msg/detail/world_waypoint_req__type_support.c
-- Up-to-date: /home/sf_ws/install/cola2_msgs/include/cola2_msgs/cola2_msgs/msg/detail/ned__rosidl_typesupport_introspection_c.h
-- Up-to-date: /home/sf_ws/install/cola2_msgs/include/cola2_msgs/cola2_msgs/msg/detail/map__type_support.c
-- Up-to-date: /home/sf_ws/install/cola2_msgs/include/cola2_msgs/cola2_msgs/msg/detail/bool6_axis__rosidl_typesupport_introspection_c.h
-- Up-to-date: /home/sf_ws/install/cola2_msgs/include/cola2_msgs/cola2_msgs/msg/detail/bool6_axis__type_support.c
-- Up-to-date: /home/sf_ws/install/cola2_msgs/include/cola2_msgs/cola2_msgs/msg/detail/dvl_beam__type_support.c
-- Up-to-date: /home/sf_ws/install/cola2_msgs/include/cola2_msgs/cola2_msgs/msg/detail/dvl__rosidl_typesupport_introspection_c.h
-- Up-to-date: /home/sf_ws/install/cola2_msgs/include/cola2_msgs/cola2_msgs/msg/detail/captain_status__rosidl_typesupport_introspection_c.h
-- Up-to-date: /home/sf_ws/install/cola2_msgs/include/cola2_msgs/cola2_msgs/msg/rosidl_typesupport_introspection_c__visibility_control.h
-- Up-to-date: /home/sf_ws/install/cola2_msgs/include/cola2_msgs/cola2_msgs/srv
-- Up-to-date: /home/sf_ws/install/cola2_msgs/include/cola2_msgs/cola2_msgs/srv/detail
-- Up-to-date: /home/sf_ws/install/cola2_msgs/include/cola2_msgs/cola2_msgs/srv/detail/action__rosidl_typesupport_introspection_c.h
-- Up-to-date: /home/sf_ws/install/cola2_msgs/include/cola2_msgs/cola2_msgs/srv/detail/recovery__rosidl_typesupport_introspection_c.h
-- Up-to-date: /home/sf_ws/install/cola2_msgs/include/cola2_msgs/cola2_msgs/srv/detail/max_joy_velocity__rosidl_typesupport_introspection_c.h
-- Up-to-date: /home/sf_ws/install/cola2_msgs/include/cola2_msgs/cola2_msgs/srv/detail/recovery__type_support.c
-- Up-to-date: /home/sf_ws/install/cola2_msgs/include/cola2_msgs/cola2_msgs/srv/detail/goto__type_support.c
-- Up-to-date: /home/sf_ws/install/cola2_msgs/include/cola2_msgs/cola2_msgs/srv/detail/digital_output__type_support.c
-- Up-to-date: /home/sf_ws/install/cola2_msgs/include/cola2_msgs/cola2_msgs/srv/detail/action__type_support.c
-- Up-to-date: /home/sf_ws/install/cola2_msgs/include/cola2_msgs/cola2_msgs/srv/detail/string__type_support.c
-- Up-to-date: /home/sf_ws/install/cola2_msgs/include/cola2_msgs/cola2_msgs/srv/detail/section__rosidl_typesupport_introspection_c.h
-- Up-to-date: /home/sf_ws/install/cola2_msgs/include/cola2_msgs/cola2_msgs/srv/detail/mission__rosidl_typesupport_introspection_c.h
-- Up-to-date: /home/sf_ws/install/cola2_msgs/include/cola2_msgs/cola2_msgs/srv/detail/max_joy_velocity__type_support.c
-- Up-to-date: /home/sf_ws/install/cola2_msgs/include/cola2_msgs/cola2_msgs/srv/detail/goto__rosidl_typesupport_introspection_c.h
-- Up-to-date: /home/sf_ws/install/cola2_msgs/include/cola2_msgs/cola2_msgs/srv/detail/string__rosidl_typesupport_introspection_c.h
-- Up-to-date: /home/sf_ws/install/cola2_msgs/include/cola2_msgs/cola2_msgs/srv/detail/section__type_support.c
-- Up-to-date: /home/sf_ws/install/cola2_msgs/include/cola2_msgs/cola2_msgs/srv/detail/digital_output__rosidl_typesupport_introspection_c.h
-- Up-to-date: /home/sf_ws/install/cola2_msgs/include/cola2_msgs/cola2_msgs/srv/detail/mission__type_support.c
-- Up-to-date: /home/sf_ws/install/cola2_msgs/lib/libcola2_msgs__rosidl_typesupport_introspection_c.so
-- Up-to-date: /home/sf_ws/install/cola2_msgs/lib/libcola2_msgs__rosidl_typesupport_c.so
-- Up-to-date: /home/sf_ws/install/cola2_msgs/include/cola2_msgs/cola2_msgs
-- Up-to-date: /home/sf_ws/install/cola2_msgs/include/cola2_msgs/cola2_msgs/action
-- Up-to-date: /home/sf_ws/install/cola2_msgs/include/cola2_msgs/cola2_msgs/action/detail
-- Up-to-date: /home/sf_ws/install/cola2_msgs/include/cola2_msgs/cola2_msgs/action/detail/pilot__struct.hpp
-- Up-to-date: /home/sf_ws/install/cola2_msgs/include/cola2_msgs/cola2_msgs/action/detail/pilot__traits.hpp
-- Up-to-date: /home/sf_ws/install/cola2_msgs/include/cola2_msgs/cola2_msgs/action/detail/pilot__builder.hpp
-- Up-to-date: /home/sf_ws/install/cola2_msgs/include/cola2_msgs/cola2_msgs/action/pilot.hpp
-- Up-to-date: /home/sf_ws/install/cola2_msgs/include/cola2_msgs/cola2_msgs/msg
-- Up-to-date: /home/sf_ws/install/cola2_msgs/include/cola2_msgs/cola2_msgs/msg/dvl.hpp
-- Up-to-date: /home/sf_ws/install/cola2_msgs/include/cola2_msgs/cola2_msgs/msg/captain_state_feedback.hpp
-- Up-to-date: /home/sf_ws/install/cola2_msgs/include/cola2_msgs/cola2_msgs/msg/landmark.hpp
-- Up-to-date: /home/sf_ws/install/cola2_msgs/include/cola2_msgs/cola2_msgs/msg/key_value.hpp
-- Up-to-date: /home/sf_ws/install/cola2_msgs/include/cola2_msgs/cola2_msgs/msg/float32_stamped.hpp
-- Up-to-date: /home/sf_ws/install/cola2_msgs/include/cola2_msgs/cola2_msgs/msg/mission_state.hpp
-- Up-to-date: /home/sf_ws/install/cola2_msgs/include/cola2_msgs/cola2_msgs/msg/bool6_axis.hpp
-- Up-to-date: /home/sf_ws/install/cola2_msgs/include/cola2_msgs/cola2_msgs/msg/setpoints.hpp
-- Up-to-date: /home/sf_ws/install/cola2_msgs/include/cola2_msgs/cola2_msgs/msg/safety_supervisor_status.hpp
-- Up-to-date: /home/sf_ws/install/cola2_msgs/include/cola2_msgs/cola2_msgs/msg/decimal_lat_lon.hpp
-- Up-to-date: /home/sf_ws/install/cola2_msgs/include/cola2_msgs/cola2_msgs/msg/dvl_beam.hpp
-- Up-to-date: /home/sf_ws/install/cola2_msgs/include/cola2_msgs/cola2_msgs/msg/detail
-- Up-to-date: /home/sf_ws/install/cola2_msgs/include/cola2_msgs/cola2_msgs/msg/detail/captain_status__struct.hpp
-- Up-to-date: /home/sf_ws/install/cola2_msgs/include/cola2_msgs/cola2_msgs/msg/detail/setpoints__struct.hpp
-- Up-to-date: /home/sf_ws/install/cola2_msgs/include/cola2_msgs/cola2_msgs/msg/detail/map__struct.hpp
-- Up-to-date: /home/sf_ws/install/cola2_msgs/include/cola2_msgs/cola2_msgs/msg/detail/rpy__struct.hpp
-- Up-to-date: /home/sf_ws/install/cola2_msgs/include/cola2_msgs/cola2_msgs/msg/detail/safety_supervisor_status__builder.hpp
-- Up-to-date: /home/sf_ws/install/cola2_msgs/include/cola2_msgs/cola2_msgs/msg/detail/bool6_axis__struct.hpp
-- Up-to-date: /home/sf_ws/install/cola2_msgs/include/cola2_msgs/cola2_msgs/msg/detail/goal_descriptor__struct.hpp
-- Up-to-date: /home/sf_ws/install/cola2_msgs/include/cola2_msgs/cola2_msgs/msg/detail/nav_sts__struct.hpp
-- Up-to-date: /home/sf_ws/install/cola2_msgs/include/cola2_msgs/cola2_msgs/msg/detail/float32_stamped__struct.hpp
-- Up-to-date: /home/sf_ws/install/cola2_msgs/include/cola2_msgs/cola2_msgs/msg/detail/body_velocity_req__traits.hpp
-- Up-to-date: /home/sf_ws/install/cola2_msgs/include/cola2_msgs/cola2_msgs/msg/detail/captain_state_feedback__builder.hpp
-- Up-to-date: /home/sf_ws/install/cola2_msgs/include/cola2_msgs/cola2_msgs/msg/detail/goal_descriptor__builder.hpp
-- Up-to-date: /home/sf_ws/install/cola2_msgs/include/cola2_msgs/cola2_msgs/msg/detail/dvl_beam__builder.hpp
-- Up-to-date: /home/sf_ws/install/cola2_msgs/include/cola2_msgs/cola2_msgs/msg/detail/captain_status__traits.hpp
-- Up-to-date: /home/sf_ws/install/cola2_msgs/include/cola2_msgs/cola2_msgs/msg/detail/nav_sts__traits.hpp
-- Up-to-date: /home/sf_ws/install/cola2_msgs/include/cola2_msgs/cola2_msgs/msg/detail/world_waypoint_req__builder.hpp
-- Up-to-date: /home/sf_ws/install/cola2_msgs/include/cola2_msgs/cola2_msgs/msg/detail/map__traits.hpp
-- Up-to-date: /home/sf_ws/install/cola2_msgs/include/cola2_msgs/cola2_msgs/msg/detail/captain_state_feedback__struct.hpp
-- Up-to-date: /home/sf_ws/install/cola2_msgs/include/cola2_msgs/cola2_msgs/msg/detail/body_velocity_req__struct.hpp
-- Up-to-date: /home/sf_ws/install/cola2_msgs/include/cola2_msgs/cola2_msgs/msg/detail/key_value__traits.hpp
-- Up-to-date: /home/sf_ws/install/cola2_msgs/include/cola2_msgs/cola2_msgs/msg/detail/setpoints__builder.hpp
-- Up-to-date: /home/sf_ws/install/cola2_msgs/include/cola2_msgs/cola2_msgs/msg/detail/float32_stamped__builder.hpp
-- Up-to-date: /home/sf_ws/install/cola2_msgs/include/cola2_msgs/cola2_msgs/msg/detail/mission_state__struct.hpp
-- Up-to-date: /home/sf_ws/install/cola2_msgs/include/cola2_msgs/cola2_msgs/msg/detail/recovery_action__builder.hpp
-- Up-to-date: /home/sf_ws/install/cola2_msgs/include/cola2_msgs/cola2_msgs/msg/detail/goal_descriptor__traits.hpp
-- Up-to-date: /home/sf_ws/install/cola2_msgs/include/cola2_msgs/cola2_msgs/msg/detail/mission_state__traits.hpp
-- Up-to-date: /home/sf_ws/install/cola2_msgs/include/cola2_msgs/cola2_msgs/msg/detail/landmark__builder.hpp
-- Up-to-date: /home/sf_ws/install/cola2_msgs/include/cola2_msgs/cola2_msgs/msg/detail/safety_supervisor_status__struct.hpp
-- Up-to-date: /home/sf_ws/install/cola2_msgs/include/cola2_msgs/cola2_msgs/msg/detail/mission_state__builder.hpp
-- Up-to-date: /home/sf_ws/install/cola2_msgs/include/cola2_msgs/cola2_msgs/msg/detail/rpy__traits.hpp
-- Up-to-date: /home/sf_ws/install/cola2_msgs/include/cola2_msgs/cola2_msgs/msg/detail/bool6_axis__traits.hpp
-- Up-to-date: /home/sf_ws/install/cola2_msgs/include/cola2_msgs/cola2_msgs/msg/detail/body_force_req__builder.hpp
-- Up-to-date: /home/sf_ws/install/cola2_msgs/include/cola2_msgs/cola2_msgs/msg/detail/body_velocity_req__builder.hpp
-- Up-to-date: /home/sf_ws/install/cola2_msgs/include/cola2_msgs/cola2_msgs/msg/detail/world_waypoint_req__traits.hpp
-- Up-to-date: /home/sf_ws/install/cola2_msgs/include/cola2_msgs/cola2_msgs/msg/detail/dvl_beam__traits.hpp
-- Up-to-date: /home/sf_ws/install/cola2_msgs/include/cola2_msgs/cola2_msgs/msg/detail/body_force_req__struct.hpp
-- Up-to-date: /home/sf_ws/install/cola2_msgs/include/cola2_msgs/cola2_msgs/msg/detail/landmark__struct.hpp
-- Up-to-date: /home/sf_ws/install/cola2_msgs/include/cola2_msgs/cola2_msgs/msg/detail/ned__struct.hpp
-- Up-to-date: /home/sf_ws/install/cola2_msgs/include/cola2_msgs/cola2_msgs/msg/detail/setpoints__traits.hpp
-- Up-to-date: /home/sf_ws/install/cola2_msgs/include/cola2_msgs/cola2_msgs/msg/detail/bool6_axis__builder.hpp
-- Up-to-date: /home/sf_ws/install/cola2_msgs/include/cola2_msgs/cola2_msgs/msg/detail/dvl__traits.hpp
-- Up-to-date: /home/sf_ws/install/cola2_msgs/include/cola2_msgs/cola2_msgs/msg/detail/captain_state_feedback__traits.hpp
-- Up-to-date: /home/sf_ws/install/cola2_msgs/include/cola2_msgs/cola2_msgs/msg/detail/nav_sts__builder.hpp
-- Up-to-date: /home/sf_ws/install/cola2_msgs/include/cola2_msgs/cola2_msgs/msg/detail/recovery_action__struct.hpp
-- Up-to-date: /home/sf_ws/install/cola2_msgs/include/cola2_msgs/cola2_msgs/msg/detail/decimal_lat_lon__struct.hpp
-- Up-to-date: /home/sf_ws/install/cola2_msgs/include/cola2_msgs/cola2_msgs/msg/detail/dvl_beam__struct.hpp
-- Up-to-date: /home/sf_ws/install/cola2_msgs/include/cola2_msgs/cola2_msgs/msg/detail/landmark__traits.hpp
-- Up-to-date: /home/sf_ws/install/cola2_msgs/include/cola2_msgs/cola2_msgs/msg/detail/world_waypoint_req__struct.hpp
-- Up-to-date: /home/sf_ws/install/cola2_msgs/include/cola2_msgs/cola2_msgs/msg/detail/key_value__builder.hpp
-- Up-to-date: /home/sf_ws/install/cola2_msgs/include/cola2_msgs/cola2_msgs/msg/detail/decimal_lat_lon__builder.hpp
-- Up-to-date: /home/sf_ws/install/cola2_msgs/include/cola2_msgs/cola2_msgs/msg/detail/safety_supervisor_status__traits.hpp
-- Up-to-date: /home/sf_ws/install/cola2_msgs/include/cola2_msgs/cola2_msgs/msg/detail/ned__traits.hpp
-- Up-to-date: /home/sf_ws/install/cola2_msgs/include/cola2_msgs/cola2_msgs/msg/detail/rpy__builder.hpp
-- Up-to-date: /home/sf_ws/install/cola2_msgs/include/cola2_msgs/cola2_msgs/msg/detail/key_value__struct.hpp
-- Up-to-date: /home/sf_ws/install/cola2_msgs/include/cola2_msgs/cola2_msgs/msg/detail/ned__builder.hpp
-- Up-to-date: /home/sf_ws/install/cola2_msgs/include/cola2_msgs/cola2_msgs/msg/detail/dvl__struct.hpp
-- Up-to-date: /home/sf_ws/install/cola2_msgs/include/cola2_msgs/cola2_msgs/msg/detail/recovery_action__traits.hpp
-- Up-to-date: /home/sf_ws/install/cola2_msgs/include/cola2_msgs/cola2_msgs/msg/detail/captain_status__builder.hpp
-- Up-to-date: /home/sf_ws/install/cola2_msgs/include/cola2_msgs/cola2_msgs/msg/detail/float32_stamped__traits.hpp
-- Up-to-date: /home/sf_ws/install/cola2_msgs/include/cola2_msgs/cola2_msgs/msg/detail/dvl__builder.hpp
-- Up-to-date: /home/sf_ws/install/cola2_msgs/include/cola2_msgs/cola2_msgs/msg/detail/body_force_req__traits.hpp
-- Up-to-date: /home/sf_ws/install/cola2_msgs/include/cola2_msgs/cola2_msgs/msg/detail/map__builder.hpp
-- Up-to-date: /home/sf_ws/install/cola2_msgs/include/cola2_msgs/cola2_msgs/msg/detail/decimal_lat_lon__traits.hpp
-- Up-to-date: /home/sf_ws/install/cola2_msgs/include/cola2_msgs/cola2_msgs/msg/captain_status.hpp
-- Up-to-date: /home/sf_ws/install/cola2_msgs/include/cola2_msgs/cola2_msgs/msg/ned.hpp
-- Up-to-date: /home/sf_ws/install/cola2_msgs/include/cola2_msgs/cola2_msgs/msg/map.hpp
-- Up-to-date: /home/sf_ws/install/cola2_msgs/include/cola2_msgs/cola2_msgs/msg/body_velocity_req.hpp
-- Up-to-date: /home/sf_ws/install/cola2_msgs/include/cola2_msgs/cola2_msgs/msg/body_force_req.hpp
-- Up-to-date: /home/sf_ws/install/cola2_msgs/include/cola2_msgs/cola2_msgs/msg/recovery_action.hpp
-- Up-to-date: /home/sf_ws/install/cola2_msgs/include/cola2_msgs/cola2_msgs/msg/nav_sts.hpp
-- Up-to-date: /home/sf_ws/install/cola2_msgs/include/cola2_msgs/cola2_msgs/msg/rpy.hpp
-- Up-to-date: /home/sf_ws/install/cola2_msgs/include/cola2_msgs/cola2_msgs/msg/goal_descriptor.hpp
-- Up-to-date: /home/sf_ws/install/cola2_msgs/include/cola2_msgs/cola2_msgs/msg/world_waypoint_req.hpp
-- Up-to-date: /home/sf_ws/install/cola2_msgs/include/cola2_msgs/cola2_msgs/srv
-- Up-to-date: /home/sf_ws/install/cola2_msgs/include/cola2_msgs/cola2_msgs/srv/section.hpp
-- Up-to-date: /home/sf_ws/install/cola2_msgs/include/cola2_msgs/cola2_msgs/srv/mission.hpp
-- Up-to-date: /home/sf_ws/install/cola2_msgs/include/cola2_msgs/cola2_msgs/srv/max_joy_velocity.hpp
-- Up-to-date: /home/sf_ws/install/cola2_msgs/include/cola2_msgs/cola2_msgs/srv/recovery.hpp
-- Up-to-date: /home/sf_ws/install/cola2_msgs/include/cola2_msgs/cola2_msgs/srv/digital_output.hpp
-- Up-to-date: /home/sf_ws/install/cola2_msgs/include/cola2_msgs/cola2_msgs/srv/string.hpp
-- Up-to-date: /home/sf_ws/install/cola2_msgs/include/cola2_msgs/cola2_msgs/srv/detail
-- Up-to-date: /home/sf_ws/install/cola2_msgs/include/cola2_msgs/cola2_msgs/srv/detail/goto__builder.hpp
-- Up-to-date: /home/sf_ws/install/cola2_msgs/include/cola2_msgs/cola2_msgs/srv/detail/action__builder.hpp
-- Up-to-date: /home/sf_ws/install/cola2_msgs/include/cola2_msgs/cola2_msgs/srv/detail/string__traits.hpp
-- Up-to-date: /home/sf_ws/install/cola2_msgs/include/cola2_msgs/cola2_msgs/srv/detail/digital_output__builder.hpp
-- Up-to-date: /home/sf_ws/install/cola2_msgs/include/cola2_msgs/cola2_msgs/srv/detail/recovery__builder.hpp
-- Up-to-date: /home/sf_ws/install/cola2_msgs/include/cola2_msgs/cola2_msgs/srv/detail/mission__struct.hpp
-- Up-to-date: /home/sf_ws/install/cola2_msgs/include/cola2_msgs/cola2_msgs/srv/detail/digital_output__struct.hpp
-- Up-to-date: /home/sf_ws/install/cola2_msgs/include/cola2_msgs/cola2_msgs/srv/detail/mission__traits.hpp
-- Up-to-date: /home/sf_ws/install/cola2_msgs/include/cola2_msgs/cola2_msgs/srv/detail/max_joy_velocity__builder.hpp
-- Up-to-date: /home/sf_ws/install/cola2_msgs/include/cola2_msgs/cola2_msgs/srv/detail/mission__builder.hpp
-- Up-to-date: /home/sf_ws/install/cola2_msgs/include/cola2_msgs/cola2_msgs/srv/detail/recovery__struct.hpp
-- Up-to-date: /home/sf_ws/install/cola2_msgs/include/cola2_msgs/cola2_msgs/srv/detail/section__builder.hpp
-- Up-to-date: /home/sf_ws/install/cola2_msgs/include/cola2_msgs/cola2_msgs/srv/detail/action__traits.hpp
-- Up-to-date: /home/sf_ws/install/cola2_msgs/include/cola2_msgs/cola2_msgs/srv/detail/string__builder.hpp
-- Up-to-date: /home/sf_ws/install/cola2_msgs/include/cola2_msgs/cola2_msgs/srv/detail/goto__struct.hpp
-- Up-to-date: /home/sf_ws/install/cola2_msgs/include/cola2_msgs/cola2_msgs/srv/detail/max_joy_velocity__traits.hpp
-- Up-to-date: /home/sf_ws/install/cola2_msgs/include/cola2_msgs/cola2_msgs/srv/detail/string__struct.hpp
-- Up-to-date: /home/sf_ws/install/cola2_msgs/include/cola2_msgs/cola2_msgs/srv/detail/goto__traits.hpp
-- Up-to-date: /home/sf_ws/install/cola2_msgs/include/cola2_msgs/cola2_msgs/srv/detail/max_joy_velocity__struct.hpp
-- Up-to-date: /home/sf_ws/install/cola2_msgs/include/cola2_msgs/cola2_msgs/srv/detail/section__struct.hpp
-- Up-to-date: /home/sf_ws/install/cola2_msgs/include/cola2_msgs/cola2_msgs/srv/detail/digital_output__traits.hpp
-- Up-to-date: /home/sf_ws/install/cola2_msgs/include/cola2_msgs/cola2_msgs/srv/detail/section__traits.hpp
-- Up-to-date: /home/sf_ws/install/cola2_msgs/include/cola2_msgs/cola2_msgs/srv/detail/action__struct.hpp
-- Up-to-date: /home/sf_ws/install/cola2_msgs/include/cola2_msgs/cola2_msgs/srv/detail/recovery__traits.hpp
-- Up-to-date: /home/sf_ws/install/cola2_msgs/include/cola2_msgs/cola2_msgs/srv/action.hpp
-- Up-to-date: /home/sf_ws/install/cola2_msgs/include/cola2_msgs/cola2_msgs/srv/goto.hpp
-- Up-to-date: /home/sf_ws/install/cola2_msgs/include/cola2_msgs/cola2_msgs
-- Up-to-date: /home/sf_ws/install/cola2_msgs/include/cola2_msgs/cola2_msgs/action
-- Up-to-date: /home/sf_ws/install/cola2_msgs/include/cola2_msgs/cola2_msgs/action/detail
-- Up-to-date: /home/sf_ws/install/cola2_msgs/include/cola2_msgs/cola2_msgs/action/detail/dds_fastrtps
-- Up-to-date: /home/sf_ws/install/cola2_msgs/include/cola2_msgs/cola2_msgs/action/detail/pilot__rosidl_typesupport_fastrtps_cpp.hpp
-- Up-to-date: /home/sf_ws/install/cola2_msgs/include/cola2_msgs/cola2_msgs/msg
-- Up-to-date: /home/sf_ws/install/cola2_msgs/include/cola2_msgs/cola2_msgs/msg/detail
-- Up-to-date: /home/sf_ws/install/cola2_msgs/include/cola2_msgs/cola2_msgs/msg/detail/decimal_lat_lon__rosidl_typesupport_fastrtps_cpp.hpp
-- Up-to-date: /home/sf_ws/install/cola2_msgs/include/cola2_msgs/cola2_msgs/msg/detail/dds_fastrtps
-- Up-to-date: /home/sf_ws/install/cola2_msgs/include/cola2_msgs/cola2_msgs/msg/detail/landmark__rosidl_typesupport_fastrtps_cpp.hpp
-- Up-to-date: /home/sf_ws/install/cola2_msgs/include/cola2_msgs/cola2_msgs/msg/detail/map__rosidl_typesupport_fastrtps_cpp.hpp
-- Up-to-date: /home/sf_ws/install/cola2_msgs/include/cola2_msgs/cola2_msgs/msg/detail/body_force_req__rosidl_typesupport_fastrtps_cpp.hpp
-- Up-to-date: /home/sf_ws/install/cola2_msgs/include/cola2_msgs/cola2_msgs/msg/detail/dvl_beam__rosidl_typesupport_fastrtps_cpp.hpp
-- Up-to-date: /home/sf_ws/install/cola2_msgs/include/cola2_msgs/cola2_msgs/msg/detail/recovery_action__rosidl_typesupport_fastrtps_cpp.hpp
-- Up-to-date: /home/sf_ws/install/cola2_msgs/include/cola2_msgs/cola2_msgs/msg/detail/nav_sts__rosidl_typesupport_fastrtps_cpp.hpp
-- Up-to-date: /home/sf_ws/install/cola2_msgs/include/cola2_msgs/cola2_msgs/msg/detail/safety_supervisor_status__rosidl_typesupport_fastrtps_cpp.hpp
-- Up-to-date: /home/sf_ws/install/cola2_msgs/include/cola2_msgs/cola2_msgs/msg/detail/key_value__rosidl_typesupport_fastrtps_cpp.hpp
-- Up-to-date: /home/sf_ws/install/cola2_msgs/include/cola2_msgs/cola2_msgs/msg/detail/setpoints__rosidl_typesupport_fastrtps_cpp.hpp
-- Up-to-date: /home/sf_ws/install/cola2_msgs/include/cola2_msgs/cola2_msgs/msg/detail/goal_descriptor__rosidl_typesupport_fastrtps_cpp.hpp
-- Up-to-date: /home/sf_ws/install/cola2_msgs/include/cola2_msgs/cola2_msgs/msg/detail/ned__rosidl_typesupport_fastrtps_cpp.hpp
-- Up-to-date: /home/sf_ws/install/cola2_msgs/include/cola2_msgs/cola2_msgs/msg/detail/body_velocity_req__rosidl_typesupport_fastrtps_cpp.hpp
-- Up-to-date: /home/sf_ws/install/cola2_msgs/include/cola2_msgs/cola2_msgs/msg/detail/rpy__rosidl_typesupport_fastrtps_cpp.hpp
-- Up-to-date: /home/sf_ws/install/cola2_msgs/include/cola2_msgs/cola2_msgs/msg/detail/dvl__rosidl_typesupport_fastrtps_cpp.hpp
-- Up-to-date: /home/sf_ws/install/cola2_msgs/include/cola2_msgs/cola2_msgs/msg/detail/captain_state_feedback__rosidl_typesupport_fastrtps_cpp.hpp
-- Up-to-date: /home/sf_ws/install/cola2_msgs/include/cola2_msgs/cola2_msgs/msg/detail/float32_stamped__rosidl_typesupport_fastrtps_cpp.hpp
-- Up-to-date: /home/sf_ws/install/cola2_msgs/include/cola2_msgs/cola2_msgs/msg/detail/world_waypoint_req__rosidl_typesupport_fastrtps_cpp.hpp
-- Up-to-date: /home/sf_ws/install/cola2_msgs/include/cola2_msgs/cola2_msgs/msg/detail/mission_state__rosidl_typesupport_fastrtps_cpp.hpp
-- Up-to-date: /home/sf_ws/install/cola2_msgs/include/cola2_msgs/cola2_msgs/msg/detail/bool6_axis__rosidl_typesupport_fastrtps_cpp.hpp
-- Up-to-date: /home/sf_ws/install/cola2_msgs/include/cola2_msgs/cola2_msgs/msg/detail/captain_status__rosidl_typesupport_fastrtps_cpp.hpp
-- Up-to-date: /home/sf_ws/install/cola2_msgs/include/cola2_msgs/cola2_msgs/msg/rosidl_typesupport_fastrtps_cpp__visibility_control.h
-- Up-to-date: /home/sf_ws/install/cola2_msgs/include/cola2_msgs/cola2_msgs/srv
-- Up-to-date: /home/sf_ws/install/cola2_msgs/include/cola2_msgs/cola2_msgs/srv/detail
-- Up-to-date: /home/sf_ws/install/cola2_msgs/include/cola2_msgs/cola2_msgs/srv/detail/dds_fastrtps
-- Up-to-date: /home/sf_ws/install/cola2_msgs/include/cola2_msgs/cola2_msgs/srv/detail/mission__rosidl_typesupport_fastrtps_cpp.hpp
-- Up-to-date: /home/sf_ws/install/cola2_msgs/include/cola2_msgs/cola2_msgs/srv/detail/section__rosidl_typesupport_fastrtps_cpp.hpp
-- Up-to-date: /home/sf_ws/install/cola2_msgs/include/cola2_msgs/cola2_msgs/srv/detail/action__rosidl_typesupport_fastrtps_cpp.hpp
-- Up-to-date: /home/sf_ws/install/cola2_msgs/include/cola2_msgs/cola2_msgs/srv/detail/max_joy_velocity__rosidl_typesupport_fastrtps_cpp.hpp
-- Up-to-date: /home/sf_ws/install/cola2_msgs/include/cola2_msgs/cola2_msgs/srv/detail/recovery__rosidl_typesupport_fastrtps_cpp.hpp
-- Up-to-date: /home/sf_ws/install/cola2_msgs/include/cola2_msgs/cola2_msgs/srv/detail/goto__rosidl_typesupport_fastrtps_cpp.hpp
-- Up-to-date: /home/sf_ws/install/cola2_msgs/include/cola2_msgs/cola2_msgs/srv/detail/digital_output__rosidl_typesupport_fastrtps_cpp.hpp
-- Up-to-date: /home/sf_ws/install/cola2_msgs/include/cola2_msgs/cola2_msgs/srv/detail/string__rosidl_typesupport_fastrtps_cpp.hpp
-- Up-to-date: /home/sf_ws/install/cola2_msgs/lib/libcola2_msgs__rosidl_typesupport_fastrtps_cpp.so
-- Up-to-date: /home/sf_ws/install/cola2_msgs/include/cola2_msgs/cola2_msgs
-- Up-to-date: /home/sf_ws/install/cola2_msgs/include/cola2_msgs/cola2_msgs/action
-- Up-to-date: /home/sf_ws/install/cola2_msgs/include/cola2_msgs/cola2_msgs/action/detail
-- Up-to-date: /home/sf_ws/install/cola2_msgs/include/cola2_msgs/cola2_msgs/action/detail/pilot__rosidl_typesupport_introspection_cpp.hpp
-- Up-to-date: /home/sf_ws/install/cola2_msgs/include/cola2_msgs/cola2_msgs/action/detail/pilot__type_support.cpp
-- Up-to-date: /home/sf_ws/install/cola2_msgs/include/cola2_msgs/cola2_msgs/msg
-- Up-to-date: /home/sf_ws/install/cola2_msgs/include/cola2_msgs/cola2_msgs/msg/detail
-- Up-to-date: /home/sf_ws/install/cola2_msgs/include/cola2_msgs/cola2_msgs/msg/detail/dvl__rosidl_typesupport_introspection_cpp.hpp
-- Up-to-date: /home/sf_ws/install/cola2_msgs/include/cola2_msgs/cola2_msgs/msg/detail/safety_supervisor_status__type_support.cpp
-- Up-to-date: /home/sf_ws/install/cola2_msgs/include/cola2_msgs/cola2_msgs/msg/detail/recovery_action__rosidl_typesupport_introspection_cpp.hpp
-- Up-to-date: /home/sf_ws/install/cola2_msgs/include/cola2_msgs/cola2_msgs/msg/detail/captain_status__rosidl_typesupport_introspection_cpp.hpp
-- Up-to-date: /home/sf_ws/install/cola2_msgs/include/cola2_msgs/cola2_msgs/msg/detail/map__type_support.cpp
-- Up-to-date: /home/sf_ws/install/cola2_msgs/include/cola2_msgs/cola2_msgs/msg/detail/body_force_req__rosidl_typesupport_introspection_cpp.hpp
-- Up-to-date: /home/sf_ws/install/cola2_msgs/include/cola2_msgs/cola2_msgs/msg/detail/landmark__rosidl_typesupport_introspection_cpp.hpp
-- Up-to-date: /home/sf_ws/install/cola2_msgs/include/cola2_msgs/cola2_msgs/msg/detail/landmark__type_support.cpp
-- Up-to-date: /home/sf_ws/install/cola2_msgs/include/cola2_msgs/cola2_msgs/msg/detail/mission_state__type_support.cpp
-- Up-to-date: /home/sf_ws/install/cola2_msgs/include/cola2_msgs/cola2_msgs/msg/detail/float32_stamped__type_support.cpp
-- Up-to-date: /home/sf_ws/install/cola2_msgs/include/cola2_msgs/cola2_msgs/msg/detail/ned__rosidl_typesupport_introspection_cpp.hpp
-- Up-to-date: /home/sf_ws/install/cola2_msgs/include/cola2_msgs/cola2_msgs/msg/detail/float32_stamped__rosidl_typesupport_introspection_cpp.hpp
-- Up-to-date: /home/sf_ws/install/cola2_msgs/include/cola2_msgs/cola2_msgs/msg/detail/dvl__type_support.cpp
-- Up-to-date: /home/sf_ws/install/cola2_msgs/include/cola2_msgs/cola2_msgs/msg/detail/mission_state__rosidl_typesupport_introspection_cpp.hpp
-- Up-to-date: /home/sf_ws/install/cola2_msgs/include/cola2_msgs/cola2_msgs/msg/detail/goal_descriptor__rosidl_typesupport_introspection_cpp.hpp
-- Up-to-date: /home/sf_ws/install/cola2_msgs/include/cola2_msgs/cola2_msgs/msg/detail/decimal_lat_lon__type_support.cpp
-- Up-to-date: /home/sf_ws/install/cola2_msgs/include/cola2_msgs/cola2_msgs/msg/detail/bool6_axis__rosidl_typesupport_introspection_cpp.hpp
-- Up-to-date: /home/sf_ws/install/cola2_msgs/include/cola2_msgs/cola2_msgs/msg/detail/captain_state_feedback__rosidl_typesupport_introspection_cpp.hpp
-- Up-to-date: /home/sf_ws/install/cola2_msgs/include/cola2_msgs/cola2_msgs/msg/detail/body_velocity_req__type_support.cpp
-- Up-to-date: /home/sf_ws/install/cola2_msgs/include/cola2_msgs/cola2_msgs/msg/detail/body_force_req__type_support.cpp
-- Up-to-date: /home/sf_ws/install/cola2_msgs/include/cola2_msgs/cola2_msgs/msg/detail/ned__type_support.cpp
-- Up-to-date: /home/sf_ws/install/cola2_msgs/include/cola2_msgs/cola2_msgs/msg/detail/dvl_beam__rosidl_typesupport_introspection_cpp.hpp
-- Up-to-date: /home/sf_ws/install/cola2_msgs/include/cola2_msgs/cola2_msgs/msg/detail/dvl_beam__type_support.cpp
-- Up-to-date: /home/sf_ws/install/cola2_msgs/include/cola2_msgs/cola2_msgs/msg/detail/world_waypoint_req__rosidl_typesupport_introspection_cpp.hpp
-- Up-to-date: /home/sf_ws/install/cola2_msgs/include/cola2_msgs/cola2_msgs/msg/detail/bool6_axis__type_support.cpp
-- Up-to-date: /home/sf_ws/install/cola2_msgs/include/cola2_msgs/cola2_msgs/msg/detail/key_value__type_support.cpp
-- Up-to-date: /home/sf_ws/install/cola2_msgs/include/cola2_msgs/cola2_msgs/msg/detail/recovery_action__type_support.cpp
-- Up-to-date: /home/sf_ws/install/cola2_msgs/include/cola2_msgs/cola2_msgs/msg/detail/rpy__type_support.cpp
-- Up-to-date: /home/sf_ws/install/cola2_msgs/include/cola2_msgs/cola2_msgs/msg/detail/nav_sts__rosidl_typesupport_introspection_cpp.hpp
-- Up-to-date: /home/sf_ws/install/cola2_msgs/include/cola2_msgs/cola2_msgs/msg/detail/safety_supervisor_status__rosidl_typesupport_introspection_cpp.hpp
-- Up-to-date: /home/sf_ws/install/cola2_msgs/include/cola2_msgs/cola2_msgs/msg/detail/decimal_lat_lon__rosidl_typesupport_introspection_cpp.hpp
-- Up-to-date: /home/sf_ws/install/cola2_msgs/include/cola2_msgs/cola2_msgs/msg/detail/rpy__rosidl_typesupport_introspection_cpp.hpp
-- Up-to-date: /home/sf_ws/install/cola2_msgs/include/cola2_msgs/cola2_msgs/msg/detail/setpoints__type_support.cpp
-- Up-to-date: /home/sf_ws/install/cola2_msgs/include/cola2_msgs/cola2_msgs/msg/detail/captain_state_feedback__type_support.cpp
-- Up-to-date: /home/sf_ws/install/cola2_msgs/include/cola2_msgs/cola2_msgs/msg/detail/nav_sts__type_support.cpp
-- Up-to-date: /home/sf_ws/install/cola2_msgs/include/cola2_msgs/cola2_msgs/msg/detail/setpoints__rosidl_typesupport_introspection_cpp.hpp
-- Up-to-date: /home/sf_ws/install/cola2_msgs/include/cola2_msgs/cola2_msgs/msg/detail/world_waypoint_req__type_support.cpp
-- Up-to-date: /home/sf_ws/install/cola2_msgs/include/cola2_msgs/cola2_msgs/msg/detail/goal_descriptor__type_support.cpp
-- Up-to-date: /home/sf_ws/install/cola2_msgs/include/cola2_msgs/cola2_msgs/msg/detail/map__rosidl_typesupport_introspection_cpp.hpp
-- Up-to-date: /home/sf_ws/install/cola2_msgs/include/cola2_msgs/cola2_msgs/msg/detail/body_velocity_req__rosidl_typesupport_introspection_cpp.hpp
-- Up-to-date: /home/sf_ws/install/cola2_msgs/include/cola2_msgs/cola2_msgs/msg/detail/key_value__rosidl_typesupport_introspection_cpp.hpp
-- Up-to-date: /home/sf_ws/install/cola2_msgs/include/cola2_msgs/cola2_msgs/msg/detail/captain_status__type_support.cpp
-- Up-to-date: /home/sf_ws/install/cola2_msgs/include/cola2_msgs/cola2_msgs/srv
-- Up-to-date: /home/sf_ws/install/cola2_msgs/include/cola2_msgs/cola2_msgs/srv/detail
-- Up-to-date: /home/sf_ws/install/cola2_msgs/include/cola2_msgs/cola2_msgs/srv/detail/action__rosidl_typesupport_introspection_cpp.hpp
-- Up-to-date: /home/sf_ws/install/cola2_msgs/include/cola2_msgs/cola2_msgs/srv/detail/max_joy_velocity__rosidl_typesupport_introspection_cpp.hpp
-- Up-to-date: /home/sf_ws/install/cola2_msgs/include/cola2_msgs/cola2_msgs/srv/detail/string__type_support.cpp
-- Up-to-date: /home/sf_ws/install/cola2_msgs/include/cola2_msgs/cola2_msgs/srv/detail/digital_output__rosidl_typesupport_introspection_cpp.hpp
-- Up-to-date: /home/sf_ws/install/cola2_msgs/include/cola2_msgs/cola2_msgs/srv/detail/max_joy_velocity__type_support.cpp
-- Up-to-date: /home/sf_ws/install/cola2_msgs/include/cola2_msgs/cola2_msgs/srv/detail/mission__type_support.cpp
-- Up-to-date: /home/sf_ws/install/cola2_msgs/include/cola2_msgs/cola2_msgs/srv/detail/digital_output__type_support.cpp
-- Up-to-date: /home/sf_ws/install/cola2_msgs/include/cola2_msgs/cola2_msgs/srv/detail/goto__rosidl_typesupport_introspection_cpp.hpp
-- Up-to-date: /home/sf_ws/install/cola2_msgs/include/cola2_msgs/cola2_msgs/srv/detail/section__rosidl_typesupport_introspection_cpp.hpp
-- Up-to-date: /home/sf_ws/install/cola2_msgs/include/cola2_msgs/cola2_msgs/srv/detail/mission__rosidl_typesupport_introspection_cpp.hpp
-- Up-to-date: /home/sf_ws/install/cola2_msgs/include/cola2_msgs/cola2_msgs/srv/detail/action__type_support.cpp
-- Up-to-date: /home/sf_ws/install/cola2_msgs/include/cola2_msgs/cola2_msgs/srv/detail/recovery__rosidl_typesupport_introspection_cpp.hpp
-- Up-to-date: /home/sf_ws/install/cola2_msgs/include/cola2_msgs/cola2_msgs/srv/detail/recovery__type_support.cpp
-- Up-to-date: /home/sf_ws/install/cola2_msgs/include/cola2_msgs/cola2_msgs/srv/detail/section__type_support.cpp
-- Up-to-date: /home/sf_ws/install/cola2_msgs/include/cola2_msgs/cola2_msgs/srv/detail/string__rosidl_typesupport_introspection_cpp.hpp
-- Up-to-date: /home/sf_ws/install/cola2_msgs/include/cola2_msgs/cola2_msgs/srv/detail/goto__type_support.cpp
-- Up-to-date: /home/sf_ws/install/cola2_msgs/lib/libcola2_msgs__rosidl_typesupport_introspection_cpp.so
-- Up-to-date: /home/sf_ws/install/cola2_msgs/lib/libcola2_msgs__rosidl_typesupport_cpp.so
-- Up-to-date: /home/sf_ws/install/cola2_msgs/share/cola2_msgs/environment/pythonpath.sh
-- Up-to-date: /home/sf_ws/install/cola2_msgs/share/cola2_msgs/environment/pythonpath.dsv
-- Up-to-date: /home/sf_ws/install/cola2_msgs/local/lib/python3.10/dist-packages/cola2_msgs-1.3.0-py3.10.egg-info
-- Installing: /home/sf_ws/install/cola2_msgs/local/lib/python3.10/dist-packages/cola2_msgs-1.3.0-py3.10.egg-info/SOURCES.txt
-- Installing: /home/sf_ws/install/cola2_msgs/local/lib/python3.10/dist-packages/cola2_msgs-1.3.0-py3.10.egg-info/top_level.txt
-- Installing: /home/sf_ws/install/cola2_msgs/local/lib/python3.10/dist-packages/cola2_msgs-1.3.0-py3.10.egg-info/PKG-INFO
-- Installing: /home/sf_ws/install/cola2_msgs/local/lib/python3.10/dist-packages/cola2_msgs-1.3.0-py3.10.egg-info/dependency_links.txt
-- Up-to-date: /home/sf_ws/install/cola2_msgs/local/lib/python3.10/dist-packages/cola2_msgs
-- Up-to-date: /home/sf_ws/install/cola2_msgs/local/lib/python3.10/dist-packages/cola2_msgs/_cola2_msgs_s.ep.rosidl_typesupport_c.c
-- Up-to-date: /home/sf_ws/install/cola2_msgs/local/lib/python3.10/dist-packages/cola2_msgs/action
-- Up-to-date: /home/sf_ws/install/cola2_msgs/local/lib/python3.10/dist-packages/cola2_msgs/action/_pilot.py
-- Up-to-date: /home/sf_ws/install/cola2_msgs/local/lib/python3.10/dist-packages/cola2_msgs/action/__init__.py
-- Up-to-date: /home/sf_ws/install/cola2_msgs/local/lib/python3.10/dist-packages/cola2_msgs/action/_pilot_s.c
-- Up-to-date: /home/sf_ws/install/cola2_msgs/local/lib/python3.10/dist-packages/cola2_msgs/cola2_msgs_s__rosidl_typesupport_fastrtps_c.cpython-310-x86_64-linux-gnu.so
-- Up-to-date: /home/sf_ws/install/cola2_msgs/local/lib/python3.10/dist-packages/cola2_msgs/msg
-- Up-to-date: /home/sf_ws/install/cola2_msgs/local/lib/python3.10/dist-packages/cola2_msgs/msg/_landmark.py
-- Up-to-date: /home/sf_ws/install/cola2_msgs/local/lib/python3.10/dist-packages/cola2_msgs/msg/_recovery_action_s.c
-- Up-to-date: /home/sf_ws/install/cola2_msgs/local/lib/python3.10/dist-packages/cola2_msgs/msg/_decimal_lat_lon_s.c
-- Up-to-date: /home/sf_ws/install/cola2_msgs/local/lib/python3.10/dist-packages/cola2_msgs/msg/_rpy.py
-- Up-to-date: /home/sf_ws/install/cola2_msgs/local/lib/python3.10/dist-packages/cola2_msgs/msg/_key_value_s.c
-- Up-to-date: /home/sf_ws/install/cola2_msgs/local/lib/python3.10/dist-packages/cola2_msgs/msg/_dvl_s.c
-- Up-to-date: /home/sf_ws/install/cola2_msgs/local/lib/python3.10/dist-packages/cola2_msgs/msg/_goal_descriptor.py
-- Up-to-date: /home/sf_ws/install/cola2_msgs/local/lib/python3.10/dist-packages/cola2_msgs/msg/_decimal_lat_lon.py
-- Up-to-date: /home/sf_ws/install/cola2_msgs/local/lib/python3.10/dist-packages/cola2_msgs/msg/_captain_state_feedback.py
-- Up-to-date: /home/sf_ws/install/cola2_msgs/local/lib/python3.10/dist-packages/cola2_msgs/msg/_setpoints.py
-- Up-to-date: /home/sf_ws/install/cola2_msgs/local/lib/python3.10/dist-packages/cola2_msgs/msg/_captain_state_feedback_s.c
-- Up-to-date: /home/sf_ws/install/cola2_msgs/local/lib/python3.10/dist-packages/cola2_msgs/msg/_key_value.py
-- Up-to-date: /home/sf_ws/install/cola2_msgs/local/lib/python3.10/dist-packages/cola2_msgs/msg/_float32_stamped_s.c
-- Up-to-date: /home/sf_ws/install/cola2_msgs/local/lib/python3.10/dist-packages/cola2_msgs/msg/_nav_sts_s.c
-- Up-to-date: /home/sf_ws/install/cola2_msgs/local/lib/python3.10/dist-packages/cola2_msgs/msg/_safety_supervisor_status_s.c
-- Up-to-date: /home/sf_ws/install/cola2_msgs/local/lib/python3.10/dist-packages/cola2_msgs/msg/_mission_state_s.c
-- Up-to-date: /home/sf_ws/install/cola2_msgs/local/lib/python3.10/dist-packages/cola2_msgs/msg/_body_velocity_req.py
-- Up-to-date: /home/sf_ws/install/cola2_msgs/local/lib/python3.10/dist-packages/cola2_msgs/msg/_dvl.py
-- Up-to-date: /home/sf_ws/install/cola2_msgs/local/lib/python3.10/dist-packages/cola2_msgs/msg/_ned_s.c
-- Up-to-date: /home/sf_ws/install/cola2_msgs/local/lib/python3.10/dist-packages/cola2_msgs/msg/_body_velocity_req_s.c
-- Up-to-date: /home/sf_ws/install/cola2_msgs/local/lib/python3.10/dist-packages/cola2_msgs/msg/_ned.py
-- Up-to-date: /home/sf_ws/install/cola2_msgs/local/lib/python3.10/dist-packages/cola2_msgs/msg/_recovery_action.py
-- Up-to-date: /home/sf_ws/install/cola2_msgs/local/lib/python3.10/dist-packages/cola2_msgs/msg/_landmark_s.c
-- Up-to-date: /home/sf_ws/install/cola2_msgs/local/lib/python3.10/dist-packages/cola2_msgs/msg/_dvl_beam_s.c
-- Up-to-date: /home/sf_ws/install/cola2_msgs/local/lib/python3.10/dist-packages/cola2_msgs/msg/_body_force_req.py
-- Up-to-date: /home/sf_ws/install/cola2_msgs/local/lib/python3.10/dist-packages/cola2_msgs/msg/_safety_supervisor_status.py
-- Up-to-date: /home/sf_ws/install/cola2_msgs/local/lib/python3.10/dist-packages/cola2_msgs/msg/_bool6_axis_s.c
-- Up-to-date: /home/sf_ws/install/cola2_msgs/local/lib/python3.10/dist-packages/cola2_msgs/msg/_map.py
-- Up-to-date: /home/sf_ws/install/cola2_msgs/local/lib/python3.10/dist-packages/cola2_msgs/msg/__init__.py
-- Up-to-date: /home/sf_ws/install/cola2_msgs/local/lib/python3.10/dist-packages/cola2_msgs/msg/_body_force_req_s.c
-- Up-to-date: /home/sf_ws/install/cola2_msgs/local/lib/python3.10/dist-packages/cola2_msgs/msg/_map_s.c
-- Up-to-date: /home/sf_ws/install/cola2_msgs/local/lib/python3.10/dist-packages/cola2_msgs/msg/_setpoints_s.c
-- Up-to-date: /home/sf_ws/install/cola2_msgs/local/lib/python3.10/dist-packages/cola2_msgs/msg/_float32_stamped.py
-- Up-to-date: /home/sf_ws/install/cola2_msgs/local/lib/python3.10/dist-packages/cola2_msgs/msg/_bool6_axis.py
-- Up-to-date: /home/sf_ws/install/cola2_msgs/local/lib/python3.10/dist-packages/cola2_msgs/msg/_mission_state.py
-- Up-to-date: /home/sf_ws/install/cola2_msgs/local/lib/python3.10/dist-packages/cola2_msgs/msg/_captain_status.py
-- Up-to-date: /home/sf_ws/install/cola2_msgs/local/lib/python3.10/dist-packages/cola2_msgs/msg/_world_waypoint_req_s.c
-- Up-to-date: /home/sf_ws/install/cola2_msgs/local/lib/python3.10/dist-packages/cola2_msgs/msg/_nav_sts.py
-- Up-to-date: /home/sf_ws/install/cola2_msgs/local/lib/python3.10/dist-packages/cola2_msgs/msg/_goal_descriptor_s.c
-- Up-to-date: /home/sf_ws/install/cola2_msgs/local/lib/python3.10/dist-packages/cola2_msgs/msg/_rpy_s.c
-- Up-to-date: /home/sf_ws/install/cola2_msgs/local/lib/python3.10/dist-packages/cola2_msgs/msg/_world_waypoint_req.py
-- Up-to-date: /home/sf_ws/install/cola2_msgs/local/lib/python3.10/dist-packages/cola2_msgs/msg/_captain_status_s.c
-- Up-to-date: /home/sf_ws/install/cola2_msgs/local/lib/python3.10/dist-packages/cola2_msgs/msg/_dvl_beam.py
-- Up-to-date: /home/sf_ws/install/cola2_msgs/local/lib/python3.10/dist-packages/cola2_msgs/_cola2_msgs_s.ep.rosidl_typesupport_introspection_c.c
-- Up-to-date: /home/sf_ws/install/cola2_msgs/local/lib/python3.10/dist-packages/cola2_msgs/_cola2_msgs_s.ep.rosidl_typesupport_fastrtps_c.c
-- Up-to-date: /home/sf_ws/install/cola2_msgs/local/lib/python3.10/dist-packages/cola2_msgs/__init__.py
-- Up-to-date: /home/sf_ws/install/cola2_msgs/local/lib/python3.10/dist-packages/cola2_msgs/cola2_msgs_s__rosidl_typesupport_c.cpython-310-x86_64-linux-gnu.so
-- Up-to-date: /home/sf_ws/install/cola2_msgs/local/lib/python3.10/dist-packages/cola2_msgs/libcola2_msgs__rosidl_generator_py.so
-- Up-to-date: /home/sf_ws/install/cola2_msgs/local/lib/python3.10/dist-packages/cola2_msgs/srv
-- Up-to-date: /home/sf_ws/install/cola2_msgs/local/lib/python3.10/dist-packages/cola2_msgs/srv/_string.py
-- Up-to-date: /home/sf_ws/install/cola2_msgs/local/lib/python3.10/dist-packages/cola2_msgs/srv/_string_s.c
-- Up-to-date: /home/sf_ws/install/cola2_msgs/local/lib/python3.10/dist-packages/cola2_msgs/srv/_recovery.py
-- Up-to-date: /home/sf_ws/install/cola2_msgs/local/lib/python3.10/dist-packages/cola2_msgs/srv/_section.py
-- Up-to-date: /home/sf_ws/install/cola2_msgs/local/lib/python3.10/dist-packages/cola2_msgs/srv/_max_joy_velocity.py
-- Up-to-date: /home/sf_ws/install/cola2_msgs/local/lib/python3.10/dist-packages/cola2_msgs/srv/_action.py
-- Up-to-date: /home/sf_ws/install/cola2_msgs/local/lib/python3.10/dist-packages/cola2_msgs/srv/_digital_output.py
-- Up-to-date: /home/sf_ws/install/cola2_msgs/local/lib/python3.10/dist-packages/cola2_msgs/srv/_mission_s.c
-- Up-to-date: /home/sf_ws/install/cola2_msgs/local/lib/python3.10/dist-packages/cola2_msgs/srv/__init__.py
-- Up-to-date: /home/sf_ws/install/cola2_msgs/local/lib/python3.10/dist-packages/cola2_msgs/srv/_max_joy_velocity_s.c
-- Up-to-date: /home/sf_ws/install/cola2_msgs/local/lib/python3.10/dist-packages/cola2_msgs/srv/_recovery_s.c
-- Up-to-date: /home/sf_ws/install/cola2_msgs/local/lib/python3.10/dist-packages/cola2_msgs/srv/_digital_output_s.c
-- Up-to-date: /home/sf_ws/install/cola2_msgs/local/lib/python3.10/dist-packages/cola2_msgs/srv/_goto_s.c
-- Up-to-date: /home/sf_ws/install/cola2_msgs/local/lib/python3.10/dist-packages/cola2_msgs/srv/_action_s.c
-- Up-to-date: /home/sf_ws/install/cola2_msgs/local/lib/python3.10/dist-packages/cola2_msgs/srv/_mission.py
-- Up-to-date: /home/sf_ws/install/cola2_msgs/local/lib/python3.10/dist-packages/cola2_msgs/srv/_goto.py
-- Up-to-date: /home/sf_ws/install/cola2_msgs/local/lib/python3.10/dist-packages/cola2_msgs/srv/_section_s.c
-- Up-to-date: /home/sf_ws/install/cola2_msgs/local/lib/python3.10/dist-packages/cola2_msgs/cola2_msgs_s__rosidl_typesupport_introspection_c.cpython-310-x86_64-linux-gnu.so
Listing '/home/sf_ws/install/cola2_msgs/local/lib/python3.10/dist-packages/cola2_msgs'...
Listing '/home/sf_ws/install/cola2_msgs/local/lib/python3.10/dist-packages/cola2_msgs/action'...
Listing '/home/sf_ws/install/cola2_msgs/local/lib/python3.10/dist-packages/cola2_msgs/msg'...
Listing '/home/sf_ws/install/cola2_msgs/local/lib/python3.10/dist-packages/cola2_msgs/srv'...
-- Up-to-date: /home/sf_ws/install/cola2_msgs/local/lib/python3.10/dist-packages/cola2_msgs/cola2_msgs_s__rosidl_typesupport_fastrtps_c.cpython-310-x86_64-linux-gnu.so
-- Up-to-date: /home/sf_ws/install/cola2_msgs/local/lib/python3.10/dist-packages/cola2_msgs/cola2_msgs_s__rosidl_typesupport_introspection_c.cpython-310-x86_64-linux-gnu.so
-- Up-to-date: /home/sf_ws/install/cola2_msgs/local/lib/python3.10/dist-packages/cola2_msgs/cola2_msgs_s__rosidl_typesupport_c.cpython-310-x86_64-linux-gnu.so
-- Up-to-date: /home/sf_ws/install/cola2_msgs/lib/libcola2_msgs__rosidl_generator_py.so
-- Up-to-date: /home/sf_ws/install/cola2_msgs/share/cola2_msgs/msg/GoalDescriptor.idl
-- Up-to-date: /home/sf_ws/install/cola2_msgs/share/cola2_msgs/msg/Bool6Axis.idl
-- Up-to-date: /home/sf_ws/install/cola2_msgs/share/cola2_msgs/msg/BodyForceReq.idl
-- Up-to-date: /home/sf_ws/install/cola2_msgs/share/cola2_msgs/msg/BodyVelocityReq.idl
-- Up-to-date: /home/sf_ws/install/cola2_msgs/share/cola2_msgs/msg/CaptainStateFeedback.idl
-- Up-to-date: /home/sf_ws/install/cola2_msgs/share/cola2_msgs/msg/CaptainStatus.idl
-- Up-to-date: /home/sf_ws/install/cola2_msgs/share/cola2_msgs/msg/DecimalLatLon.idl
-- Up-to-date: /home/sf_ws/install/cola2_msgs/share/cola2_msgs/msg/DVL.idl
-- Up-to-date: /home/sf_ws/install/cola2_msgs/share/cola2_msgs/msg/DVLBeam.idl
-- Up-to-date: /home/sf_ws/install/cola2_msgs/share/cola2_msgs/msg/Float32Stamped.idl
-- Up-to-date: /home/sf_ws/install/cola2_msgs/share/cola2_msgs/msg/KeyValue.idl
-- Up-to-date: /home/sf_ws/install/cola2_msgs/share/cola2_msgs/msg/Landmark.idl
-- Up-to-date: /home/sf_ws/install/cola2_msgs/share/cola2_msgs/msg/Map.idl
-- Up-to-date: /home/sf_ws/install/cola2_msgs/share/cola2_msgs/msg/MissionState.idl
-- Up-to-date: /home/sf_ws/install/cola2_msgs/share/cola2_msgs/msg/NavSts.idl
-- Up-to-date: /home/sf_ws/install/cola2_msgs/share/cola2_msgs/msg/NED.idl
-- Up-to-date: /home/sf_ws/install/cola2_msgs/share/cola2_msgs/msg/RecoveryAction.idl
-- Up-to-date: /home/sf_ws/install/cola2_msgs/share/cola2_msgs/msg/RPY.idl
-- Up-to-date: /home/sf_ws/install/cola2_msgs/share/cola2_msgs/msg/SafetySupervisorStatus.idl
-- Up-to-date: /home/sf_ws/install/cola2_msgs/share/cola2_msgs/msg/Setpoints.idl
-- Up-to-date: /home/sf_ws/install/cola2_msgs/share/cola2_msgs/msg/WorldWaypointReq.idl
-- Up-to-date: /home/sf_ws/install/cola2_msgs/share/cola2_msgs/srv/Action.idl
-- Up-to-date: /home/sf_ws/install/cola2_msgs/share/cola2_msgs/srv/DigitalOutput.idl
-- Up-to-date: /home/sf_ws/install/cola2_msgs/share/cola2_msgs/srv/Goto.idl
-- Up-to-date: /home/sf_ws/install/cola2_msgs/share/cola2_msgs/srv/MaxJoyVelocity.idl
-- Up-to-date: /home/sf_ws/install/cola2_msgs/share/cola2_msgs/srv/Mission.idl
-- Up-to-date: /home/sf_ws/install/cola2_msgs/share/cola2_msgs/srv/Recovery.idl
-- Up-to-date: /home/sf_ws/install/cola2_msgs/share/cola2_msgs/srv/Section.idl
-- Up-to-date: /home/sf_ws/install/cola2_msgs/share/cola2_msgs/srv/String.idl
-- Up-to-date: /home/sf_ws/install/cola2_msgs/share/cola2_msgs/action/Pilot.idl
-- Up-to-date: /home/sf_ws/install/cola2_msgs/share/cola2_msgs/msg/GoalDescriptor.msg
-- Up-to-date: /home/sf_ws/install/cola2_msgs/share/cola2_msgs/msg/Bool6Axis.msg
-- Up-to-date: /home/sf_ws/install/cola2_msgs/share/cola2_msgs/msg/BodyForceReq.msg
-- Up-to-date: /home/sf_ws/install/cola2_msgs/share/cola2_msgs/msg/BodyVelocityReq.msg
-- Up-to-date: /home/sf_ws/install/cola2_msgs/share/cola2_msgs/msg/CaptainStateFeedback.msg
-- Up-to-date: /home/sf_ws/install/cola2_msgs/share/cola2_msgs/msg/CaptainStatus.msg
-- Up-to-date: /home/sf_ws/install/cola2_msgs/share/cola2_msgs/msg/DecimalLatLon.msg
-- Up-to-date: /home/sf_ws/install/cola2_msgs/share/cola2_msgs/msg/DVL.msg
-- Up-to-date: /home/sf_ws/install/cola2_msgs/share/cola2_msgs/msg/DVLBeam.msg
-- Up-to-date: /home/sf_ws/install/cola2_msgs/share/cola2_msgs/msg/Float32Stamped.msg
-- Up-to-date: /home/sf_ws/install/cola2_msgs/share/cola2_msgs/msg/KeyValue.msg
-- Up-to-date: /home/sf_ws/install/cola2_msgs/share/cola2_msgs/msg/Landmark.msg
-- Up-to-date: /home/sf_ws/install/cola2_msgs/share/cola2_msgs/msg/Map.msg
-- Up-to-date: /home/sf_ws/install/cola2_msgs/share/cola2_msgs/msg/MissionState.msg
-- Up-to-date: /home/sf_ws/install/cola2_msgs/share/cola2_msgs/msg/NavSts.msg
-- Up-to-date: /home/sf_ws/install/cola2_msgs/share/cola2_msgs/msg/NED.msg
-- Up-to-date: /home/sf_ws/install/cola2_msgs/share/cola2_msgs/msg/RecoveryAction.msg
-- Up-to-date: /home/sf_ws/install/cola2_msgs/share/cola2_msgs/msg/RPY.msg
-- Up-to-date: /home/sf_ws/install/cola2_msgs/share/cola2_msgs/msg/SafetySupervisorStatus.msg
-- Up-to-date: /home/sf_ws/install/cola2_msgs/share/cola2_msgs/msg/Setpoints.msg
-- Up-to-date: /home/sf_ws/install/cola2_msgs/share/cola2_msgs/msg/WorldWaypointReq.msg
-- Up-to-date: /home/sf_ws/install/cola2_msgs/share/cola2_msgs/srv/Action.srv
-- Up-to-date: /home/sf_ws/install/cola2_msgs/share/cola2_msgs/srv/Action_Request.msg
-- Up-to-date: /home/sf_ws/install/cola2_msgs/share/cola2_msgs/srv/Action_Response.msg
-- Up-to-date: /home/sf_ws/install/cola2_msgs/share/cola2_msgs/srv/DigitalOutput.srv
-- Up-to-date: /home/sf_ws/install/cola2_msgs/share/cola2_msgs/srv/DigitalOutput_Request.msg
-- Up-to-date: /home/sf_ws/install/cola2_msgs/share/cola2_msgs/srv/DigitalOutput_Response.msg
-- Up-to-date: /home/sf_ws/install/cola2_msgs/share/cola2_msgs/srv/Goto.srv
-- Up-to-date: /home/sf_ws/install/cola2_msgs/share/cola2_msgs/srv/Goto_Request.msg
-- Up-to-date: /home/sf_ws/install/cola2_msgs/share/cola2_msgs/srv/Goto_Response.msg
-- Up-to-date: /home/sf_ws/install/cola2_msgs/share/cola2_msgs/srv/MaxJoyVelocity.srv
-- Up-to-date: /home/sf_ws/install/cola2_msgs/share/cola2_msgs/srv/MaxJoyVelocity_Request.msg
-- Up-to-date: /home/sf_ws/install/cola2_msgs/share/cola2_msgs/srv/MaxJoyVelocity_Response.msg
-- Up-to-date: /home/sf_ws/install/cola2_msgs/share/cola2_msgs/srv/Mission.srv
-- Up-to-date: /home/sf_ws/install/cola2_msgs/share/cola2_msgs/srv/Mission_Request.msg
-- Up-to-date: /home/sf_ws/install/cola2_msgs/share/cola2_msgs/srv/Mission_Response.msg
-- Up-to-date: /home/sf_ws/install/cola2_msgs/share/cola2_msgs/srv/Recovery.srv
-- Up-to-date: /home/sf_ws/install/cola2_msgs/share/cola2_msgs/srv/Recovery_Request.msg
-- Up-to-date: /home/sf_ws/install/cola2_msgs/share/cola2_msgs/srv/Recovery_Response.msg
-- Up-to-date: /home/sf_ws/install/cola2_msgs/share/cola2_msgs/srv/Section.srv
-- Up-to-date: /home/sf_ws/install/cola2_msgs/share/cola2_msgs/srv/Section_Request.msg
-- Up-to-date: /home/sf_ws/install/cola2_msgs/share/cola2_msgs/srv/Section_Response.msg
-- Up-to-date: /home/sf_ws/install/cola2_msgs/share/cola2_msgs/srv/String.srv
-- Up-to-date: /home/sf_ws/install/cola2_msgs/share/cola2_msgs/srv/String_Request.msg
-- Up-to-date: /home/sf_ws/install/cola2_msgs/share/cola2_msgs/srv/String_Response.msg
-- Up-to-date: /home/sf_ws/install/cola2_msgs/share/cola2_msgs/action/Pilot.action
-- Up-to-date: /home/sf_ws/install/cola2_msgs/share/ament_index/resource_index/package_run_dependencies/cola2_msgs
-- Up-to-date: /home/sf_ws/install/cola2_msgs/share/ament_index/resource_index/parent_prefix_path/cola2_msgs
-- Up-to-date: /home/sf_ws/install/cola2_msgs/share/cola2_msgs/environment/ament_prefix_path.sh
-- Up-to-date: /home/sf_ws/install/cola2_msgs/share/cola2_msgs/environment/ament_prefix_path.dsv
-- Up-to-date: /home/sf_ws/install/cola2_msgs/share/cola2_msgs/environment/path.sh
-- Up-to-date: /home/sf_ws/install/cola2_msgs/share/cola2_msgs/environment/path.dsv
-- Up-to-date: /home/sf_ws/install/cola2_msgs/share/cola2_msgs/local_setup.bash
-- Up-to-date: /home/sf_ws/install/cola2_msgs/share/cola2_msgs/local_setup.sh
-- Up-to-date: /home/sf_ws/install/cola2_msgs/share/cola2_msgs/local_setup.zsh
-- Up-to-date: /home/sf_ws/install/cola2_msgs/share/cola2_msgs/local_setup.dsv
-- Installing: /home/sf_ws/install/cola2_msgs/share/cola2_msgs/package.dsv
-- Up-to-date: /home/sf_ws/install/cola2_msgs/share/ament_index/resource_index/packages/cola2_msgs
-- Up-to-date: /home/sf_ws/install/cola2_msgs/share/cola2_msgs/cmake/export_cola2_msgs__rosidl_generator_cExport.cmake
-- Up-to-date: /home/sf_ws/install/cola2_msgs/share/cola2_msgs/cmake/export_cola2_msgs__rosidl_generator_cExport-noconfig.cmake
-- Up-to-date: /home/sf_ws/install/cola2_msgs/share/cola2_msgs/cmake/export_cola2_msgs__rosidl_typesupport_fastrtps_cExport.cmake
-- Up-to-date: /home/sf_ws/install/cola2_msgs/share/cola2_msgs/cmake/export_cola2_msgs__rosidl_typesupport_fastrtps_cExport-noconfig.cmake
-- Up-to-date: /home/sf_ws/install/cola2_msgs/share/cola2_msgs/cmake/cola2_msgs__rosidl_typesupport_introspection_cExport.cmake
-- Up-to-date: /home/sf_ws/install/cola2_msgs/share/cola2_msgs/cmake/cola2_msgs__rosidl_typesupport_introspection_cExport-noconfig.cmake
-- Up-to-date: /home/sf_ws/install/cola2_msgs/share/cola2_msgs/cmake/cola2_msgs__rosidl_typesupport_cExport.cmake
-- Up-to-date: /home/sf_ws/install/cola2_msgs/share/cola2_msgs/cmake/cola2_msgs__rosidl_typesupport_cExport-noconfig.cmake
-- Up-to-date: /home/sf_ws/install/cola2_msgs/share/cola2_msgs/cmake/export_cola2_msgs__rosidl_generator_cppExport.cmake
-- Up-to-date: /home/sf_ws/install/cola2_msgs/share/cola2_msgs/cmake/export_cola2_msgs__rosidl_typesupport_fastrtps_cppExport.cmake
-- Up-to-date: /home/sf_ws/install/cola2_msgs/share/cola2_msgs/cmake/export_cola2_msgs__rosidl_typesupport_fastrtps_cppExport-noconfig.cmake
-- Up-to-date: /home/sf_ws/install/cola2_msgs/share/cola2_msgs/cmake/cola2_msgs__rosidl_typesupport_introspection_cppExport.cmake
-- Up-to-date: /home/sf_ws/install/cola2_msgs/share/cola2_msgs/cmake/cola2_msgs__rosidl_typesupport_introspection_cppExport-noconfig.cmake
-- Up-to-date: /home/sf_ws/install/cola2_msgs/share/cola2_msgs/cmake/cola2_msgs__rosidl_typesupport_cppExport.cmake
-- Up-to-date: /home/sf_ws/install/cola2_msgs/share/cola2_msgs/cmake/cola2_msgs__rosidl_typesupport_cppExport-noconfig.cmake
-- Up-to-date: /home/sf_ws/install/cola2_msgs/share/cola2_msgs/cmake/export_cola2_msgs__rosidl_generator_pyExport.cmake
-- Up-to-date: /home/sf_ws/install/cola2_msgs/share/cola2_msgs/cmake/export_cola2_msgs__rosidl_generator_pyExport-noconfig.cmake
-- Up-to-date: /home/sf_ws/install/cola2_msgs/share/cola2_msgs/cmake/rosidl_cmake-extras.cmake
-- Up-to-date: /home/sf_ws/install/cola2_msgs/share/cola2_msgs/cmake/ament_cmake_export_dependencies-extras.cmake
-- Up-to-date: /home/sf_ws/install/cola2_msgs/share/cola2_msgs/cmake/ament_cmake_export_include_directories-extras.cmake
-- Up-to-date: /home/sf_ws/install/cola2_msgs/share/cola2_msgs/cmake/ament_cmake_export_libraries-extras.cmake
-- Up-to-date: /home/sf_ws/install/cola2_msgs/share/cola2_msgs/cmake/ament_cmake_export_targets-extras.cmake
-- Up-to-date: /home/sf_ws/install/cola2_msgs/share/cola2_msgs/cmake/rosidl_cmake_export_typesupport_targets-extras.cmake
-- Up-to-date: /home/sf_ws/install/cola2_msgs/share/cola2_msgs/cmake/rosidl_cmake_export_typesupport_libraries-extras.cmake
-- Up-to-date: /home/sf_ws/install/cola2_msgs/share/cola2_msgs/cmake/cola2_msgsConfig.cmake
-- Up-to-date: /home/sf_ws/install/cola2_msgs/share/cola2_msgs/cmake/cola2_msgsConfig-version.cmake
-- Up-to-date: /home/sf_ws/install/cola2_msgs/share/cola2_msgs/package.xml
