[0.013s] Invoking command in '/home/sf_ws/build/stonefish_bluerov2': CMAKE_PREFIX_PATH=/home/sf_ws/install/stonefish_bluerov2:/home/sf_ws/install/cola2_stonefish:/opt/ros/humble:/home/sf_ws/install/cola2_msgs:/home/sf_ws/install/stonefish_ros2::/usr/local /usr/bin/cmake --build /home/sf_ws/build/stonefish_bluerov2 -- -j32 -l32
[0.020s] -- Found ament_cmake: 1.3.10 (/opt/ros/humble/share/ament_cmake/cmake)
[0.078s] -- Found rclcpp: 16.0.10 (/opt/ros/humble/share/rclcpp/cmake)
[0.092s] -- Found rosidl_generator_c: 3.1.5 (/opt/ros/humble/share/rosidl_generator_c/cmake)
[0.093s] -- Found rosidl_adapter: 3.1.5 (/opt/ros/humble/share/rosidl_adapter/cmake)
[0.095s] -- Found rosidl_generator_cpp: 3.1.5 (/opt/ros/humble/share/rosidl_generator_cpp/cmake)
[0.100s] -- Using all available rosidl_typesupport_c: rosidl_typesupport_fastrtps_c;rosidl_typesupport_introspection_c
[0.106s] -- Using all available rosidl_typesupport_cpp: rosidl_typesupport_fastrtps_cpp;rosidl_typesupport_introspection_cpp
[0.121s] -- Found rmw_implementation_cmake: 6.1.2 (/opt/ros/humble/share/rmw_implementation_cmake/cmake)
[0.121s] -- Found rmw_fastrtps_cpp: 6.2.7 (/opt/ros/humble/share/rmw_fastrtps_cpp/cmake)
[0.181s] -- Using RMW implementation 'rmw_fastrtps_cpp' as default
[0.210s] -- Found rclpy: 3.3.14 (/opt/ros/humble/share/rclpy/cmake)
[0.284s] -- Configuring done
[0.285s] -- Generating done
[0.286s] -- Build files have been written to: /home/sf_ws/build/stonefish_bluerov2
[0.309s] Built target ament_cmake_python_copy_stonefish_bluerov2
[0.407s] running egg_info
[0.407s] writing stonefish_bluerov2.egg-info/PKG-INFO
[0.408s] writing dependency_links to stonefish_bluerov2.egg-info/dependency_links.txt
[0.408s] writing top-level names to stonefish_bluerov2.egg-info/top_level.txt
[0.408s] reading manifest file 'stonefish_bluerov2.egg-info/SOURCES.txt'
[0.408s] writing manifest file 'stonefish_bluerov2.egg-info/SOURCES.txt'
[0.421s] Built target ament_cmake_python_build_stonefish_bluerov2_egg
[0.428s] Invoked command in '/home/sf_ws/build/stonefish_bluerov2' returned '0': CMAKE_PREFIX_PATH=/home/sf_ws/install/stonefish_bluerov2:/home/sf_ws/install/cola2_stonefish:/opt/ros/humble:/home/sf_ws/install/cola2_msgs:/home/sf_ws/install/stonefish_ros2::/usr/local /usr/bin/cmake --build /home/sf_ws/build/stonefish_bluerov2 -- -j32 -l32
[0.440s] Invoking command in '/home/sf_ws/build/stonefish_bluerov2': CMAKE_PREFIX_PATH=/home/sf_ws/install/stonefish_bluerov2:/home/sf_ws/install/cola2_stonefish:/opt/ros/humble:/home/sf_ws/install/cola2_msgs:/home/sf_ws/install/stonefish_ros2::/usr/local /usr/bin/cmake --install /home/sf_ws/build/stonefish_bluerov2
[0.444s] -- Install configuration: ""
[0.444s] -- Up-to-date: /home/sf_ws/install/stonefish_bluerov2/share/stonefish_bluerov2/environment/pythonpath.sh
[0.444s] -- Installing: /home/sf_ws/install/stonefish_bluerov2/share/stonefish_bluerov2/environment/pythonpath.dsv
[0.444s] -- Up-to-date: /home/sf_ws/install/stonefish_bluerov2/local/lib/python3.10/dist-packages/stonefish_bluerov2-0.0.0-py3.10.egg-info
[0.444s] -- Installing: /home/sf_ws/install/stonefish_bluerov2/local/lib/python3.10/dist-packages/stonefish_bluerov2-0.0.0-py3.10.egg-info/SOURCES.txt
[0.444s] -- Installing: /home/sf_ws/install/stonefish_bluerov2/local/lib/python3.10/dist-packages/stonefish_bluerov2-0.0.0-py3.10.egg-info/top_level.txt
[0.444s] -- Installing: /home/sf_ws/install/stonefish_bluerov2/local/lib/python3.10/dist-packages/stonefish_bluerov2-0.0.0-py3.10.egg-info/PKG-INFO
[0.444s] -- Installing: /home/sf_ws/install/stonefish_bluerov2/local/lib/python3.10/dist-packages/stonefish_bluerov2-0.0.0-py3.10.egg-info/dependency_links.txt
[0.444s] -- Up-to-date: /home/sf_ws/install/stonefish_bluerov2/local/lib/python3.10/dist-packages/stonefish_bluerov2
[0.444s] -- Up-to-date: /home/sf_ws/install/stonefish_bluerov2/local/lib/python3.10/dist-packages/stonefish_bluerov2/__init__.py
[0.464s] Listing '/home/sf_ws/install/stonefish_bluerov2/local/lib/python3.10/dist-packages/stonefish_bluerov2'...
[0.466s] [31mCMake Error at cmake_install.cmake:70 (file):
[0.466s]   file INSTALL cannot find
[0.466s]   "/home/sf_ws/src/stonefish_bluerov2/scripts/ardusim_patch_boat_ros2_interface.py":
[0.466s]   No such file or directory.
[0.466s] 
[0.466s] [0m
[0.466s] -- Up-to-date: /home/sf_ws/install/stonefish_bluerov2/lib/stonefish_bluerov2/ardusim_patch.py
[0.466s] -- Up-to-date: /home/sf_ws/install/stonefish_bluerov2/lib/stonefish_bluerov2/ardusim_patch_boat.py
[0.467s] Invoked command in '/home/sf_ws/build/stonefish_bluerov2' returned '1': CMAKE_PREFIX_PATH=/home/sf_ws/install/stonefish_bluerov2:/home/sf_ws/install/cola2_stonefish:/opt/ros/humble:/home/sf_ws/install/cola2_msgs:/home/sf_ws/install/stonefish_ros2::/usr/local /usr/bin/cmake --install /home/sf_ws/build/stonefish_bluerov2
