[0.007s] Invoking command in '/home/sf_ws/build/stonefish_bluerov2': CMAKE_PREFIX_PATH=/home/sf_ws/install/stonefish_bluerov2:/home/sf_ws/install/cola2_stonefish:/opt/ros/humble:/home/sf_ws/install/cola2_msgs:/home/sf_ws/install/stonefish_ros2::/usr/local /usr/bin/cmake --build /home/sf_ws/build/stonefish_bluerov2 -- -j32 -l32
[0.037s] Built target ament_cmake_python_copy_stonefish_bluerov2
[0.147s] running egg_info
[0.147s] writing stonefish_bluerov2.egg-info/PKG-INFO
[0.147s] writing dependency_links to stonefish_bluerov2.egg-info/dependency_links.txt
[0.147s] writing top-level names to stonefish_bluerov2.egg-info/top_level.txt
[0.148s] reading manifest file 'stonefish_bluerov2.egg-info/SOURCES.txt'
[0.148s] writing manifest file 'stonefish_bluerov2.egg-info/SOURCES.txt'
[0.161s] Built target ament_cmake_python_build_stonefish_bluerov2_egg
[0.168s] Invoked command in '/home/sf_ws/build/stonefish_bluerov2' returned '0': CMAKE_PREFIX_PATH=/home/sf_ws/install/stonefish_bluerov2:/home/sf_ws/install/cola2_stonefish:/opt/ros/humble:/home/sf_ws/install/cola2_msgs:/home/sf_ws/install/stonefish_ros2::/usr/local /usr/bin/cmake --build /home/sf_ws/build/stonefish_bluerov2 -- -j32 -l32
[0.187s] Invoking command in '/home/sf_ws/build/stonefish_bluerov2': CMAKE_PREFIX_PATH=/home/sf_ws/install/stonefish_bluerov2:/home/sf_ws/install/cola2_stonefish:/opt/ros/humble:/home/sf_ws/install/cola2_msgs:/home/sf_ws/install/stonefish_ros2::/usr/local /usr/bin/cmake --install /home/sf_ws/build/stonefish_bluerov2
[0.191s] -- Install configuration: ""
[0.191s] -- Up-to-date: /home/sf_ws/install/stonefish_bluerov2/share/stonefish_bluerov2/environment/pythonpath.sh
[0.191s] -- Up-to-date: /home/sf_ws/install/stonefish_bluerov2/share/stonefish_bluerov2/environment/pythonpath.dsv
[0.191s] -- Up-to-date: /home/sf_ws/install/stonefish_bluerov2/local/lib/python3.10/dist-packages/stonefish_bluerov2-0.0.0-py3.10.egg-info
[0.191s] -- Installing: /home/sf_ws/install/stonefish_bluerov2/local/lib/python3.10/dist-packages/stonefish_bluerov2-0.0.0-py3.10.egg-info/SOURCES.txt
[0.192s] -- Installing: /home/sf_ws/install/stonefish_bluerov2/local/lib/python3.10/dist-packages/stonefish_bluerov2-0.0.0-py3.10.egg-info/top_level.txt
[0.192s] -- Installing: /home/sf_ws/install/stonefish_bluerov2/local/lib/python3.10/dist-packages/stonefish_bluerov2-0.0.0-py3.10.egg-info/PKG-INFO
[0.192s] -- Installing: /home/sf_ws/install/stonefish_bluerov2/local/lib/python3.10/dist-packages/stonefish_bluerov2-0.0.0-py3.10.egg-info/dependency_links.txt
[0.192s] -- Up-to-date: /home/sf_ws/install/stonefish_bluerov2/local/lib/python3.10/dist-packages/stonefish_bluerov2
[0.192s] -- Up-to-date: /home/sf_ws/install/stonefish_bluerov2/local/lib/python3.10/dist-packages/stonefish_bluerov2/__init__.py
[0.208s] Listing '/home/sf_ws/install/stonefish_bluerov2/local/lib/python3.10/dist-packages/stonefish_bluerov2'...
[0.210s] -- Up-to-date: /home/sf_ws/install/stonefish_bluerov2/lib/stonefish_bluerov2/ardusim_patch.py
[0.210s] -- Up-to-date: /home/sf_ws/install/stonefish_bluerov2/lib/stonefish_bluerov2/ardusim_patch_boat.py
[0.210s] -- Up-to-date: /home/sf_ws/install/stonefish_bluerov2/lib/stonefish_bluerov2/ardusim_patch_ros2_interface.py
[0.211s] -- Up-to-date: /home/sf_ws/install/stonefish_bluerov2/share/stonefish_bluerov2//launch
[0.211s] -- Up-to-date: /home/sf_ws/install/stonefish_bluerov2/share/stonefish_bluerov2//launch/bluerov2_sim.launch.py
[0.211s] -- Up-to-date: /home/sf_ws/install/stonefish_bluerov2/share/stonefish_bluerov2//launch/bluerov2_sim_ros2_interface.launch.py
[0.211s] -- Up-to-date: /home/sf_ws/install/stonefish_bluerov2/share/stonefish_bluerov2//launch/blueboat_sim.launch.py
[0.211s] -- Up-to-date: /home/sf_ws/install/stonefish_bluerov2/share/stonefish_bluerov2//scenarios
[0.211s] -- Up-to-date: /home/sf_ws/install/stonefish_bluerov2/share/stonefish_bluerov2//scenarios/blueboat_sea.scn
[0.211s] -- Up-to-date: /home/sf_ws/install/stonefish_bluerov2/share/stonefish_bluerov2//scenarios/blueboat.scn
[0.211s] -- Up-to-date: /home/sf_ws/install/stonefish_bluerov2/share/stonefish_bluerov2//scenarios/bluerov2_manip copy.scn
[0.211s] -- Up-to-date: /home/sf_ws/install/stonefish_bluerov2/share/stonefish_bluerov2//scenarios/bluerov2_tank.scn
[0.211s] -- Up-to-date: /home/sf_ws/install/stonefish_bluerov2/share/stonefish_bluerov2//scenarios/bluerov2_unphy_alpha_tank.scn
[0.211s] -- Up-to-date: /home/sf_ws/install/stonefish_bluerov2/share/stonefish_bluerov2//scenarios/sonobot copy.scn
[0.211s] -- Up-to-date: /home/sf_ws/install/stonefish_bluerov2/share/stonefish_bluerov2//scenarios/bluerov2_unphy_alpha.scn
[0.212s] -- Up-to-date: /home/sf_ws/install/stonefish_bluerov2/share/stonefish_bluerov2//scenarios/bluerov2_manip_sea.scn
[0.212s] -- Up-to-date: /home/sf_ws/install/stonefish_bluerov2/share/stonefish_bluerov2//scenarios/bluerov2.scn
[0.212s] -- Up-to-date: /home/sf_ws/install/stonefish_bluerov2/share/stonefish_bluerov2//scenarios/blueboat copy.scn
[0.212s] -- Up-to-date: /home/sf_ws/install/stonefish_bluerov2/share/stonefish_bluerov2//scenarios/sonobot.scn
[0.212s] -- Up-to-date: /home/sf_ws/install/stonefish_bluerov2/share/stonefish_bluerov2//scenarios/bluerov2_manip.scn
[0.212s] -- Up-to-date: /home/sf_ws/install/stonefish_bluerov2/share/stonefish_bluerov2//scenarios/bluerov2_ros2_interface.scn
[0.212s] -- Installing: /home/sf_ws/install/stonefish_bluerov2/share/stonefish_bluerov2//scenarios/bluerov2_tank_ros2_interface.scn
[0.212s] -- Up-to-date: /home/sf_ws/install/stonefish_bluerov2/share/stonefish_bluerov2//scenarios/bluerov2_manip_tank.scn
[0.212s] -- Up-to-date: /home/sf_ws/install/stonefish_bluerov2/share/stonefish_bluerov2//data
[0.212s] -- Up-to-date: /home/sf_ws/install/stonefish_bluerov2/share/stonefish_bluerov2//data/seabed.mtl
[0.212s] -- Up-to-date: /home/sf_ws/install/stonefish_bluerov2/share/stonefish_bluerov2//data/wind_turbine
[0.212s] -- Up-to-date: /home/sf_ws/install/stonefish_bluerov2/share/stonefish_bluerov2//data/wind_turbine/wind_turbine_OffshoreLearningv1.obj
[0.212s] -- Up-to-date: /home/sf_ws/install/stonefish_bluerov2/share/stonefish_bluerov2//data/wind_turbine/BaseColor.png
[0.212s] -- Up-to-date: /home/sf_ws/install/stonefish_bluerov2/share/stonefish_bluerov2//data/flat.mtl
[0.212s] -- Up-to-date: /home/sf_ws/install/stonefish_bluerov2/share/stonefish_bluerov2//data/blueboat
[0.212s] -- Up-to-date: /home/sf_ws/install/stonefish_bluerov2/share/stonefish_bluerov2//data/blueboat/right_side.obj
[0.213s] -- Up-to-date: /home/sf_ws/install/stonefish_bluerov2/share/stonefish_bluerov2//data/blueboat/metal_left_down.obj
[0.213s] -- Up-to-date: /home/sf_ws/install/stonefish_bluerov2/share/stonefish_bluerov2//data/blueboat/propeller.obj
[0.213s] -- Up-to-date: /home/sf_ws/install/stonefish_bluerov2/share/stonefish_bluerov2//data/blueboat/untitled.obj
[0.213s] -- Up-to-date: /home/sf_ws/install/stonefish_bluerov2/share/stonefish_bluerov2//data/blueboat/metal_front.obj
[0.213s] -- Up-to-date: /home/sf_ws/install/stonefish_bluerov2/share/stonefish_bluerov2//data/blueboat/propeller_cc.mtl
[0.213s] -- Up-to-date: /home/sf_ws/install/stonefish_bluerov2/share/stonefish_bluerov2//data/blueboat/propeller_right.obj
[0.213s] -- Up-to-date: /home/sf_ws/install/stonefish_bluerov2/share/stonefish_bluerov2//data/blueboat/propeller_cc.obj
[0.213s] -- Up-to-date: /home/sf_ws/install/stonefish_bluerov2/share/stonefish_bluerov2//data/blueboat/propeller_left.obj
[0.213s] -- Up-to-date: /home/sf_ws/install/stonefish_bluerov2/share/stonefish_bluerov2//data/blueboat/metal_left_up.obj
[0.213s] -- Up-to-date: /home/sf_ws/install/stonefish_bluerov2/share/stonefish_bluerov2//data/blueboat/metal_right_down.obj
[0.213s] -- Up-to-date: /home/sf_ws/install/stonefish_bluerov2/share/stonefish_bluerov2//data/blueboat/metal_rear.obj
[0.213s] -- Up-to-date: /home/sf_ws/install/stonefish_bluerov2/share/stonefish_bluerov2//data/blueboat/metal_right_up.obj
[0.213s] -- Up-to-date: /home/sf_ws/install/stonefish_bluerov2/share/stonefish_bluerov2//data/blueboat/propeller2.obj
[0.213s] -- Up-to-date: /home/sf_ws/install/stonefish_bluerov2/share/stonefish_bluerov2//data/blueboat/right_back.obj
[0.213s] -- Up-to-date: /home/sf_ws/install/stonefish_bluerov2/share/stonefish_bluerov2//data/blueboat/flag.obj
[0.214s] -- Up-to-date: /home/sf_ws/install/stonefish_bluerov2/share/stonefish_bluerov2//data/blueboat/left_side.obj
[0.214s] -- Up-to-date: /home/sf_ws/install/stonefish_bluerov2/share/stonefish_bluerov2//data/blueboat/propeller2.mtl
[0.214s] -- Up-to-date: /home/sf_ws/install/stonefish_bluerov2/share/stonefish_bluerov2//data/blueboat/metal_left.obj
[0.214s] -- Up-to-date: /home/sf_ws/install/stonefish_bluerov2/share/stonefish_bluerov2//data/blueboat/left_back.obj
[0.214s] -- Up-to-date: /home/sf_ws/install/stonefish_bluerov2/share/stonefish_bluerov2//data/bluerov2
[0.214s] -- Up-to-date: /home/sf_ws/install/stonefish_bluerov2/share/stonefish_bluerov2//data/bluerov2/bluerov2_wings.obj
[0.214s] -- Up-to-date: /home/sf_ws/install/stonefish_bluerov2/share/stonefish_bluerov2//data/bluerov2/ccw.obj
[0.214s] -- Up-to-date: /home/sf_ws/install/stonefish_bluerov2/share/stonefish_bluerov2//data/bluerov2/cw.obj
[0.214s] -- Up-to-date: /home/sf_ws/install/stonefish_bluerov2/share/stonefish_bluerov2//data/bluerov2/bluerov2_phy.obj
[0.214s] -- Up-to-date: /home/sf_ws/install/stonefish_bluerov2/share/stonefish_bluerov2//data/bluerov2/br2.png
[0.214s] -- Up-to-date: /home/sf_ws/install/stonefish_bluerov2/share/stonefish_bluerov2//data/bluerov2/br2.obj
[0.214s] -- Up-to-date: /home/sf_ws/install/stonefish_bluerov2/share/stonefish_bluerov2//data/bluerov2/bluerov2_phy.mtl
[0.214s] -- Up-to-date: /home/sf_ws/install/stonefish_bluerov2/share/stonefish_bluerov2//data/bluerov2/bluerov2.obj
[0.214s] -- Up-to-date: /home/sf_ws/install/stonefish_bluerov2/share/stonefish_bluerov2//data/bluerov2/bluerov2_ring.obj
[0.214s] -- Up-to-date: /home/sf_ws/install/stonefish_bluerov2/share/stonefish_bluerov2//data/flat.obj
[0.214s] -- Up-to-date: /home/sf_ws/install/stonefish_bluerov2/share/stonefish_bluerov2//data/SoilBeach0078_1_350.jpg
[0.215s] -- Up-to-date: /home/sf_ws/install/stonefish_bluerov2/share/stonefish_bluerov2//data/bluerov2_heavy2
[0.215s] -- Up-to-date: /home/sf_ws/install/stonefish_bluerov2/share/stonefish_bluerov2//data/bluerov2_heavy2/right_side.obj
[0.215s] -- Up-to-date: /home/sf_ws/install/stonefish_bluerov2/share/stonefish_bluerov2//data/bluerov2_heavy2/weight_right.obj
[0.215s] -- Up-to-date: /home/sf_ws/install/stonefish_bluerov2/share/stonefish_bluerov2//data/bluerov2_heavy2/right_sideUP.obj
[0.215s] -- Up-to-date: /home/sf_ws/install/stonefish_bluerov2/share/stonefish_bluerov2//data/bluerov2_heavy2/weight_middle_middle.obj
[0.215s] -- Up-to-date: /home/sf_ws/install/stonefish_bluerov2/share/stonefish_bluerov2//data/bluerov2_heavy2/weight_middle_up.obj
[0.215s] -- Up-to-date: /home/sf_ws/install/stonefish_bluerov2/share/stonefish_bluerov2//data/bluerov2_heavy2/duct_right_up_rear.obj
[0.215s] -- Up-to-date: /home/sf_ws/install/stonefish_bluerov2/share/stonefish_bluerov2//data/bluerov2_heavy2/light_right_up.obj
[0.215s] -- Up-to-date: /home/sf_ws/install/stonefish_bluerov2/share/stonefish_bluerov2//data/bluerov2_heavy2/first_cylinder.obj
[0.215s] -- Up-to-date: /home/sf_ws/install/stonefish_bluerov2/share/stonefish_bluerov2//data/bluerov2_heavy2/left_foam.obj
[0.215s] -- Up-to-date: /home/sf_ws/install/stonefish_bluerov2/share/stonefish_bluerov2//data/bluerov2_heavy2/right_foam.obj
[0.215s] -- Up-to-date: /home/sf_ws/install/stonefish_bluerov2/share/stonefish_bluerov2//data/bluerov2_heavy2/light_left_up.obj
[0.215s] -- Up-to-date: /home/sf_ws/install/stonefish_bluerov2/share/stonefish_bluerov2//data/bluerov2_heavy2/weight_left.obj
[0.215s] -- Up-to-date: /home/sf_ws/install/stonefish_bluerov2/share/stonefish_bluerov2//data/bluerov2_heavy2/duct_right_front.obj
[0.215s] -- Up-to-date: /home/sf_ws/install/stonefish_bluerov2/share/stonefish_bluerov2//data/bluerov2_heavy2/second_cylinder.obj
[0.215s] -- Up-to-date: /home/sf_ws/install/stonefish_bluerov2/share/stonefish_bluerov2//data/bluerov2_heavy2/light_left_down.obj
[0.215s] -- Up-to-date: /home/sf_ws/install/stonefish_bluerov2/share/stonefish_bluerov2//data/bluerov2_heavy2/duct_left_front.obj
[0.216s] -- Up-to-date: /home/sf_ws/install/stonefish_bluerov2/share/stonefish_bluerov2//data/bluerov2_heavy2/light_right_down.obj
[0.216s] -- Up-to-date: /home/sf_ws/install/stonefish_bluerov2/share/stonefish_bluerov2//data/bluerov2_heavy2/duct_left_up_rear.obj
[0.216s] -- Up-to-date: /home/sf_ws/install/stonefish_bluerov2/share/stonefish_bluerov2//data/bluerov2_heavy2/duct_right_up_front.obj
[0.216s] -- Up-to-date: /home/sf_ws/install/stonefish_bluerov2/share/stonefish_bluerov2//data/bluerov2_heavy2/base.obj
[0.216s] -- Up-to-date: /home/sf_ws/install/stonefish_bluerov2/share/stonefish_bluerov2//data/bluerov2_heavy2/left_side.obj
[0.216s] -- Up-to-date: /home/sf_ws/install/stonefish_bluerov2/share/stonefish_bluerov2//data/bluerov2_heavy2/duct_left_rear.obj
[0.216s] -- Up-to-date: /home/sf_ws/install/stonefish_bluerov2/share/stonefish_bluerov2//data/bluerov2_heavy2/duct_right_rear.obj
[0.216s] -- Up-to-date: /home/sf_ws/install/stonefish_bluerov2/share/stonefish_bluerov2//data/bluerov2_heavy2/weight_middle_down.obj
[0.216s] -- Up-to-date: /home/sf_ws/install/stonefish_bluerov2/share/stonefish_bluerov2//data/bluerov2_heavy2/Propeller.obj
[0.216s] -- Up-to-date: /home/sf_ws/install/stonefish_bluerov2/share/stonefish_bluerov2//data/bluerov2_heavy2/dome.obj
[0.216s] -- Up-to-date: /home/sf_ws/install/stonefish_bluerov2/share/stonefish_bluerov2//data/bluerov2_heavy2/duct_left_up_front.obj
[0.216s] -- Up-to-date: /home/sf_ws/install/stonefish_bluerov2/share/stonefish_bluerov2//data/bluerov2_heavy2/left_sideUP.obj
[0.216s] -- Up-to-date: /home/sf_ws/install/stonefish_bluerov2/share/stonefish_bluerov2//data/cliff.mtl
[0.216s] -- Up-to-date: /home/sf_ws/install/stonefish_bluerov2/share/stonefish_bluerov2//data/girona500
[0.216s] -- Up-to-date: /home/sf_ws/install/stonefish_bluerov2/share/stonefish_bluerov2//data/girona500/upper_hull_tex.png
[0.216s] -- Up-to-date: /home/sf_ws/install/stonefish_bluerov2/share/stonefish_bluerov2//data/girona500/hull_phy2.obj
[0.216s] -- Up-to-date: /home/sf_ws/install/stonefish_bluerov2/share/stonefish_bluerov2//data/girona500/propeller.obj
[0.216s] -- Up-to-date: /home/sf_ws/install/stonefish_bluerov2/share/stonefish_bluerov2//data/girona500/lower_hull.obj
[0.217s] -- Up-to-date: /home/sf_ws/install/stonefish_bluerov2/share/stonefish_bluerov2//data/girona500/antenna.obj
[0.217s] -- Up-to-date: /home/sf_ws/install/stonefish_bluerov2/share/stonefish_bluerov2//data/girona500/duct.obj
[0.217s] -- Up-to-date: /home/sf_ws/install/stonefish_bluerov2/share/stonefish_bluerov2//data/girona500/tbar_phy.obj
[0.217s] -- Up-to-date: /home/sf_ws/install/stonefish_bluerov2/share/stonefish_bluerov2//data/girona500/tbar_back_tex.png
[0.217s] -- Up-to-date: /home/sf_ws/install/stonefish_bluerov2/share/stonefish_bluerov2//data/girona500/tbar_back.obj
[0.217s] -- Up-to-date: /home/sf_ws/install/stonefish_bluerov2/share/stonefish_bluerov2//data/girona500/duct_tex.png
[0.217s] -- Up-to-date: /home/sf_ws/install/stonefish_bluerov2/share/stonefish_bluerov2//data/girona500/duct_phy.obj
[0.217s] -- Up-to-date: /home/sf_ws/install/stonefish_bluerov2/share/stonefish_bluerov2//data/girona500/hull_phy.obj
[0.217s] -- Up-to-date: /home/sf_ws/install/stonefish_bluerov2/share/stonefish_bluerov2//data/girona500/antenna_phy.obj
[0.217s] -- Up-to-date: /home/sf_ws/install/stonefish_bluerov2/share/stonefish_bluerov2//data/girona500/propeller_ccw.mtl
[0.217s] -- Up-to-date: /home/sf_ws/install/stonefish_bluerov2/share/stonefish_bluerov2//data/girona500/tbar_front.obj
[0.217s] -- Up-to-date: /home/sf_ws/install/stonefish_bluerov2/share/stonefish_bluerov2//data/girona500/tbar_front_tex.png
[0.217s] -- Up-to-date: /home/sf_ws/install/stonefish_bluerov2/share/stonefish_bluerov2//data/girona500/lower_hull_tex.png
[0.217s] -- Up-to-date: /home/sf_ws/install/stonefish_bluerov2/share/stonefish_bluerov2//data/girona500/upper_hull.obj
[0.217s] -- Up-to-date: /home/sf_ws/install/stonefish_bluerov2/share/stonefish_bluerov2//data/girona500/propeller_ccw.obj
[0.217s] -- Up-to-date: /home/sf_ws/install/stonefish_bluerov2/share/stonefish_bluerov2//data/girona500/hull.obj
[0.217s] -- Up-to-date: /home/sf_ws/install/stonefish_bluerov2/share/stonefish_bluerov2//data/girona500/propeller_tex.png
[0.217s] -- Up-to-date: /home/sf_ws/install/stonefish_bluerov2/share/stonefish_bluerov2//data/cliff.jpg
[0.217s] -- Up-to-date: /home/sf_ws/install/stonefish_bluerov2/share/stonefish_bluerov2//data/bluerov2_unphy
[0.218s] -- Up-to-date: /home/sf_ws/install/stonefish_bluerov2/share/stonefish_bluerov2//data/bluerov2_unphy/bluerov2_wings.obj
[0.218s] -- Up-to-date: /home/sf_ws/install/stonefish_bluerov2/share/stonefish_bluerov2//data/bluerov2_unphy/ccw.obj
[0.218s] -- Up-to-date: /home/sf_ws/install/stonefish_bluerov2/share/stonefish_bluerov2//data/bluerov2_unphy/cw.obj
[0.218s] -- Up-to-date: /home/sf_ws/install/stonefish_bluerov2/share/stonefish_bluerov2//data/bluerov2_unphy/bluerov2_phy.obj
[0.218s] -- Up-to-date: /home/sf_ws/install/stonefish_bluerov2/share/stonefish_bluerov2//data/bluerov2_unphy/br2.png
[0.218s] -- Up-to-date: /home/sf_ws/install/stonefish_bluerov2/share/stonefish_bluerov2//data/bluerov2_unphy/br2.obj
[0.218s] -- Up-to-date: /home/sf_ws/install/stonefish_bluerov2/share/stonefish_bluerov2//data/bluerov2_unphy/bluerov2_phy.mtl
[0.218s] -- Up-to-date: /home/sf_ws/install/stonefish_bluerov2/share/stonefish_bluerov2//data/bluerov2_unphy/bluerov2.obj
[0.218s] -- Up-to-date: /home/sf_ws/install/stonefish_bluerov2/share/stonefish_bluerov2//data/bluerov2_unphy/bluerov2_ring.obj
[0.218s] -- Up-to-date: /home/sf_ws/install/stonefish_bluerov2/share/stonefish_bluerov2//data/cliff.obj
[0.218s] -- Up-to-date: /home/sf_ws/install/stonefish_bluerov2/share/stonefish_bluerov2//data/wind_turbine_OffshoreLearningv1.obj
[0.218s] -- Up-to-date: /home/sf_ws/install/stonefish_bluerov2/share/stonefish_bluerov2//data/BaseColor.png
[0.218s] -- Up-to-date: /home/sf_ws/install/stonefish_bluerov2/share/stonefish_bluerov2//data/wavetank.obj
[0.218s] -- Up-to-date: /home/sf_ws/install/stonefish_bluerov2/share/stonefish_bluerov2//data/sonobot
[0.218s] -- Up-to-date: /home/sf_ws/install/stonefish_bluerov2/share/stonefish_bluerov2//data/sonobot/sonobot.png
[0.218s] -- Up-to-date: /home/sf_ws/install/stonefish_bluerov2/share/stonefish_bluerov2//data/sonobot/sonobot_top.obj
[0.218s] -- Up-to-date: /home/sf_ws/install/stonefish_bluerov2/share/stonefish_bluerov2//data/sonobot/sonobot.obj
[0.218s] -- Up-to-date: /home/sf_ws/install/stonefish_bluerov2/share/stonefish_bluerov2//data/opti_blueboat
[0.218s] -- Up-to-date: /home/sf_ws/install/stonefish_bluerov2/share/stonefish_bluerov2//data/opti_blueboat/right_side.obj
[0.218s] -- Up-to-date: /home/sf_ws/install/stonefish_bluerov2/share/stonefish_bluerov2//data/opti_blueboat/left.mtl
[0.219s] -- Up-to-date: /home/sf_ws/install/stonefish_bluerov2/share/stonefish_bluerov2//data/opti_blueboat/rightside_back.mtl
[0.219s] -- Up-to-date: /home/sf_ws/install/stonefish_bluerov2/share/stonefish_bluerov2//data/opti_blueboat/metal_fron.obj
[0.219s] -- Up-to-date: /home/sf_ws/install/stonefish_bluerov2/share/stonefish_bluerov2//data/opti_blueboat/front_metal_or.mtl
[0.219s] -- Up-to-date: /home/sf_ws/install/stonefish_bluerov2/share/stonefish_bluerov2//data/opti_blueboat/metal_rear.mtl
[0.219s] -- Up-to-date: /home/sf_ws/install/stonefish_bluerov2/share/stonefish_bluerov2//data/opti_blueboat/left_side2.mtl
[0.219s] -- Up-to-date: /home/sf_ws/install/stonefish_bluerov2/share/stonefish_bluerov2//data/opti_blueboat/right_side_or.mtl
[0.219s] -- Up-to-date: /home/sf_ws/install/stonefish_bluerov2/share/stonefish_bluerov2//data/opti_blueboat/rightside_F1.obj
[0.219s] -- Up-to-date: /home/sf_ws/install/stonefish_bluerov2/share/stonefish_bluerov2//data/opti_blueboat/rightside_F.mtl
[0.219s] -- Up-to-date: /home/sf_ws/install/stonefish_bluerov2/share/stonefish_bluerov2//data/opti_blueboat/rear_metal.mtl
[0.219s] -- Up-to-date: /home/sf_ws/install/stonefish_bluerov2/share/stonefish_bluerov2//data/opti_blueboat/propeller.obj
[0.219s] -- Up-to-date: /home/sf_ws/install/stonefish_bluerov2/share/stonefish_bluerov2//data/opti_blueboat/metal_front.obj
[0.219s] -- Up-to-date: /home/sf_ws/install/stonefish_bluerov2/share/stonefish_bluerov2//data/opti_blueboat/left_rear_or.obj
[0.219s] -- Up-to-date: /home/sf_ws/install/stonefish_bluerov2/share/stonefish_bluerov2//data/opti_blueboat/right_side.mtl
[0.219s] -- Up-to-date: /home/sf_ws/install/stonefish_bluerov2/share/stonefish_bluerov2//data/opti_blueboat/propeller_cc.obj
[0.219s] -- Up-to-date: /home/sf_ws/install/stonefish_bluerov2/share/stonefish_bluerov2//data/opti_blueboat/metal_fron.mtl
[0.219s] -- Up-to-date: /home/sf_ws/install/stonefish_bluerov2/share/stonefish_bluerov2//data/opti_blueboat/rightside_F.obj
[0.219s] -- Up-to-date: /home/sf_ws/install/stonefish_bluerov2/share/stonefish_bluerov2//data/opti_blueboat/metal_rear.obj
[0.219s] -- Up-to-date: /home/sf_ws/install/stonefish_bluerov2/share/stonefish_bluerov2//data/opti_blueboat/rightside_F1.mtl
[0.219s] -- Up-to-date: /home/sf_ws/install/stonefish_bluerov2/share/stonefish_bluerov2//data/opti_blueboat/left_side2.obj
[0.219s] -- Up-to-date: /home/sf_ws/install/stonefish_bluerov2/share/stonefish_bluerov2//data/opti_blueboat/metal_front.mtl
[0.219s] -- Up-to-date: /home/sf_ws/install/stonefish_bluerov2/share/stonefish_bluerov2//data/opti_blueboat/left_side_or.obj
[0.220s] -- Up-to-date: /home/sf_ws/install/stonefish_bluerov2/share/stonefish_bluerov2//data/opti_blueboat/right_rear_or.obj
[0.220s] -- Up-to-date: /home/sf_ws/install/stonefish_bluerov2/share/stonefish_bluerov2//data/opti_blueboat/metal_rear_tube.mtl
[0.220s] -- Up-to-date: /home/sf_ws/install/stonefish_bluerov2/share/stonefish_bluerov2//data/opti_blueboat/left.obj
[0.220s] -- Up-to-date: /home/sf_ws/install/stonefish_bluerov2/share/stonefish_bluerov2//data/opti_blueboat/metal.obj
[0.220s] -- Up-to-date: /home/sf_ws/install/stonefish_bluerov2/share/stonefish_bluerov2//data/opti_blueboat/front_metal.obj
[0.220s] -- Up-to-date: /home/sf_ws/install/stonefish_bluerov2/share/stonefish_bluerov2//data/opti_blueboat/front_metal_or.obj
[0.220s] -- Up-to-date: /home/sf_ws/install/stonefish_bluerov2/share/stonefish_bluerov2//data/opti_blueboat/propeller2.obj
[0.220s] -- Up-to-date: /home/sf_ws/install/stonefish_bluerov2/share/stonefish_bluerov2//data/opti_blueboat/rear_metal.obj
[0.220s] -- Up-to-date: /home/sf_ws/install/stonefish_bluerov2/share/stonefish_bluerov2//data/opti_blueboat/left_side.obj
[0.220s] -- Up-to-date: /home/sf_ws/install/stonefish_bluerov2/share/stonefish_bluerov2//data/opti_blueboat/left_rear_or.mtl
[0.220s] -- Up-to-date: /home/sf_ws/install/stonefish_bluerov2/share/stonefish_bluerov2//data/opti_blueboat/leftside_F.obj
[0.220s] -- Up-to-date: /home/sf_ws/install/stonefish_bluerov2/share/stonefish_bluerov2//data/opti_blueboat/leftside_F.mtl
[0.220s] -- Up-to-date: /home/sf_ws/install/stonefish_bluerov2/share/stonefish_bluerov2//data/opti_blueboat/metal.mtl
[0.220s] -- Up-to-date: /home/sf_ws/install/stonefish_bluerov2/share/stonefish_bluerov2//data/opti_blueboat/metal_rear_tube.obj
[0.220s] -- Up-to-date: /home/sf_ws/install/stonefish_bluerov2/share/stonefish_bluerov2//data/opti_blueboat/left_side.mtl
[0.220s] -- Up-to-date: /home/sf_ws/install/stonefish_bluerov2/share/stonefish_bluerov2//data/opti_blueboat/leftside_back.mtl
[0.220s] -- Up-to-date: /home/sf_ws/install/stonefish_bluerov2/share/stonefish_bluerov2//data/opti_blueboat/rightside_back.obj
[0.220s] -- Up-to-date: /home/sf_ws/install/stonefish_bluerov2/share/stonefish_bluerov2//data/opti_blueboat/leftside_F1.mtl
[0.220s] -- Up-to-date: /home/sf_ws/install/stonefish_bluerov2/share/stonefish_bluerov2//data/opti_blueboat/left_side_or.mtl
[0.221s] -- Up-to-date: /home/sf_ws/install/stonefish_bluerov2/share/stonefish_bluerov2//data/opti_blueboat/leftside_back.obj
[0.221s] -- Up-to-date: /home/sf_ws/install/stonefish_bluerov2/share/stonefish_bluerov2//data/opti_blueboat/leftside_F1.obj
[0.221s] -- Up-to-date: /home/sf_ws/install/stonefish_bluerov2/share/stonefish_bluerov2//data/opti_blueboat/right_side_or.obj
[0.221s] -- Up-to-date: /home/sf_ws/install/stonefish_bluerov2/share/stonefish_bluerov2//data/opti_blueboat/right_rear_or.mtl
[0.221s] -- Up-to-date: /home/sf_ws/install/stonefish_bluerov2/share/stonefish_bluerov2//data/opti_blueboat/front_metal.mtl
[0.221s] -- Up-to-date: /home/sf_ws/install/stonefish_bluerov2/share/stonefish_bluerov2//data/seabed.obj
[0.221s] -- Up-to-date: /home/sf_ws/install/stonefish_bluerov2/share/stonefish_bluerov2//data/wavetank_floor.obj
[0.221s] -- Up-to-date: /home/sf_ws/install/stonefish_bluerov2/share/ament_index/resource_index/package_run_dependencies/stonefish_bluerov2
[0.221s] -- Up-to-date: /home/sf_ws/install/stonefish_bluerov2/share/ament_index/resource_index/parent_prefix_path/stonefish_bluerov2
[0.221s] -- Up-to-date: /home/sf_ws/install/stonefish_bluerov2/share/stonefish_bluerov2/environment/ament_prefix_path.sh
[0.221s] -- Up-to-date: /home/sf_ws/install/stonefish_bluerov2/share/stonefish_bluerov2/environment/ament_prefix_path.dsv
[0.221s] -- Up-to-date: /home/sf_ws/install/stonefish_bluerov2/share/stonefish_bluerov2/environment/path.sh
[0.221s] -- Up-to-date: /home/sf_ws/install/stonefish_bluerov2/share/stonefish_bluerov2/environment/path.dsv
[0.221s] -- Up-to-date: /home/sf_ws/install/stonefish_bluerov2/share/stonefish_bluerov2/local_setup.bash
[0.221s] -- Up-to-date: /home/sf_ws/install/stonefish_bluerov2/share/stonefish_bluerov2/local_setup.sh
[0.221s] -- Up-to-date: /home/sf_ws/install/stonefish_bluerov2/share/stonefish_bluerov2/local_setup.zsh
[0.221s] -- Up-to-date: /home/sf_ws/install/stonefish_bluerov2/share/stonefish_bluerov2/local_setup.dsv
[0.221s] -- Installing: /home/sf_ws/install/stonefish_bluerov2/share/stonefish_bluerov2/package.dsv
[0.222s] -- Up-to-date: /home/sf_ws/install/stonefish_bluerov2/share/ament_index/resource_index/packages/stonefish_bluerov2
[0.222s] -- Up-to-date: /home/sf_ws/install/stonefish_bluerov2/share/stonefish_bluerov2/cmake/stonefish_bluerov2Config.cmake
[0.222s] -- Up-to-date: /home/sf_ws/install/stonefish_bluerov2/share/stonefish_bluerov2/cmake/stonefish_bluerov2Config-version.cmake
[0.222s] -- Up-to-date: /home/sf_ws/install/stonefish_bluerov2/share/stonefish_bluerov2/package.xml
[0.222s] Invoked command in '/home/sf_ws/build/stonefish_bluerov2' returned '0': CMAKE_PREFIX_PATH=/home/sf_ws/install/stonefish_bluerov2:/home/sf_ws/install/cola2_stonefish:/opt/ros/humble:/home/sf_ws/install/cola2_msgs:/home/sf_ws/install/stonefish_ros2::/usr/local /usr/bin/cmake --install /home/sf_ws/build/stonefish_bluerov2
