[0.005s] Invoking command in '/home/sf_ws/build/cola2_stonefish': CMAKE_PREFIX_PATH=/opt/ros/humble:/home/sf_ws/install/cola2_msgs:/home/sf_ws/install/stonefish_bluerov2:/home/sf_ws/install/cola2_stonefish:/home/sf_ws/install/stonefish_ros2:/usr/local PKG_CONFIG_PATH=/home/sf_ws/install/cola2_msgs/lib/x86_64-linux-gnu/pkgconfig:/home/sf_ws/install/cola2_msgs/lib/pkgconfig:/usr/local/lib/pkgconfig:/usr/local/lib/pkgconfig PYTHONPATH=/home/sf_ws/install/cola2_msgs/local/lib/python3.10/dist-packages:/home/sf_ws/install/stonefish_bluerov2/local/lib/python3.10/dist-packages:/home/sf_ws/install/stonefish_ros2/local/lib/python3.10/dist-packages:/opt/ros/humble/lib/python3.10/site-packages:/opt/ros/humble/local/lib/python3.10/dist-packages /usr/bin/cmake --build /home/sf_ws/build/cola2_stonefish -- -j32 -l32
[0.033s] [100%] Built target cola2_stonefish_node
[0.039s] Invoked command in '/home/sf_ws/build/cola2_stonefish' returned '0': CMAKE_PREFIX_PATH=/opt/ros/humble:/home/sf_ws/install/cola2_msgs:/home/sf_ws/install/stonefish_bluerov2:/home/sf_ws/install/cola2_stonefish:/home/sf_ws/install/stonefish_ros2:/usr/local PKG_CONFIG_PATH=/home/sf_ws/install/cola2_msgs/lib/x86_64-linux-gnu/pkgconfig:/home/sf_ws/install/cola2_msgs/lib/pkgconfig:/usr/local/lib/pkgconfig:/usr/local/lib/pkgconfig PYTHONPATH=/home/sf_ws/install/cola2_msgs/local/lib/python3.10/dist-packages:/home/sf_ws/install/stonefish_bluerov2/local/lib/python3.10/dist-packages:/home/sf_ws/install/stonefish_ros2/local/lib/python3.10/dist-packages:/opt/ros/humble/lib/python3.10/site-packages:/opt/ros/humble/local/lib/python3.10/dist-packages /usr/bin/cmake --build /home/sf_ws/build/cola2_stonefish -- -j32 -l32
[0.052s] Invoking command in '/home/sf_ws/build/cola2_stonefish': CMAKE_PREFIX_PATH=/opt/ros/humble:/home/sf_ws/install/cola2_msgs:/home/sf_ws/install/stonefish_bluerov2:/home/sf_ws/install/cola2_stonefish:/home/sf_ws/install/stonefish_ros2:/usr/local PKG_CONFIG_PATH=/home/sf_ws/install/cola2_msgs/lib/x86_64-linux-gnu/pkgconfig:/home/sf_ws/install/cola2_msgs/lib/pkgconfig:/usr/local/lib/pkgconfig:/usr/local/lib/pkgconfig PYTHONPATH=/home/sf_ws/install/cola2_msgs/local/lib/python3.10/dist-packages:/home/sf_ws/install/stonefish_bluerov2/local/lib/python3.10/dist-packages:/home/sf_ws/install/stonefish_ros2/local/lib/python3.10/dist-packages:/opt/ros/humble/lib/python3.10/site-packages:/opt/ros/humble/local/lib/python3.10/dist-packages /usr/bin/cmake --install /home/sf_ws/build/cola2_stonefish
[0.057s] -- Install configuration: ""
[0.057s] -- Up-to-date: /home/sf_ws/install/cola2_stonefish/lib/cola2_stonefish/cola2_stonefish_node
[0.057s] -- Up-to-date: /home/sf_ws/install/cola2_stonefish/lib/cola2_stonefish/logitechF310teleop.py
[0.057s] -- Up-to-date: /home/sf_ws/install/cola2_stonefish/lib/cola2_stonefish/odom2tf.py
[0.057s] -- Up-to-date: /home/sf_ws/install/cola2_stonefish/lib/cola2_stonefish/bluerov2_logitechF310teleop.py
[0.057s] -- Up-to-date: /home/sf_ws/install/cola2_stonefish/share/cola2_stonefish//launch
[0.057s] -- Up-to-date: /home/sf_ws/install/cola2_stonefish/share/cola2_stonefish//launch/asv_auv_sim.py
[0.057s] -- Up-to-date: /home/sf_ws/install/cola2_stonefish/share/cola2_stonefish//launch/bluerov2_heavy_alpha.launch.py
[0.057s] -- Up-to-date: /home/sf_ws/install/cola2_stonefish/share/cola2_stonefish//launch/bluerov2_alpha.py
[0.057s] -- Up-to-date: /home/sf_ws/install/cola2_stonefish/share/cola2_stonefish//launch/bluerov2_heavy_simulation.launch.py
[0.057s] -- Up-to-date: /home/sf_ws/install/cola2_stonefish/share/cola2_stonefish//launch/console_test.py
[0.057s] -- Up-to-date: /home/sf_ws/install/cola2_stonefish/share/cola2_stonefish//launch/blueboat_launch.py
[0.057s] -- Up-to-date: /home/sf_ws/install/cola2_stonefish/share/cola2_stonefish//launch/bluerov2_laser_simulation.launch.py
[0.057s] -- Up-to-date: /home/sf_ws/install/cola2_stonefish/share/cola2_stonefish//launch/falcon_launch.py
[0.057s] -- Up-to-date: /home/sf_ws/install/cola2_stonefish/share/cola2_stonefish//launch/bluerov_fls_simulation.launch.py
[0.057s] -- Up-to-date: /home/sf_ws/install/cola2_stonefish/share/cola2_stonefish//launch/bluerov_fls_simulation.launch copy.py
[0.057s] -- Up-to-date: /home/sf_ws/install/cola2_stonefish/share/cola2_stonefish/data
[0.057s] -- Up-to-date: /home/sf_ws/install/cola2_stonefish/share/cola2_stonefish/data/valve_panel_tex.png
[0.057s] -- Up-to-date: /home/sf_ws/install/cola2_stonefish/share/cola2_stonefish/data/wind_turbine
[0.057s] -- Up-to-date: /home/sf_ws/install/cola2_stonefish/share/cola2_stonefish/data/wind_turbine/wind_turbine_OffshoreLearningv1.obj
[0.057s] -- Up-to-date: /home/sf_ws/install/cola2_stonefish/share/cola2_stonefish/data/wind_turbine/BaseColor.png
[0.057s] -- Up-to-date: /home/sf_ws/install/cola2_stonefish/share/cola2_stonefish/data/blueboat
[0.057s] -- Up-to-date: /home/sf_ws/install/cola2_stonefish/share/cola2_stonefish/data/blueboat/right_side.obj
[0.057s] -- Up-to-date: /home/sf_ws/install/cola2_stonefish/share/cola2_stonefish/data/blueboat/metal_left_down.obj
[0.057s] -- Up-to-date: /home/sf_ws/install/cola2_stonefish/share/cola2_stonefish/data/blueboat/propeller.obj
[0.057s] -- Up-to-date: /home/sf_ws/install/cola2_stonefish/share/cola2_stonefish/data/blueboat/untitled.obj
[0.057s] -- Up-to-date: /home/sf_ws/install/cola2_stonefish/share/cola2_stonefish/data/blueboat/metal_front.obj
[0.058s] -- Up-to-date: /home/sf_ws/install/cola2_stonefish/share/cola2_stonefish/data/blueboat/propeller_cc.mtl
[0.058s] -- Up-to-date: /home/sf_ws/install/cola2_stonefish/share/cola2_stonefish/data/blueboat/propeller_right.obj
[0.058s] -- Up-to-date: /home/sf_ws/install/cola2_stonefish/share/cola2_stonefish/data/blueboat/propeller_cc.obj
[0.058s] -- Up-to-date: /home/sf_ws/install/cola2_stonefish/share/cola2_stonefish/data/blueboat/propeller_left.obj
[0.058s] -- Up-to-date: /home/sf_ws/install/cola2_stonefish/share/cola2_stonefish/data/blueboat/metal_left_up.obj
[0.058s] -- Up-to-date: /home/sf_ws/install/cola2_stonefish/share/cola2_stonefish/data/blueboat/metal_right_down.obj
[0.058s] -- Up-to-date: /home/sf_ws/install/cola2_stonefish/share/cola2_stonefish/data/blueboat/metal_rear.obj
[0.058s] -- Up-to-date: /home/sf_ws/install/cola2_stonefish/share/cola2_stonefish/data/blueboat/metal_right_up.obj
[0.058s] -- Up-to-date: /home/sf_ws/install/cola2_stonefish/share/cola2_stonefish/data/blueboat/propeller2.obj
[0.058s] -- Up-to-date: /home/sf_ws/install/cola2_stonefish/share/cola2_stonefish/data/blueboat/right_back.obj
[0.058s] -- Up-to-date: /home/sf_ws/install/cola2_stonefish/share/cola2_stonefish/data/blueboat/flag.obj
[0.058s] -- Up-to-date: /home/sf_ws/install/cola2_stonefish/share/cola2_stonefish/data/blueboat/left_side.obj
[0.058s] -- Up-to-date: /home/sf_ws/install/cola2_stonefish/share/cola2_stonefish/data/blueboat/propeller2.mtl
[0.058s] -- Up-to-date: /home/sf_ws/install/cola2_stonefish/share/cola2_stonefish/data/blueboat/metal_left.obj
[0.058s] -- Up-to-date: /home/sf_ws/install/cola2_stonefish/share/cola2_stonefish/data/blueboat/left_back.obj
[0.058s] -- Up-to-date: /home/sf_ws/install/cola2_stonefish/share/cola2_stonefish/data/rexrov
[0.058s] -- Up-to-date: /home/sf_ws/install/cola2_stonefish/share/cola2_stonefish/data/rexrov/rexrov.obj
[0.058s] -- Up-to-date: /home/sf_ws/install/cola2_stonefish/share/cola2_stonefish/data/rexrov/rexrov_propeller.obj
[0.058s] -- Up-to-date: /home/sf_ws/install/cola2_stonefish/share/cola2_stonefish/data/bluerov2_heavy2
[0.058s] -- Up-to-date: /home/sf_ws/install/cola2_stonefish/share/cola2_stonefish/data/bluerov2_heavy2/right_side.obj
[0.058s] -- Up-to-date: /home/sf_ws/install/cola2_stonefish/share/cola2_stonefish/data/bluerov2_heavy2/weight_right.obj
[0.058s] -- Up-to-date: /home/sf_ws/install/cola2_stonefish/share/cola2_stonefish/data/bluerov2_heavy2/right_sideUP.obj
[0.058s] -- Up-to-date: /home/sf_ws/install/cola2_stonefish/share/cola2_stonefish/data/bluerov2_heavy2/weight_middle_middle.obj
[0.058s] -- Up-to-date: /home/sf_ws/install/cola2_stonefish/share/cola2_stonefish/data/bluerov2_heavy2/weight_middle_up.obj
[0.058s] -- Up-to-date: /home/sf_ws/install/cola2_stonefish/share/cola2_stonefish/data/bluerov2_heavy2/duct_right_up_rear.obj
[0.058s] -- Up-to-date: /home/sf_ws/install/cola2_stonefish/share/cola2_stonefish/data/bluerov2_heavy2/light_right_up.obj
[0.058s] -- Up-to-date: /home/sf_ws/install/cola2_stonefish/share/cola2_stonefish/data/bluerov2_heavy2/first_cylinder.obj
[0.058s] -- Up-to-date: /home/sf_ws/install/cola2_stonefish/share/cola2_stonefish/data/bluerov2_heavy2/left_foam.obj
[0.058s] -- Up-to-date: /home/sf_ws/install/cola2_stonefish/share/cola2_stonefish/data/bluerov2_heavy2/right_foam.obj
[0.058s] -- Up-to-date: /home/sf_ws/install/cola2_stonefish/share/cola2_stonefish/data/bluerov2_heavy2/light_left_up.obj
[0.058s] -- Up-to-date: /home/sf_ws/install/cola2_stonefish/share/cola2_stonefish/data/bluerov2_heavy2/weight_left.obj
[0.058s] -- Up-to-date: /home/sf_ws/install/cola2_stonefish/share/cola2_stonefish/data/bluerov2_heavy2/duct_right_front.obj
[0.058s] -- Up-to-date: /home/sf_ws/install/cola2_stonefish/share/cola2_stonefish/data/bluerov2_heavy2/second_cylinder.obj
[0.058s] -- Up-to-date: /home/sf_ws/install/cola2_stonefish/share/cola2_stonefish/data/bluerov2_heavy2/light_left_down.obj
[0.058s] -- Up-to-date: /home/sf_ws/install/cola2_stonefish/share/cola2_stonefish/data/bluerov2_heavy2/duct_left_front.obj
[0.058s] -- Up-to-date: /home/sf_ws/install/cola2_stonefish/share/cola2_stonefish/data/bluerov2_heavy2/light_right_down.obj
[0.058s] -- Up-to-date: /home/sf_ws/install/cola2_stonefish/share/cola2_stonefish/data/bluerov2_heavy2/duct_left_up_rear.obj
[0.058s] -- Up-to-date: /home/sf_ws/install/cola2_stonefish/share/cola2_stonefish/data/bluerov2_heavy2/duct_right_up_front.obj
[0.058s] -- Up-to-date: /home/sf_ws/install/cola2_stonefish/share/cola2_stonefish/data/bluerov2_heavy2/base.obj
[0.058s] -- Up-to-date: /home/sf_ws/install/cola2_stonefish/share/cola2_stonefish/data/bluerov2_heavy2/left_side.obj
[0.058s] -- Up-to-date: /home/sf_ws/install/cola2_stonefish/share/cola2_stonefish/data/bluerov2_heavy2/duct_left_rear.obj
[0.058s] -- Up-to-date: /home/sf_ws/install/cola2_stonefish/share/cola2_stonefish/data/bluerov2_heavy2/duct_right_rear.obj
[0.058s] -- Up-to-date: /home/sf_ws/install/cola2_stonefish/share/cola2_stonefish/data/bluerov2_heavy2/weight_middle_down.obj
[0.058s] -- Up-to-date: /home/sf_ws/install/cola2_stonefish/share/cola2_stonefish/data/bluerov2_heavy2/Propeller.obj
[0.059s] -- Up-to-date: /home/sf_ws/install/cola2_stonefish/share/cola2_stonefish/data/bluerov2_heavy2/dome.obj
[0.059s] -- Up-to-date: /home/sf_ws/install/cola2_stonefish/share/cola2_stonefish/data/bluerov2_heavy2/duct_left_up_front.obj
[0.059s] -- Up-to-date: /home/sf_ws/install/cola2_stonefish/share/cola2_stonefish/data/bluerov2_heavy2/left_sideUP.obj
[0.059s] -- Up-to-date: /home/sf_ws/install/cola2_stonefish/share/cola2_stonefish/data/cliff.mtl
[0.059s] -- Up-to-date: /home/sf_ws/install/cola2_stonefish/share/cola2_stonefish/data/bluerov
[0.059s] -- Up-to-date: /home/sf_ws/install/cola2_stonefish/share/cola2_stonefish/data/bluerov/propeller_bottom_retro_left.mtl
[0.059s] -- Up-to-date: /home/sf_ws/install/cola2_stonefish/share/cola2_stonefish/data/bluerov/camera_dome_vis.obj
[0.059s] -- Up-to-date: /home/sf_ws/install/cola2_stonefish/share/cola2_stonefish/data/bluerov/propeller_bottom_right.obj
[0.059s] -- Up-to-date: /home/sf_ws/install/cola2_stonefish/share/cola2_stonefish/data/bluerov/weight_center1_vis.obj
[0.059s] -- Up-to-date: /home/sf_ws/install/cola2_stonefish/share/cola2_stonefish/data/bluerov/propeller_bottom_retro_right.mtl
[0.059s] -- Up-to-date: /home/sf_ws/install/cola2_stonefish/share/cola2_stonefish/data/bluerov/under_hull_r3_phy.obj
[0.059s] -- Up-to-date: /home/sf_ws/install/cola2_stonefish/share/cola2_stonefish/data/bluerov/under_hull_r2_vis.obj
[0.059s] -- Up-to-date: /home/sf_ws/install/cola2_stonefish/share/cola2_stonefish/data/bluerov/duct_bottom_left_phy.obj
[0.059s] -- Up-to-date: /home/sf_ws/install/cola2_stonefish/share/cola2_stonefish/data/bluerov/side_r_vis.obj
[0.059s] -- Up-to-date: /home/sf_ws/install/cola2_stonefish/share/cola2_stonefish/data/bluerov/duct_bottom_retro_left_phy.obj
[0.059s] -- Up-to-date: /home/sf_ws/install/cola2_stonefish/share/cola2_stonefish/data/bluerov/duct_bottom_left_vis.obj
[0.059s] -- Up-to-date: /home/sf_ws/install/cola2_stonefish/share/cola2_stonefish/data/bluerov/propeller.obj
[0.059s] -- Up-to-date: /home/sf_ws/install/cola2_stonefish/share/cola2_stonefish/data/bluerov/weight_center1_phy.obj
[0.059s] -- Up-to-date: /home/sf_ws/install/cola2_stonefish/share/cola2_stonefish/data/bluerov/propeller_up_right.obj
[0.059s] -- Up-to-date: /home/sf_ws/install/cola2_stonefish/share/cola2_stonefish/data/bluerov/camera_hull_vis.obj
[0.059s] -- Up-to-date: /home/sf_ws/install/cola2_stonefish/share/cola2_stonefish/data/bluerov/hull_r1_vis.obj
[0.059s] -- Up-to-date: /home/sf_ws/install/cola2_stonefish/share/cola2_stonefish/data/bluerov/hull_r3_phy.obj
[0.059s] -- Up-to-date: /home/sf_ws/install/cola2_stonefish/share/cola2_stonefish/data/bluerov/camera_hull_phy.obj
[0.059s] -- Up-to-date: /home/sf_ws/install/cola2_stonefish/share/cola2_stonefish/data/bluerov/duct_bottom_retro_right_vis.obj
[0.059s] -- Up-to-date: /home/sf_ws/install/cola2_stonefish/share/cola2_stonefish/data/bluerov/hull_r4_vis.obj
[0.059s] -- Up-to-date: /home/sf_ws/install/cola2_stonefish/share/cola2_stonefish/data/bluerov/weight_left_vis.obj
[0.059s] -- Up-to-date: /home/sf_ws/install/cola2_stonefish/share/cola2_stonefish/data/bluerov/under_hull_r1_vis.obj
[0.059s] -- Up-to-date: /home/sf_ws/install/cola2_stonefish/share/cola2_stonefish/data/bluerov/weight_right_vis.obj
[0.059s] -- Up-to-date: /home/sf_ws/install/cola2_stonefish/share/cola2_stonefish/data/bluerov/propeller_bottom_left1.mtl
[0.059s] -- Up-to-date: /home/sf_ws/install/cola2_stonefish/share/cola2_stonefish/data/bluerov/under_hull_r4_phy.obj
[0.059s] -- Up-to-date: /home/sf_ws/install/cola2_stonefish/share/cola2_stonefish/data/bluerov/camera_dome_phy.obj
[0.059s] -- Up-to-date: /home/sf_ws/install/cola2_stonefish/share/cola2_stonefish/data/bluerov/weight_right_phy.obj
[0.059s] -- Up-to-date: /home/sf_ws/install/cola2_stonefish/share/cola2_stonefish/data/bluerov/propeller_bottom_retro_right.obj
[0.059s] -- Up-to-date: /home/sf_ws/install/cola2_stonefish/share/cola2_stonefish/data/bluerov/side_r_phy.obj
[0.059s] -- Up-to-date: /home/sf_ws/install/cola2_stonefish/share/cola2_stonefish/data/bluerov/duct_up_right_phy.obj
[0.059s] -- Up-to-date: /home/sf_ws/install/cola2_stonefish/share/cola2_stonefish/data/bluerov/under_hull_r3_vis.obj
[0.059s] -- Up-to-date: /home/sf_ws/install/cola2_stonefish/share/cola2_stonefish/data/bluerov/duct_phy.obj
[0.059s] -- Up-to-date: /home/sf_ws/install/cola2_stonefish/share/cola2_stonefish/data/bluerov/duct_bottom_retro_left_vis1.obj
[0.059s] -- Up-to-date: /home/sf_ws/install/cola2_stonefish/share/cola2_stonefish/data/bluerov/propeller_up_left.obj
[0.059s] -- Up-to-date: /home/sf_ws/install/cola2_stonefish/share/cola2_stonefish/data/bluerov/under_hull_r1_phy.obj
[0.059s] -- Up-to-date: /home/sf_ws/install/cola2_stonefish/share/cola2_stonefish/data/bluerov/under_hull_r2_phy.obj
[0.059s] -- Up-to-date: /home/sf_ws/install/cola2_stonefish/share/cola2_stonefish/data/bluerov/propeller_up_right1.obj
[0.060s] -- Up-to-date: /home/sf_ws/install/cola2_stonefish/share/cola2_stonefish/data/bluerov/propeller_bottom_left1.obj
[0.060s] -- Up-to-date: /home/sf_ws/install/cola2_stonefish/share/cola2_stonefish/data/bluerov/bluerov.blend1
[0.060s] -- Up-to-date: /home/sf_ws/install/cola2_stonefish/share/cola2_stonefish/data/bluerov/duct_up_left_vis.obj
[0.060s] -- Up-to-date: /home/sf_ws/install/cola2_stonefish/share/cola2_stonefish/data/bluerov/propeller_up_right.mtl
[0.060s] -- Up-to-date: /home/sf_ws/install/cola2_stonefish/share/cola2_stonefish/data/bluerov/duct_up_left_phy.obj
[0.060s] -- Up-to-date: /home/sf_ws/install/cola2_stonefish/share/cola2_stonefish/data/bluerov/weight_center2_vis.obj
[0.060s] -- Up-to-date: /home/sf_ws/install/cola2_stonefish/share/cola2_stonefish/data/bluerov/duct_bottom_right_phy.obj
[0.060s] -- Up-to-date: /home/sf_ws/install/cola2_stonefish/share/cola2_stonefish/data/bluerov/weight_center3_phy.obj
[0.060s] -- Up-to-date: /home/sf_ws/install/cola2_stonefish/share/cola2_stonefish/data/bluerov/propeller_bottom_retro_left.obj
[0.060s] -- Up-to-date: /home/sf_ws/install/cola2_stonefish/share/cola2_stonefish/data/bluerov/propeller_up_right2.obj
[0.060s] -- Up-to-date: /home/sf_ws/install/cola2_stonefish/share/cola2_stonefish/data/bluerov/hull_r2_phy.obj
[0.060s] -- Up-to-date: /home/sf_ws/install/cola2_stonefish/share/cola2_stonefish/data/bluerov/weight_center2_phy.obj
[0.060s] -- Up-to-date: /home/sf_ws/install/cola2_stonefish/share/cola2_stonefish/data/bluerov/second_cylinder_vis.obj
[0.060s] -- Up-to-date: /home/sf_ws/install/cola2_stonefish/share/cola2_stonefish/data/bluerov/propeller_bottom_right.mtl
[0.060s] -- Up-to-date: /home/sf_ws/install/cola2_stonefish/share/cola2_stonefish/data/bluerov/side_l_phy.obj
[0.060s] -- Up-to-date: /home/sf_ws/install/cola2_stonefish/share/cola2_stonefish/data/bluerov/bottom_hull_phy.obj
[0.060s] -- Up-to-date: /home/sf_ws/install/cola2_stonefish/share/cola2_stonefish/data/bluerov/propeller_up_left.mtl
[0.060s] -- Up-to-date: /home/sf_ws/install/cola2_stonefish/share/cola2_stonefish/data/bluerov/bluerov.blend
[0.060s] -- Up-to-date: /home/sf_ws/install/cola2_stonefish/share/cola2_stonefish/data/bluerov/second_cylinder_phy.obj
[0.060s] -- Up-to-date: /home/sf_ws/install/cola2_stonefish/share/cola2_stonefish/data/bluerov/hull_r3_vis.obj
[0.060s] -- Up-to-date: /home/sf_ws/install/cola2_stonefish/share/cola2_stonefish/data/bluerov/camera_dome.obj
[0.060s] -- Up-to-date: /home/sf_ws/install/cola2_stonefish/share/cola2_stonefish/data/bluerov/duct_bottom_retro_left_vis.obj
[0.060s] -- Up-to-date: /home/sf_ws/install/cola2_stonefish/share/cola2_stonefish/data/bluerov/duct_bottom_right_vis.obj
[0.060s] -- Up-to-date: /home/sf_ws/install/cola2_stonefish/share/cola2_stonefish/data/bluerov/duct_up_right_vis.obj
[0.060s] -- Up-to-date: /home/sf_ws/install/cola2_stonefish/share/cola2_stonefish/data/bluerov/hull_r4_phy.obj
[0.060s] -- Up-to-date: /home/sf_ws/install/cola2_stonefish/share/cola2_stonefish/data/bluerov/weight_left_phy.obj
[0.060s] -- Up-to-date: /home/sf_ws/install/cola2_stonefish/share/cola2_stonefish/data/bluerov/hull_r1_phy.obj
[0.060s] -- Up-to-date: /home/sf_ws/install/cola2_stonefish/share/cola2_stonefish/data/bluerov/weight_center3_vis.obj
[0.060s] -- Up-to-date: /home/sf_ws/install/cola2_stonefish/share/cola2_stonefish/data/bluerov/bottom_hull_vis.obj
[0.060s] -- Up-to-date: /home/sf_ws/install/cola2_stonefish/share/cola2_stonefish/data/bluerov/duct_bottom_retro_right_phy.obj
[0.060s] -- Up-to-date: /home/sf_ws/install/cola2_stonefish/share/cola2_stonefish/data/bluerov/under_hull_r4_vis.obj
[0.060s] -- Up-to-date: /home/sf_ws/install/cola2_stonefish/share/cola2_stonefish/data/bluerov/side_l_vis.obj
[0.060s] -- Up-to-date: /home/sf_ws/install/cola2_stonefish/share/cola2_stonefish/data/bluerov/hull_r2_vis.obj
[0.060s] -- Up-to-date: /home/sf_ws/install/cola2_stonefish/share/cola2_stonefish/data/bluerov/duct_vis.obj
[0.060s] -- Up-to-date: /home/sf_ws/install/cola2_stonefish/share/cola2_stonefish/data/eca5emicro
[0.060s] -- Up-to-date: /home/sf_ws/install/cola2_stonefish/share/cola2_stonefish/data/eca5emicro/link2_phy.obj
[0.060s] -- Up-to-date: /home/sf_ws/install/cola2_stonefish/share/cola2_stonefish/data/eca5emicro/link4_ft_gripper.obj
[0.060s] -- Up-to-date: /home/sf_ws/install/cola2_stonefish/share/cola2_stonefish/data/eca5emicro/ft_sensor_a.obj
[0.060s] -- Up-to-date: /home/sf_ws/install/cola2_stonefish/share/cola2_stonefish/data/eca5emicro/link3_phy.obj
[0.060s] -- Up-to-date: /home/sf_ws/install/cola2_stonefish/share/cola2_stonefish/data/eca5emicro/link3.obj
[0.060s] -- Up-to-date: /home/sf_ws/install/cola2_stonefish/share/cola2_stonefish/data/eca5emicro/link4.obj
[0.060s] -- Up-to-date: /home/sf_ws/install/cola2_stonefish/share/cola2_stonefish/data/eca5emicro/link1.obj
[0.061s] -- Up-to-date: /home/sf_ws/install/cola2_stonefish/share/cola2_stonefish/data/eca5emicro/link2.obj
[0.061s] -- Up-to-date: /home/sf_ws/install/cola2_stonefish/share/cola2_stonefish/data/eca5emicro/jawbase2.obj
[0.061s] -- Up-to-date: /home/sf_ws/install/cola2_stonefish/share/cola2_stonefish/data/eca5emicro/base_link.obj
[0.061s] -- Up-to-date: /home/sf_ws/install/cola2_stonefish/share/cola2_stonefish/data/eca5emicro/link4_ft.obj
[0.061s] -- Up-to-date: /home/sf_ws/install/cola2_stonefish/share/cola2_stonefish/data/eca5emicro/link4_tex.png
[0.061s] -- Up-to-date: /home/sf_ws/install/cola2_stonefish/share/cola2_stonefish/data/eca5emicro/base_link_phy.obj
[0.061s] -- Up-to-date: /home/sf_ws/install/cola2_stonefish/share/cola2_stonefish/data/eca5emicro/ft_sensor_b.obj
[0.061s] -- Up-to-date: /home/sf_ws/install/cola2_stonefish/share/cola2_stonefish/data/eca5emicro/finger.obj
[0.061s] -- Up-to-date: /home/sf_ws/install/cola2_stonefish/share/cola2_stonefish/data/eca5emicro/link1_phy.obj
[0.061s] -- Up-to-date: /home/sf_ws/install/cola2_stonefish/share/cola2_stonefish/data/sparus2
[0.061s] -- Up-to-date: /home/sf_ws/install/cola2_stonefish/share/cola2_stonefish/data/sparus2/propeller.obj
[0.061s] -- Up-to-date: /home/sf_ws/install/cola2_stonefish/share/cola2_stonefish/data/sparus2/antenna.obj
[0.061s] -- Up-to-date: /home/sf_ws/install/cola2_stonefish/share/cola2_stonefish/data/sparus2/thruster.obj
[0.061s] -- Up-to-date: /home/sf_ws/install/cola2_stonefish/share/cola2_stonefish/data/sparus2/thruster_phy.obj
[0.061s] -- Up-to-date: /home/sf_ws/install/cola2_stonefish/share/cola2_stonefish/data/sparus2/hull_phy.obj
[0.061s] -- Up-to-date: /home/sf_ws/install/cola2_stonefish/share/cola2_stonefish/data/sparus2/antenna_phy.obj
[0.061s] -- Up-to-date: /home/sf_ws/install/cola2_stonefish/share/cola2_stonefish/data/sparus2/tail_phy.obj
[0.061s] -- Up-to-date: /home/sf_ws/install/cola2_stonefish/share/cola2_stonefish/data/sparus2/hull_tex.png
[0.061s] -- Up-to-date: /home/sf_ws/install/cola2_stonefish/share/cola2_stonefish/data/sparus2/hull.obj
[0.061s] -- Up-to-date: /home/sf_ws/install/cola2_stonefish/share/cola2_stonefish/data/girona500
[0.061s] -- Up-to-date: /home/sf_ws/install/cola2_stonefish/share/cola2_stonefish/data/girona500/upper_hull_tex.png
[0.061s] -- Up-to-date: /home/sf_ws/install/cola2_stonefish/share/cola2_stonefish/data/girona500/hull_phy2.obj
[0.061s] -- Up-to-date: /home/sf_ws/install/cola2_stonefish/share/cola2_stonefish/data/girona500/propeller.obj
[0.061s] -- Up-to-date: /home/sf_ws/install/cola2_stonefish/share/cola2_stonefish/data/girona500/lower_hull.obj
[0.061s] -- Up-to-date: /home/sf_ws/install/cola2_stonefish/share/cola2_stonefish/data/girona500/antenna.obj
[0.061s] -- Up-to-date: /home/sf_ws/install/cola2_stonefish/share/cola2_stonefish/data/girona500/duct.obj
[0.061s] -- Up-to-date: /home/sf_ws/install/cola2_stonefish/share/cola2_stonefish/data/girona500/tbar_phy.obj
[0.061s] -- Up-to-date: /home/sf_ws/install/cola2_stonefish/share/cola2_stonefish/data/girona500/tbar_back_tex.png
[0.061s] -- Up-to-date: /home/sf_ws/install/cola2_stonefish/share/cola2_stonefish/data/girona500/tbar_back.obj
[0.061s] -- Up-to-date: /home/sf_ws/install/cola2_stonefish/share/cola2_stonefish/data/girona500/duct_tex.png
[0.061s] -- Up-to-date: /home/sf_ws/install/cola2_stonefish/share/cola2_stonefish/data/girona500/duct_phy.obj
[0.061s] -- Up-to-date: /home/sf_ws/install/cola2_stonefish/share/cola2_stonefish/data/girona500/hull_phy.obj
[0.061s] -- Up-to-date: /home/sf_ws/install/cola2_stonefish/share/cola2_stonefish/data/girona500/antenna_phy.obj
[0.061s] -- Up-to-date: /home/sf_ws/install/cola2_stonefish/share/cola2_stonefish/data/girona500/tbar_front.obj
[0.061s] -- Up-to-date: /home/sf_ws/install/cola2_stonefish/share/cola2_stonefish/data/girona500/tbar_front_tex.png
[0.061s] -- Up-to-date: /home/sf_ws/install/cola2_stonefish/share/cola2_stonefish/data/girona500/lower_hull_tex.png
[0.061s] -- Up-to-date: /home/sf_ws/install/cola2_stonefish/share/cola2_stonefish/data/girona500/upper_hull.obj
[0.062s] -- Up-to-date: /home/sf_ws/install/cola2_stonefish/share/cola2_stonefish/data/girona500/hull.obj
[0.062s] -- Up-to-date: /home/sf_ws/install/cola2_stonefish/share/cola2_stonefish/data/girona500/propeller_tex.png
[0.062s] -- Up-to-date: /home/sf_ws/install/cola2_stonefish/share/cola2_stonefish/data/cliff.jpg
[0.062s] -- Up-to-date: /home/sf_ws/install/cola2_stonefish/share/cola2_stonefish/data/bluerov2_unphy
[0.062s] -- Up-to-date: /home/sf_ws/install/cola2_stonefish/share/cola2_stonefish/data/bluerov2_unphy/bluerov2_wings.obj
[0.062s] -- Up-to-date: /home/sf_ws/install/cola2_stonefish/share/cola2_stonefish/data/bluerov2_unphy/ccw.obj
[0.062s] -- Up-to-date: /home/sf_ws/install/cola2_stonefish/share/cola2_stonefish/data/bluerov2_unphy/cw.obj
[0.062s] -- Up-to-date: /home/sf_ws/install/cola2_stonefish/share/cola2_stonefish/data/bluerov2_unphy/bluerov2_phy.obj
[0.062s] -- Up-to-date: /home/sf_ws/install/cola2_stonefish/share/cola2_stonefish/data/bluerov2_unphy/br2.png
[0.062s] -- Up-to-date: /home/sf_ws/install/cola2_stonefish/share/cola2_stonefish/data/bluerov2_unphy/br2.obj
[0.062s] -- Up-to-date: /home/sf_ws/install/cola2_stonefish/share/cola2_stonefish/data/bluerov2_unphy/bluerov2_phy.mtl
[0.062s] -- Up-to-date: /home/sf_ws/install/cola2_stonefish/share/cola2_stonefish/data/bluerov2_unphy/bluerov2.obj
[0.062s] -- Up-to-date: /home/sf_ws/install/cola2_stonefish/share/cola2_stonefish/data/bluerov2_unphy/bluerov2_ring.obj
[0.062s] -- Up-to-date: /home/sf_ws/install/cola2_stonefish/share/cola2_stonefish/data/cliff.obj
[0.062s] -- Up-to-date: /home/sf_ws/install/cola2_stonefish/share/cola2_stonefish/data/alpha
[0.062s] -- Up-to-date: /home/sf_ws/install/cola2_stonefish/share/cola2_stonefish/data/alpha/m2_v2.obj
[0.062s] -- Up-to-date: /home/sf_ws/install/cola2_stonefish/share/cola2_stonefish/data/alpha/rs1_139_fin_v3.obj
[0.062s] -- Up-to-date: /home/sf_ws/install/cola2_stonefish/share/cola2_stonefish/data/alpha/end_effectors
[0.062s] -- Up-to-date: /home/sf_ws/install/cola2_stonefish/share/cola2_stonefish/data/alpha/end_effectors/RS1-139.stl
[0.062s] -- Up-to-date: /home/sf_ws/install/cola2_stonefish/share/cola2_stonefish/data/alpha/end_effectors/RS1-130.stl
[0.062s] -- Up-to-date: /home/sf_ws/install/cola2_stonefish/share/cola2_stonefish/data/alpha/end_effectors/RS1-124.stl
[0.062s] -- Up-to-date: /home/sf_ws/install/cola2_stonefish/share/cola2_stonefish/data/alpha/rs1_v2.obj
[0.062s] -- Up-to-date: /home/sf_ws/install/cola2_stonefish/share/cola2_stonefish/data/alpha/M3-INLINE.stl
[0.062s] -- Up-to-date: /home/sf_ws/install/cola2_stonefish/share/cola2_stonefish/data/alpha/rs1_130_fin_v3.mtl
[0.062s] -- Up-to-date: /home/sf_ws/install/cola2_stonefish/share/cola2_stonefish/data/alpha/rs1_139_v2.mtl
[0.062s] -- Up-to-date: /home/sf_ws/install/cola2_stonefish/share/cola2_stonefish/data/alpha/m2_1_1.obj
[0.062s] -- Up-to-date: /home/sf_ws/install/cola2_stonefish/share/cola2_stonefish/data/alpha/rs1_124.mtl
[0.062s] -- Up-to-date: /home/sf_ws/install/cola2_stonefish/share/cola2_stonefish/data/alpha/rs1_130_v5.mtl
[0.062s] -- Up-to-date: /home/sf_ws/install/cola2_stonefish/share/cola2_stonefish/data/alpha/rs1_v2.mtl
[0.062s] -- Up-to-date: /home/sf_ws/install/cola2_stonefish/share/cola2_stonefish/data/alpha/rs1_130_v2.mtl
[0.062s] -- Up-to-date: /home/sf_ws/install/cola2_stonefish/share/cola2_stonefish/data/alpha/rs1_139_fin.mtl
[0.062s] -- Up-to-date: /home/sf_ws/install/cola2_stonefish/share/cola2_stonefish/data/alpha/m2.obj
[0.062s] -- Up-to-date: /home/sf_ws/install/cola2_stonefish/share/cola2_stonefish/data/alpha/rs1_139_v3.obj
[0.062s] -- Up-to-date: /home/sf_ws/install/cola2_stonefish/share/cola2_stonefish/data/alpha/m2_1_3.mtl
[0.062s] -- Up-to-date: /home/sf_ws/install/cola2_stonefish/share/cola2_stonefish/data/alpha/rs1_124_v2.obj
[0.062s] -- Up-to-date: /home/sf_ws/install/cola2_stonefish/share/cola2_stonefish/data/alpha/rs1_130_v3.mtl
[0.062s] -- Up-to-date: /home/sf_ws/install/cola2_stonefish/share/cola2_stonefish/data/alpha/m2_v3.mtl
[0.062s] -- Up-to-date: /home/sf_ws/install/cola2_stonefish/share/cola2_stonefish/data/alpha/m2_1_1.mtl
[0.062s] -- Up-to-date: /home/sf_ws/install/cola2_stonefish/share/cola2_stonefish/data/alpha/M2-1-3.stl
[0.062s] -- Up-to-date: /home/sf_ws/install/cola2_stonefish/share/cola2_stonefish/data/alpha/m2_1_1_v2.mtl
[0.062s] -- Up-to-date: /home/sf_ws/install/cola2_stonefish/share/cola2_stonefish/data/alpha/rs1_130.mtl
[0.062s] -- Up-to-date: /home/sf_ws/install/cola2_stonefish/share/cola2_stonefish/data/alpha/rs1_139_v2.obj
[0.062s] -- Up-to-date: /home/sf_ws/install/cola2_stonefish/share/cola2_stonefish/data/alpha/M2-1-1.stl
[0.062s] -- Up-to-date: /home/sf_ws/install/cola2_stonefish/share/cola2_stonefish/data/alpha/rs1_130_v4.mtl
[0.062s] -- Up-to-date: /home/sf_ws/install/cola2_stonefish/share/cola2_stonefish/data/alpha/m2_1_1_v2.obj
[0.062s] -- Up-to-date: /home/sf_ws/install/cola2_stonefish/share/cola2_stonefish/data/alpha/m3_inline.obj
[0.062s] -- Up-to-date: /home/sf_ws/install/cola2_stonefish/share/cola2_stonefish/data/alpha/m2_v3.obj
[0.062s] -- Up-to-date: /home/sf_ws/install/cola2_stonefish/share/cola2_stonefish/data/alpha/rs1_130_v3.obj
[0.062s] -- Up-to-date: /home/sf_ws/install/cola2_stonefish/share/cola2_stonefish/data/alpha/rs1.obj
[0.062s] -- Up-to-date: /home/sf_ws/install/cola2_stonefish/share/cola2_stonefish/data/alpha/rs1_139_v3.mtl
[0.063s] -- Up-to-date: /home/sf_ws/install/cola2_stonefish/share/cola2_stonefish/data/alpha/rs1_130_v2.obj
[0.063s] -- Up-to-date: /home/sf_ws/install/cola2_stonefish/share/cola2_stonefish/data/alpha/LICENSE
[0.063s] -- Up-to-date: /home/sf_ws/install/cola2_stonefish/share/cola2_stonefish/data/alpha/m2_1_3_fin.obj
[0.063s] -- Up-to-date: /home/sf_ws/install/cola2_stonefish/share/cola2_stonefish/data/alpha/rs1_139.mtl
[0.063s] -- Up-to-date: /home/sf_ws/install/cola2_stonefish/share/cola2_stonefish/data/alpha/rs1_130_fin_v2.obj
[0.063s] -- Up-to-date: /home/sf_ws/install/cola2_stonefish/share/cola2_stonefish/data/alpha/M2.stl
[0.063s] -- Up-to-date: /home/sf_ws/install/cola2_stonefish/share/cola2_stonefish/data/alpha/rs1_139_fin_v2.obj
[0.063s] -- Up-to-date: /home/sf_ws/install/cola2_stonefish/share/cola2_stonefish/data/alpha/rs1.mtl
[0.063s] -- Up-to-date: /home/sf_ws/install/cola2_stonefish/share/cola2_stonefish/data/alpha/m2_v2.mtl
[0.063s] -- Up-to-date: /home/sf_ws/install/cola2_stonefish/share/cola2_stonefish/data/alpha/rs1_130_fin_v2.mtl
[0.063s] -- Up-to-date: /home/sf_ws/install/cola2_stonefish/share/cola2_stonefish/data/alpha/rs1_130_fin.mtl
[0.063s] -- Up-to-date: /home/sf_ws/install/cola2_stonefish/share/cola2_stonefish/data/alpha/m2_1_3.obj
[0.063s] -- Up-to-date: /home/sf_ws/install/cola2_stonefish/share/cola2_stonefish/data/alpha/m3_inline.mtl
[0.063s] -- Up-to-date: /home/sf_ws/install/cola2_stonefish/share/cola2_stonefish/data/alpha/m2_1_3_fin.mtl
[0.063s] -- Up-to-date: /home/sf_ws/install/cola2_stonefish/share/cola2_stonefish/data/alpha/rs1_130.obj
[0.063s] -- Up-to-date: /home/sf_ws/install/cola2_stonefish/share/cola2_stonefish/data/alpha/rs1_130_fin_v3.obj
[0.063s] -- Up-to-date: /home/sf_ws/install/cola2_stonefish/share/cola2_stonefish/data/alpha/m2.mtl
[0.063s] -- Up-to-date: /home/sf_ws/install/cola2_stonefish/share/cola2_stonefish/data/alpha/rs1_130_v4.obj
[0.063s] -- Up-to-date: /home/sf_ws/install/cola2_stonefish/share/cola2_stonefish/data/alpha/rs1_139.obj
[0.063s] -- Up-to-date: /home/sf_ws/install/cola2_stonefish/share/cola2_stonefish/data/alpha/rs1_124.obj
[0.063s] -- Up-to-date: /home/sf_ws/install/cola2_stonefish/share/cola2_stonefish/data/alpha/rs1_139_fin.obj
[0.063s] -- Up-to-date: /home/sf_ws/install/cola2_stonefish/share/cola2_stonefish/data/alpha/rs1_124_v2.mtl
[0.063s] -- Up-to-date: /home/sf_ws/install/cola2_stonefish/share/cola2_stonefish/data/alpha/RS1-100-101-123.stl
[0.063s] -- Up-to-date: /home/sf_ws/install/cola2_stonefish/share/cola2_stonefish/data/alpha/rs1_139_fin_v2.mtl
[0.063s] -- Up-to-date: /home/sf_ws/install/cola2_stonefish/share/cola2_stonefish/data/alpha/rs1_130_v5.obj
[0.063s] -- Up-to-date: /home/sf_ws/install/cola2_stonefish/share/cola2_stonefish/data/alpha/rs1_130_fin.obj
[0.063s] -- Up-to-date: /home/sf_ws/install/cola2_stonefish/share/cola2_stonefish/data/alpha/rs1_139_fin_v3.mtl
[0.063s] -- Up-to-date: /home/sf_ws/install/cola2_stonefish/share/cola2_stonefish/data/cirs_tank.obj
[0.063s] -- Up-to-date: /home/sf_ws/install/cola2_stonefish/share/cola2_stonefish/data/stereo.obj
[0.063s] -- Up-to-date: /home/sf_ws/install/cola2_stonefish/share/cola2_stonefish/data/reach_bravo7
[0.063s] -- Up-to-date: /home/sf_ws/install/cola2_stonefish/share/cola2_stonefish/data/reach_bravo7/cp_probe_foam.obj
[0.063s] -- Up-to-date: /home/sf_ws/install/cola2_stonefish/share/cola2_stonefish/data/reach_bravo7/cp_probe_foam_phy.obj
[0.063s] -- Up-to-date: /home/sf_ws/install/cola2_stonefish/share/cola2_stonefish/data/reach_bravo7/link2_phy.obj
[0.063s] -- Up-to-date: /home/sf_ws/install/cola2_stonefish/share/cola2_stonefish/data/reach_bravo7/link5.obj
[0.063s] -- Up-to-date: /home/sf_ws/install/cola2_stonefish/share/cola2_stonefish/data/reach_bravo7/link6.obj
[0.063s] -- Up-to-date: /home/sf_ws/install/cola2_stonefish/share/cola2_stonefish/data/reach_bravo7/nemo_drill_tex.png
[0.063s] -- Up-to-date: /home/sf_ws/install/cola2_stonefish/share/cola2_stonefish/data/reach_bravo7/fta_phy.obj
[0.063s] -- Up-to-date: /home/sf_ws/install/cola2_stonefish/share/cola2_stonefish/data/reach_bravo7/nemo_brush.obj
[0.063s] -- Up-to-date: /home/sf_ws/install/cola2_stonefish/share/cola2_stonefish/data/reach_bravo7/nemo_brush_phy.obj
[0.063s] -- Up-to-date: /home/sf_ws/install/cola2_stonefish/share/cola2_stonefish/data/reach_bravo7/cp_probe_phy.obj
[0.063s] -- Up-to-date: /home/sf_ws/install/cola2_stonefish/share/cola2_stonefish/data/reach_bravo7/link3_phy.obj
[0.063s] -- Up-to-date: /home/sf_ws/install/cola2_stonefish/share/cola2_stonefish/data/reach_bravo7/link3.obj
[0.063s] -- Up-to-date: /home/sf_ws/install/cola2_stonefish/share/cola2_stonefish/data/reach_bravo7/fta.obj
[0.063s] -- Up-to-date: /home/sf_ws/install/cola2_stonefish/share/cola2_stonefish/data/reach_bravo7/link6_phy.obj
[0.063s] -- Up-to-date: /home/sf_ws/install/cola2_stonefish/share/cola2_stonefish/data/reach_bravo7/link4.obj
[0.063s] -- Up-to-date: /home/sf_ws/install/cola2_stonefish/share/cola2_stonefish/data/reach_bravo7/cp_probe.obj
[0.063s] -- Up-to-date: /home/sf_ws/install/cola2_stonefish/share/cola2_stonefish/data/reach_bravo7/nemo_drill.obj
[0.063s] -- Up-to-date: /home/sf_ws/install/cola2_stonefish/share/cola2_stonefish/data/reach_bravo7/nemo_brush_tex.png
[0.064s] -- Up-to-date: /home/sf_ws/install/cola2_stonefish/share/cola2_stonefish/data/reach_bravo7/cp_probe_tex.png
[0.064s] -- Up-to-date: /home/sf_ws/install/cola2_stonefish/share/cola2_stonefish/data/reach_bravo7/nemo_drill_phy.obj
[0.064s] -- Up-to-date: /home/sf_ws/install/cola2_stonefish/share/cola2_stonefish/data/reach_bravo7/link1.obj
[0.064s] -- Up-to-date: /home/sf_ws/install/cola2_stonefish/share/cola2_stonefish/data/reach_bravo7/link2.obj
[0.064s] -- Up-to-date: /home/sf_ws/install/cola2_stonefish/share/cola2_stonefish/data/reach_bravo7/ftb_phy.obj
[0.064s] -- Up-to-date: /home/sf_ws/install/cola2_stonefish/share/cola2_stonefish/data/reach_bravo7/link5_phy.obj
[0.064s] -- Up-to-date: /home/sf_ws/install/cola2_stonefish/share/cola2_stonefish/data/reach_bravo7/link4_phy.obj
[0.064s] -- Up-to-date: /home/sf_ws/install/cola2_stonefish/share/cola2_stonefish/data/reach_bravo7/base_link.obj
[0.064s] -- Up-to-date: /home/sf_ws/install/cola2_stonefish/share/cola2_stonefish/data/reach_bravo7/ftb.obj
[0.064s] -- Up-to-date: /home/sf_ws/install/cola2_stonefish/share/cola2_stonefish/data/reach_bravo7/base_link_phy.obj
[0.064s] -- Up-to-date: /home/sf_ws/install/cola2_stonefish/share/cola2_stonefish/data/reach_bravo7/link1_phy.obj
[0.064s] -- Up-to-date: /home/sf_ws/install/cola2_stonefish/share/cola2_stonefish/data/opti_blueboat
[0.064s] -- Up-to-date: /home/sf_ws/install/cola2_stonefish/share/cola2_stonefish/data/opti_blueboat/right_side.obj
[0.064s] -- Up-to-date: /home/sf_ws/install/cola2_stonefish/share/cola2_stonefish/data/opti_blueboat/left.mtl
[0.064s] -- Up-to-date: /home/sf_ws/install/cola2_stonefish/share/cola2_stonefish/data/opti_blueboat/rightside_back.mtl
[0.064s] -- Up-to-date: /home/sf_ws/install/cola2_stonefish/share/cola2_stonefish/data/opti_blueboat/metal_fron.obj
[0.064s] -- Up-to-date: /home/sf_ws/install/cola2_stonefish/share/cola2_stonefish/data/opti_blueboat/front_metal_or.mtl
[0.064s] -- Up-to-date: /home/sf_ws/install/cola2_stonefish/share/cola2_stonefish/data/opti_blueboat/metal_rear.mtl
[0.064s] -- Up-to-date: /home/sf_ws/install/cola2_stonefish/share/cola2_stonefish/data/opti_blueboat/left_side2.mtl
[0.064s] -- Up-to-date: /home/sf_ws/install/cola2_stonefish/share/cola2_stonefish/data/opti_blueboat/right_side_or.mtl
[0.064s] -- Up-to-date: /home/sf_ws/install/cola2_stonefish/share/cola2_stonefish/data/opti_blueboat/rightside_F1.obj
[0.064s] -- Up-to-date: /home/sf_ws/install/cola2_stonefish/share/cola2_stonefish/data/opti_blueboat/rightside_F.mtl
[0.064s] -- Up-to-date: /home/sf_ws/install/cola2_stonefish/share/cola2_stonefish/data/opti_blueboat/rear_metal.mtl
[0.064s] -- Up-to-date: /home/sf_ws/install/cola2_stonefish/share/cola2_stonefish/data/opti_blueboat/propeller.obj
[0.064s] -- Up-to-date: /home/sf_ws/install/cola2_stonefish/share/cola2_stonefish/data/opti_blueboat/metal_front.obj
[0.064s] -- Up-to-date: /home/sf_ws/install/cola2_stonefish/share/cola2_stonefish/data/opti_blueboat/left_rear_or.obj
[0.064s] -- Up-to-date: /home/sf_ws/install/cola2_stonefish/share/cola2_stonefish/data/opti_blueboat/right_side.mtl
[0.064s] -- Up-to-date: /home/sf_ws/install/cola2_stonefish/share/cola2_stonefish/data/opti_blueboat/propeller_cc.obj
[0.065s] -- Up-to-date: /home/sf_ws/install/cola2_stonefish/share/cola2_stonefish/data/opti_blueboat/metal_fron.mtl
[0.065s] -- Up-to-date: /home/sf_ws/install/cola2_stonefish/share/cola2_stonefish/data/opti_blueboat/rightside_F.obj
[0.065s] -- Up-to-date: /home/sf_ws/install/cola2_stonefish/share/cola2_stonefish/data/opti_blueboat/metal_rear.obj
[0.065s] -- Up-to-date: /home/sf_ws/install/cola2_stonefish/share/cola2_stonefish/data/opti_blueboat/rightside_F1.mtl
[0.065s] -- Up-to-date: /home/sf_ws/install/cola2_stonefish/share/cola2_stonefish/data/opti_blueboat/left_side2.obj
[0.065s] -- Up-to-date: /home/sf_ws/install/cola2_stonefish/share/cola2_stonefish/data/opti_blueboat/metal_front.mtl
[0.065s] -- Up-to-date: /home/sf_ws/install/cola2_stonefish/share/cola2_stonefish/data/opti_blueboat/left_side_or.obj
[0.065s] -- Up-to-date: /home/sf_ws/install/cola2_stonefish/share/cola2_stonefish/data/opti_blueboat/right_rear_or.obj
[0.065s] -- Up-to-date: /home/sf_ws/install/cola2_stonefish/share/cola2_stonefish/data/opti_blueboat/metal_rear_tube.mtl
[0.065s] -- Up-to-date: /home/sf_ws/install/cola2_stonefish/share/cola2_stonefish/data/opti_blueboat/left.obj
[0.065s] -- Up-to-date: /home/sf_ws/install/cola2_stonefish/share/cola2_stonefish/data/opti_blueboat/metal.obj
[0.065s] -- Up-to-date: /home/sf_ws/install/cola2_stonefish/share/cola2_stonefish/data/opti_blueboat/front_metal.obj
[0.065s] -- Up-to-date: /home/sf_ws/install/cola2_stonefish/share/cola2_stonefish/data/opti_blueboat/front_metal_or.obj
[0.065s] -- Up-to-date: /home/sf_ws/install/cola2_stonefish/share/cola2_stonefish/data/opti_blueboat/propeller2.obj
[0.065s] -- Up-to-date: /home/sf_ws/install/cola2_stonefish/share/cola2_stonefish/data/opti_blueboat/rear_metal.obj
[0.065s] -- Up-to-date: /home/sf_ws/install/cola2_stonefish/share/cola2_stonefish/data/opti_blueboat/left_side.obj
[0.065s] -- Up-to-date: /home/sf_ws/install/cola2_stonefish/share/cola2_stonefish/data/opti_blueboat/left_rear_or.mtl
[0.065s] -- Up-to-date: /home/sf_ws/install/cola2_stonefish/share/cola2_stonefish/data/opti_blueboat/leftside_F.obj
[0.065s] -- Up-to-date: /home/sf_ws/install/cola2_stonefish/share/cola2_stonefish/data/opti_blueboat/leftside_F.mtl
[0.065s] -- Up-to-date: /home/sf_ws/install/cola2_stonefish/share/cola2_stonefish/data/opti_blueboat/metal.mtl
[0.065s] -- Up-to-date: /home/sf_ws/install/cola2_stonefish/share/cola2_stonefish/data/opti_blueboat/metal_rear_tube.obj
[0.065s] -- Up-to-date: /home/sf_ws/install/cola2_stonefish/share/cola2_stonefish/data/opti_blueboat/left_side.mtl
[0.065s] -- Up-to-date: /home/sf_ws/install/cola2_stonefish/share/cola2_stonefish/data/opti_blueboat/leftside_back.mtl
[0.065s] -- Up-to-date: /home/sf_ws/install/cola2_stonefish/share/cola2_stonefish/data/opti_blueboat/rightside_back.obj
[0.065s] -- Up-to-date: /home/sf_ws/install/cola2_stonefish/share/cola2_stonefish/data/opti_blueboat/leftside_F1.mtl
[0.065s] -- Up-to-date: /home/sf_ws/install/cola2_stonefish/share/cola2_stonefish/data/opti_blueboat/left_side_or.mtl
[0.065s] -- Up-to-date: /home/sf_ws/install/cola2_stonefish/share/cola2_stonefish/data/opti_blueboat/leftside_back.obj
[0.065s] -- Up-to-date: /home/sf_ws/install/cola2_stonefish/share/cola2_stonefish/data/opti_blueboat/leftside_F1.obj
[0.065s] -- Up-to-date: /home/sf_ws/install/cola2_stonefish/share/cola2_stonefish/data/opti_blueboat/right_side_or.obj
[0.065s] -- Up-to-date: /home/sf_ws/install/cola2_stonefish/share/cola2_stonefish/data/opti_blueboat/right_rear_or.mtl
[0.065s] -- Up-to-date: /home/sf_ws/install/cola2_stonefish/share/cola2_stonefish/data/opti_blueboat/front_metal.mtl
[0.065s] -- Up-to-date: /home/sf_ws/install/cola2_stonefish/share/cola2_stonefish/data/falcon
[0.065s] -- Up-to-date: /home/sf_ws/install/cola2_stonefish/share/cola2_stonefish/data/falcon/frame.mtl
[0.065s] -- Up-to-date: /home/sf_ws/install/cola2_stonefish/share/cola2_stonefish/data/falcon/right_light_glass.obj
[0.065s] -- Up-to-date: /home/sf_ws/install/cola2_stonefish/share/cola2_stonefish/data/falcon/z_duct.obj
[0.065s] -- Up-to-date: /home/sf_ws/install/cola2_stonefish/share/cola2_stonefish/data/falcon/right_light_glass.mtl
[0.065s] -- Up-to-date: /home/sf_ws/install/cola2_stonefish/share/cola2_stonefish/data/falcon/right_glass.obj
[0.065s] -- Up-to-date: /home/sf_ws/install/cola2_stonefish/share/cola2_stonefish/data/falcon/propeller.obj
[0.065s] -- Up-to-date: /home/sf_ws/install/cola2_stonefish/share/cola2_stonefish/data/falcon/lower_hull.obj
[0.065s] -- Up-to-date: /home/sf_ws/install/cola2_stonefish/share/cola2_stonefish/data/falcon/left_glass.obj
[0.065s] -- Up-to-date: /home/sf_ws/install/cola2_stonefish/share/cola2_stonefish/data/falcon/frame_right.mtl
[0.065s] -- Up-to-date: /home/sf_ws/install/cola2_stonefish/share/cola2_stonefish/data/falcon/lower_hull_fin4.obj
[0.066s] -- Up-to-date: /home/sf_ws/install/cola2_stonefish/share/cola2_stonefish/data/falcon/right_glass.mtl
[0.066s] -- Up-to-date: /home/sf_ws/install/cola2_stonefish/share/cola2_stonefish/data/falcon/lower_hull_fin2.mtl
[0.066s] -- Up-to-date: /home/sf_ws/install/cola2_stonefish/share/cola2_stonefish/data/falcon/front_left_duct.obj
[0.066s] -- Up-to-date: /home/sf_ws/install/cola2_stonefish/share/cola2_stonefish/data/falcon/under_frame.mtl
[0.066s] -- Up-to-date: /home/sf_ws/install/cola2_stonefish/share/cola2_stonefish/data/falcon/frame_left.mtl
[0.066s] -- Up-to-date: /home/sf_ws/install/cola2_stonefish/share/cola2_stonefish/data/falcon/lower_hull_fin5.mtl
[0.066s] -- Up-to-date: /home/sf_ws/install/cola2_stonefish/share/cola2_stonefish/data/falcon/lower_hull_fin3.obj
[0.066s] -- Up-to-date: /home/sf_ws/install/cola2_stonefish/share/cola2_stonefish/data/falcon/frame.obj
[0.066s] -- Up-to-date: /home/sf_ws/install/cola2_stonefish/share/cola2_stonefish/data/falcon/upper_hull.mtl
[0.066s] -- Up-to-date: /home/sf_ws/install/cola2_stonefish/share/cola2_stonefish/data/falcon/center_light_glass.mtl
[0.066s] -- Up-to-date: /home/sf_ws/install/cola2_stonefish/share/cola2_stonefish/data/falcon/battery.obj
[0.066s] -- Up-to-date: /home/sf_ws/install/cola2_stonefish/share/cola2_stonefish/data/falcon/center_light.obj
[0.066s] -- Up-to-date: /home/sf_ws/install/cola2_stonefish/share/cola2_stonefish/data/falcon/right_light.mtl
[0.066s] -- Up-to-date: /home/sf_ws/install/cola2_stonefish/share/cola2_stonefish/data/falcon/lower_hull_fin3.mtl
[0.066s] -- Up-to-date: /home/sf_ws/install/cola2_stonefish/share/cola2_stonefish/data/falcon/rear_left_duct.obj
[0.066s] -- Up-to-date: /home/sf_ws/install/cola2_stonefish/share/cola2_stonefish/data/falcon/battery.mtl
[0.066s] -- Up-to-date: /home/sf_ws/install/cola2_stonefish/share/cola2_stonefish/data/falcon/frame_right.obj
[0.066s] -- Up-to-date: /home/sf_ws/install/cola2_stonefish/share/cola2_stonefish/data/falcon/frame_left.obj
[0.066s] -- Up-to-date: /home/sf_ws/install/cola2_stonefish/share/cola2_stonefish/data/falcon/under_frame.obj
[0.066s] -- Up-to-date: /home/sf_ws/install/cola2_stonefish/share/cola2_stonefish/data/falcon/left_light.obj
[0.066s] -- Up-to-date: /home/sf_ws/install/cola2_stonefish/share/cola2_stonefish/data/falcon/falcon_arm_base.obj
[0.066s] -- Up-to-date: /home/sf_ws/install/cola2_stonefish/share/cola2_stonefish/data/falcon/camera.obj
[0.066s] -- Up-to-date: /home/sf_ws/install/cola2_stonefish/share/cola2_stonefish/data/falcon/left_light.mtl
[0.066s] -- Up-to-date: /home/sf_ws/install/cola2_stonefish/share/cola2_stonefish/data/falcon/front_right_duct.obj
[0.066s] -- Up-to-date: /home/sf_ws/install/cola2_stonefish/share/cola2_stonefish/data/falcon/right_light.obj
[0.066s] -- Up-to-date: /home/sf_ws/install/cola2_stonefish/share/cola2_stonefish/data/falcon/rear_right_duct.mtl
[0.066s] -- Up-to-date: /home/sf_ws/install/cola2_stonefish/share/cola2_stonefish/data/falcon/center_light.mtl
[0.066s] -- Up-to-date: /home/sf_ws/install/cola2_stonefish/share/cola2_stonefish/data/falcon/camera.mtl
[0.066s] -- Up-to-date: /home/sf_ws/install/cola2_stonefish/share/cola2_stonefish/data/falcon/camera_dome.obj
[0.066s] -- Up-to-date: /home/sf_ws/install/cola2_stonefish/share/cola2_stonefish/data/falcon/camera_support.mtl
[0.066s] -- Up-to-date: /home/sf_ws/install/cola2_stonefish/share/cola2_stonefish/data/falcon/left_glass.mtl
[0.066s] -- Up-to-date: /home/sf_ws/install/cola2_stonefish/share/cola2_stonefish/data/falcon/front_left_duct.mtl
[0.066s] -- Up-to-date: /home/sf_ws/install/cola2_stonefish/share/cola2_stonefish/data/falcon/camera_dome.mtl
[0.066s] -- Up-to-date: /home/sf_ws/install/cola2_stonefish/share/cola2_stonefish/data/falcon/front_right_duct.mtl
[0.066s] -- Up-to-date: /home/sf_ws/install/cola2_stonefish/share/cola2_stonefish/data/falcon/rear_left_duct.mtl
[0.066s] -- Up-to-date: /home/sf_ws/install/cola2_stonefish/share/cola2_stonefish/data/falcon/camera_support.obj
[0.066s] -- Up-to-date: /home/sf_ws/install/cola2_stonefish/share/cola2_stonefish/data/falcon/upper_hull.obj
[0.066s] -- Up-to-date: /home/sf_ws/install/cola2_stonefish/share/cola2_stonefish/data/falcon/girona_propeller.obj
[0.066s] -- Up-to-date: /home/sf_ws/install/cola2_stonefish/share/cola2_stonefish/data/falcon/left_light_glass.mtl
[0.066s] -- Up-to-date: /home/sf_ws/install/cola2_stonefish/share/cola2_stonefish/data/falcon/propeller.mtl
[0.066s] -- Up-to-date: /home/sf_ws/install/cola2_stonefish/share/cola2_stonefish/data/falcon/falcon_arm_base.mtl
[0.066s] -- Up-to-date: /home/sf_ws/install/cola2_stonefish/share/cola2_stonefish/data/falcon/rear_right_duct.obj
[0.066s] -- Up-to-date: /home/sf_ws/install/cola2_stonefish/share/cola2_stonefish/data/falcon/lower_hull_fin4.mtl
[0.066s] -- Up-to-date: /home/sf_ws/install/cola2_stonefish/share/cola2_stonefish/data/falcon/lower_hull.mtl
[0.066s] -- Up-to-date: /home/sf_ws/install/cola2_stonefish/share/cola2_stonefish/data/falcon/lower_hull_fin.mtl
[0.066s] -- Up-to-date: /home/sf_ws/install/cola2_stonefish/share/cola2_stonefish/data/falcon/lower_hull_fin2.obj
[0.067s] -- Up-to-date: /home/sf_ws/install/cola2_stonefish/share/cola2_stonefish/data/falcon/lower_hull_fin.obj
[0.067s] -- Up-to-date: /home/sf_ws/install/cola2_stonefish/share/cola2_stonefish/data/falcon/left_light_glass.obj
[0.067s] -- Up-to-date: /home/sf_ws/install/cola2_stonefish/share/cola2_stonefish/data/falcon/center_light_glass.obj
[0.067s] -- Up-to-date: /home/sf_ws/install/cola2_stonefish/share/cola2_stonefish/data/falcon/z_duct.mtl
[0.067s] -- Up-to-date: /home/sf_ws/install/cola2_stonefish/share/cola2_stonefish/data/falcon/lower_hull_fin5.obj
[0.067s] -- Up-to-date: /home/sf_ws/install/cola2_stonefish/share/cola2_stonefish/scenarios
[0.067s] -- Up-to-date: /home/sf_ws/install/cola2_stonefish/share/cola2_stonefish/scenarios/bluerov2_unphy.scn
[0.067s] -- Up-to-date: /home/sf_ws/install/cola2_stonefish/share/cola2_stonefish/scenarios/girona500.scn
[0.067s] -- Up-to-date: /home/sf_ws/install/cola2_stonefish/share/cola2_stonefish/scenarios/bluerov_tank.scn
[0.067s] -- Up-to-date: /home/sf_ws/install/cola2_stonefish/share/cola2_stonefish/scenarios/blueboat.scn
[0.067s] -- Up-to-date: /home/sf_ws/install/cola2_stonefish/share/cola2_stonefish/scenarios/blueboat_bluerov_env.scn
[0.067s] -- Up-to-date: /home/sf_ws/install/cola2_stonefish/share/cola2_stonefish/scenarios/bluerov2_unphy_laser_tank.scn
[0.067s] -- Up-to-date: /home/sf_ws/install/cola2_stonefish/share/cola2_stonefish/scenarios/sparus2_tank.scn
[0.067s] -- Up-to-date: /home/sf_ws/install/cola2_stonefish/share/cola2_stonefish/scenarios/bluerov2_heavy_alpha_tank.scn
[0.067s] -- Up-to-date: /home/sf_ws/install/cola2_stonefish/share/cola2_stonefish/scenarios/HW_REXROV2.scn
[0.067s] -- Up-to-date: /home/sf_ws/install/cola2_stonefish/share/cola2_stonefish/scenarios/falcon.scn
[0.067s] -- Up-to-date: /home/sf_ws/install/cola2_stonefish/share/cola2_stonefish/scenarios/sparus2.scn
[0.067s] -- Up-to-date: /home/sf_ws/install/cola2_stonefish/share/cola2_stonefish/scenarios/bluerov2_unphy_alpha_tank.scn
[0.067s] -- Up-to-date: /home/sf_ws/install/cola2_stonefish/share/cola2_stonefish/scenarios/HW_REXROV2_tank.scn
[0.067s] -- Up-to-date: /home/sf_ws/install/cola2_stonefish/share/cola2_stonefish/scenarios/girona500_valve_turning.scn
[0.067s] -- Up-to-date: /home/sf_ws/install/cola2_stonefish/share/cola2_stonefish/scenarios/blueboat_tank.scn
[0.067s] -- Up-to-date: /home/sf_ws/install/cola2_stonefish/share/cola2_stonefish/scenarios/bluerov2_unphy_alpha.scn
[0.067s] -- Up-to-date: /home/sf_ws/install/cola2_stonefish/share/cola2_stonefish/scenarios/bluerov.scn
[0.067s] -- Up-to-date: /home/sf_ws/install/cola2_stonefish/share/cola2_stonefish/scenarios/bluerov2_unphy_laser.scn
[0.067s] -- Up-to-date: /home/sf_ws/install/cola2_stonefish/share/cola2_stonefish/scenarios/blueboat_bluerov.scn
[0.067s] -- Up-to-date: /home/sf_ws/install/cola2_stonefish/share/cola2_stonefish/scenarios/bluerov2_heavy.scn
[0.067s] -- Up-to-date: /home/sf_ws/install/cola2_stonefish/share/cola2_stonefish/scenarios/girona500_tank.scn
[0.067s] -- Up-to-date: /home/sf_ws/install/cola2_stonefish/share/cola2_stonefish/scenarios/bluerov_stereo_tank.scn
[0.067s] -- Up-to-date: /home/sf_ws/install/cola2_stonefish/share/cola2_stonefish/scenarios/falcon_tank.scn
[0.067s] -- Up-to-date: /home/sf_ws/install/cola2_stonefish/share/cola2_stonefish/scenarios/bluerov_fls_tank.scn
[0.067s] -- Up-to-date: /home/sf_ws/install/cola2_stonefish/share/cola2_stonefish/scenarios/girona500_eca5emicro.scn
[0.067s] -- Up-to-date: /home/sf_ws/install/cola2_stonefish/share/cola2_stonefish/scenarios/bluerov_stereo.scn
[0.067s] -- Up-to-date: /home/sf_ws/install/cola2_stonefish/share/cola2_stonefish/scenarios/bluerov_fls.scn
[0.067s] -- Up-to-date: /home/sf_ws/install/cola2_stonefish/share/cola2_stonefish/scenarios/bluerov2_heavy_alpha.scn
[0.067s] -- Up-to-date: /home/sf_ws/install/cola2_stonefish/share/cola2_stonefish/scenarios/bluerov2_unphy_fls_tank.scn
[0.067s] -- Up-to-date: /home/sf_ws/install/cola2_stonefish/share/cola2_stonefish/scenarios/bluerov2_heavy_tank.scn
[0.067s] -- Up-to-date: /home/sf_ws/install/cola2_stonefish/share/ament_index/resource_index/package_run_dependencies/cola2_stonefish
[0.067s] -- Up-to-date: /home/sf_ws/install/cola2_stonefish/share/ament_index/resource_index/parent_prefix_path/cola2_stonefish
[0.067s] -- Up-to-date: /home/sf_ws/install/cola2_stonefish/share/cola2_stonefish/environment/ament_prefix_path.sh
[0.067s] -- Up-to-date: /home/sf_ws/install/cola2_stonefish/share/cola2_stonefish/environment/ament_prefix_path.dsv
[0.067s] -- Up-to-date: /home/sf_ws/install/cola2_stonefish/share/cola2_stonefish/environment/path.sh
[0.067s] -- Up-to-date: /home/sf_ws/install/cola2_stonefish/share/cola2_stonefish/environment/path.dsv
[0.067s] -- Up-to-date: /home/sf_ws/install/cola2_stonefish/share/cola2_stonefish/local_setup.bash
[0.067s] -- Up-to-date: /home/sf_ws/install/cola2_stonefish/share/cola2_stonefish/local_setup.sh
[0.067s] -- Up-to-date: /home/sf_ws/install/cola2_stonefish/share/cola2_stonefish/local_setup.zsh
[0.067s] -- Up-to-date: /home/sf_ws/install/cola2_stonefish/share/cola2_stonefish/local_setup.dsv
[0.067s] -- Installing: /home/sf_ws/install/cola2_stonefish/share/cola2_stonefish/package.dsv
[0.067s] -- Up-to-date: /home/sf_ws/install/cola2_stonefish/share/ament_index/resource_index/packages/cola2_stonefish
[0.067s] -- Up-to-date: /home/sf_ws/install/cola2_stonefish/share/cola2_stonefish/cmake/cola2_stonefishConfig.cmake
[0.067s] -- Up-to-date: /home/sf_ws/install/cola2_stonefish/share/cola2_stonefish/cmake/cola2_stonefishConfig-version.cmake
[0.068s] -- Up-to-date: /home/sf_ws/install/cola2_stonefish/share/cola2_stonefish/package.xml
[0.068s] Invoked command in '/home/sf_ws/build/cola2_stonefish' returned '0': CMAKE_PREFIX_PATH=/opt/ros/humble:/home/sf_ws/install/cola2_msgs:/home/sf_ws/install/stonefish_bluerov2:/home/sf_ws/install/cola2_stonefish:/home/sf_ws/install/stonefish_ros2:/usr/local PKG_CONFIG_PATH=/home/sf_ws/install/cola2_msgs/lib/x86_64-linux-gnu/pkgconfig:/home/sf_ws/install/cola2_msgs/lib/pkgconfig:/usr/local/lib/pkgconfig:/usr/local/lib/pkgconfig PYTHONPATH=/home/sf_ws/install/cola2_msgs/local/lib/python3.10/dist-packages:/home/sf_ws/install/stonefish_bluerov2/local/lib/python3.10/dist-packages:/home/sf_ws/install/stonefish_ros2/local/lib/python3.10/dist-packages:/opt/ros/humble/lib/python3.10/site-packages:/opt/ros/humble/local/lib/python3.10/dist-packages /usr/bin/cmake --install /home/sf_ws/build/cola2_stonefish
