[0.049s] DEBUG:colcon:Command line arguments: ['/usr/bin/colcon', 'build']
[0.049s] DEBUG:colcon:Parsed command line arguments: Namespace(log_base=None, log_level=None, verb_name='build', build_base='build', install_base='install', merge_install=False, symlink_install=False, test_result_base=None, continue_on_error=False, executor='parallel', parallel_workers=32, event_handlers=None, ignore_user_meta=False, metas=['./colcon.meta'], base_paths=['.'], packages_ignore=None, packages_ignore_regex=None, paths=None, packages_up_to=None, packages_up_to_regex=None, packages_above=None, packages_above_and_dependencies=None, packages_above_depth=None, packages_select_by_dep=None, packages_skip_by_dep=None, packages_skip_up_to=None, packages_select_build_failed=False, packages_skip_build_finished=False, packages_select_test_failures=False, packages_skip_test_passed=False, packages_select=None, packages_skip=None, packages_select_regex=None, packages_skip_regex=None, packages_start=None, packages_end=None, cmake_args=None, cmake_target=None, cmake_target_skip_unavailable=False, cmake_clean_cache=False, cmake_clean_first=False, cmake_force_configure=False, ament_cmake_args=None, catkin_cmake_args=None, catkin_skip_building_tests=False, mixin_files=None, mixin=None, verb_parser=<colcon_mixin.mixin.mixin_argument.MixinArgumentDecorator object at 0x71fca56c0fa0>, verb_extension=<colcon_core.verb.build.BuildVerb object at 0x71fca5819720>, main=<bound method BuildVerb.main of <colcon_core.verb.build.BuildVerb object at 0x71fca5819720>>, mixin_verb=('build',))
[0.106s] Level 1:colcon.colcon_core.package_discovery:discover_packages(colcon_meta) check parameters
[0.107s] INFO:colcon.colcon_metadata.package_discovery.colcon_meta:Using configuration from '/root/.colcon/metadata/default/Gazebo.meta'
[0.107s] INFO:colcon.colcon_metadata.package_discovery.colcon_meta:Using configuration from '/root/.colcon/metadata/default/fastrtps.meta'
[0.107s] Level 1:colcon.colcon_core.package_discovery:discover_packages(recursive) check parameters
[0.107s] Level 1:colcon.colcon_core.package_discovery:discover_packages(ignore) check parameters
[0.107s] Level 1:colcon.colcon_core.package_discovery:discover_packages(path) check parameters
[0.107s] Level 1:colcon.colcon_core.package_discovery:discover_packages(colcon_meta) discover
[0.107s] Level 1:colcon.colcon_core.package_discovery:discover_packages(recursive) discover
[0.107s] INFO:colcon.colcon_core.package_discovery:Crawling recursively for packages in '/home/sf_ws'
[0.107s] Level 1:colcon.colcon_core.package_identification:_identify(.) by extensions ['ignore', 'ignore_ament_install']
[0.107s] Level 1:colcon.colcon_core.package_identification:_identify(.) by extension 'ignore'
[0.107s] Level 1:colcon.colcon_core.package_identification:_identify(.) by extension 'ignore_ament_install'
[0.107s] Level 1:colcon.colcon_core.package_identification:_identify(.) by extensions ['colcon_pkg']
[0.107s] Level 1:colcon.colcon_core.package_identification:_identify(.) by extension 'colcon_pkg'
[0.107s] Level 1:colcon.colcon_core.package_identification:_identify(.) by extensions ['colcon_meta']
[0.107s] Level 1:colcon.colcon_core.package_identification:_identify(.) by extension 'colcon_meta'
[0.107s] Level 1:colcon.colcon_core.package_identification:_identify(.) by extensions ['ros']
[0.107s] Level 1:colcon.colcon_core.package_identification:_identify(.) by extension 'ros'
[0.112s] Level 1:colcon.colcon_core.package_identification:_identify(.) by extensions ['cmake', 'python']
[0.112s] Level 1:colcon.colcon_core.package_identification:_identify(.) by extension 'cmake'
[0.112s] Level 1:colcon.colcon_core.package_identification:_identify(.) by extension 'python'
[0.112s] Level 1:colcon.colcon_core.package_identification:_identify(.) by extensions ['python_setup_py']
[0.112s] Level 1:colcon.colcon_core.package_identification:_identify(.) by extension 'python_setup_py'
[0.112s] Level 1:colcon.colcon_core.package_identification:_identify(annotations_2024-10-12) by extensions ['ignore', 'ignore_ament_install']
[0.112s] Level 1:colcon.colcon_core.package_identification:_identify(annotations_2024-10-12) by extension 'ignore'
[0.112s] Level 1:colcon.colcon_core.package_identification:_identify(annotations_2024-10-12) by extension 'ignore_ament_install'
[0.112s] Level 1:colcon.colcon_core.package_identification:_identify(annotations_2024-10-12) by extensions ['colcon_pkg']
[0.112s] Level 1:colcon.colcon_core.package_identification:_identify(annotations_2024-10-12) by extension 'colcon_pkg'
[0.113s] Level 1:colcon.colcon_core.package_identification:_identify(annotations_2024-10-12) by extensions ['colcon_meta']
[0.113s] Level 1:colcon.colcon_core.package_identification:_identify(annotations_2024-10-12) by extension 'colcon_meta'
[0.113s] Level 1:colcon.colcon_core.package_identification:_identify(annotations_2024-10-12) by extensions ['ros']
[0.113s] Level 1:colcon.colcon_core.package_identification:_identify(annotations_2024-10-12) by extension 'ros'
[0.113s] Level 1:colcon.colcon_core.package_identification:_identify(annotations_2024-10-12) by extensions ['cmake', 'python']
[0.113s] Level 1:colcon.colcon_core.package_identification:_identify(annotations_2024-10-12) by extension 'cmake'
[0.113s] Level 1:colcon.colcon_core.package_identification:_identify(annotations_2024-10-12) by extension 'python'
[0.113s] Level 1:colcon.colcon_core.package_identification:_identify(annotations_2024-10-12) by extensions ['python_setup_py']
[0.113s] Level 1:colcon.colcon_core.package_identification:_identify(annotations_2024-10-12) by extension 'python_setup_py'
[0.113s] Level 1:colcon.colcon_core.package_identification:_identify(build) by extensions ['ignore', 'ignore_ament_install']
[0.113s] Level 1:colcon.colcon_core.package_identification:_identify(build) by extension 'ignore'
[0.113s] Level 1:colcon.colcon_core.package_identification:_identify(build) ignored
[0.113s] Level 1:colcon.colcon_core.package_identification:_identify(install) by extensions ['ignore', 'ignore_ament_install']
[0.113s] Level 1:colcon.colcon_core.package_identification:_identify(install) by extension 'ignore'
[0.113s] Level 1:colcon.colcon_core.package_identification:_identify(install) ignored
[0.113s] Level 1:colcon.colcon_core.package_identification:_identify(log) by extensions ['ignore', 'ignore_ament_install']
[0.113s] Level 1:colcon.colcon_core.package_identification:_identify(log) by extension 'ignore'
[0.113s] Level 1:colcon.colcon_core.package_identification:_identify(log) ignored
[0.113s] Level 1:colcon.colcon_core.package_identification:_identify(src) by extensions ['ignore', 'ignore_ament_install']
[0.113s] Level 1:colcon.colcon_core.package_identification:_identify(src) by extension 'ignore'
[0.113s] Level 1:colcon.colcon_core.package_identification:_identify(src) by extension 'ignore_ament_install'
[0.113s] Level 1:colcon.colcon_core.package_identification:_identify(src) by extensions ['colcon_pkg']
[0.113s] Level 1:colcon.colcon_core.package_identification:_identify(src) by extension 'colcon_pkg'
[0.113s] Level 1:colcon.colcon_core.package_identification:_identify(src) by extensions ['colcon_meta']
[0.113s] Level 1:colcon.colcon_core.package_identification:_identify(src) by extension 'colcon_meta'
[0.113s] Level 1:colcon.colcon_core.package_identification:_identify(src) by extensions ['ros']
[0.113s] Level 1:colcon.colcon_core.package_identification:_identify(src) by extension 'ros'
[0.113s] Level 1:colcon.colcon_core.package_identification:_identify(src) by extensions ['cmake', 'python']
[0.113s] Level 1:colcon.colcon_core.package_identification:_identify(src) by extension 'cmake'
[0.113s] Level 1:colcon.colcon_core.package_identification:_identify(src) by extension 'python'
[0.113s] Level 1:colcon.colcon_core.package_identification:_identify(src) by extensions ['python_setup_py']
[0.113s] Level 1:colcon.colcon_core.package_identification:_identify(src) by extension 'python_setup_py'
[0.113s] Level 1:colcon.colcon_core.package_identification:_identify(src/cola2_msgs_ros2) by extensions ['ignore', 'ignore_ament_install']
[0.113s] Level 1:colcon.colcon_core.package_identification:_identify(src/cola2_msgs_ros2) by extension 'ignore'
[0.113s] Level 1:colcon.colcon_core.package_identification:_identify(src/cola2_msgs_ros2) by extension 'ignore_ament_install'
[0.113s] Level 1:colcon.colcon_core.package_identification:_identify(src/cola2_msgs_ros2) by extensions ['colcon_pkg']
[0.113s] Level 1:colcon.colcon_core.package_identification:_identify(src/cola2_msgs_ros2) by extension 'colcon_pkg'
[0.113s] Level 1:colcon.colcon_core.package_identification:_identify(src/cola2_msgs_ros2) by extensions ['colcon_meta']
[0.113s] Level 1:colcon.colcon_core.package_identification:_identify(src/cola2_msgs_ros2) by extension 'colcon_meta'
[0.113s] Level 1:colcon.colcon_core.package_identification:_identify(src/cola2_msgs_ros2) by extensions ['ros']
[0.113s] Level 1:colcon.colcon_core.package_identification:_identify(src/cola2_msgs_ros2) by extension 'ros'
[0.114s] DEBUG:colcon.colcon_core.package_identification:Package 'src/cola2_msgs_ros2' with type 'ros.catkin' and name 'cola2_msgs'
[0.114s] Level 1:colcon.colcon_core.package_identification:_identify(src/cola2_stonefish_ros2) by extensions ['ignore', 'ignore_ament_install']
[0.114s] Level 1:colcon.colcon_core.package_identification:_identify(src/cola2_stonefish_ros2) by extension 'ignore'
[0.114s] Level 1:colcon.colcon_core.package_identification:_identify(src/cola2_stonefish_ros2) by extension 'ignore_ament_install'
[0.114s] Level 1:colcon.colcon_core.package_identification:_identify(src/cola2_stonefish_ros2) by extensions ['colcon_pkg']
[0.114s] Level 1:colcon.colcon_core.package_identification:_identify(src/cola2_stonefish_ros2) by extension 'colcon_pkg'
[0.114s] Level 1:colcon.colcon_core.package_identification:_identify(src/cola2_stonefish_ros2) by extensions ['colcon_meta']
[0.114s] Level 1:colcon.colcon_core.package_identification:_identify(src/cola2_stonefish_ros2) by extension 'colcon_meta'
[0.115s] Level 1:colcon.colcon_core.package_identification:_identify(src/cola2_stonefish_ros2) by extensions ['ros']
[0.115s] Level 1:colcon.colcon_core.package_identification:_identify(src/cola2_stonefish_ros2) by extension 'ros'
[0.115s] DEBUG:colcon.colcon_core.package_identification:Package 'src/cola2_stonefish_ros2' with type 'ros.ament_cmake' and name 'cola2_stonefish'
[0.115s] Level 1:colcon.colcon_core.package_identification:_identify(src/extras_boat) by extensions ['ignore', 'ignore_ament_install']
[0.115s] Level 1:colcon.colcon_core.package_identification:_identify(src/extras_boat) by extension 'ignore'
[0.115s] Level 1:colcon.colcon_core.package_identification:_identify(src/extras_boat) by extension 'ignore_ament_install'
[0.115s] Level 1:colcon.colcon_core.package_identification:_identify(src/extras_boat) by extensions ['colcon_pkg']
[0.115s] Level 1:colcon.colcon_core.package_identification:_identify(src/extras_boat) by extension 'colcon_pkg'
[0.115s] Level 1:colcon.colcon_core.package_identification:_identify(src/extras_boat) by extensions ['colcon_meta']
[0.115s] Level 1:colcon.colcon_core.package_identification:_identify(src/extras_boat) by extension 'colcon_meta'
[0.115s] Level 1:colcon.colcon_core.package_identification:_identify(src/extras_boat) by extensions ['ros']
[0.115s] Level 1:colcon.colcon_core.package_identification:_identify(src/extras_boat) by extension 'ros'
[0.115s] Level 1:colcon.colcon_core.package_identification:_identify(src/extras_boat) by extensions ['cmake', 'python']
[0.115s] Level 1:colcon.colcon_core.package_identification:_identify(src/extras_boat) by extension 'cmake'
[0.115s] Level 1:colcon.colcon_core.package_identification:_identify(src/extras_boat) by extension 'python'
[0.115s] Level 1:colcon.colcon_core.package_identification:_identify(src/extras_boat) by extensions ['python_setup_py']
[0.115s] Level 1:colcon.colcon_core.package_identification:_identify(src/extras_boat) by extension 'python_setup_py'
[0.115s] Level 1:colcon.colcon_core.package_identification:_identify(src/extras_interface) by extensions ['ignore', 'ignore_ament_install']
[0.115s] Level 1:colcon.colcon_core.package_identification:_identify(src/extras_interface) by extension 'ignore'
[0.115s] Level 1:colcon.colcon_core.package_identification:_identify(src/extras_interface) by extension 'ignore_ament_install'
[0.115s] Level 1:colcon.colcon_core.package_identification:_identify(src/extras_interface) by extensions ['colcon_pkg']
[0.115s] Level 1:colcon.colcon_core.package_identification:_identify(src/extras_interface) by extension 'colcon_pkg'
[0.115s] Level 1:colcon.colcon_core.package_identification:_identify(src/extras_interface) by extensions ['colcon_meta']
[0.115s] Level 1:colcon.colcon_core.package_identification:_identify(src/extras_interface) by extension 'colcon_meta'
[0.115s] Level 1:colcon.colcon_core.package_identification:_identify(src/extras_interface) by extensions ['ros']
[0.115s] Level 1:colcon.colcon_core.package_identification:_identify(src/extras_interface) by extension 'ros'
[0.115s] Level 1:colcon.colcon_core.package_identification:_identify(src/extras_interface) by extensions ['cmake', 'python']
[0.115s] Level 1:colcon.colcon_core.package_identification:_identify(src/extras_interface) by extension 'cmake'
[0.115s] Level 1:colcon.colcon_core.package_identification:_identify(src/extras_interface) by extension 'python'
[0.115s] Level 1:colcon.colcon_core.package_identification:_identify(src/extras_interface) by extensions ['python_setup_py']
[0.115s] Level 1:colcon.colcon_core.package_identification:_identify(src/extras_interface) by extension 'python_setup_py'
[0.115s] Level 1:colcon.colcon_core.package_identification:_identify(src/extras_rov) by extensions ['ignore', 'ignore_ament_install']
[0.115s] Level 1:colcon.colcon_core.package_identification:_identify(src/extras_rov) by extension 'ignore'
[0.115s] Level 1:colcon.colcon_core.package_identification:_identify(src/extras_rov) by extension 'ignore_ament_install'
[0.116s] Level 1:colcon.colcon_core.package_identification:_identify(src/extras_rov) by extensions ['colcon_pkg']
[0.116s] Level 1:colcon.colcon_core.package_identification:_identify(src/extras_rov) by extension 'colcon_pkg'
[0.116s] Level 1:colcon.colcon_core.package_identification:_identify(src/extras_rov) by extensions ['colcon_meta']
[0.116s] Level 1:colcon.colcon_core.package_identification:_identify(src/extras_rov) by extension 'colcon_meta'
[0.116s] Level 1:colcon.colcon_core.package_identification:_identify(src/extras_rov) by extensions ['ros']
[0.116s] Level 1:colcon.colcon_core.package_identification:_identify(src/extras_rov) by extension 'ros'
[0.116s] Level 1:colcon.colcon_core.package_identification:_identify(src/extras_rov) by extensions ['cmake', 'python']
[0.116s] Level 1:colcon.colcon_core.package_identification:_identify(src/extras_rov) by extension 'cmake'
[0.116s] Level 1:colcon.colcon_core.package_identification:_identify(src/extras_rov) by extension 'python'
[0.116s] Level 1:colcon.colcon_core.package_identification:_identify(src/extras_rov) by extensions ['python_setup_py']
[0.116s] Level 1:colcon.colcon_core.package_identification:_identify(src/extras_rov) by extension 'python_setup_py'
[0.116s] Level 1:colcon.colcon_core.package_identification:_identify(src/stonefish_bluerov2) by extensions ['ignore', 'ignore_ament_install']
[0.116s] Level 1:colcon.colcon_core.package_identification:_identify(src/stonefish_bluerov2) by extension 'ignore'
[0.116s] Level 1:colcon.colcon_core.package_identification:_identify(src/stonefish_bluerov2) by extension 'ignore_ament_install'
[0.116s] Level 1:colcon.colcon_core.package_identification:_identify(src/stonefish_bluerov2) by extensions ['colcon_pkg']
[0.116s] Level 1:colcon.colcon_core.package_identification:_identify(src/stonefish_bluerov2) by extension 'colcon_pkg'
[0.116s] Level 1:colcon.colcon_core.package_identification:_identify(src/stonefish_bluerov2) by extensions ['colcon_meta']
[0.116s] Level 1:colcon.colcon_core.package_identification:_identify(src/stonefish_bluerov2) by extension 'colcon_meta'
[0.116s] Level 1:colcon.colcon_core.package_identification:_identify(src/stonefish_bluerov2) by extensions ['ros']
[0.116s] Level 1:colcon.colcon_core.package_identification:_identify(src/stonefish_bluerov2) by extension 'ros'
[0.116s] DEBUG:colcon.colcon_core.package_identification:Package 'src/stonefish_bluerov2' with type 'ros.ament_cmake' and name 'stonefish_bluerov2'
[0.116s] Level 1:colcon.colcon_core.package_identification:_identify(src/stonefish_ros2) by extensions ['ignore', 'ignore_ament_install']
[0.116s] Level 1:colcon.colcon_core.package_identification:_identify(src/stonefish_ros2) by extension 'ignore'
[0.116s] Level 1:colcon.colcon_core.package_identification:_identify(src/stonefish_ros2) by extension 'ignore_ament_install'
[0.116s] Level 1:colcon.colcon_core.package_identification:_identify(src/stonefish_ros2) by extensions ['colcon_pkg']
[0.116s] Level 1:colcon.colcon_core.package_identification:_identify(src/stonefish_ros2) by extension 'colcon_pkg'
[0.116s] Level 1:colcon.colcon_core.package_identification:_identify(src/stonefish_ros2) by extensions ['colcon_meta']
[0.116s] Level 1:colcon.colcon_core.package_identification:_identify(src/stonefish_ros2) by extension 'colcon_meta'
[0.116s] Level 1:colcon.colcon_core.package_identification:_identify(src/stonefish_ros2) by extensions ['ros']
[0.116s] Level 1:colcon.colcon_core.package_identification:_identify(src/stonefish_ros2) by extension 'ros'
[0.117s] DEBUG:colcon.colcon_core.package_identification:Package 'src/stonefish_ros2' with type 'ros.ament_cmake' and name 'stonefish_ros2'
[0.117s] Level 1:colcon.colcon_core.package_discovery:discover_packages(recursive) using defaults
[0.117s] Level 1:colcon.colcon_core.package_discovery:discover_packages(ignore) discover
[0.117s] Level 1:colcon.colcon_core.package_discovery:discover_packages(ignore) using defaults
[0.117s] Level 1:colcon.colcon_core.package_discovery:discover_packages(path) discover
[0.117s] Level 1:colcon.colcon_core.package_discovery:discover_packages(path) using defaults
[0.126s] Level 5:colcon.colcon_core.verb:set package 'cola2_msgs' build argument 'cmake_args' from command line to 'None'
[0.126s] Level 5:colcon.colcon_core.verb:set package 'cola2_msgs' build argument 'cmake_target' from command line to 'None'
[0.126s] Level 5:colcon.colcon_core.verb:set package 'cola2_msgs' build argument 'cmake_target_skip_unavailable' from command line to 'False'
[0.126s] Level 5:colcon.colcon_core.verb:set package 'cola2_msgs' build argument 'cmake_clean_cache' from command line to 'False'
[0.126s] Level 5:colcon.colcon_core.verb:set package 'cola2_msgs' build argument 'cmake_clean_first' from command line to 'False'
[0.126s] Level 5:colcon.colcon_core.verb:set package 'cola2_msgs' build argument 'cmake_force_configure' from command line to 'False'
[0.126s] Level 5:colcon.colcon_core.verb:set package 'cola2_msgs' build argument 'ament_cmake_args' from command line to 'None'
[0.126s] Level 5:colcon.colcon_core.verb:set package 'cola2_msgs' build argument 'catkin_cmake_args' from command line to 'None'
[0.126s] Level 5:colcon.colcon_core.verb:set package 'cola2_msgs' build argument 'catkin_skip_building_tests' from command line to 'False'
[0.126s] DEBUG:colcon.colcon_core.verb:Building package 'cola2_msgs' with the following arguments: {'ament_cmake_args': None, 'build_base': '/home/sf_ws/build/cola2_msgs', 'catkin_cmake_args': None, 'catkin_skip_building_tests': False, 'cmake_args': None, 'cmake_clean_cache': False, 'cmake_clean_first': False, 'cmake_force_configure': False, 'cmake_target': None, 'cmake_target_skip_unavailable': False, 'install_base': '/home/sf_ws/install/cola2_msgs', 'merge_install': False, 'path': '/home/sf_ws/src/cola2_msgs_ros2', 'symlink_install': False, 'test_result_base': None}
[0.126s] Level 5:colcon.colcon_core.verb:set package 'stonefish_bluerov2' build argument 'cmake_args' from command line to 'None'
[0.126s] Level 5:colcon.colcon_core.verb:set package 'stonefish_bluerov2' build argument 'cmake_target' from command line to 'None'
[0.126s] Level 5:colcon.colcon_core.verb:set package 'stonefish_bluerov2' build argument 'cmake_target_skip_unavailable' from command line to 'False'
[0.126s] Level 5:colcon.colcon_core.verb:set package 'stonefish_bluerov2' build argument 'cmake_clean_cache' from command line to 'False'
[0.126s] Level 5:colcon.colcon_core.verb:set package 'stonefish_bluerov2' build argument 'cmake_clean_first' from command line to 'False'
[0.126s] Level 5:colcon.colcon_core.verb:set package 'stonefish_bluerov2' build argument 'cmake_force_configure' from command line to 'False'
[0.126s] Level 5:colcon.colcon_core.verb:set package 'stonefish_bluerov2' build argument 'ament_cmake_args' from command line to 'None'
[0.126s] Level 5:colcon.colcon_core.verb:set package 'stonefish_bluerov2' build argument 'catkin_cmake_args' from command line to 'None'
[0.126s] Level 5:colcon.colcon_core.verb:set package 'stonefish_bluerov2' build argument 'catkin_skip_building_tests' from command line to 'False'
[0.126s] DEBUG:colcon.colcon_core.verb:Building package 'stonefish_bluerov2' with the following arguments: {'ament_cmake_args': None, 'build_base': '/home/sf_ws/build/stonefish_bluerov2', 'catkin_cmake_args': None, 'catkin_skip_building_tests': False, 'cmake_args': None, 'cmake_clean_cache': False, 'cmake_clean_first': False, 'cmake_force_configure': False, 'cmake_target': None, 'cmake_target_skip_unavailable': False, 'install_base': '/home/sf_ws/install/stonefish_bluerov2', 'merge_install': False, 'path': '/home/sf_ws/src/stonefish_bluerov2', 'symlink_install': False, 'test_result_base': None}
[0.126s] Level 5:colcon.colcon_core.verb:set package 'stonefish_ros2' build argument 'cmake_args' from command line to 'None'
[0.126s] Level 5:colcon.colcon_core.verb:set package 'stonefish_ros2' build argument 'cmake_target' from command line to 'None'
[0.126s] Level 5:colcon.colcon_core.verb:set package 'stonefish_ros2' build argument 'cmake_target_skip_unavailable' from command line to 'False'
[0.126s] Level 5:colcon.colcon_core.verb:set package 'stonefish_ros2' build argument 'cmake_clean_cache' from command line to 'False'
[0.126s] Level 5:colcon.colcon_core.verb:set package 'stonefish_ros2' build argument 'cmake_clean_first' from command line to 'False'
[0.126s] Level 5:colcon.colcon_core.verb:set package 'stonefish_ros2' build argument 'cmake_force_configure' from command line to 'False'
[0.126s] Level 5:colcon.colcon_core.verb:set package 'stonefish_ros2' build argument 'ament_cmake_args' from command line to 'None'
[0.126s] Level 5:colcon.colcon_core.verb:set package 'stonefish_ros2' build argument 'catkin_cmake_args' from command line to 'None'
[0.126s] Level 5:colcon.colcon_core.verb:set package 'stonefish_ros2' build argument 'catkin_skip_building_tests' from command line to 'False'
[0.126s] DEBUG:colcon.colcon_core.verb:Building package 'stonefish_ros2' with the following arguments: {'ament_cmake_args': None, 'build_base': '/home/sf_ws/build/stonefish_ros2', 'catkin_cmake_args': None, 'catkin_skip_building_tests': False, 'cmake_args': None, 'cmake_clean_cache': False, 'cmake_clean_first': False, 'cmake_force_configure': False, 'cmake_target': None, 'cmake_target_skip_unavailable': False, 'install_base': '/home/sf_ws/install/stonefish_ros2', 'merge_install': False, 'path': '/home/sf_ws/src/stonefish_ros2', 'symlink_install': False, 'test_result_base': None}
[0.126s] Level 5:colcon.colcon_core.verb:set package 'cola2_stonefish' build argument 'cmake_args' from command line to 'None'
[0.126s] Level 5:colcon.colcon_core.verb:set package 'cola2_stonefish' build argument 'cmake_target' from command line to 'None'
[0.126s] Level 5:colcon.colcon_core.verb:set package 'cola2_stonefish' build argument 'cmake_target_skip_unavailable' from command line to 'False'
[0.126s] Level 5:colcon.colcon_core.verb:set package 'cola2_stonefish' build argument 'cmake_clean_cache' from command line to 'False'
[0.126s] Level 5:colcon.colcon_core.verb:set package 'cola2_stonefish' build argument 'cmake_clean_first' from command line to 'False'
[0.126s] Level 5:colcon.colcon_core.verb:set package 'cola2_stonefish' build argument 'cmake_force_configure' from command line to 'False'
[0.126s] Level 5:colcon.colcon_core.verb:set package 'cola2_stonefish' build argument 'ament_cmake_args' from command line to 'None'
[0.126s] Level 5:colcon.colcon_core.verb:set package 'cola2_stonefish' build argument 'catkin_cmake_args' from command line to 'None'
[0.126s] Level 5:colcon.colcon_core.verb:set package 'cola2_stonefish' build argument 'catkin_skip_building_tests' from command line to 'False'
[0.126s] DEBUG:colcon.colcon_core.verb:Building package 'cola2_stonefish' with the following arguments: {'ament_cmake_args': None, 'build_base': '/home/sf_ws/build/cola2_stonefish', 'catkin_cmake_args': None, 'catkin_skip_building_tests': False, 'cmake_args': None, 'cmake_clean_cache': False, 'cmake_clean_first': False, 'cmake_force_configure': False, 'cmake_target': None, 'cmake_target_skip_unavailable': False, 'install_base': '/home/sf_ws/install/cola2_stonefish', 'merge_install': False, 'path': '/home/sf_ws/src/cola2_stonefish_ros2', 'symlink_install': False, 'test_result_base': None}
[0.126s] INFO:colcon.colcon_core.executor:Executing jobs using 'parallel' executor
[0.127s] DEBUG:colcon.colcon_parallel_executor.executor.parallel:run_until_complete
[0.127s] INFO:colcon.colcon_ros.task.catkin.build:Building ROS package in '/home/sf_ws/src/cola2_msgs_ros2' with build type 'catkin'
[0.127s] INFO:colcon.colcon_cmake.task.cmake.build:Building CMake package in '/home/sf_ws/src/cola2_msgs_ros2'
[0.128s] INFO:colcon.colcon_core.plugin_system:Skipping extension 'colcon_core.shell.bat': Not used on non-Windows systems
[0.128s] INFO:colcon.colcon_core.shell:Skip shell extension 'powershell' for command environment: Not usable outside of PowerShell
[0.128s] DEBUG:colcon.colcon_core.shell:Skip shell extension 'dsv' for command environment
[0.130s] INFO:colcon.colcon_ros.task.ament_cmake.build:Building ROS package in '/home/sf_ws/src/stonefish_bluerov2' with build type 'ament_cmake'
[0.131s] INFO:colcon.colcon_cmake.task.cmake.build:Building CMake package in '/home/sf_ws/src/stonefish_bluerov2'
[0.131s] INFO:colcon.colcon_core.shell:Skip shell extension 'powershell' for command environment: Not usable outside of PowerShell
[0.131s] DEBUG:colcon.colcon_core.shell:Skip shell extension 'dsv' for command environment
[0.133s] INFO:colcon.colcon_ros.task.ament_cmake.build:Building ROS package in '/home/sf_ws/src/stonefish_ros2' with build type 'ament_cmake'
[0.133s] INFO:colcon.colcon_cmake.task.cmake.build:Building CMake package in '/home/sf_ws/src/stonefish_ros2'
[0.133s] INFO:colcon.colcon_core.shell:Skip shell extension 'powershell' for command environment: Not usable outside of PowerShell
[0.133s] DEBUG:colcon.colcon_core.shell:Skip shell extension 'dsv' for command environment
[0.136s] DEBUG:colcon.colcon_core.event_handler.log_command:Invoking command in '/home/sf_ws/build/cola2_msgs': /usr/bin/cmake --build /home/sf_ws/build/cola2_msgs -- -j32 -l32
[0.138s] DEBUG:colcon.colcon_core.event_handler.log_command:Invoking command in '/home/sf_ws/build/stonefish_bluerov2': CMAKE_PREFIX_PATH=/home/sf_ws/install/stonefish_bluerov2:/home/sf_ws/install/cola2_stonefish:/opt/ros/humble:/home/sf_ws/install/cola2_msgs:/home/sf_ws/install/stonefish_ros2::/usr/local /usr/bin/cmake --build /home/sf_ws/build/stonefish_bluerov2 -- -j32 -l32
[0.144s] DEBUG:colcon.colcon_core.event_handler.log_command:Invoking command in '/home/sf_ws/build/stonefish_ros2': CMAKE_PREFIX_PATH=/home/sf_ws/install/stonefish_bluerov2:/home/sf_ws/install/cola2_stonefish:/opt/ros/humble:/home/sf_ws/install/cola2_msgs:/home/sf_ws/install/stonefish_ros2::/usr/local /usr/bin/cmake --build /home/sf_ws/build/stonefish_ros2 -- -j32 -l32
[0.289s] DEBUG:colcon.colcon_core.event_handler.log_command:Invoked command in '/home/sf_ws/build/stonefish_bluerov2' returned '0': CMAKE_PREFIX_PATH=/home/sf_ws/install/stonefish_bluerov2:/home/sf_ws/install/cola2_stonefish:/opt/ros/humble:/home/sf_ws/install/cola2_msgs:/home/sf_ws/install/stonefish_ros2::/usr/local /usr/bin/cmake --build /home/sf_ws/build/stonefish_bluerov2 -- -j32 -l32
[0.297s] DEBUG:colcon.colcon_core.event_handler.log_command:Invoked command in '/home/sf_ws/build/cola2_msgs' returned '0': /usr/bin/cmake --build /home/sf_ws/build/cola2_msgs -- -j32 -l32
[0.298s] DEBUG:colcon.colcon_core.event_handler.log_command:Invoked command in '/home/sf_ws/build/stonefish_ros2' returned '0': CMAKE_PREFIX_PATH=/home/sf_ws/install/stonefish_bluerov2:/home/sf_ws/install/cola2_stonefish:/opt/ros/humble:/home/sf_ws/install/cola2_msgs:/home/sf_ws/install/stonefish_ros2::/usr/local /usr/bin/cmake --build /home/sf_ws/build/stonefish_ros2 -- -j32 -l32
[0.307s] DEBUG:colcon.colcon_core.event_handler.log_command:Invoking command in '/home/sf_ws/build/stonefish_bluerov2': CMAKE_PREFIX_PATH=/home/sf_ws/install/stonefish_bluerov2:/home/sf_ws/install/cola2_stonefish:/opt/ros/humble:/home/sf_ws/install/cola2_msgs:/home/sf_ws/install/stonefish_ros2::/usr/local /usr/bin/cmake --install /home/sf_ws/build/stonefish_bluerov2
[0.335s] Level 1:colcon.colcon_core.environment:create_environment_scripts_only(stonefish_bluerov2)
[0.336s] DEBUG:colcon.colcon_core.event_handler.log_command:Invoked command in '/home/sf_ws/build/stonefish_bluerov2' returned '0': CMAKE_PREFIX_PATH=/home/sf_ws/install/stonefish_bluerov2:/home/sf_ws/install/cola2_stonefish:/opt/ros/humble:/home/sf_ws/install/cola2_msgs:/home/sf_ws/install/stonefish_ros2::/usr/local /usr/bin/cmake --install /home/sf_ws/build/stonefish_bluerov2
[0.338s] Level 1:colcon.colcon_core.environment:checking '/home/sf_ws/install/stonefish_bluerov2' for CMake module files
[0.338s] Level 1:colcon.colcon_core.environment:checking '/home/sf_ws/install/stonefish_bluerov2' for CMake config files
[0.339s] Level 1:colcon.colcon_core.shell:create_environment_hook('stonefish_bluerov2', 'cmake_prefix_path')
[0.339s] INFO:colcon.colcon_core.shell:Creating environment hook '/home/sf_ws/install/stonefish_bluerov2/share/stonefish_bluerov2/hook/cmake_prefix_path.ps1'
[0.339s] INFO:colcon.colcon_core.shell:Creating environment descriptor '/home/sf_ws/install/stonefish_bluerov2/share/stonefish_bluerov2/hook/cmake_prefix_path.dsv'
[0.340s] INFO:colcon.colcon_core.shell:Creating environment hook '/home/sf_ws/install/stonefish_bluerov2/share/stonefish_bluerov2/hook/cmake_prefix_path.sh'
[0.340s] Level 1:colcon.colcon_core.environment:checking '/home/sf_ws/install/stonefish_bluerov2/lib'
[0.340s] Level 1:colcon.colcon_core.environment:checking '/home/sf_ws/install/stonefish_bluerov2/bin'
[0.340s] Level 1:colcon.colcon_core.environment:checking '/home/sf_ws/install/stonefish_bluerov2/lib/pkgconfig/stonefish_bluerov2.pc'
[0.342s] Level 1:colcon.colcon_core.environment:checking '/home/sf_ws/install/stonefish_bluerov2/lib/python3.10/site-packages'
[0.342s] Level 1:colcon.colcon_core.environment:checking '/home/sf_ws/install/stonefish_bluerov2/bin'
[0.342s] INFO:colcon.colcon_core.shell:Creating package script '/home/sf_ws/install/stonefish_bluerov2/share/stonefish_bluerov2/package.ps1'
[0.343s] INFO:colcon.colcon_core.shell:Creating package descriptor '/home/sf_ws/install/stonefish_bluerov2/share/stonefish_bluerov2/package.dsv'
[0.343s] INFO:colcon.colcon_core.shell:Creating package script '/home/sf_ws/install/stonefish_bluerov2/share/stonefish_bluerov2/package.sh'
[0.344s] INFO:colcon.colcon_core.shell:Creating package script '/home/sf_ws/install/stonefish_bluerov2/share/stonefish_bluerov2/package.bash'
[0.344s] INFO:colcon.colcon_core.shell:Creating package script '/home/sf_ws/install/stonefish_bluerov2/share/stonefish_bluerov2/package.zsh'
[0.345s] Level 1:colcon.colcon_core.environment:create_file_with_runtime_dependencies(/home/sf_ws/install/stonefish_bluerov2/share/colcon-core/packages/stonefish_bluerov2)
[0.358s] Level 1:colcon.colcon_core.environment:create_environment_scripts_only(stonefish_bluerov2)
[0.358s] Level 1:colcon.colcon_core.environment:checking '/home/sf_ws/install/stonefish_bluerov2' for CMake module files
[0.359s] Level 1:colcon.colcon_core.environment:checking '/home/sf_ws/install/stonefish_bluerov2' for CMake config files
[0.359s] Level 1:colcon.colcon_core.shell:create_environment_hook('stonefish_bluerov2', 'cmake_prefix_path')
[0.359s] INFO:colcon.colcon_core.shell:Creating environment hook '/home/sf_ws/install/stonefish_bluerov2/share/stonefish_bluerov2/hook/cmake_prefix_path.ps1'
[0.360s] INFO:colcon.colcon_core.shell:Creating environment descriptor '/home/sf_ws/install/stonefish_bluerov2/share/stonefish_bluerov2/hook/cmake_prefix_path.dsv'
[0.360s] INFO:colcon.colcon_core.shell:Creating environment hook '/home/sf_ws/install/stonefish_bluerov2/share/stonefish_bluerov2/hook/cmake_prefix_path.sh'
[0.360s] Level 1:colcon.colcon_core.environment:checking '/home/sf_ws/install/stonefish_bluerov2/lib'
[0.360s] Level 1:colcon.colcon_core.environment:checking '/home/sf_ws/install/stonefish_bluerov2/bin'
[0.360s] Level 1:colcon.colcon_core.environment:checking '/home/sf_ws/install/stonefish_bluerov2/lib/pkgconfig/stonefish_bluerov2.pc'
[0.361s] Level 1:colcon.colcon_core.environment:checking '/home/sf_ws/install/stonefish_bluerov2/lib/python3.10/site-packages'
[0.361s] Level 1:colcon.colcon_core.environment:checking '/home/sf_ws/install/stonefish_bluerov2/bin'
[0.361s] INFO:colcon.colcon_core.shell:Creating package script '/home/sf_ws/install/stonefish_bluerov2/share/stonefish_bluerov2/package.ps1'
[0.361s] INFO:colcon.colcon_core.shell:Creating package descriptor '/home/sf_ws/install/stonefish_bluerov2/share/stonefish_bluerov2/package.dsv'
[0.362s] INFO:colcon.colcon_core.shell:Creating package script '/home/sf_ws/install/stonefish_bluerov2/share/stonefish_bluerov2/package.sh'
[0.362s] INFO:colcon.colcon_core.shell:Creating package script '/home/sf_ws/install/stonefish_bluerov2/share/stonefish_bluerov2/package.bash'
[0.362s] INFO:colcon.colcon_core.shell:Creating package script '/home/sf_ws/install/stonefish_bluerov2/share/stonefish_bluerov2/package.zsh'
[0.362s] Level 1:colcon.colcon_core.environment:create_file_with_runtime_dependencies(/home/sf_ws/install/stonefish_bluerov2/share/colcon-core/packages/stonefish_bluerov2)
[0.452s] DEBUG:colcon.colcon_core.event_handler.log_command:Invoking command in '/home/sf_ws/build/stonefish_ros2': CMAKE_PREFIX_PATH=/home/sf_ws/install/stonefish_bluerov2:/home/sf_ws/install/cola2_stonefish:/opt/ros/humble:/home/sf_ws/install/cola2_msgs:/home/sf_ws/install/stonefish_ros2::/usr/local /usr/bin/cmake --install /home/sf_ws/build/stonefish_ros2
[0.479s] Level 1:colcon.colcon_core.environment:create_environment_scripts_only(stonefish_ros2)
[0.479s] DEBUG:colcon.colcon_core.event_handler.log_command:Invoked command in '/home/sf_ws/build/stonefish_ros2' returned '0': CMAKE_PREFIX_PATH=/home/sf_ws/install/stonefish_bluerov2:/home/sf_ws/install/cola2_stonefish:/opt/ros/humble:/home/sf_ws/install/cola2_msgs:/home/sf_ws/install/stonefish_ros2::/usr/local /usr/bin/cmake --install /home/sf_ws/build/stonefish_ros2
[0.479s] Level 1:colcon.colcon_core.environment:checking '/home/sf_ws/install/stonefish_ros2' for CMake module files
[0.480s] Level 1:colcon.colcon_core.environment:checking '/home/sf_ws/install/stonefish_ros2' for CMake config files
[0.481s] Level 1:colcon.colcon_core.shell:create_environment_hook('stonefish_ros2', 'cmake_prefix_path')
[0.481s] INFO:colcon.colcon_core.shell:Creating environment hook '/home/sf_ws/install/stonefish_ros2/share/stonefish_ros2/hook/cmake_prefix_path.ps1'
[0.481s] INFO:colcon.colcon_core.shell:Creating environment descriptor '/home/sf_ws/install/stonefish_ros2/share/stonefish_ros2/hook/cmake_prefix_path.dsv'
[0.481s] INFO:colcon.colcon_core.shell:Creating environment hook '/home/sf_ws/install/stonefish_ros2/share/stonefish_ros2/hook/cmake_prefix_path.sh'
[0.482s] Level 1:colcon.colcon_core.environment:checking '/home/sf_ws/install/stonefish_ros2/lib'
[0.482s] Level 1:colcon.colcon_core.shell:create_environment_hook('stonefish_ros2', 'ld_library_path_lib')
[0.482s] INFO:colcon.colcon_core.shell:Creating environment hook '/home/sf_ws/install/stonefish_ros2/share/stonefish_ros2/hook/ld_library_path_lib.ps1'
[0.482s] INFO:colcon.colcon_core.shell:Creating environment descriptor '/home/sf_ws/install/stonefish_ros2/share/stonefish_ros2/hook/ld_library_path_lib.dsv'
[0.482s] INFO:colcon.colcon_core.shell:Creating environment hook '/home/sf_ws/install/stonefish_ros2/share/stonefish_ros2/hook/ld_library_path_lib.sh'
[0.483s] Level 1:colcon.colcon_core.environment:checking '/home/sf_ws/install/stonefish_ros2/bin'
[0.483s] Level 1:colcon.colcon_core.environment:checking '/home/sf_ws/install/stonefish_ros2/lib/pkgconfig/stonefish_ros2.pc'
[0.483s] Level 1:colcon.colcon_core.environment:checking '/home/sf_ws/install/stonefish_ros2/lib/python3.10/site-packages'
[0.483s] Level 1:colcon.colcon_core.environment:checking '/home/sf_ws/install/stonefish_ros2/bin'
[0.483s] INFO:colcon.colcon_core.shell:Creating package script '/home/sf_ws/install/stonefish_ros2/share/stonefish_ros2/package.ps1'
[0.484s] INFO:colcon.colcon_core.shell:Creating package descriptor '/home/sf_ws/install/stonefish_ros2/share/stonefish_ros2/package.dsv'
[0.484s] INFO:colcon.colcon_core.shell:Creating package script '/home/sf_ws/install/stonefish_ros2/share/stonefish_ros2/package.sh'
[0.484s] INFO:colcon.colcon_core.shell:Creating package script '/home/sf_ws/install/stonefish_ros2/share/stonefish_ros2/package.bash'
[0.484s] INFO:colcon.colcon_core.shell:Creating package script '/home/sf_ws/install/stonefish_ros2/share/stonefish_ros2/package.zsh'
[0.485s] Level 1:colcon.colcon_core.environment:create_file_with_runtime_dependencies(/home/sf_ws/install/stonefish_ros2/share/colcon-core/packages/stonefish_ros2)
[0.632s] Level 1:colcon.colcon_core.environment:create_environment_scripts_only(stonefish_ros2)
[0.632s] Level 1:colcon.colcon_core.environment:checking '/home/sf_ws/install/stonefish_ros2' for CMake module files
[0.632s] Level 1:colcon.colcon_core.environment:checking '/home/sf_ws/install/stonefish_ros2' for CMake config files
[0.633s] Level 1:colcon.colcon_core.shell:create_environment_hook('stonefish_ros2', 'cmake_prefix_path')
[0.633s] INFO:colcon.colcon_core.shell:Creating environment hook '/home/sf_ws/install/stonefish_ros2/share/stonefish_ros2/hook/cmake_prefix_path.ps1'
[0.633s] INFO:colcon.colcon_core.shell:Creating environment descriptor '/home/sf_ws/install/stonefish_ros2/share/stonefish_ros2/hook/cmake_prefix_path.dsv'
[0.633s] INFO:colcon.colcon_core.shell:Creating environment hook '/home/sf_ws/install/stonefish_ros2/share/stonefish_ros2/hook/cmake_prefix_path.sh'
[0.633s] Level 1:colcon.colcon_core.environment:checking '/home/sf_ws/install/stonefish_ros2/lib'
[0.633s] Level 1:colcon.colcon_core.shell:create_environment_hook('stonefish_ros2', 'ld_library_path_lib')
[0.633s] INFO:colcon.colcon_core.shell:Creating environment hook '/home/sf_ws/install/stonefish_ros2/share/stonefish_ros2/hook/ld_library_path_lib.ps1'
[0.634s] INFO:colcon.colcon_core.shell:Creating environment descriptor '/home/sf_ws/install/stonefish_ros2/share/stonefish_ros2/hook/ld_library_path_lib.dsv'
[0.634s] INFO:colcon.colcon_core.shell:Creating environment hook '/home/sf_ws/install/stonefish_ros2/share/stonefish_ros2/hook/ld_library_path_lib.sh'
[0.634s] Level 1:colcon.colcon_core.environment:checking '/home/sf_ws/install/stonefish_ros2/bin'
[0.634s] Level 1:colcon.colcon_core.environment:checking '/home/sf_ws/install/stonefish_ros2/lib/pkgconfig/stonefish_ros2.pc'
[0.634s] Level 1:colcon.colcon_core.environment:checking '/home/sf_ws/install/stonefish_ros2/lib/python3.10/site-packages'
[0.634s] Level 1:colcon.colcon_core.environment:checking '/home/sf_ws/install/stonefish_ros2/bin'
[0.634s] INFO:colcon.colcon_core.shell:Creating package script '/home/sf_ws/install/stonefish_ros2/share/stonefish_ros2/package.ps1'
[0.634s] INFO:colcon.colcon_core.shell:Creating package descriptor '/home/sf_ws/install/stonefish_ros2/share/stonefish_ros2/package.dsv'
[0.635s] INFO:colcon.colcon_core.shell:Creating package script '/home/sf_ws/install/stonefish_ros2/share/stonefish_ros2/package.sh'
[0.635s] INFO:colcon.colcon_core.shell:Creating package script '/home/sf_ws/install/stonefish_ros2/share/stonefish_ros2/package.bash'
[0.635s] INFO:colcon.colcon_core.shell:Creating package script '/home/sf_ws/install/stonefish_ros2/share/stonefish_ros2/package.zsh'
[0.635s] Level 1:colcon.colcon_core.environment:create_file_with_runtime_dependencies(/home/sf_ws/install/stonefish_ros2/share/colcon-core/packages/stonefish_ros2)
[0.966s] DEBUG:colcon.colcon_core.event_handler.log_command:Invoking command in '/home/sf_ws/build/cola2_msgs': /usr/bin/cmake --install /home/sf_ws/build/cola2_msgs
[1.002s] DEBUG:colcon.colcon_core.event_handler.log_command:Invoked command in '/home/sf_ws/build/cola2_msgs' returned '0': /usr/bin/cmake --install /home/sf_ws/build/cola2_msgs
[1.333s] Level 1:colcon.colcon_core.shell:create_environment_hook('cola2_msgs', 'ros_package_path')
[1.334s] INFO:colcon.colcon_core.shell:Creating environment hook '/home/sf_ws/install/cola2_msgs/share/cola2_msgs/hook/ros_package_path.ps1'
[1.334s] INFO:colcon.colcon_core.shell:Creating environment descriptor '/home/sf_ws/install/cola2_msgs/share/cola2_msgs/hook/ros_package_path.dsv'
[1.334s] INFO:colcon.colcon_core.shell:Creating environment hook '/home/sf_ws/install/cola2_msgs/share/cola2_msgs/hook/ros_package_path.sh'
[1.334s] Level 1:colcon.colcon_ros.task.catkin:checking '/home/sf_ws/install/cola2_msgs/local/lib/python3.10/dist-packages'
[1.334s] Level 1:colcon.colcon_core.shell:create_environment_hook('cola2_msgs', 'catkin_pythonpath')
[1.334s] INFO:colcon.colcon_core.shell:Creating environment hook '/home/sf_ws/install/cola2_msgs/share/cola2_msgs/hook/catkin_pythonpath.ps1'
[1.335s] INFO:colcon.colcon_core.shell:Creating environment descriptor '/home/sf_ws/install/cola2_msgs/share/cola2_msgs/hook/catkin_pythonpath.dsv'
[1.335s] INFO:colcon.colcon_core.shell:Creating environment hook '/home/sf_ws/install/cola2_msgs/share/cola2_msgs/hook/catkin_pythonpath.sh'
[1.335s] Level 1:colcon.colcon_core.shell:create_environment_hook('cola2_msgs', 'pkg_config_path')
[1.335s] INFO:colcon.colcon_core.shell:Creating environment hook '/home/sf_ws/install/cola2_msgs/share/cola2_msgs/hook/pkg_config_path.ps1'
[1.335s] INFO:colcon.colcon_core.shell:Creating environment descriptor '/home/sf_ws/install/cola2_msgs/share/cola2_msgs/hook/pkg_config_path.dsv'
[1.335s] INFO:colcon.colcon_core.shell:Creating environment hook '/home/sf_ws/install/cola2_msgs/share/cola2_msgs/hook/pkg_config_path.sh'
[1.336s] Level 1:colcon.colcon_core.shell:create_environment_hook('cola2_msgs', 'pkg_config_path_multiarch')
[1.336s] INFO:colcon.colcon_core.shell:Creating environment hook '/home/sf_ws/install/cola2_msgs/share/cola2_msgs/hook/pkg_config_path_multiarch.ps1'
[1.336s] INFO:colcon.colcon_core.shell:Creating environment descriptor '/home/sf_ws/install/cola2_msgs/share/cola2_msgs/hook/pkg_config_path_multiarch.dsv'
[1.336s] INFO:colcon.colcon_core.shell:Creating environment hook '/home/sf_ws/install/cola2_msgs/share/cola2_msgs/hook/pkg_config_path_multiarch.sh'
[1.337s] Level 1:colcon.colcon_core.environment:create_environment_scripts_only(cola2_msgs)
[1.337s] Level 1:colcon.colcon_core.environment:checking '/home/sf_ws/install/cola2_msgs' for CMake module files
[1.337s] Level 1:colcon.colcon_core.environment:checking '/home/sf_ws/install/cola2_msgs' for CMake config files
[1.337s] Level 1:colcon.colcon_core.shell:create_environment_hook('cola2_msgs', 'cmake_prefix_path')
[1.338s] INFO:colcon.colcon_core.shell:Creating environment hook '/home/sf_ws/install/cola2_msgs/share/cola2_msgs/hook/cmake_prefix_path.ps1'
[1.338s] INFO:colcon.colcon_core.shell:Creating environment descriptor '/home/sf_ws/install/cola2_msgs/share/cola2_msgs/hook/cmake_prefix_path.dsv'
[1.338s] INFO:colcon.colcon_core.shell:Creating environment hook '/home/sf_ws/install/cola2_msgs/share/cola2_msgs/hook/cmake_prefix_path.sh'
[1.338s] Level 1:colcon.colcon_core.environment:checking '/home/sf_ws/install/cola2_msgs/lib'
[1.338s] Level 1:colcon.colcon_core.shell:create_environment_hook('cola2_msgs', 'ld_library_path_lib')
[1.338s] INFO:colcon.colcon_core.shell:Creating environment hook '/home/sf_ws/install/cola2_msgs/share/cola2_msgs/hook/ld_library_path_lib.ps1'
[1.338s] INFO:colcon.colcon_core.shell:Creating environment descriptor '/home/sf_ws/install/cola2_msgs/share/cola2_msgs/hook/ld_library_path_lib.dsv'
[1.338s] INFO:colcon.colcon_core.shell:Creating environment hook '/home/sf_ws/install/cola2_msgs/share/cola2_msgs/hook/ld_library_path_lib.sh'
[1.339s] Level 1:colcon.colcon_core.environment:checking '/home/sf_ws/install/cola2_msgs/bin'
[1.339s] Level 1:colcon.colcon_core.environment:checking '/home/sf_ws/install/cola2_msgs/lib/pkgconfig/cola2_msgs.pc'
[1.339s] Level 1:colcon.colcon_core.environment:checking '/home/sf_ws/install/cola2_msgs/lib/python3.10/site-packages'
[1.339s] Level 1:colcon.colcon_core.environment:checking '/home/sf_ws/install/cola2_msgs/bin'
[1.339s] INFO:colcon.colcon_core.shell:Creating package script '/home/sf_ws/install/cola2_msgs/share/cola2_msgs/package.ps1'
[1.339s] INFO:colcon.colcon_core.shell:Creating package descriptor '/home/sf_ws/install/cola2_msgs/share/cola2_msgs/package.dsv'
[1.339s] INFO:colcon.colcon_core.shell:Creating package script '/home/sf_ws/install/cola2_msgs/share/cola2_msgs/package.sh'
[1.340s] INFO:colcon.colcon_core.shell:Creating package script '/home/sf_ws/install/cola2_msgs/share/cola2_msgs/package.bash'
[1.340s] INFO:colcon.colcon_core.shell:Creating package script '/home/sf_ws/install/cola2_msgs/share/cola2_msgs/package.zsh'
[1.340s] Level 1:colcon.colcon_core.environment:create_file_with_runtime_dependencies(/home/sf_ws/install/cola2_msgs/share/colcon-core/packages/cola2_msgs)
[1.340s] INFO:colcon.colcon_ros.task.ament_cmake.build:Building ROS package in '/home/sf_ws/src/cola2_stonefish_ros2' with build type 'ament_cmake'
[1.340s] INFO:colcon.colcon_cmake.task.cmake.build:Building CMake package in '/home/sf_ws/src/cola2_stonefish_ros2'
[1.340s] INFO:colcon.colcon_core.shell:Skip shell extension 'powershell' for command environment: Not usable outside of PowerShell
[1.340s] DEBUG:colcon.colcon_core.shell:Skip shell extension 'dsv' for command environment
[1.345s] DEBUG:colcon.colcon_core.event_handler.log_command:Invoking command in '/home/sf_ws/build/cola2_stonefish': CMAKE_PREFIX_PATH=/opt/ros/humble:/home/sf_ws/install/cola2_msgs:/home/sf_ws/install/stonefish_bluerov2:/home/sf_ws/install/cola2_stonefish:/home/sf_ws/install/stonefish_ros2:/usr/local PKG_CONFIG_PATH=/home/sf_ws/install/cola2_msgs/lib/x86_64-linux-gnu/pkgconfig:/home/sf_ws/install/cola2_msgs/lib/pkgconfig:/usr/local/lib/pkgconfig:/usr/local/lib/pkgconfig PYTHONPATH=/home/sf_ws/install/cola2_msgs/local/lib/python3.10/dist-packages:/home/sf_ws/install/stonefish_bluerov2/local/lib/python3.10/dist-packages:/home/sf_ws/install/stonefish_ros2/local/lib/python3.10/dist-packages:/opt/ros/humble/lib/python3.10/site-packages:/opt/ros/humble/local/lib/python3.10/dist-packages /usr/bin/cmake --build /home/sf_ws/build/cola2_stonefish -- -j32 -l32
[1.380s] DEBUG:colcon.colcon_core.event_handler.log_command:Invoked command in '/home/sf_ws/build/cola2_stonefish' returned '0': CMAKE_PREFIX_PATH=/opt/ros/humble:/home/sf_ws/install/cola2_msgs:/home/sf_ws/install/stonefish_bluerov2:/home/sf_ws/install/cola2_stonefish:/home/sf_ws/install/stonefish_ros2:/usr/local PKG_CONFIG_PATH=/home/sf_ws/install/cola2_msgs/lib/x86_64-linux-gnu/pkgconfig:/home/sf_ws/install/cola2_msgs/lib/pkgconfig:/usr/local/lib/pkgconfig:/usr/local/lib/pkgconfig PYTHONPATH=/home/sf_ws/install/cola2_msgs/local/lib/python3.10/dist-packages:/home/sf_ws/install/stonefish_bluerov2/local/lib/python3.10/dist-packages:/home/sf_ws/install/stonefish_ros2/local/lib/python3.10/dist-packages:/opt/ros/humble/lib/python3.10/site-packages:/opt/ros/humble/local/lib/python3.10/dist-packages /usr/bin/cmake --build /home/sf_ws/build/cola2_stonefish -- -j32 -l32
[1.393s] DEBUG:colcon.colcon_core.event_handler.log_command:Invoking command in '/home/sf_ws/build/cola2_stonefish': CMAKE_PREFIX_PATH=/opt/ros/humble:/home/sf_ws/install/cola2_msgs:/home/sf_ws/install/stonefish_bluerov2:/home/sf_ws/install/cola2_stonefish:/home/sf_ws/install/stonefish_ros2:/usr/local PKG_CONFIG_PATH=/home/sf_ws/install/cola2_msgs/lib/x86_64-linux-gnu/pkgconfig:/home/sf_ws/install/cola2_msgs/lib/pkgconfig:/usr/local/lib/pkgconfig:/usr/local/lib/pkgconfig PYTHONPATH=/home/sf_ws/install/cola2_msgs/local/lib/python3.10/dist-packages:/home/sf_ws/install/stonefish_bluerov2/local/lib/python3.10/dist-packages:/home/sf_ws/install/stonefish_ros2/local/lib/python3.10/dist-packages:/opt/ros/humble/lib/python3.10/site-packages:/opt/ros/humble/local/lib/python3.10/dist-packages /usr/bin/cmake --install /home/sf_ws/build/cola2_stonefish
[1.402s] Level 1:colcon.colcon_core.environment:create_environment_scripts_only(cola2_stonefish)
[1.403s] Level 1:colcon.colcon_core.environment:checking '/home/sf_ws/install/cola2_stonefish' for CMake module files
[1.405s] Level 1:colcon.colcon_core.environment:checking '/home/sf_ws/install/cola2_stonefish' for CMake config files
[1.407s] DEBUG:colcon.colcon_core.event_handler.log_command:Invoked command in '/home/sf_ws/build/cola2_stonefish' returned '0': CMAKE_PREFIX_PATH=/opt/ros/humble:/home/sf_ws/install/cola2_msgs:/home/sf_ws/install/stonefish_bluerov2:/home/sf_ws/install/cola2_stonefish:/home/sf_ws/install/stonefish_ros2:/usr/local PKG_CONFIG_PATH=/home/sf_ws/install/cola2_msgs/lib/x86_64-linux-gnu/pkgconfig:/home/sf_ws/install/cola2_msgs/lib/pkgconfig:/usr/local/lib/pkgconfig:/usr/local/lib/pkgconfig PYTHONPATH=/home/sf_ws/install/cola2_msgs/local/lib/python3.10/dist-packages:/home/sf_ws/install/stonefish_bluerov2/local/lib/python3.10/dist-packages:/home/sf_ws/install/stonefish_ros2/local/lib/python3.10/dist-packages:/opt/ros/humble/lib/python3.10/site-packages:/opt/ros/humble/local/lib/python3.10/dist-packages /usr/bin/cmake --install /home/sf_ws/build/cola2_stonefish
[1.408s] Level 1:colcon.colcon_core.shell:create_environment_hook('cola2_stonefish', 'cmake_prefix_path')
[1.408s] INFO:colcon.colcon_core.shell:Creating environment hook '/home/sf_ws/install/cola2_stonefish/share/cola2_stonefish/hook/cmake_prefix_path.ps1'
[1.408s] INFO:colcon.colcon_core.shell:Creating environment descriptor '/home/sf_ws/install/cola2_stonefish/share/cola2_stonefish/hook/cmake_prefix_path.dsv'
[1.408s] INFO:colcon.colcon_core.shell:Creating environment hook '/home/sf_ws/install/cola2_stonefish/share/cola2_stonefish/hook/cmake_prefix_path.sh'
[1.408s] Level 1:colcon.colcon_core.environment:checking '/home/sf_ws/install/cola2_stonefish/lib'
[1.408s] Level 1:colcon.colcon_core.environment:checking '/home/sf_ws/install/cola2_stonefish/bin'
[1.408s] Level 1:colcon.colcon_core.environment:checking '/home/sf_ws/install/cola2_stonefish/lib/pkgconfig/cola2_stonefish.pc'
[1.408s] Level 1:colcon.colcon_core.environment:checking '/home/sf_ws/install/cola2_stonefish/lib/python3.10/site-packages'
[1.409s] Level 1:colcon.colcon_core.environment:checking '/home/sf_ws/install/cola2_stonefish/bin'
[1.409s] INFO:colcon.colcon_core.shell:Creating package script '/home/sf_ws/install/cola2_stonefish/share/cola2_stonefish/package.ps1'
[1.409s] INFO:colcon.colcon_core.shell:Creating package descriptor '/home/sf_ws/install/cola2_stonefish/share/cola2_stonefish/package.dsv'
[1.409s] INFO:colcon.colcon_core.shell:Creating package script '/home/sf_ws/install/cola2_stonefish/share/cola2_stonefish/package.sh'
[1.409s] INFO:colcon.colcon_core.shell:Creating package script '/home/sf_ws/install/cola2_stonefish/share/cola2_stonefish/package.bash'
[1.409s] INFO:colcon.colcon_core.shell:Creating package script '/home/sf_ws/install/cola2_stonefish/share/cola2_stonefish/package.zsh'
[1.409s] Level 1:colcon.colcon_core.environment:create_file_with_runtime_dependencies(/home/sf_ws/install/cola2_stonefish/share/colcon-core/packages/cola2_stonefish)
[1.422s] Level 1:colcon.colcon_core.environment:create_environment_scripts_only(cola2_stonefish)
[1.422s] Level 1:colcon.colcon_core.environment:checking '/home/sf_ws/install/cola2_stonefish' for CMake module files
[1.422s] Level 1:colcon.colcon_core.environment:checking '/home/sf_ws/install/cola2_stonefish' for CMake config files
[1.422s] Level 1:colcon.colcon_core.shell:create_environment_hook('cola2_stonefish', 'cmake_prefix_path')
[1.422s] INFO:colcon.colcon_core.shell:Creating environment hook '/home/sf_ws/install/cola2_stonefish/share/cola2_stonefish/hook/cmake_prefix_path.ps1'
[1.423s] INFO:colcon.colcon_core.shell:Creating environment descriptor '/home/sf_ws/install/cola2_stonefish/share/cola2_stonefish/hook/cmake_prefix_path.dsv'
[1.423s] INFO:colcon.colcon_core.shell:Creating environment hook '/home/sf_ws/install/cola2_stonefish/share/cola2_stonefish/hook/cmake_prefix_path.sh'
[1.423s] Level 1:colcon.colcon_core.environment:checking '/home/sf_ws/install/cola2_stonefish/lib'
[1.423s] Level 1:colcon.colcon_core.environment:checking '/home/sf_ws/install/cola2_stonefish/bin'
[1.423s] Level 1:colcon.colcon_core.environment:checking '/home/sf_ws/install/cola2_stonefish/lib/pkgconfig/cola2_stonefish.pc'
[1.423s] Level 1:colcon.colcon_core.environment:checking '/home/sf_ws/install/cola2_stonefish/lib/python3.10/site-packages'
[1.423s] Level 1:colcon.colcon_core.environment:checking '/home/sf_ws/install/cola2_stonefish/bin'
[1.423s] INFO:colcon.colcon_core.shell:Creating package script '/home/sf_ws/install/cola2_stonefish/share/cola2_stonefish/package.ps1'
[1.423s] INFO:colcon.colcon_core.shell:Creating package descriptor '/home/sf_ws/install/cola2_stonefish/share/cola2_stonefish/package.dsv'
[1.424s] INFO:colcon.colcon_core.shell:Creating package script '/home/sf_ws/install/cola2_stonefish/share/cola2_stonefish/package.sh'
[1.424s] INFO:colcon.colcon_core.shell:Creating package script '/home/sf_ws/install/cola2_stonefish/share/cola2_stonefish/package.bash'
[1.424s] INFO:colcon.colcon_core.shell:Creating package script '/home/sf_ws/install/cola2_stonefish/share/cola2_stonefish/package.zsh'
[1.424s] Level 1:colcon.colcon_core.environment:create_file_with_runtime_dependencies(/home/sf_ws/install/cola2_stonefish/share/colcon-core/packages/cola2_stonefish)
[1.424s] DEBUG:colcon.colcon_parallel_executor.executor.parallel:closing loop
[1.424s] DEBUG:colcon.colcon_parallel_executor.executor.parallel:loop closed
[1.424s] DEBUG:colcon.colcon_parallel_executor.executor.parallel:run_until_complete finished with '0'
[1.424s] DEBUG:colcon.colcon_core.event_reactor:joining thread
[1.427s] INFO:colcon.colcon_core.plugin_system:Skipping extension 'colcon_notification.desktop_notification.notify_send': Could not find 'notify-send'
[1.427s] INFO:colcon.colcon_core.plugin_system:Skipping extension 'colcon_notification.desktop_notification.terminal_notifier': Not used on non-Darwin systems
[1.427s] INFO:colcon.colcon_core.plugin_system:Skipping extension 'colcon_notification.desktop_notification.win32': Not used on non-Windows systems
[1.428s] INFO:colcon.colcon_notification.desktop_notification:Sending desktop notification using 'notify2'
[1.429s] DEBUG:colcon.colcon_notification.desktop_notification.notify2:Failed to initialize notify2: org.freedesktop.DBus.Error.Spawn.ExecFailed: /usr/bin/dbus-launch terminated abnormally without any error message
[1.429s] DEBUG:colcon.colcon_core.event_reactor:joined thread
[1.429s] INFO:colcon.colcon_core.shell:Creating prefix script '/home/sf_ws/install/local_setup.ps1'
[1.430s] INFO:colcon.colcon_core.shell:Creating prefix util module '/home/sf_ws/install/_local_setup_util_ps1.py'
[1.430s] INFO:colcon.colcon_core.shell:Creating prefix chain script '/home/sf_ws/install/setup.ps1'
[1.431s] INFO:colcon.colcon_core.shell:Creating prefix script '/home/sf_ws/install/local_setup.sh'
[1.431s] INFO:colcon.colcon_core.shell:Creating prefix util module '/home/sf_ws/install/_local_setup_util_sh.py'
[1.431s] INFO:colcon.colcon_core.shell:Creating prefix chain script '/home/sf_ws/install/setup.sh'
[1.432s] INFO:colcon.colcon_core.shell:Creating prefix script '/home/sf_ws/install/local_setup.bash'
[1.432s] INFO:colcon.colcon_core.shell:Creating prefix chain script '/home/sf_ws/install/setup.bash'
[1.432s] INFO:colcon.colcon_core.shell:Creating prefix script '/home/sf_ws/install/local_setup.zsh'
[1.432s] INFO:colcon.colcon_core.shell:Creating prefix chain script '/home/sf_ws/install/setup.zsh'
