[  0%] Built target cola2_msgs__cpp
[ 12%] Built target cola2_msgs__rosidl_generator_c
[ 12%] Built target ament_cmake_python_copy_cola2_msgs
[ 34%] Built target cola2_msgs__rosidl_typesupport_c
[ 36%] Built target cola2_msgs__rosidl_typesupport_fastrtps_cpp
[ 49%] Built target cola2_msgs__rosidl_typesupport_introspection_cpp
[ 62%] Built target cola2_msgs__rosidl_typesupport_introspection_c
[ 74%] Built target cola2_msgs__rosidl_typesupport_cpp
[ 86%] Built target cola2_msgs__rosidl_typesupport_fastrtps_c
[ 86%] Built target cola2_msgs
[ 86%] Built target cola2_msgs__py
[ 98%] Built target cola2_msgs__rosidl_generator_py
[ 98%] Built target cola2_msgs__rosidl_typesupport_introspection_c__pyext
[100%] Built target cola2_msgs__rosidl_typesupport_c__pyext
[100%] Built target cola2_msgs__rosidl_typesupport_fastrtps_c__pyext
running egg_info
writing cola2_msgs.egg-info/PKG-INFO
writing dependency_links to cola2_msgs.egg-info/dependency_links.txt
writing top-level names to cola2_msgs.egg-info/top_level.txt
reading manifest file 'cola2_msgs.egg-info/SOURCES.txt'
writing manifest file 'cola2_msgs.egg-info/SOURCES.txt'
[100%] Built target ament_cmake_python_build_cola2_msgs_egg
