[0.009s] Invoking command in '/home/sf_ws/build/cola2_msgs': /usr/bin/cmake --build /home/sf_ws/build/cola2_msgs -- -j32 -l32
[0.046s] [  0%] Built target cola2_msgs__cpp
[0.051s] [ 12%] Built target cola2_msgs__rosidl_generator_c
[0.052s] [ 12%] Built target ament_cmake_python_copy_cola2_msgs
[0.066s] [ 34%] Built target cola2_msgs__rosidl_typesupport_c
[0.066s] [ 36%] Built target cola2_msgs__rosidl_typesupport_fastrtps_cpp
[0.067s] [ 49%] Built target cola2_msgs__rosidl_typesupport_introspection_cpp
[0.067s] [ 62%] Built target cola2_msgs__rosidl_typesupport_introspection_c
[0.069s] [ 74%] Built target cola2_msgs__rosidl_typesupport_cpp
[0.076s] [ 86%] Built target cola2_msgs__rosidl_typesupport_fastrtps_c
[0.086s] [ 86%] Built target cola2_msgs
[0.096s] [ 86%] Built target cola2_msgs__py
[0.114s] [ 98%] Built target cola2_msgs__rosidl_generator_py
[0.128s] [ 98%] Built target cola2_msgs__rosidl_typesupport_introspection_c__pyext
[0.129s] [100%] Built target cola2_msgs__rosidl_typesupport_c__pyext
[0.129s] [100%] Built target cola2_msgs__rosidl_typesupport_fastrtps_c__pyext
[0.152s] running egg_info
[0.153s] writing cola2_msgs.egg-info/PKG-INFO
[0.153s] writing dependency_links to cola2_msgs.egg-info/dependency_links.txt
[0.153s] writing top-level names to cola2_msgs.egg-info/top_level.txt
[0.154s] reading manifest file 'cola2_msgs.egg-info/SOURCES.txt'
[0.154s] writing manifest file 'cola2_msgs.egg-info/SOURCES.txt'
[0.166s] [100%] Built target ament_cmake_python_build_cola2_msgs_egg
[0.173s] Invoked command in '/home/sf_ws/build/cola2_msgs' returned '0': /usr/bin/cmake --build /home/sf_ws/build/cola2_msgs -- -j32 -l32
