[0.007s] Invoking command in '/home/sf_ws/build/stonefish_ros2': CMAKE_PREFIX_PATH=${CMAKE_PREFIX_PATH}:/opt/ros/humble /usr/bin/cmake /home/sf_ws/src/stonefish_ros2 -DCMAKE_INSTALL_PREFIX=/home/sf_ws/install/stonefish_ros2
[0.072s] -- The C compiler identification is GNU 11.4.0
[0.124s] -- The CXX compiler identification is GNU 11.4.0
[0.130s] -- Detecting C compiler ABI info
[0.169s] -- Detecting C compiler ABI info - done
[0.172s] -- Check for working C compiler: /usr/bin/cc - skipped
[0.173s] -- Detecting C compile features
[0.173s] -- Detecting C compile features - done
[0.175s] -- Detecting CXX compiler ABI info
[0.217s] -- Detecting CXX compiler ABI info - done
[0.220s] -- Check for working CXX compiler: /usr/bin/c++ - skipped
[0.220s] -- Detecting CXX compile features
[0.221s] -- Detecting CXX compile features - done
[0.224s] -- Found ament_cmake: 1.3.10 (/opt/ros/humble/share/ament_cmake/cmake)
[0.313s] -- Found Python3: /usr/bin/python3 (found version "3.10.12") found components: Interpreter 
[0.379s] -- Found rclcpp: 16.0.10 (/opt/ros/humble/share/rclcpp/cmake)
[0.409s] -- Found rosidl_generator_c: 3.1.5 (/opt/ros/humble/share/rosidl_generator_c/cmake)
[0.413s] -- Found rosidl_adapter: 3.1.5 (/opt/ros/humble/share/rosidl_adapter/cmake)
[0.419s] -- Found rosidl_generator_cpp: 3.1.5 (/opt/ros/humble/share/rosidl_generator_cpp/cmake)
[0.428s] -- Using all available rosidl_typesupport_c: rosidl_typesupport_fastrtps_c;rosidl_typesupport_introspection_c
[0.439s] -- Using all available rosidl_typesupport_cpp: rosidl_typesupport_fastrtps_cpp;rosidl_typesupport_introspection_cpp
[0.470s] -- Found rmw_implementation_cmake: 6.1.2 (/opt/ros/humble/share/rmw_implementation_cmake/cmake)
[0.473s] -- Found rmw_fastrtps_cpp: 6.2.7 (/opt/ros/humble/share/rmw_fastrtps_cpp/cmake)
[0.534s] -- Found OpenSSL: /usr/lib/x86_64-linux-gnu/libcrypto.so (found version "3.0.2")  
[0.552s] -- Found FastRTPS: /opt/ros/humble/include  
[0.584s] -- Using RMW implementation 'rmw_fastrtps_cpp' as default
[0.594s] -- Looking for pthread.h
[0.639s] -- Looking for pthread.h - found
[0.639s] -- Performing Test CMAKE_HAVE_LIBC_PTHREAD
[0.681s] -- Performing Test CMAKE_HAVE_LIBC_PTHREAD - Success
[0.681s] -- Found Threads: TRUE  
[0.714s] -- Found std_srvs: 4.2.4 (/opt/ros/humble/share/std_srvs/cmake)
[0.721s] -- Found geometry_msgs: 4.2.4 (/opt/ros/humble/share/geometry_msgs/cmake)
[0.730s] -- Found nav_msgs: 4.2.4 (/opt/ros/humble/share/nav_msgs/cmake)
[0.740s] -- Found sensor_msgs: 4.2.4 (/opt/ros/humble/share/sensor_msgs/cmake)
[0.750s] -- Found visualization_msgs: 4.2.4 (/opt/ros/humble/share/visualization_msgs/cmake)
[0.762s] -- Found rosidl_default_generators: 1.2.0 (/opt/ros/humble/share/rosidl_default_generators/cmake)
[0.768s] -- Found pcl_conversions: 2.4.5 (/opt/ros/humble/share/pcl_conversions/cmake)
[0.791s] -- Checking for module 'eigen3'
[0.800s] --   Found eigen3, version 3.4.0
[0.820s] -- Found Eigen: /usr/include/eigen3 (Required is at least version "3.1") 
[0.820s] -- Eigen found (include: /usr/include/eigen3, version: 3.4.0)
[0.851s] -- Checking for module 'flann'
[0.859s] --   Found flann, version 1.9.1
[0.882s] -- Found FLANN: /usr/lib/x86_64-linux-gnu/libflann_cpp.so  
[0.882s] -- FLANN found (include: /usr/include, lib: /usr/lib/x86_64-linux-gnu/libflann_cpp.so)
[1.422s] -- Checking for module 'libusb-1.0'
[1.430s] --   Found libusb-1.0, version 1.0.25
[1.450s] -- Found libusb: /usr/lib/x86_64-linux-gnu/libusb-1.0.so  
[1.451s] -- OpenNI found (version: 1.5.4.0, include: /usr/include/ni, lib: /usr/lib/libOpenNI.so;libusb::libusb)
[1.483s] -- OpenNI2 found (version: 2.2.0.33, include: /usr/include/openni2, lib: /usr/lib/x86_64-linux-gnu/libOpenNI2.so;libusb::libusb)
[1.566s] -- Eigen found (include: /usr/include/eigen3, version: 3.4.0)
[1.570s] -- OpenNI found (version: 1.5.4.0, include: /usr/include/ni, lib: /usr/lib/libOpenNI.so;libusb::libusb)
[1.574s] -- OpenNI2 found (version: 2.2.0.33, include: /usr/include/openni2, lib: /usr/lib/x86_64-linux-gnu/libOpenNI2.so;libusb::libusb)
[1.659s] -- Found Qhull version 8.0.2
[1.730s] -- OpenNI found (version: 1.5.4.0, include: /usr/include/ni, lib: /usr/lib/libOpenNI.so;libusb::libusb)
[1.813s] -- Found PCL_COMMON: /usr/lib/x86_64-linux-gnu/libpcl_common.so  
[1.813s] -- Found PCL_KDTREE: /usr/lib/x86_64-linux-gnu/libpcl_kdtree.so  
[1.813s] -- Found PCL_OCTREE: /usr/lib/x86_64-linux-gnu/libpcl_octree.so  
[1.814s] -- Found PCL_SEARCH: /usr/lib/x86_64-linux-gnu/libpcl_search.so  
[1.814s] -- Found PCL_SAMPLE_CONSENSUS: /usr/lib/x86_64-linux-gnu/libpcl_sample_consensus.so  
[1.814s] -- Found PCL_FILTERS: /usr/lib/x86_64-linux-gnu/libpcl_filters.so  
[1.814s] -- Found PCL_2D: /usr/include/pcl-1.12  
[1.815s] -- Found PCL_GEOMETRY: /usr/include/pcl-1.12  
[1.815s] -- Found PCL_IO: /usr/lib/x86_64-linux-gnu/libpcl_io.so  
[1.815s] -- Found PCL_FEATURES: /usr/lib/x86_64-linux-gnu/libpcl_features.so  
[1.816s] -- Found PCL_ML: /usr/lib/x86_64-linux-gnu/libpcl_ml.so  
[1.816s] -- Found PCL_SEGMENTATION: /usr/lib/x86_64-linux-gnu/libpcl_segmentation.so  
[1.816s] -- Found PCL_VISUALIZATION: /usr/lib/x86_64-linux-gnu/libpcl_visualization.so  
[1.817s] -- Found PCL_SURFACE: /usr/lib/x86_64-linux-gnu/libpcl_surface.so  
[1.817s] -- Found PCL_REGISTRATION: /usr/lib/x86_64-linux-gnu/libpcl_registration.so  
[1.817s] -- Found PCL_KEYPOINTS: /usr/lib/x86_64-linux-gnu/libpcl_keypoints.so  
[1.818s] -- Found PCL_TRACKING: /usr/lib/x86_64-linux-gnu/libpcl_tracking.so  
[1.818s] -- Found PCL_RECOGNITION: /usr/lib/x86_64-linux-gnu/libpcl_recognition.so  
[1.818s] -- Found PCL_STEREO: /usr/lib/x86_64-linux-gnu/libpcl_stereo.so  
[1.819s] -- Found PCL_APPS: /usr/lib/x86_64-linux-gnu/libpcl_apps.so  
[1.819s] -- Found PCL_IN_HAND_SCANNER: /usr/include/pcl-1.12  
[1.819s] -- Found PCL_MODELER: /usr/include/pcl-1.12  
[1.820s] -- Found PCL_POINT_CLOUD_EDITOR: /usr/include/pcl-1.12  
[1.820s] -- Found PCL_OUTOFCORE: /usr/lib/x86_64-linux-gnu/libpcl_outofcore.so  
[1.820s] -- Found PCL_PEOPLE: /usr/lib/x86_64-linux-gnu/libpcl_people.so  
[1.822s] -- Found image_transport: 3.1.9 (/opt/ros/humble/share/image_transport/cmake)
[1.843s] -- Found tf2: 0.25.8 (/opt/ros/humble/share/tf2/cmake)
[1.846s] -- Found tf2_ros: 0.25.8 (/opt/ros/humble/share/tf2_ros/cmake)
[1.897s] -- Found OpenGL: /usr/lib/x86_64-linux-gnu/libOpenGL.so   
[1.900s] -- Found Freetype: /usr/lib/x86_64-linux-gnu/libfreetype.so (found version "2.11.1") 
[2.041s] -- Found OpenMP_C: -fopenmp (found version "4.5") 
[2.091s] -- Found OpenMP_CXX: -fopenmp (found version "4.5") 
[2.091s] -- Found OpenMP: TRUE (found version "4.5")  
[2.297s] -- Found ament_cmake_ros: 0.10.0 (/opt/ros/humble/share/ament_cmake_ros/cmake)
[2.521s] -- Using all available rosidl_typesupport_c: rosidl_typesupport_fastrtps_c;rosidl_typesupport_introspection_c
[2.606s] -- Using all available rosidl_typesupport_cpp: rosidl_typesupport_fastrtps_cpp;rosidl_typesupport_introspection_cpp
[2.621s] -- Found PythonInterp: /usr/bin/python3 (found suitable version "3.10.12", minimum required is "3.6") 
[2.624s] -- Found python_cmake_module: 0.10.0 (/opt/ros/humble/share/python_cmake_module/cmake)
[2.642s] -- Found PythonLibs: /usr/lib/x86_64-linux-gnu/libpython3.10.so (found suitable version "3.10.12", minimum required is "3.5") 
[2.642s] -- Using PYTHON_EXECUTABLE: /usr/bin/python3
[2.642s] -- Using PYTHON_INCLUDE_DIRS: /usr/include/python3.10
[2.642s] -- Using PYTHON_LIBRARIES: /usr/lib/x86_64-linux-gnu/libpython3.10.so
[2.656s] -- Found PythonExtra: .so  
[2.686s] [33mCMake Warning (dev) at CMakeLists.txt:43 (find_package):
[2.686s]   Policy CMP0074 is not set: find_package uses <PackageName>_ROOT variables.
[2.686s]   Run "cmake --help-policy CMP0074" for policy details.  Use the cmake_policy
[2.686s]   command to set the policy and suppress this warning.
[2.686s] 
[2.686s]   CMake variable PCL_ROOT is set to:
[2.686s] 
[2.686s]     /usr
[2.686s] 
[2.687s]   For compatibility, CMake is ignoring the variable.
[2.687s] This warning is for project developers.  Use -Wno-dev to suppress it.
[2.687s] [0m
[2.696s] -- Found ament_lint_auto: 0.12.11 (/opt/ros/humble/share/ament_lint_auto/cmake)
[2.715s] -- Added test 'cppcheck' to perform static code analysis on C / C++ code
[2.715s] -- Configured cppcheck include dirs: $<BUILD_INTERFACE:/home/sf_ws/src/stonefish_ros2/include>
[2.715s] -- Configured cppcheck exclude dirs and/or files: 
[2.716s] -- Added test 'flake8' to check Python code syntax and style conventions
[2.717s] -- Added test 'lint_cmake' to check CMake code style
[2.718s] -- Added test 'pep257' to check Python code against some of the docstring style conventions in PEP 257
[2.721s] -- Added test 'uncrustify' to check C / C++ code style
[2.721s] -- Configured uncrustify additional arguments: 
[2.721s] -- Added test 'xmllint' to check XML markup files
[2.723s] -- Configuring done
[2.787s] -- Generating done
[2.789s] -- Build files have been written to: /home/sf_ws/build/stonefish_ros2
[2.799s] Invoked command in '/home/sf_ws/build/stonefish_ros2' returned '0': CMAKE_PREFIX_PATH=${CMAKE_PREFIX_PATH}:/opt/ros/humble /usr/bin/cmake /home/sf_ws/src/stonefish_ros2 -DCMAKE_INSTALL_PREFIX=/home/sf_ws/install/stonefish_ros2
[2.800s] Invoking command in '/home/sf_ws/build/stonefish_ros2': CMAKE_PREFIX_PATH=${CMAKE_PREFIX_PATH}:/opt/ros/humble /usr/bin/cmake --build /home/sf_ws/build/stonefish_ros2 -- -j32 -l32
[2.832s] [  1%] [34m[1mGenerating C code for ROS interfaces[0m
[2.839s] [  1%] [34m[1mGenerating C++ code for ROS interfaces[0m
[2.842s] [  1%] Built target ament_cmake_python_copy_stonefish_ros2
[2.934s] running egg_info
[2.935s] creating stonefish_ros2.egg-info
[2.935s] writing stonefish_ros2.egg-info/PKG-INFO
[2.935s] writing dependency_links to stonefish_ros2.egg-info/dependency_links.txt
[2.935s] writing top-level names to stonefish_ros2.egg-info/top_level.txt
[2.935s] writing manifest file 'stonefish_ros2.egg-info/SOURCES.txt'
[2.936s] reading manifest file 'stonefish_ros2.egg-info/SOURCES.txt'
[2.936s] writing manifest file 'stonefish_ros2.egg-info/SOURCES.txt'
[2.948s] [  1%] Built target ament_cmake_python_build_stonefish_ros2_egg
[3.238s] [  1%] Built target stonefish_ros2__cpp
[3.244s] [  2%] [34m[1mGenerating C++ type support dispatch for ROS interfaces[0m
[3.245s] [  3%] [34m[1mGenerating C++ type support for eProsima Fast-RTPS[0m
[3.246s] [  4%] [34m[1mGenerating C++ introspection for ROS interfaces[0m
[3.261s] [  5%] [32mBuilding C object CMakeFiles/stonefish_ros2__rosidl_generator_c.dir/rosidl_generator_c/stonefish_ros2/msg/detail/debug_physics__functions.c.o[0m
[3.261s] [  7%] [32mBuilding C object CMakeFiles/stonefish_ros2__rosidl_generator_c.dir/rosidl_generator_c/stonefish_ros2/srv/detail/respawn__functions.c.o[0m
[3.261s] [  7%] [32mBuilding C object CMakeFiles/stonefish_ros2__rosidl_generator_c.dir/rosidl_generator_c/stonefish_ros2/srv/detail/sonar_settings2__functions.c.o[0m
[3.261s] [  9%] [32mBuilding C object CMakeFiles/stonefish_ros2__rosidl_generator_c.dir/rosidl_generator_c/stonefish_ros2/msg/detail/beacon_info__functions.c.o[0m
[3.262s] [  8%] [32mBuilding C object CMakeFiles/stonefish_ros2__rosidl_generator_c.dir/rosidl_generator_c/stonefish_ros2/msg/detail/int32_stamped__functions.c.o[0m
[3.262s] [  9%] [32mBuilding C object CMakeFiles/stonefish_ros2__rosidl_generator_c.dir/rosidl_generator_c/stonefish_ros2/msg/detail/ned_pose__functions.c.o[0m
[3.262s] [ 10%] [32mBuilding C object CMakeFiles/stonefish_ros2__rosidl_generator_c.dir/rosidl_generator_c/stonefish_ros2/msg/detail/dvl_beam__functions.c.o[0m
[3.262s] [ 12%] [32mBuilding C object CMakeFiles/stonefish_ros2__rosidl_generator_c.dir/rosidl_generator_c/stonefish_ros2/msg/detail/thruster_state__functions.c.o[0m
[3.262s] [ 12%] [32mBuilding C object CMakeFiles/stonefish_ros2__rosidl_generator_c.dir/rosidl_generator_c/stonefish_ros2/msg/detail/ins__functions.c.o[0m
[3.262s] [ 13%] [32mBuilding C object CMakeFiles/stonefish_ros2__rosidl_generator_c.dir/rosidl_generator_c/stonefish_ros2/msg/detail/dvl__functions.c.o[0m
[3.262s] [ 13%] [32mBuilding C object CMakeFiles/stonefish_ros2__rosidl_generator_c.dir/rosidl_generator_c/stonefish_ros2/srv/detail/sonar_settings__functions.c.o[0m
[3.300s] [ 14%] [32m[1mLinking C shared library libstonefish_ros2__rosidl_generator_c.so[0m
[3.321s] [ 14%] Built target stonefish_ros2__rosidl_generator_c
[3.327s] [ 17%] [34m[1mGenerating C type support dispatch for ROS interfaces[0m
[3.327s] [ 17%] [34m[1mGenerating C introspection for ROS interfaces[0m
[3.327s] [ 17%] [34m[1mGenerating C type support for eProsima Fast-RTPS[0m
[3.525s] [ 18%] [32mBuilding CXX object CMakeFiles/stonefish_ros2__rosidl_typesupport_cpp.dir/rosidl_typesupport_cpp/stonefish_ros2/srv/sonar_settings__type_support.cpp.o[0m
[3.525s] [ 18%] [32mBuilding CXX object CMakeFiles/stonefish_ros2__rosidl_typesupport_cpp.dir/rosidl_typesupport_cpp/stonefish_ros2/msg/int32_stamped__type_support.cpp.o[0m
[3.526s] [ 19%] [32mBuilding CXX object CMakeFiles/stonefish_ros2__rosidl_typesupport_cpp.dir/rosidl_typesupport_cpp/stonefish_ros2/srv/respawn__type_support.cpp.o[0m
[3.526s] [ 20%] [32mBuilding CXX object CMakeFiles/stonefish_ros2__rosidl_typesupport_cpp.dir/rosidl_typesupport_cpp/stonefish_ros2/msg/beacon_info__type_support.cpp.o[0m
[3.526s] [ 21%] [32mBuilding CXX object CMakeFiles/stonefish_ros2__rosidl_typesupport_cpp.dir/rosidl_typesupport_cpp/stonefish_ros2/msg/ned_pose__type_support.cpp.o[0m
[3.526s] [ 21%] [32mBuilding CXX object CMakeFiles/stonefish_ros2__rosidl_typesupport_cpp.dir/rosidl_typesupport_cpp/stonefish_ros2/msg/ins__type_support.cpp.o[0m
[3.526s] [ 22%] [32mBuilding CXX object CMakeFiles/stonefish_ros2__rosidl_typesupport_cpp.dir/rosidl_typesupport_cpp/stonefish_ros2/msg/dvl_beam__type_support.cpp.o[0m
[3.527s] [ 23%] [32mBuilding CXX object CMakeFiles/stonefish_ros2__rosidl_typesupport_cpp.dir/rosidl_typesupport_cpp/stonefish_ros2/msg/dvl__type_support.cpp.o[0m
[3.527s] [ 25%] [32mBuilding CXX object CMakeFiles/stonefish_ros2__rosidl_typesupport_cpp.dir/rosidl_typesupport_cpp/stonefish_ros2/msg/thruster_state__type_support.cpp.o[0m
[3.527s] [ 25%] [32mBuilding CXX object CMakeFiles/stonefish_ros2__rosidl_typesupport_cpp.dir/rosidl_typesupport_cpp/stonefish_ros2/msg/debug_physics__type_support.cpp.o[0m
[3.527s] [ 26%] [32mBuilding CXX object CMakeFiles/stonefish_ros2__rosidl_typesupport_cpp.dir/rosidl_typesupport_cpp/stonefish_ros2/srv/sonar_settings2__type_support.cpp.o[0m
[3.585s] [ 26%] [32mBuilding CXX object CMakeFiles/stonefish_ros2__rosidl_typesupport_introspection_cpp.dir/rosidl_typesupport_introspection_cpp/stonefish_ros2/msg/detail/dvl_beam__type_support.cpp.o[0m
[3.586s] [ 27%] [32mBuilding CXX object CMakeFiles/stonefish_ros2__rosidl_typesupport_introspection_cpp.dir/rosidl_typesupport_introspection_cpp/stonefish_ros2/msg/detail/ins__type_support.cpp.o[0m
[3.586s] [ 28%] [32mBuilding CXX object CMakeFiles/stonefish_ros2__rosidl_typesupport_introspection_cpp.dir/rosidl_typesupport_introspection_cpp/stonefish_ros2/msg/detail/int32_stamped__type_support.cpp.o[0m
[3.586s] [ 29%] [32mBuilding CXX object CMakeFiles/stonefish_ros2__rosidl_typesupport_introspection_cpp.dir/rosidl_typesupport_introspection_cpp/stonefish_ros2/msg/detail/ned_pose__type_support.cpp.o[0m
[3.586s] [ 30%] [32mBuilding CXX object CMakeFiles/stonefish_ros2__rosidl_typesupport_introspection_cpp.dir/rosidl_typesupport_introspection_cpp/stonefish_ros2/msg/detail/beacon_info__type_support.cpp.o[0m
[3.587s] [ 33%] [32mBuilding CXX object CMakeFiles/stonefish_ros2__rosidl_typesupport_introspection_cpp.dir/rosidl_typesupport_introspection_cpp/stonefish_ros2/msg/detail/thruster_state__type_support.cpp.o[0m
[3.587s] [ 33%] [32mBuilding CXX object CMakeFiles/stonefish_ros2__rosidl_typesupport_introspection_cpp.dir/rosidl_typesupport_introspection_cpp/stonefish_ros2/srv/detail/sonar_settings2__type_support.cpp.o[0m
[3.587s] [ 33%] [32mBuilding CXX object CMakeFiles/stonefish_ros2__rosidl_typesupport_introspection_cpp.dir/rosidl_typesupport_introspection_cpp/stonefish_ros2/msg/detail/debug_physics__type_support.cpp.o[0m
[3.587s] [ 34%] [32mBuilding CXX object CMakeFiles/stonefish_ros2__rosidl_typesupport_introspection_cpp.dir/rosidl_typesupport_introspection_cpp/stonefish_ros2/srv/detail/sonar_settings__type_support.cpp.o[0m
[3.587s] [ 35%] [32mBuilding CXX object CMakeFiles/stonefish_ros2__rosidl_typesupport_introspection_cpp.dir/rosidl_typesupport_introspection_cpp/stonefish_ros2/msg/detail/dvl__type_support.cpp.o[0m
[3.587s] [ 35%] [32mBuilding CXX object CMakeFiles/stonefish_ros2__rosidl_typesupport_introspection_cpp.dir/rosidl_typesupport_introspection_cpp/stonefish_ros2/srv/detail/respawn__type_support.cpp.o[0m
[3.615s] [ 36%] [32mBuilding CXX object CMakeFiles/stonefish_ros2__rosidl_typesupport_c.dir/rosidl_typesupport_c/stonefish_ros2/msg/beacon_info__type_support.cpp.o[0m
[3.615s] [ 36%] [32mBuilding CXX object CMakeFiles/stonefish_ros2__rosidl_typesupport_c.dir/rosidl_typesupport_c/stonefish_ros2/msg/int32_stamped__type_support.cpp.o[0m
[3.615s] [ 37%] [32mBuilding CXX object CMakeFiles/stonefish_ros2__rosidl_typesupport_c.dir/rosidl_typesupport_c/stonefish_ros2/msg/ned_pose__type_support.cpp.o[0m
[3.616s] [ 38%] [32mBuilding CXX object CMakeFiles/stonefish_ros2__rosidl_typesupport_c.dir/rosidl_typesupport_c/stonefish_ros2/msg/dvl_beam__type_support.cpp.o[0m
[3.616s] [ 39%] [32mBuilding CXX object CMakeFiles/stonefish_ros2__rosidl_typesupport_c.dir/rosidl_typesupport_c/stonefish_ros2/msg/ins__type_support.cpp.o[0m
[3.630s] [ 40%] [32mBuilding CXX object CMakeFiles/stonefish_ros2__rosidl_typesupport_c.dir/rosidl_typesupport_c/stonefish_ros2/msg/dvl__type_support.cpp.o[0m
[3.638s] [ 40%] [32mBuilding CXX object CMakeFiles/stonefish_ros2__rosidl_typesupport_c.dir/rosidl_typesupport_c/stonefish_ros2/msg/thruster_state__type_support.cpp.o[0m
[3.638s] [ 42%] [32mBuilding CXX object CMakeFiles/stonefish_ros2__rosidl_typesupport_c.dir/rosidl_typesupport_c/stonefish_ros2/srv/sonar_settings__type_support.cpp.o[0m
[3.638s] [ 42%] [32mBuilding CXX object CMakeFiles/stonefish_ros2__rosidl_typesupport_c.dir/rosidl_typesupport_c/stonefish_ros2/msg/debug_physics__type_support.cpp.o[0m
[3.640s] [ 43%] [32mBuilding CXX object CMakeFiles/stonefish_ros2__rosidl_typesupport_c.dir/rosidl_typesupport_c/stonefish_ros2/srv/sonar_settings2__type_support.cpp.o[0m
[3.640s] [ 44%] [32mBuilding CXX object CMakeFiles/stonefish_ros2__rosidl_typesupport_c.dir/rosidl_typesupport_c/stonefish_ros2/srv/respawn__type_support.cpp.o[0m
[3.661s] [ 45%] [32m[1mLinking CXX shared library libstonefish_ros2__rosidl_typesupport_c.so[0m
[3.666s] [ 47%] [32mBuilding CXX object CMakeFiles/stonefish_ros2__rosidl_typesupport_fastrtps_cpp.dir/rosidl_typesupport_fastrtps_cpp/stonefish_ros2/msg/detail/dds_fastrtps/beacon_info__type_support.cpp.o[0m
[3.666s] [ 48%] [32mBuilding CXX object CMakeFiles/stonefish_ros2__rosidl_typesupport_fastrtps_cpp.dir/rosidl_typesupport_fastrtps_cpp/stonefish_ros2/msg/detail/dds_fastrtps/ned_pose__type_support.cpp.o[0m
[3.666s] [ 47%] [32mBuilding CXX object CMakeFiles/stonefish_ros2__rosidl_typesupport_fastrtps_cpp.dir/rosidl_typesupport_fastrtps_cpp/stonefish_ros2/msg/detail/dds_fastrtps/int32_stamped__type_support.cpp.o[0m
[3.667s] [ 49%] [32mBuilding CXX object CMakeFiles/stonefish_ros2__rosidl_typesupport_fastrtps_cpp.dir/rosidl_typesupport_fastrtps_cpp/stonefish_ros2/msg/detail/dds_fastrtps/dvl_beam__type_support.cpp.o[0m
[3.667s] [ 50%] [32mBuilding CXX object CMakeFiles/stonefish_ros2__rosidl_typesupport_fastrtps_cpp.dir/rosidl_typesupport_fastrtps_cpp/stonefish_ros2/msg/detail/dds_fastrtps/thruster_state__type_support.cpp.o[0m
[3.667s] [ 50%] [32mBuilding CXX object CMakeFiles/stonefish_ros2__rosidl_typesupport_fastrtps_cpp.dir/rosidl_typesupport_fastrtps_cpp/stonefish_ros2/msg/detail/dds_fastrtps/ins__type_support.cpp.o[0m
[3.671s] [ 51%] [32mBuilding CXX object CMakeFiles/stonefish_ros2__rosidl_typesupport_fastrtps_cpp.dir/rosidl_typesupport_fastrtps_cpp/stonefish_ros2/msg/detail/dds_fastrtps/dvl__type_support.cpp.o[0m
[3.696s] [ 51%] Built target stonefish_ros2__rosidl_typesupport_c
[3.710s] [ 52%] [32mBuilding CXX object CMakeFiles/stonefish_ros2__rosidl_typesupport_fastrtps_cpp.dir/rosidl_typesupport_fastrtps_cpp/stonefish_ros2/msg/detail/dds_fastrtps/debug_physics__type_support.cpp.o[0m
[3.712s] [ 53%] [32mBuilding CXX object CMakeFiles/stonefish_ros2__rosidl_typesupport_fastrtps_cpp.dir/rosidl_typesupport_fastrtps_cpp/stonefish_ros2/srv/detail/dds_fastrtps/sonar_settings__type_support.cpp.o[0m
[3.738s] [ 53%] [32mBuilding CXX object CMakeFiles/stonefish_ros2__rosidl_typesupport_fastrtps_cpp.dir/rosidl_typesupport_fastrtps_cpp/stonefish_ros2/srv/detail/dds_fastrtps/sonar_settings2__type_support.cpp.o[0m
[3.740s] [ 54%] [32mBuilding CXX object CMakeFiles/stonefish_ros2__rosidl_typesupport_fastrtps_cpp.dir/rosidl_typesupport_fastrtps_cpp/stonefish_ros2/srv/detail/dds_fastrtps/respawn__type_support.cpp.o[0m
[3.746s] [ 55%] [32m[1mLinking CXX shared library libstonefish_ros2__rosidl_typesupport_cpp.so[0m
[3.758s] [ 57%] [32mBuilding C object CMakeFiles/stonefish_ros2__rosidl_typesupport_introspection_c.dir/rosidl_typesupport_introspection_c/stonefish_ros2/msg/detail/int32_stamped__type_support.c.o[0m
[3.758s] [ 57%] [32mBuilding C object CMakeFiles/stonefish_ros2__rosidl_typesupport_introspection_c.dir/rosidl_typesupport_introspection_c/stonefish_ros2/msg/detail/beacon_info__type_support.c.o[0m
[3.758s] [ 58%] [32mBuilding C object CMakeFiles/stonefish_ros2__rosidl_typesupport_introspection_c.dir/rosidl_typesupport_introspection_c/stonefish_ros2/msg/detail/ned_pose__type_support.c.o[0m
[3.758s] [ 58%] [32mBuilding C object CMakeFiles/stonefish_ros2__rosidl_typesupport_introspection_c.dir/rosidl_typesupport_introspection_c/stonefish_ros2/msg/detail/ins__type_support.c.o[0m
[3.761s] [ 59%] [32mBuilding C object CMakeFiles/stonefish_ros2__rosidl_typesupport_introspection_c.dir/rosidl_typesupport_introspection_c/stonefish_ros2/msg/detail/dvl_beam__type_support.c.o[0m
[3.761s] [ 60%] [32mBuilding C object CMakeFiles/stonefish_ros2__rosidl_typesupport_introspection_c.dir/rosidl_typesupport_introspection_c/stonefish_ros2/msg/detail/debug_physics__type_support.c.o[0m
[3.765s] [ 61%] [32mBuilding C object CMakeFiles/stonefish_ros2__rosidl_typesupport_introspection_c.dir/rosidl_typesupport_introspection_c/stonefish_ros2/msg/detail/thruster_state__type_support.c.o[0m
[3.765s] [ 62%] [32mBuilding C object CMakeFiles/stonefish_ros2__rosidl_typesupport_introspection_c.dir/rosidl_typesupport_introspection_c/stonefish_ros2/msg/detail/dvl__type_support.c.o[0m
[3.773s] [ 63%] [32mBuilding CXX object CMakeFiles/stonefish_ros2__rosidl_typesupport_fastrtps_c.dir/rosidl_typesupport_fastrtps_c/stonefish_ros2/msg/detail/int32_stamped__type_support_c.cpp.o[0m
[3.788s] [ 63%] [32mBuilding C object CMakeFiles/stonefish_ros2__rosidl_typesupport_introspection_c.dir/rosidl_typesupport_introspection_c/stonefish_ros2/srv/detail/sonar_settings__type_support.c.o[0m
[3.789s] [ 64%] [32mBuilding C object CMakeFiles/stonefish_ros2__rosidl_typesupport_introspection_c.dir/rosidl_typesupport_introspection_c/stonefish_ros2/srv/detail/sonar_settings2__type_support.c.o[0m
[3.789s] [ 64%] [32mBuilding CXX object CMakeFiles/stonefish_ros2__rosidl_typesupport_fastrtps_c.dir/rosidl_typesupport_fastrtps_c/stonefish_ros2/msg/detail/beacon_info__type_support_c.cpp.o[0m
[3.789s] [ 65%] [32mBuilding CXX object CMakeFiles/stonefish_ros2__rosidl_typesupport_fastrtps_c.dir/rosidl_typesupport_fastrtps_c/stonefish_ros2/msg/detail/ned_pose__type_support_c.cpp.o[0m
[3.789s] [ 66%] Built target stonefish_ros2__rosidl_typesupport_cpp
[3.789s] [ 66%] [32mBuilding C object CMakeFiles/stonefish_ros2__rosidl_typesupport_introspection_c.dir/rosidl_typesupport_introspection_c/stonefish_ros2/srv/detail/respawn__type_support.c.o[0m
[3.794s] [ 67%] [32mBuilding CXX object CMakeFiles/stonefish_ros2__rosidl_typesupport_fastrtps_c.dir/rosidl_typesupport_fastrtps_c/stonefish_ros2/msg/detail/ins__type_support_c.cpp.o[0m
[3.798s] [ 68%] [32mBuilding CXX object CMakeFiles/stonefish_ros2__rosidl_typesupport_fastrtps_c.dir/rosidl_typesupport_fastrtps_c/stonefish_ros2/msg/detail/dvl_beam__type_support_c.cpp.o[0m
[3.798s] [ 69%] [32mBuilding CXX object CMakeFiles/stonefish_ros2__rosidl_typesupport_fastrtps_c.dir/rosidl_typesupport_fastrtps_c/stonefish_ros2/msg/detail/dvl__type_support_c.cpp.o[0m
[3.804s] [ 70%] [32mBuilding CXX object CMakeFiles/stonefish_ros2_interface.dir/src/stonefish_ros2/ROS2ConsoleSimulationApp.cpp.o[0m
[3.813s] [ 71%] [32mBuilding CXX object CMakeFiles/stonefish_ros2_interface.dir/src/stonefish_ros2/ROS2GraphicalSimulationApp.cpp.o[0m
[3.816s] [ 73%] [32mBuilding CXX object CMakeFiles/stonefish_ros2_interface.dir/src/stonefish_ros2/ROS2SimulationManager.cpp.o[0m
[3.816s] [ 73%] [32m[1mLinking C shared library libstonefish_ros2__rosidl_typesupport_introspection_c.so[0m
[3.835s] [ 74%] [32mBuilding CXX object CMakeFiles/stonefish_ros2_interface.dir/src/stonefish_ros2/ROS2ScenarioParser.cpp.o[0m
[3.842s] [ 74%] Built target stonefish_ros2__rosidl_typesupport_introspection_c
[3.845s] [ 74%] [32mBuilding CXX object CMakeFiles/stonefish_ros2_interface.dir/src/stonefish_ros2/ROS2Interface.cpp.o[0m
[3.846s] [ 75%] [32mBuilding CXX object CMakeFiles/stonefish_ros2__rosidl_typesupport_fastrtps_c.dir/rosidl_typesupport_fastrtps_c/stonefish_ros2/msg/detail/thruster_state__type_support_c.cpp.o[0m
[3.849s] [ 75%] [32mBuilding CXX object CMakeFiles/stonefish_ros2__rosidl_typesupport_fastrtps_c.dir/rosidl_typesupport_fastrtps_c/stonefish_ros2/msg/detail/debug_physics__type_support_c.cpp.o[0m
[3.855s] [ 76%] [32mBuilding CXX object CMakeFiles/stonefish_ros2__rosidl_typesupport_fastrtps_c.dir/rosidl_typesupport_fastrtps_c/stonefish_ros2/srv/detail/sonar_settings__type_support_c.cpp.o[0m
[3.897s] [ 77%] [32mBuilding CXX object CMakeFiles/stonefish_ros2__rosidl_typesupport_fastrtps_c.dir/rosidl_typesupport_fastrtps_c/stonefish_ros2/srv/detail/sonar_settings2__type_support_c.cpp.o[0m
[3.909s] [ 78%] [32mBuilding CXX object CMakeFiles/stonefish_ros2__rosidl_typesupport_fastrtps_c.dir/rosidl_typesupport_fastrtps_c/stonefish_ros2/srv/detail/respawn__type_support_c.cpp.o[0m
[3.939s] [ 79%] [32m[1mLinking CXX shared library libstonefish_ros2__rosidl_typesupport_introspection_cpp.so[0m
[4.002s] [ 79%] Built target stonefish_ros2__rosidl_typesupport_introspection_cpp
[4.049s] [ 80%] [32m[1mLinking CXX shared library libstonefish_ros2__rosidl_typesupport_fastrtps_cpp.so[0m
[4.097s] [ 80%] Built target stonefish_ros2__rosidl_typesupport_fastrtps_cpp
[4.132s] [ 81%] [32m[1mLinking CXX shared library libstonefish_ros2__rosidl_typesupport_fastrtps_c.so[0m
[4.172s] [ 81%] Built target stonefish_ros2__rosidl_typesupport_fastrtps_c
[4.187s] [ 81%] Built target stonefish_ros2
[4.201s] [ 82%] [34m[1mGenerating Python code for ROS interfaces[0m
[4.916s] [ 82%] Built target stonefish_ros2__py
[4.929s] [ 83%] [32mBuilding C object CMakeFiles/stonefish_ros2__rosidl_generator_py.dir/rosidl_generator_py/stonefish_ros2/srv/_sonar_settings2_s.c.o[0m
[4.929s] [ 85%] [32mBuilding C object CMakeFiles/stonefish_ros2__rosidl_generator_py.dir/rosidl_generator_py/stonefish_ros2/msg/_beacon_info_s.c.o[0m
[4.929s] [ 85%] [32mBuilding C object CMakeFiles/stonefish_ros2__rosidl_generator_py.dir/rosidl_generator_py/stonefish_ros2/msg/_ned_pose_s.c.o[0m
[4.929s] [ 87%] [32mBuilding C object CMakeFiles/stonefish_ros2__rosidl_generator_py.dir/rosidl_generator_py/stonefish_ros2/msg/_dvl_s.c.o[0m
[4.929s] [ 87%] [32mBuilding C object CMakeFiles/stonefish_ros2__rosidl_generator_py.dir/rosidl_generator_py/stonefish_ros2/msg/_int32_stamped_s.c.o[0m
[4.929s] [ 87%] [32mBuilding C object CMakeFiles/stonefish_ros2__rosidl_generator_py.dir/rosidl_generator_py/stonefish_ros2/msg/_ins_s.c.o[0m
[4.929s] [ 88%] [32mBuilding C object CMakeFiles/stonefish_ros2__rosidl_generator_py.dir/rosidl_generator_py/stonefish_ros2/msg/_dvl_beam_s.c.o[0m
[4.930s] [ 89%] [32mBuilding C object CMakeFiles/stonefish_ros2__rosidl_generator_py.dir/rosidl_generator_py/stonefish_ros2/msg/_thruster_state_s.c.o[0m
[4.930s] [ 90%] [32mBuilding C object CMakeFiles/stonefish_ros2__rosidl_generator_py.dir/rosidl_generator_py/stonefish_ros2/msg/_debug_physics_s.c.o[0m
[4.930s] [ 91%] [32mBuilding C object CMakeFiles/stonefish_ros2__rosidl_generator_py.dir/rosidl_generator_py/stonefish_ros2/srv/_respawn_s.c.o[0m
[4.930s] [ 91%] [32mBuilding C object CMakeFiles/stonefish_ros2__rosidl_generator_py.dir/rosidl_generator_py/stonefish_ros2/srv/_sonar_settings_s.c.o[0m
[5.022s] [ 92%] [32m[1mLinking C shared library rosidl_generator_py/stonefish_ros2/libstonefish_ros2__rosidl_generator_py.so[0m
[5.051s] [ 92%] Built target stonefish_ros2__rosidl_generator_py
[5.065s] [ 94%] [32mBuilding C object CMakeFiles/stonefish_ros2__rosidl_typesupport_fastrtps_c__pyext.dir/rosidl_generator_py/stonefish_ros2/_stonefish_ros2_s.ep.rosidl_typesupport_fastrtps_c.c.o[0m
[5.065s] [ 94%] [32mBuilding C object CMakeFiles/stonefish_ros2__rosidl_typesupport_c__pyext.dir/rosidl_generator_py/stonefish_ros2/_stonefish_ros2_s.ep.rosidl_typesupport_c.c.o[0m
[5.065s] [ 94%] [32mBuilding C object CMakeFiles/stonefish_ros2__rosidl_typesupport_introspection_c__pyext.dir/rosidl_generator_py/stonefish_ros2/_stonefish_ros2_s.ep.rosidl_typesupport_introspection_c.c.o[0m
[5.128s] [ 94%] [32m[1mLinking C shared library rosidl_generator_py/stonefish_ros2/stonefish_ros2_s__rosidl_typesupport_fastrtps_c.cpython-310-x86_64-linux-gnu.so[0m
[5.131s] [ 95%] [32m[1mLinking C shared library rosidl_generator_py/stonefish_ros2/stonefish_ros2_s__rosidl_typesupport_c.cpython-310-x86_64-linux-gnu.so[0m
[5.138s] [ 95%] [32m[1mLinking C shared library rosidl_generator_py/stonefish_ros2/stonefish_ros2_s__rosidl_typesupport_introspection_c.cpython-310-x86_64-linux-gnu.so[0m
[5.160s] [ 95%] Built target stonefish_ros2__rosidl_typesupport_fastrtps_c__pyext
[5.161s] [ 95%] Built target stonefish_ros2__rosidl_typesupport_c__pyext
[5.165s] [ 95%] Built target stonefish_ros2__rosidl_typesupport_introspection_c__pyext
[5.591s] [01m[K/home/sf_ws/src/stonefish_ros2/src/stonefish_ros2/ROS2SimulationManager.cpp:[m[K In member function ‘[01m[Kvoid sf::ROS2SimulationManager::SensorService(std_srvs::srv::SetBool_Request_<std::allocator<void> >::SharedPtr, std_srvs::srv::SetBool_Response_<std::allocator<void> >::SharedPtr, sf::Sensor*)[m[K’:
[5.591s] [01m[K/home/sf_ws/src/stonefish_ros2/src/stonefish_ros2/ROS2SimulationManager.cpp:964:98:[m[K [01;35m[Kwarning: [m[Kunused parameter ‘[01m[Ksens[m[K’ [[01;35m[K-Wunused-parameter[m[K]
[5.591s]   964 |                                         std_srvs::srv::SetBool::Response::SharedPtr res, [01;35m[KSensor* sens[m[K)
[5.591s]       |                                                                                          [01;35m[K~~~~~~~~^~~~[m[K
[16.516s] [ 96%] [32m[1mLinking CXX shared library libstonefish_ros2_interface.so[0m
[18.052s] [ 96%] Built target stonefish_ros2_interface
[18.063s] [ 97%] [32mBuilding CXX object CMakeFiles/stonefish_simulator.dir/src/stonefish_simulator.cpp.o[0m
[18.064s] [ 98%] [32mBuilding CXX object CMakeFiles/stonefish_simulator_nogpu.dir/src/stonefish_simulator_nogpu.cpp.o[0m
[19.980s] [ 99%] [32m[1mLinking CXX executable stonefish_simulator_nogpu[0m
[20.038s] [100%] [32m[1mLinking CXX executable stonefish_simulator[0m
[21.090s] [100%] Built target stonefish_simulator_nogpu
[21.132s] [100%] Built target stonefish_simulator
[21.140s] Invoked command in '/home/sf_ws/build/stonefish_ros2' returned '0': CMAKE_PREFIX_PATH=${CMAKE_PREFIX_PATH}:/opt/ros/humble /usr/bin/cmake --build /home/sf_ws/build/stonefish_ros2 -- -j32 -l32
[21.282s] Invoking command in '/home/sf_ws/build/stonefish_ros2': CMAKE_PREFIX_PATH=${CMAKE_PREFIX_PATH}:/opt/ros/humble /usr/bin/cmake --install /home/sf_ws/build/stonefish_ros2
[21.285s] -- Install configuration: ""
[21.285s] -- Installing: /home/sf_ws/install/stonefish_ros2/share/ament_index/resource_index/rosidl_interfaces/stonefish_ros2
[21.285s] -- Installing: /home/sf_ws/install/stonefish_ros2/include/stonefish_ros2/stonefish_ros2
[21.286s] -- Installing: /home/sf_ws/install/stonefish_ros2/include/stonefish_ros2/stonefish_ros2/msg
[21.286s] -- Installing: /home/sf_ws/install/stonefish_ros2/include/stonefish_ros2/stonefish_ros2/msg/thruster_state.h
[21.286s] -- Installing: /home/sf_ws/install/stonefish_ros2/include/stonefish_ros2/stonefish_ros2/msg/int32_stamped.h
[21.286s] -- Installing: /home/sf_ws/install/stonefish_ros2/include/stonefish_ros2/stonefish_ros2/msg/dvl_beam.h
[21.286s] -- Installing: /home/sf_ws/install/stonefish_ros2/include/stonefish_ros2/stonefish_ros2/msg/dvl.h
[21.286s] -- Installing: /home/sf_ws/install/stonefish_ros2/include/stonefish_ros2/stonefish_ros2/msg/ins.h
[21.286s] -- Installing: /home/sf_ws/install/stonefish_ros2/include/stonefish_ros2/stonefish_ros2/msg/detail
[21.286s] -- Installing: /home/sf_ws/install/stonefish_ros2/include/stonefish_ros2/stonefish_ros2/msg/detail/int32_stamped__type_support.h
[21.286s] -- Installing: /home/sf_ws/install/stonefish_ros2/include/stonefish_ros2/stonefish_ros2/msg/detail/thruster_state__struct.h
[21.286s] -- Installing: /home/sf_ws/install/stonefish_ros2/include/stonefish_ros2/stonefish_ros2/msg/detail/beacon_info__functions.c
[21.286s] -- Installing: /home/sf_ws/install/stonefish_ros2/include/stonefish_ros2/stonefish_ros2/msg/detail/beacon_info__type_support.h
[21.286s] -- Installing: /home/sf_ws/install/stonefish_ros2/include/stonefish_ros2/stonefish_ros2/msg/detail/ned_pose__struct.h
[21.286s] -- Installing: /home/sf_ws/install/stonefish_ros2/include/stonefish_ros2/stonefish_ros2/msg/detail/ins__struct.h
[21.286s] -- Installing: /home/sf_ws/install/stonefish_ros2/include/stonefish_ros2/stonefish_ros2/msg/detail/beacon_info__functions.h
[21.286s] -- Installing: /home/sf_ws/install/stonefish_ros2/include/stonefish_ros2/stonefish_ros2/msg/detail/debug_physics__functions.h
[21.286s] -- Installing: /home/sf_ws/install/stonefish_ros2/include/stonefish_ros2/stonefish_ros2/msg/detail/thruster_state__functions.c
[21.286s] -- Installing: /home/sf_ws/install/stonefish_ros2/include/stonefish_ros2/stonefish_ros2/msg/detail/dvl__functions.c
[21.286s] -- Installing: /home/sf_ws/install/stonefish_ros2/include/stonefish_ros2/stonefish_ros2/msg/detail/dvl__struct.h
[21.286s] -- Installing: /home/sf_ws/install/stonefish_ros2/include/stonefish_ros2/stonefish_ros2/msg/detail/thruster_state__type_support.h
[21.286s] -- Installing: /home/sf_ws/install/stonefish_ros2/include/stonefish_ros2/stonefish_ros2/msg/detail/debug_physics__type_support.h
[21.286s] -- Installing: /home/sf_ws/install/stonefish_ros2/include/stonefish_ros2/stonefish_ros2/msg/detail/ins__functions.c
[21.286s] -- Installing: /home/sf_ws/install/stonefish_ros2/include/stonefish_ros2/stonefish_ros2/msg/detail/ins__functions.h
[21.286s] -- Installing: /home/sf_ws/install/stonefish_ros2/include/stonefish_ros2/stonefish_ros2/msg/detail/int32_stamped__struct.h
[21.286s] -- Installing: /home/sf_ws/install/stonefish_ros2/include/stonefish_ros2/stonefish_ros2/msg/detail/ins__type_support.h
[21.286s] -- Installing: /home/sf_ws/install/stonefish_ros2/include/stonefish_ros2/stonefish_ros2/msg/detail/int32_stamped__functions.c
[21.286s] -- Installing: /home/sf_ws/install/stonefish_ros2/include/stonefish_ros2/stonefish_ros2/msg/detail/dvl_beam__struct.h
[21.286s] -- Installing: /home/sf_ws/install/stonefish_ros2/include/stonefish_ros2/stonefish_ros2/msg/detail/dvl_beam__functions.h
[21.286s] -- Installing: /home/sf_ws/install/stonefish_ros2/include/stonefish_ros2/stonefish_ros2/msg/detail/dvl_beam__type_support.h
[21.286s] -- Installing: /home/sf_ws/install/stonefish_ros2/include/stonefish_ros2/stonefish_ros2/msg/detail/thruster_state__functions.h
[21.286s] -- Installing: /home/sf_ws/install/stonefish_ros2/include/stonefish_ros2/stonefish_ros2/msg/detail/debug_physics__struct.h
[21.286s] -- Installing: /home/sf_ws/install/stonefish_ros2/include/stonefish_ros2/stonefish_ros2/msg/detail/beacon_info__struct.h
[21.286s] -- Installing: /home/sf_ws/install/stonefish_ros2/include/stonefish_ros2/stonefish_ros2/msg/detail/ned_pose__functions.c
[21.286s] -- Installing: /home/sf_ws/install/stonefish_ros2/include/stonefish_ros2/stonefish_ros2/msg/detail/debug_physics__functions.c
[21.286s] -- Installing: /home/sf_ws/install/stonefish_ros2/include/stonefish_ros2/stonefish_ros2/msg/detail/dvl_beam__functions.c
[21.286s] -- Installing: /home/sf_ws/install/stonefish_ros2/include/stonefish_ros2/stonefish_ros2/msg/detail/ned_pose__functions.h
[21.286s] -- Installing: /home/sf_ws/install/stonefish_ros2/include/stonefish_ros2/stonefish_ros2/msg/detail/dvl__functions.h
[21.286s] -- Installing: /home/sf_ws/install/stonefish_ros2/include/stonefish_ros2/stonefish_ros2/msg/detail/ned_pose__type_support.h
[21.286s] -- Installing: /home/sf_ws/install/stonefish_ros2/include/stonefish_ros2/stonefish_ros2/msg/detail/int32_stamped__functions.h
[21.286s] -- Installing: /home/sf_ws/install/stonefish_ros2/include/stonefish_ros2/stonefish_ros2/msg/detail/dvl__type_support.h
[21.286s] -- Installing: /home/sf_ws/install/stonefish_ros2/include/stonefish_ros2/stonefish_ros2/msg/rosidl_generator_c__visibility_control.h
[21.287s] -- Installing: /home/sf_ws/install/stonefish_ros2/include/stonefish_ros2/stonefish_ros2/msg/beacon_info.h
[21.287s] -- Installing: /home/sf_ws/install/stonefish_ros2/include/stonefish_ros2/stonefish_ros2/msg/debug_physics.h
[21.287s] -- Installing: /home/sf_ws/install/stonefish_ros2/include/stonefish_ros2/stonefish_ros2/msg/ned_pose.h
[21.287s] -- Installing: /home/sf_ws/install/stonefish_ros2/include/stonefish_ros2/stonefish_ros2/srv
[21.287s] -- Installing: /home/sf_ws/install/stonefish_ros2/include/stonefish_ros2/stonefish_ros2/srv/detail
[21.287s] -- Installing: /home/sf_ws/install/stonefish_ros2/include/stonefish_ros2/stonefish_ros2/srv/detail/sonar_settings2__struct.h
[21.287s] -- Installing: /home/sf_ws/install/stonefish_ros2/include/stonefish_ros2/stonefish_ros2/srv/detail/sonar_settings__struct.h
[21.287s] -- Installing: /home/sf_ws/install/stonefish_ros2/include/stonefish_ros2/stonefish_ros2/srv/detail/sonar_settings__functions.c
[21.287s] -- Installing: /home/sf_ws/install/stonefish_ros2/include/stonefish_ros2/stonefish_ros2/srv/detail/respawn__struct.h
[21.287s] -- Installing: /home/sf_ws/install/stonefish_ros2/include/stonefish_ros2/stonefish_ros2/srv/detail/respawn__functions.h
[21.287s] -- Installing: /home/sf_ws/install/stonefish_ros2/include/stonefish_ros2/stonefish_ros2/srv/detail/sonar_settings__type_support.h
[21.287s] -- Installing: /home/sf_ws/install/stonefish_ros2/include/stonefish_ros2/stonefish_ros2/srv/detail/sonar_settings2__functions.h
[21.287s] -- Installing: /home/sf_ws/install/stonefish_ros2/include/stonefish_ros2/stonefish_ros2/srv/detail/respawn__functions.c
[21.287s] -- Installing: /home/sf_ws/install/stonefish_ros2/include/stonefish_ros2/stonefish_ros2/srv/detail/sonar_settings2__type_support.h
[21.287s] -- Installing: /home/sf_ws/install/stonefish_ros2/include/stonefish_ros2/stonefish_ros2/srv/detail/sonar_settings2__functions.c
[21.287s] -- Installing: /home/sf_ws/install/stonefish_ros2/include/stonefish_ros2/stonefish_ros2/srv/detail/respawn__type_support.h
[21.287s] -- Installing: /home/sf_ws/install/stonefish_ros2/include/stonefish_ros2/stonefish_ros2/srv/detail/sonar_settings__functions.h
[21.287s] -- Installing: /home/sf_ws/install/stonefish_ros2/include/stonefish_ros2/stonefish_ros2/srv/sonar_settings.h
[21.287s] -- Installing: /home/sf_ws/install/stonefish_ros2/include/stonefish_ros2/stonefish_ros2/srv/respawn.h
[21.287s] -- Installing: /home/sf_ws/install/stonefish_ros2/include/stonefish_ros2/stonefish_ros2/srv/sonar_settings2.h
[21.287s] -- Installing: /home/sf_ws/install/stonefish_ros2/share/stonefish_ros2/environment/library_path.sh
[21.287s] -- Installing: /home/sf_ws/install/stonefish_ros2/share/stonefish_ros2/environment/library_path.dsv
[21.287s] -- Installing: /home/sf_ws/install/stonefish_ros2/lib/libstonefish_ros2__rosidl_generator_c.so
[21.287s] -- Set runtime path of "/home/sf_ws/install/stonefish_ros2/lib/libstonefish_ros2__rosidl_generator_c.so" to ""
[21.287s] -- Up-to-date: /home/sf_ws/install/stonefish_ros2/include/stonefish_ros2/stonefish_ros2
[21.287s] -- Up-to-date: /home/sf_ws/install/stonefish_ros2/include/stonefish_ros2/stonefish_ros2/msg
[21.287s] -- Installing: /home/sf_ws/install/stonefish_ros2/include/stonefish_ros2/stonefish_ros2/msg/rosidl_typesupport_fastrtps_c__visibility_control.h
[21.287s] -- Up-to-date: /home/sf_ws/install/stonefish_ros2/include/stonefish_ros2/stonefish_ros2/msg/detail
[21.287s] -- Installing: /home/sf_ws/install/stonefish_ros2/include/stonefish_ros2/stonefish_ros2/msg/detail/beacon_info__rosidl_typesupport_fastrtps_c.h
[21.287s] -- Installing: /home/sf_ws/install/stonefish_ros2/include/stonefish_ros2/stonefish_ros2/msg/detail/thruster_state__rosidl_typesupport_fastrtps_c.h
[21.287s] -- Installing: /home/sf_ws/install/stonefish_ros2/include/stonefish_ros2/stonefish_ros2/msg/detail/debug_physics__rosidl_typesupport_fastrtps_c.h
[21.288s] -- Installing: /home/sf_ws/install/stonefish_ros2/include/stonefish_ros2/stonefish_ros2/msg/detail/dvl_beam__rosidl_typesupport_fastrtps_c.h
[21.288s] -- Installing: /home/sf_ws/install/stonefish_ros2/include/stonefish_ros2/stonefish_ros2/msg/detail/int32_stamped__rosidl_typesupport_fastrtps_c.h
[21.288s] -- Installing: /home/sf_ws/install/stonefish_ros2/include/stonefish_ros2/stonefish_ros2/msg/detail/ins__rosidl_typesupport_fastrtps_c.h
[21.288s] -- Installing: /home/sf_ws/install/stonefish_ros2/include/stonefish_ros2/stonefish_ros2/msg/detail/ned_pose__rosidl_typesupport_fastrtps_c.h
[21.288s] -- Installing: /home/sf_ws/install/stonefish_ros2/include/stonefish_ros2/stonefish_ros2/msg/detail/dvl__rosidl_typesupport_fastrtps_c.h
[21.288s] -- Up-to-date: /home/sf_ws/install/stonefish_ros2/include/stonefish_ros2/stonefish_ros2/srv
[21.288s] -- Up-to-date: /home/sf_ws/install/stonefish_ros2/include/stonefish_ros2/stonefish_ros2/srv/detail
[21.288s] -- Installing: /home/sf_ws/install/stonefish_ros2/include/stonefish_ros2/stonefish_ros2/srv/detail/respawn__rosidl_typesupport_fastrtps_c.h
[21.288s] -- Installing: /home/sf_ws/install/stonefish_ros2/include/stonefish_ros2/stonefish_ros2/srv/detail/sonar_settings__rosidl_typesupport_fastrtps_c.h
[21.288s] -- Installing: /home/sf_ws/install/stonefish_ros2/include/stonefish_ros2/stonefish_ros2/srv/detail/sonar_settings2__rosidl_typesupport_fastrtps_c.h
[21.288s] -- Installing: /home/sf_ws/install/stonefish_ros2/lib/libstonefish_ros2__rosidl_typesupport_fastrtps_c.so
[21.288s] -- Set runtime path of "/home/sf_ws/install/stonefish_ros2/lib/libstonefish_ros2__rosidl_typesupport_fastrtps_c.so" to ""
[21.288s] -- Up-to-date: /home/sf_ws/install/stonefish_ros2/include/stonefish_ros2/stonefish_ros2
[21.288s] -- Up-to-date: /home/sf_ws/install/stonefish_ros2/include/stonefish_ros2/stonefish_ros2/msg
[21.288s] -- Installing: /home/sf_ws/install/stonefish_ros2/include/stonefish_ros2/stonefish_ros2/msg/dvl.hpp
[21.288s] -- Installing: /home/sf_ws/install/stonefish_ros2/include/stonefish_ros2/stonefish_ros2/msg/thruster_state.hpp
[21.288s] -- Installing: /home/sf_ws/install/stonefish_ros2/include/stonefish_ros2/stonefish_ros2/msg/ins.hpp
[21.288s] -- Installing: /home/sf_ws/install/stonefish_ros2/include/stonefish_ros2/stonefish_ros2/msg/debug_physics.hpp
[21.288s] -- Installing: /home/sf_ws/install/stonefish_ros2/include/stonefish_ros2/stonefish_ros2/msg/dvl_beam.hpp
[21.288s] -- Up-to-date: /home/sf_ws/install/stonefish_ros2/include/stonefish_ros2/stonefish_ros2/msg/detail
[21.288s] -- Installing: /home/sf_ws/install/stonefish_ros2/include/stonefish_ros2/stonefish_ros2/msg/detail/debug_physics__builder.hpp
[21.288s] -- Installing: /home/sf_ws/install/stonefish_ros2/include/stonefish_ros2/stonefish_ros2/msg/detail/beacon_info__traits.hpp
[21.288s] -- Installing: /home/sf_ws/install/stonefish_ros2/include/stonefish_ros2/stonefish_ros2/msg/detail/dvl_beam__builder.hpp
[21.288s] -- Installing: /home/sf_ws/install/stonefish_ros2/include/stonefish_ros2/stonefish_ros2/msg/detail/debug_physics__traits.hpp
[21.288s] -- Installing: /home/sf_ws/install/stonefish_ros2/include/stonefish_ros2/stonefish_ros2/msg/detail/ins__builder.hpp
[21.288s] -- Installing: /home/sf_ws/install/stonefish_ros2/include/stonefish_ros2/stonefish_ros2/msg/detail/beacon_info__builder.hpp
[21.288s] -- Installing: /home/sf_ws/install/stonefish_ros2/include/stonefish_ros2/stonefish_ros2/msg/detail/int32_stamped__builder.hpp
[21.288s] -- Installing: /home/sf_ws/install/stonefish_ros2/include/stonefish_ros2/stonefish_ros2/msg/detail/thruster_state__traits.hpp
[21.288s] -- Installing: /home/sf_ws/install/stonefish_ros2/include/stonefish_ros2/stonefish_ros2/msg/detail/ins__struct.hpp
[21.288s] -- Installing: /home/sf_ws/install/stonefish_ros2/include/stonefish_ros2/stonefish_ros2/msg/detail/dvl_beam__traits.hpp
[21.288s] -- Installing: /home/sf_ws/install/stonefish_ros2/include/stonefish_ros2/stonefish_ros2/msg/detail/thruster_state__struct.hpp
[21.288s] -- Installing: /home/sf_ws/install/stonefish_ros2/include/stonefish_ros2/stonefish_ros2/msg/detail/debug_physics__struct.hpp
[21.288s] -- Installing: /home/sf_ws/install/stonefish_ros2/include/stonefish_ros2/stonefish_ros2/msg/detail/ned_pose__traits.hpp
[21.288s] -- Installing: /home/sf_ws/install/stonefish_ros2/include/stonefish_ros2/stonefish_ros2/msg/detail/ins__traits.hpp
[21.288s] -- Installing: /home/sf_ws/install/stonefish_ros2/include/stonefish_ros2/stonefish_ros2/msg/detail/thruster_state__builder.hpp
[21.288s] -- Installing: /home/sf_ws/install/stonefish_ros2/include/stonefish_ros2/stonefish_ros2/msg/detail/dvl__traits.hpp
[21.288s] -- Installing: /home/sf_ws/install/stonefish_ros2/include/stonefish_ros2/stonefish_ros2/msg/detail/int32_stamped__struct.hpp
[21.289s] -- Installing: /home/sf_ws/install/stonefish_ros2/include/stonefish_ros2/stonefish_ros2/msg/detail/beacon_info__struct.hpp
[21.289s] -- Installing: /home/sf_ws/install/stonefish_ros2/include/stonefish_ros2/stonefish_ros2/msg/detail/dvl_beam__struct.hpp
[21.289s] -- Installing: /home/sf_ws/install/stonefish_ros2/include/stonefish_ros2/stonefish_ros2/msg/detail/ned_pose__builder.hpp
[21.289s] -- Installing: /home/sf_ws/install/stonefish_ros2/include/stonefish_ros2/stonefish_ros2/msg/detail/int32_stamped__traits.hpp
[21.289s] -- Installing: /home/sf_ws/install/stonefish_ros2/include/stonefish_ros2/stonefish_ros2/msg/detail/ned_pose__struct.hpp
[21.289s] -- Installing: /home/sf_ws/install/stonefish_ros2/include/stonefish_ros2/stonefish_ros2/msg/detail/dvl__struct.hpp
[21.289s] -- Installing: /home/sf_ws/install/stonefish_ros2/include/stonefish_ros2/stonefish_ros2/msg/detail/dvl__builder.hpp
[21.289s] -- Installing: /home/sf_ws/install/stonefish_ros2/include/stonefish_ros2/stonefish_ros2/msg/int32_stamped.hpp
[21.289s] -- Installing: /home/sf_ws/install/stonefish_ros2/include/stonefish_ros2/stonefish_ros2/msg/beacon_info.hpp
[21.289s] -- Installing: /home/sf_ws/install/stonefish_ros2/include/stonefish_ros2/stonefish_ros2/msg/ned_pose.hpp
[21.289s] -- Up-to-date: /home/sf_ws/install/stonefish_ros2/include/stonefish_ros2/stonefish_ros2/srv
[21.289s] -- Installing: /home/sf_ws/install/stonefish_ros2/include/stonefish_ros2/stonefish_ros2/srv/sonar_settings2.hpp
[21.289s] -- Up-to-date: /home/sf_ws/install/stonefish_ros2/include/stonefish_ros2/stonefish_ros2/srv/detail
[21.289s] -- Installing: /home/sf_ws/install/stonefish_ros2/include/stonefish_ros2/stonefish_ros2/srv/detail/respawn__struct.hpp
[21.289s] -- Installing: /home/sf_ws/install/stonefish_ros2/include/stonefish_ros2/stonefish_ros2/srv/detail/respawn__traits.hpp
[21.289s] -- Installing: /home/sf_ws/install/stonefish_ros2/include/stonefish_ros2/stonefish_ros2/srv/detail/sonar_settings2__struct.hpp
[21.289s] -- Installing: /home/sf_ws/install/stonefish_ros2/include/stonefish_ros2/stonefish_ros2/srv/detail/sonar_settings2__builder.hpp
[21.289s] -- Installing: /home/sf_ws/install/stonefish_ros2/include/stonefish_ros2/stonefish_ros2/srv/detail/sonar_settings__builder.hpp
[21.289s] -- Installing: /home/sf_ws/install/stonefish_ros2/include/stonefish_ros2/stonefish_ros2/srv/detail/sonar_settings2__traits.hpp
[21.289s] -- Installing: /home/sf_ws/install/stonefish_ros2/include/stonefish_ros2/stonefish_ros2/srv/detail/sonar_settings__struct.hpp
[21.289s] -- Installing: /home/sf_ws/install/stonefish_ros2/include/stonefish_ros2/stonefish_ros2/srv/detail/sonar_settings__traits.hpp
[21.289s] -- Installing: /home/sf_ws/install/stonefish_ros2/include/stonefish_ros2/stonefish_ros2/srv/detail/respawn__builder.hpp
[21.289s] -- Installing: /home/sf_ws/install/stonefish_ros2/include/stonefish_ros2/stonefish_ros2/srv/sonar_settings.hpp
[21.289s] -- Installing: /home/sf_ws/install/stonefish_ros2/include/stonefish_ros2/stonefish_ros2/srv/respawn.hpp
[21.289s] -- Up-to-date: /home/sf_ws/install/stonefish_ros2/include/stonefish_ros2/stonefish_ros2
[21.289s] -- Up-to-date: /home/sf_ws/install/stonefish_ros2/include/stonefish_ros2/stonefish_ros2/msg
[21.289s] -- Up-to-date: /home/sf_ws/install/stonefish_ros2/include/stonefish_ros2/stonefish_ros2/msg/detail
[21.289s] -- Installing: /home/sf_ws/install/stonefish_ros2/include/stonefish_ros2/stonefish_ros2/msg/detail/ins__rosidl_typesupport_fastrtps_cpp.hpp
[21.289s] -- Installing: /home/sf_ws/install/stonefish_ros2/include/stonefish_ros2/stonefish_ros2/msg/detail/dds_fastrtps
[21.289s] -- Installing: /home/sf_ws/install/stonefish_ros2/include/stonefish_ros2/stonefish_ros2/msg/detail/dvl_beam__rosidl_typesupport_fastrtps_cpp.hpp
[21.289s] -- Installing: /home/sf_ws/install/stonefish_ros2/include/stonefish_ros2/stonefish_ros2/msg/detail/ned_pose__rosidl_typesupport_fastrtps_cpp.hpp
[21.289s] -- Installing: /home/sf_ws/install/stonefish_ros2/include/stonefish_ros2/stonefish_ros2/msg/detail/beacon_info__rosidl_typesupport_fastrtps_cpp.hpp
[21.289s] -- Installing: /home/sf_ws/install/stonefish_ros2/include/stonefish_ros2/stonefish_ros2/msg/detail/int32_stamped__rosidl_typesupport_fastrtps_cpp.hpp
[21.289s] -- Installing: /home/sf_ws/install/stonefish_ros2/include/stonefish_ros2/stonefish_ros2/msg/detail/thruster_state__rosidl_typesupport_fastrtps_cpp.hpp
[21.289s] -- Installing: /home/sf_ws/install/stonefish_ros2/include/stonefish_ros2/stonefish_ros2/msg/detail/dvl__rosidl_typesupport_fastrtps_cpp.hpp
[21.289s] -- Installing: /home/sf_ws/install/stonefish_ros2/include/stonefish_ros2/stonefish_ros2/msg/detail/debug_physics__rosidl_typesupport_fastrtps_cpp.hpp
[21.289s] -- Installing: /home/sf_ws/install/stonefish_ros2/include/stonefish_ros2/stonefish_ros2/msg/rosidl_typesupport_fastrtps_cpp__visibility_control.h
[21.289s] -- Up-to-date: /home/sf_ws/install/stonefish_ros2/include/stonefish_ros2/stonefish_ros2/srv
[21.289s] -- Up-to-date: /home/sf_ws/install/stonefish_ros2/include/stonefish_ros2/stonefish_ros2/srv/detail
[21.289s] -- Installing: /home/sf_ws/install/stonefish_ros2/include/stonefish_ros2/stonefish_ros2/srv/detail/dds_fastrtps
[21.290s] -- Installing: /home/sf_ws/install/stonefish_ros2/include/stonefish_ros2/stonefish_ros2/srv/detail/sonar_settings2__rosidl_typesupport_fastrtps_cpp.hpp
[21.290s] -- Installing: /home/sf_ws/install/stonefish_ros2/include/stonefish_ros2/stonefish_ros2/srv/detail/sonar_settings__rosidl_typesupport_fastrtps_cpp.hpp
[21.290s] -- Installing: /home/sf_ws/install/stonefish_ros2/include/stonefish_ros2/stonefish_ros2/srv/detail/respawn__rosidl_typesupport_fastrtps_cpp.hpp
[21.290s] -- Installing: /home/sf_ws/install/stonefish_ros2/lib/libstonefish_ros2__rosidl_typesupport_fastrtps_cpp.so
[21.290s] -- Set runtime path of "/home/sf_ws/install/stonefish_ros2/lib/libstonefish_ros2__rosidl_typesupport_fastrtps_cpp.so" to ""
[21.290s] -- Up-to-date: /home/sf_ws/install/stonefish_ros2/include/stonefish_ros2/stonefish_ros2
[21.290s] -- Up-to-date: /home/sf_ws/install/stonefish_ros2/include/stonefish_ros2/stonefish_ros2/msg
[21.290s] -- Up-to-date: /home/sf_ws/install/stonefish_ros2/include/stonefish_ros2/stonefish_ros2/msg/detail
[21.290s] -- Installing: /home/sf_ws/install/stonefish_ros2/include/stonefish_ros2/stonefish_ros2/msg/detail/beacon_info__rosidl_typesupport_introspection_c.h
[21.290s] -- Installing: /home/sf_ws/install/stonefish_ros2/include/stonefish_ros2/stonefish_ros2/msg/detail/thruster_state__rosidl_typesupport_introspection_c.h
[21.290s] -- Installing: /home/sf_ws/install/stonefish_ros2/include/stonefish_ros2/stonefish_ros2/msg/detail/int32_stamped__type_support.c
[21.290s] -- Installing: /home/sf_ws/install/stonefish_ros2/include/stonefish_ros2/stonefish_ros2/msg/detail/debug_physics__type_support.c
[21.290s] -- Installing: /home/sf_ws/install/stonefish_ros2/include/stonefish_ros2/stonefish_ros2/msg/detail/dvl__type_support.c
[21.290s] -- Installing: /home/sf_ws/install/stonefish_ros2/include/stonefish_ros2/stonefish_ros2/msg/detail/ned_pose__rosidl_typesupport_introspection_c.h
[21.290s] -- Installing: /home/sf_ws/install/stonefish_ros2/include/stonefish_ros2/stonefish_ros2/msg/detail/int32_stamped__rosidl_typesupport_introspection_c.h
[21.290s] -- Installing: /home/sf_ws/install/stonefish_ros2/include/stonefish_ros2/stonefish_ros2/msg/detail/thruster_state__type_support.c
[21.290s] -- Installing: /home/sf_ws/install/stonefish_ros2/include/stonefish_ros2/stonefish_ros2/msg/detail/dvl_beam__rosidl_typesupport_introspection_c.h
[21.290s] -- Installing: /home/sf_ws/install/stonefish_ros2/include/stonefish_ros2/stonefish_ros2/msg/detail/beacon_info__type_support.c
[21.290s] -- Installing: /home/sf_ws/install/stonefish_ros2/include/stonefish_ros2/stonefish_ros2/msg/detail/ned_pose__type_support.c
[21.290s] -- Installing: /home/sf_ws/install/stonefish_ros2/include/stonefish_ros2/stonefish_ros2/msg/detail/debug_physics__rosidl_typesupport_introspection_c.h
[21.290s] -- Installing: /home/sf_ws/install/stonefish_ros2/include/stonefish_ros2/stonefish_ros2/msg/detail/ins__rosidl_typesupport_introspection_c.h
[21.290s] -- Installing: /home/sf_ws/install/stonefish_ros2/include/stonefish_ros2/stonefish_ros2/msg/detail/ins__type_support.c
[21.290s] -- Installing: /home/sf_ws/install/stonefish_ros2/include/stonefish_ros2/stonefish_ros2/msg/detail/dvl_beam__type_support.c
[21.292s] -- Installing: /home/sf_ws/install/stonefish_ros2/include/stonefish_ros2/stonefish_ros2/msg/detail/dvl__rosidl_typesupport_introspection_c.h
[21.292s] -- Installing: /home/sf_ws/install/stonefish_ros2/include/stonefish_ros2/stonefish_ros2/msg/rosidl_typesupport_introspection_c__visibility_control.h
[21.292s] -- Up-to-date: /home/sf_ws/install/stonefish_ros2/include/stonefish_ros2/stonefish_ros2/srv
[21.292s] -- Up-to-date: /home/sf_ws/install/stonefish_ros2/include/stonefish_ros2/stonefish_ros2/srv/detail
[21.292s] -- Installing: /home/sf_ws/install/stonefish_ros2/include/stonefish_ros2/stonefish_ros2/srv/detail/sonar_settings__rosidl_typesupport_introspection_c.h
[21.292s] -- Installing: /home/sf_ws/install/stonefish_ros2/include/stonefish_ros2/stonefish_ros2/srv/detail/sonar_settings__type_support.c
[21.292s] -- Installing: /home/sf_ws/install/stonefish_ros2/include/stonefish_ros2/stonefish_ros2/srv/detail/respawn__rosidl_typesupport_introspection_c.h
[21.292s] -- Installing: /home/sf_ws/install/stonefish_ros2/include/stonefish_ros2/stonefish_ros2/srv/detail/sonar_settings2__type_support.c
[21.292s] -- Installing: /home/sf_ws/install/stonefish_ros2/include/stonefish_ros2/stonefish_ros2/srv/detail/respawn__type_support.c
[21.292s] -- Installing: /home/sf_ws/install/stonefish_ros2/include/stonefish_ros2/stonefish_ros2/srv/detail/sonar_settings2__rosidl_typesupport_introspection_c.h
[21.292s] -- Installing: /home/sf_ws/install/stonefish_ros2/lib/libstonefish_ros2__rosidl_typesupport_introspection_c.so
[21.292s] -- Set runtime path of "/home/sf_ws/install/stonefish_ros2/lib/libstonefish_ros2__rosidl_typesupport_introspection_c.so" to ""
[21.292s] -- Installing: /home/sf_ws/install/stonefish_ros2/lib/libstonefish_ros2__rosidl_typesupport_c.so
[21.292s] -- Set runtime path of "/home/sf_ws/install/stonefish_ros2/lib/libstonefish_ros2__rosidl_typesupport_c.so" to ""
[21.292s] -- Up-to-date: /home/sf_ws/install/stonefish_ros2/include/stonefish_ros2/stonefish_ros2
[21.292s] -- Up-to-date: /home/sf_ws/install/stonefish_ros2/include/stonefish_ros2/stonefish_ros2/msg
[21.292s] -- Up-to-date: /home/sf_ws/install/stonefish_ros2/include/stonefish_ros2/stonefish_ros2/msg/detail
[21.292s] -- Installing: /home/sf_ws/install/stonefish_ros2/include/stonefish_ros2/stonefish_ros2/msg/detail/int32_stamped__type_support.cpp
[21.292s] -- Installing: /home/sf_ws/install/stonefish_ros2/include/stonefish_ros2/stonefish_ros2/msg/detail/beacon_info__type_support.cpp
[21.292s] -- Installing: /home/sf_ws/install/stonefish_ros2/include/stonefish_ros2/stonefish_ros2/msg/detail/dvl__rosidl_typesupport_introspection_cpp.hpp
[21.292s] -- Installing: /home/sf_ws/install/stonefish_ros2/include/stonefish_ros2/stonefish_ros2/msg/detail/ins__rosidl_typesupport_introspection_cpp.hpp
[21.292s] -- Installing: /home/sf_ws/install/stonefish_ros2/include/stonefish_ros2/stonefish_ros2/msg/detail/ned_pose__type_support.cpp
[21.292s] -- Installing: /home/sf_ws/install/stonefish_ros2/include/stonefish_ros2/stonefish_ros2/msg/detail/ins__type_support.cpp
[21.292s] -- Installing: /home/sf_ws/install/stonefish_ros2/include/stonefish_ros2/stonefish_ros2/msg/detail/dvl__type_support.cpp
[21.292s] -- Installing: /home/sf_ws/install/stonefish_ros2/include/stonefish_ros2/stonefish_ros2/msg/detail/thruster_state__rosidl_typesupport_introspection_cpp.hpp
[21.293s] -- Installing: /home/sf_ws/install/stonefish_ros2/include/stonefish_ros2/stonefish_ros2/msg/detail/ned_pose__rosidl_typesupport_introspection_cpp.hpp
[21.293s] -- Installing: /home/sf_ws/install/stonefish_ros2/include/stonefish_ros2/stonefish_ros2/msg/detail/debug_physics__type_support.cpp
[21.293s] -- Installing: /home/sf_ws/install/stonefish_ros2/include/stonefish_ros2/stonefish_ros2/msg/detail/thruster_state__type_support.cpp
[21.293s] -- Installing: /home/sf_ws/install/stonefish_ros2/include/stonefish_ros2/stonefish_ros2/msg/detail/beacon_info__rosidl_typesupport_introspection_cpp.hpp
[21.293s] -- Installing: /home/sf_ws/install/stonefish_ros2/include/stonefish_ros2/stonefish_ros2/msg/detail/dvl_beam__rosidl_typesupport_introspection_cpp.hpp
[21.293s] -- Installing: /home/sf_ws/install/stonefish_ros2/include/stonefish_ros2/stonefish_ros2/msg/detail/dvl_beam__type_support.cpp
[21.293s] -- Installing: /home/sf_ws/install/stonefish_ros2/include/stonefish_ros2/stonefish_ros2/msg/detail/debug_physics__rosidl_typesupport_introspection_cpp.hpp
[21.293s] -- Installing: /home/sf_ws/install/stonefish_ros2/include/stonefish_ros2/stonefish_ros2/msg/detail/int32_stamped__rosidl_typesupport_introspection_cpp.hpp
[21.293s] -- Up-to-date: /home/sf_ws/install/stonefish_ros2/include/stonefish_ros2/stonefish_ros2/srv
[21.293s] -- Up-to-date: /home/sf_ws/install/stonefish_ros2/include/stonefish_ros2/stonefish_ros2/srv/detail
[21.293s] -- Installing: /home/sf_ws/install/stonefish_ros2/include/stonefish_ros2/stonefish_ros2/srv/detail/sonar_settings2__type_support.cpp
[21.293s] -- Installing: /home/sf_ws/install/stonefish_ros2/include/stonefish_ros2/stonefish_ros2/srv/detail/sonar_settings2__rosidl_typesupport_introspection_cpp.hpp
[21.293s] -- Installing: /home/sf_ws/install/stonefish_ros2/include/stonefish_ros2/stonefish_ros2/srv/detail/sonar_settings__rosidl_typesupport_introspection_cpp.hpp
[21.293s] -- Installing: /home/sf_ws/install/stonefish_ros2/include/stonefish_ros2/stonefish_ros2/srv/detail/sonar_settings__type_support.cpp
[21.293s] -- Installing: /home/sf_ws/install/stonefish_ros2/include/stonefish_ros2/stonefish_ros2/srv/detail/respawn__rosidl_typesupport_introspection_cpp.hpp
[21.293s] -- Installing: /home/sf_ws/install/stonefish_ros2/include/stonefish_ros2/stonefish_ros2/srv/detail/respawn__type_support.cpp
[21.293s] -- Installing: /home/sf_ws/install/stonefish_ros2/lib/libstonefish_ros2__rosidl_typesupport_introspection_cpp.so
[21.293s] -- Set runtime path of "/home/sf_ws/install/stonefish_ros2/lib/libstonefish_ros2__rosidl_typesupport_introspection_cpp.so" to ""
[21.293s] -- Installing: /home/sf_ws/install/stonefish_ros2/lib/libstonefish_ros2__rosidl_typesupport_cpp.so
[21.293s] -- Set runtime path of "/home/sf_ws/install/stonefish_ros2/lib/libstonefish_ros2__rosidl_typesupport_cpp.so" to ""
[21.293s] -- Installing: /home/sf_ws/install/stonefish_ros2/share/stonefish_ros2/environment/pythonpath.sh
[21.293s] -- Installing: /home/sf_ws/install/stonefish_ros2/share/stonefish_ros2/environment/pythonpath.dsv
[21.293s] -- Installing: /home/sf_ws/install/stonefish_ros2/local/lib/python3.10/dist-packages/stonefish_ros2-1.3.0-py3.10.egg-info
[21.293s] -- Installing: /home/sf_ws/install/stonefish_ros2/local/lib/python3.10/dist-packages/stonefish_ros2-1.3.0-py3.10.egg-info/SOURCES.txt
[21.293s] -- Installing: /home/sf_ws/install/stonefish_ros2/local/lib/python3.10/dist-packages/stonefish_ros2-1.3.0-py3.10.egg-info/top_level.txt
[21.293s] -- Installing: /home/sf_ws/install/stonefish_ros2/local/lib/python3.10/dist-packages/stonefish_ros2-1.3.0-py3.10.egg-info/PKG-INFO
[21.293s] -- Installing: /home/sf_ws/install/stonefish_ros2/local/lib/python3.10/dist-packages/stonefish_ros2-1.3.0-py3.10.egg-info/dependency_links.txt
[21.294s] -- Installing: /home/sf_ws/install/stonefish_ros2/local/lib/python3.10/dist-packages/stonefish_ros2
[21.294s] -- Installing: /home/sf_ws/install/stonefish_ros2/local/lib/python3.10/dist-packages/stonefish_ros2/stonefish_ros2_s__rosidl_typesupport_introspection_c.cpython-310-x86_64-linux-gnu.so
[21.294s] -- Installing: /home/sf_ws/install/stonefish_ros2/local/lib/python3.10/dist-packages/stonefish_ros2/_stonefish_ros2_s.ep.rosidl_typesupport_c.c
[21.294s] -- Installing: /home/sf_ws/install/stonefish_ros2/local/lib/python3.10/dist-packages/stonefish_ros2/stonefish_ros2_s__rosidl_typesupport_c.cpython-310-x86_64-linux-gnu.so
[21.294s] -- Installing: /home/sf_ws/install/stonefish_ros2/local/lib/python3.10/dist-packages/stonefish_ros2/libstonefish_ros2__rosidl_generator_py.so
[21.294s] -- Installing: /home/sf_ws/install/stonefish_ros2/local/lib/python3.10/dist-packages/stonefish_ros2/msg
[21.294s] -- Installing: /home/sf_ws/install/stonefish_ros2/local/lib/python3.10/dist-packages/stonefish_ros2/msg/_ins.py
[21.294s] -- Installing: /home/sf_ws/install/stonefish_ros2/local/lib/python3.10/dist-packages/stonefish_ros2/msg/_beacon_info.py
[21.294s] -- Installing: /home/sf_ws/install/stonefish_ros2/local/lib/python3.10/dist-packages/stonefish_ros2/msg/_ins_s.c
[21.294s] -- Installing: /home/sf_ws/install/stonefish_ros2/local/lib/python3.10/dist-packages/stonefish_ros2/msg/_debug_physics.py
[21.294s] -- Installing: /home/sf_ws/install/stonefish_ros2/local/lib/python3.10/dist-packages/stonefish_ros2/msg/_dvl_s.c
[21.294s] -- Installing: /home/sf_ws/install/stonefish_ros2/local/lib/python3.10/dist-packages/stonefish_ros2/msg/_thruster_state.py
[21.294s] -- Installing: /home/sf_ws/install/stonefish_ros2/local/lib/python3.10/dist-packages/stonefish_ros2/msg/_debug_physics_s.c
[21.294s] -- Installing: /home/sf_ws/install/stonefish_ros2/local/lib/python3.10/dist-packages/stonefish_ros2/msg/_ned_pose_s.c
[21.294s] -- Installing: /home/sf_ws/install/stonefish_ros2/local/lib/python3.10/dist-packages/stonefish_ros2/msg/_dvl.py
[21.294s] -- Installing: /home/sf_ws/install/stonefish_ros2/local/lib/python3.10/dist-packages/stonefish_ros2/msg/_dvl_beam_s.c
[21.294s] -- Installing: /home/sf_ws/install/stonefish_ros2/local/lib/python3.10/dist-packages/stonefish_ros2/msg/_int32_stamped.py
[21.294s] -- Installing: /home/sf_ws/install/stonefish_ros2/local/lib/python3.10/dist-packages/stonefish_ros2/msg/__init__.py
[21.294s] -- Installing: /home/sf_ws/install/stonefish_ros2/local/lib/python3.10/dist-packages/stonefish_ros2/msg/_beacon_info_s.c
[21.294s] -- Installing: /home/sf_ws/install/stonefish_ros2/local/lib/python3.10/dist-packages/stonefish_ros2/msg/_thruster_state_s.c
[21.294s] -- Installing: /home/sf_ws/install/stonefish_ros2/local/lib/python3.10/dist-packages/stonefish_ros2/msg/_int32_stamped_s.c
[21.294s] -- Installing: /home/sf_ws/install/stonefish_ros2/local/lib/python3.10/dist-packages/stonefish_ros2/msg/_dvl_beam.py
[21.294s] -- Installing: /home/sf_ws/install/stonefish_ros2/local/lib/python3.10/dist-packages/stonefish_ros2/msg/_ned_pose.py
[21.294s] -- Installing: /home/sf_ws/install/stonefish_ros2/local/lib/python3.10/dist-packages/stonefish_ros2/stonefish_ros2_s__rosidl_typesupport_fastrtps_c.cpython-310-x86_64-linux-gnu.so
[21.294s] -- Installing: /home/sf_ws/install/stonefish_ros2/local/lib/python3.10/dist-packages/stonefish_ros2/_stonefish_ros2_s.ep.rosidl_typesupport_introspection_c.c
[21.294s] -- Installing: /home/sf_ws/install/stonefish_ros2/local/lib/python3.10/dist-packages/stonefish_ros2/__init__.py
[21.294s] -- Installing: /home/sf_ws/install/stonefish_ros2/local/lib/python3.10/dist-packages/stonefish_ros2/_stonefish_ros2_s.ep.rosidl_typesupport_fastrtps_c.c
[21.294s] -- Installing: /home/sf_ws/install/stonefish_ros2/local/lib/python3.10/dist-packages/stonefish_ros2/srv
[21.294s] -- Installing: /home/sf_ws/install/stonefish_ros2/local/lib/python3.10/dist-packages/stonefish_ros2/srv/_respawn_s.c
[21.294s] -- Installing: /home/sf_ws/install/stonefish_ros2/local/lib/python3.10/dist-packages/stonefish_ros2/srv/_sonar_settings2.py
[21.294s] -- Installing: /home/sf_ws/install/stonefish_ros2/local/lib/python3.10/dist-packages/stonefish_ros2/srv/_sonar_settings.py
[21.295s] -- Installing: /home/sf_ws/install/stonefish_ros2/local/lib/python3.10/dist-packages/stonefish_ros2/srv/_sonar_settings_s.c
[21.295s] -- Installing: /home/sf_ws/install/stonefish_ros2/local/lib/python3.10/dist-packages/stonefish_ros2/srv/_sonar_settings2_s.c
[21.295s] -- Installing: /home/sf_ws/install/stonefish_ros2/local/lib/python3.10/dist-packages/stonefish_ros2/srv/__init__.py
[21.295s] -- Installing: /home/sf_ws/install/stonefish_ros2/local/lib/python3.10/dist-packages/stonefish_ros2/srv/_respawn.py
[21.317s] Listing '/home/sf_ws/install/stonefish_ros2/local/lib/python3.10/dist-packages/stonefish_ros2'...
[21.317s] Compiling '/home/sf_ws/install/stonefish_ros2/local/lib/python3.10/dist-packages/stonefish_ros2/__init__.py'...
[21.317s] Listing '/home/sf_ws/install/stonefish_ros2/local/lib/python3.10/dist-packages/stonefish_ros2/msg'...
[21.317s] Compiling '/home/sf_ws/install/stonefish_ros2/local/lib/python3.10/dist-packages/stonefish_ros2/msg/__init__.py'...
[21.317s] Compiling '/home/sf_ws/install/stonefish_ros2/local/lib/python3.10/dist-packages/stonefish_ros2/msg/_beacon_info.py'...
[21.317s] Compiling '/home/sf_ws/install/stonefish_ros2/local/lib/python3.10/dist-packages/stonefish_ros2/msg/_debug_physics.py'...
[21.317s] Compiling '/home/sf_ws/install/stonefish_ros2/local/lib/python3.10/dist-packages/stonefish_ros2/msg/_dvl.py'...
[21.317s] Compiling '/home/sf_ws/install/stonefish_ros2/local/lib/python3.10/dist-packages/stonefish_ros2/msg/_dvl_beam.py'...
[21.317s] Compiling '/home/sf_ws/install/stonefish_ros2/local/lib/python3.10/dist-packages/stonefish_ros2/msg/_ins.py'...
[21.317s] Compiling '/home/sf_ws/install/stonefish_ros2/local/lib/python3.10/dist-packages/stonefish_ros2/msg/_int32_stamped.py'...
[21.317s] Compiling '/home/sf_ws/install/stonefish_ros2/local/lib/python3.10/dist-packages/stonefish_ros2/msg/_ned_pose.py'...
[21.317s] Compiling '/home/sf_ws/install/stonefish_ros2/local/lib/python3.10/dist-packages/stonefish_ros2/msg/_thruster_state.py'...
[21.317s] Listing '/home/sf_ws/install/stonefish_ros2/local/lib/python3.10/dist-packages/stonefish_ros2/srv'...
[21.317s] Compiling '/home/sf_ws/install/stonefish_ros2/local/lib/python3.10/dist-packages/stonefish_ros2/srv/__init__.py'...
[21.317s] Compiling '/home/sf_ws/install/stonefish_ros2/local/lib/python3.10/dist-packages/stonefish_ros2/srv/_respawn.py'...
[21.317s] Compiling '/home/sf_ws/install/stonefish_ros2/local/lib/python3.10/dist-packages/stonefish_ros2/srv/_sonar_settings.py'...
[21.317s] Compiling '/home/sf_ws/install/stonefish_ros2/local/lib/python3.10/dist-packages/stonefish_ros2/srv/_sonar_settings2.py'...
[21.319s] -- Installing: /home/sf_ws/install/stonefish_ros2/local/lib/python3.10/dist-packages/stonefish_ros2/stonefish_ros2_s__rosidl_typesupport_fastrtps_c.cpython-310-x86_64-linux-gnu.so
[21.319s] -- Set runtime path of "/home/sf_ws/install/stonefish_ros2/local/lib/python3.10/dist-packages/stonefish_ros2/stonefish_ros2_s__rosidl_typesupport_fastrtps_c.cpython-310-x86_64-linux-gnu.so" to ""
[21.319s] -- Installing: /home/sf_ws/install/stonefish_ros2/local/lib/python3.10/dist-packages/stonefish_ros2/stonefish_ros2_s__rosidl_typesupport_introspection_c.cpython-310-x86_64-linux-gnu.so
[21.319s] -- Set runtime path of "/home/sf_ws/install/stonefish_ros2/local/lib/python3.10/dist-packages/stonefish_ros2/stonefish_ros2_s__rosidl_typesupport_introspection_c.cpython-310-x86_64-linux-gnu.so" to ""
[21.319s] -- Installing: /home/sf_ws/install/stonefish_ros2/local/lib/python3.10/dist-packages/stonefish_ros2/stonefish_ros2_s__rosidl_typesupport_c.cpython-310-x86_64-linux-gnu.so
[21.319s] -- Set runtime path of "/home/sf_ws/install/stonefish_ros2/local/lib/python3.10/dist-packages/stonefish_ros2/stonefish_ros2_s__rosidl_typesupport_c.cpython-310-x86_64-linux-gnu.so" to ""
[21.319s] -- Installing: /home/sf_ws/install/stonefish_ros2/lib/libstonefish_ros2__rosidl_generator_py.so
[21.320s] -- Set runtime path of "/home/sf_ws/install/stonefish_ros2/lib/libstonefish_ros2__rosidl_generator_py.so" to ""
[21.320s] -- Installing: /home/sf_ws/install/stonefish_ros2/share/stonefish_ros2/msg/Int32Stamped.idl
[21.320s] -- Installing: /home/sf_ws/install/stonefish_ros2/share/stonefish_ros2/msg/BeaconInfo.idl
[21.320s] -- Installing: /home/sf_ws/install/stonefish_ros2/share/stonefish_ros2/msg/NEDPose.idl
[21.320s] -- Installing: /home/sf_ws/install/stonefish_ros2/share/stonefish_ros2/msg/INS.idl
[21.320s] -- Installing: /home/sf_ws/install/stonefish_ros2/share/stonefish_ros2/msg/DVLBeam.idl
[21.320s] -- Installing: /home/sf_ws/install/stonefish_ros2/share/stonefish_ros2/msg/DVL.idl
[21.320s] -- Installing: /home/sf_ws/install/stonefish_ros2/share/stonefish_ros2/msg/ThrusterState.idl
[21.320s] -- Installing: /home/sf_ws/install/stonefish_ros2/share/stonefish_ros2/msg/DebugPhysics.idl
[21.320s] -- Installing: /home/sf_ws/install/stonefish_ros2/share/stonefish_ros2/srv/SonarSettings.idl
[21.320s] -- Installing: /home/sf_ws/install/stonefish_ros2/share/stonefish_ros2/srv/SonarSettings2.idl
[21.320s] -- Installing: /home/sf_ws/install/stonefish_ros2/share/stonefish_ros2/srv/Respawn.idl
[21.320s] -- Installing: /home/sf_ws/install/stonefish_ros2/share/stonefish_ros2/msg/Int32Stamped.msg
[21.320s] -- Installing: /home/sf_ws/install/stonefish_ros2/share/stonefish_ros2/msg/BeaconInfo.msg
[21.320s] -- Installing: /home/sf_ws/install/stonefish_ros2/share/stonefish_ros2/msg/NEDPose.msg
[21.320s] -- Installing: /home/sf_ws/install/stonefish_ros2/share/stonefish_ros2/msg/INS.msg
[21.320s] -- Installing: /home/sf_ws/install/stonefish_ros2/share/stonefish_ros2/msg/DVLBeam.msg
[21.320s] -- Installing: /home/sf_ws/install/stonefish_ros2/share/stonefish_ros2/msg/DVL.msg
[21.320s] -- Installing: /home/sf_ws/install/stonefish_ros2/share/stonefish_ros2/msg/ThrusterState.msg
[21.320s] -- Installing: /home/sf_ws/install/stonefish_ros2/share/stonefish_ros2/msg/DebugPhysics.msg
[21.320s] -- Installing: /home/sf_ws/install/stonefish_ros2/share/stonefish_ros2/srv/SonarSettings.srv
[21.320s] -- Installing: /home/sf_ws/install/stonefish_ros2/share/stonefish_ros2/srv/SonarSettings_Request.msg
[21.320s] -- Installing: /home/sf_ws/install/stonefish_ros2/share/stonefish_ros2/srv/SonarSettings_Response.msg
[21.320s] -- Installing: /home/sf_ws/install/stonefish_ros2/share/stonefish_ros2/srv/SonarSettings2.srv
[21.320s] -- Installing: /home/sf_ws/install/stonefish_ros2/share/stonefish_ros2/srv/SonarSettings2_Request.msg
[21.320s] -- Installing: /home/sf_ws/install/stonefish_ros2/share/stonefish_ros2/srv/SonarSettings2_Response.msg
[21.320s] -- Installing: /home/sf_ws/install/stonefish_ros2/share/stonefish_ros2/srv/Respawn.srv
[21.320s] -- Installing: /home/sf_ws/install/stonefish_ros2/share/stonefish_ros2/srv/Respawn_Request.msg
[21.321s] -- Installing: /home/sf_ws/install/stonefish_ros2/share/stonefish_ros2/srv/Respawn_Response.msg
[21.321s] -- Installing: /home/sf_ws/install/stonefish_ros2/lib/libstonefish_ros2_interface.so
[21.336s] -- Set runtime path of "/home/sf_ws/install/stonefish_ros2/lib/libstonefish_ros2_interface.so" to ""
[21.336s] -- Installing: /home/sf_ws/install/stonefish_ros2/include/include
[21.336s] -- Installing: /home/sf_ws/install/stonefish_ros2/include/include/stonefish_ros2
[21.336s] -- Installing: /home/sf_ws/install/stonefish_ros2/include/include/stonefish_ros2/ROS2Interface.h
[21.336s] -- Installing: /home/sf_ws/install/stonefish_ros2/include/include/stonefish_ros2/ROS2SimulationManager.h
[21.336s] -- Installing: /home/sf_ws/install/stonefish_ros2/include/include/stonefish_ros2/ROS2GraphicalSimulationApp.h
[21.336s] -- Installing: /home/sf_ws/install/stonefish_ros2/include/include/stonefish_ros2/ROS2ConsoleSimulationApp.h
[21.336s] -- Installing: /home/sf_ws/install/stonefish_ros2/include/include/stonefish_ros2/ROS2ScenarioParser.h
[21.336s] -- Installing: /home/sf_ws/install/stonefish_ros2/lib/stonefish_ros2/stonefish_simulator
[21.336s] -- Set runtime path of "/home/sf_ws/install/stonefish_ros2/lib/stonefish_ros2/stonefish_simulator" to ""
[21.336s] -- Installing: /home/sf_ws/install/stonefish_ros2/lib/stonefish_ros2/stonefish_simulator_nogpu
[21.336s] -- Set runtime path of "/home/sf_ws/install/stonefish_ros2/lib/stonefish_ros2/stonefish_simulator_nogpu" to ""
[21.336s] -- Installing: /home/sf_ws/install/stonefish_ros2/share/stonefish_ros2/launch
[21.336s] -- Installing: /home/sf_ws/install/stonefish_ros2/share/stonefish_ros2/launch/stonefish_simulator_nogpu.launch.py
[21.336s] -- Installing: /home/sf_ws/install/stonefish_ros2/share/stonefish_ros2/launch/stonefish_simulator.launch.py
[21.336s] -- Installing: /home/sf_ws/install/stonefish_ros2/share/ament_index/resource_index/package_run_dependencies/stonefish_ros2
[21.336s] -- Installing: /home/sf_ws/install/stonefish_ros2/share/ament_index/resource_index/parent_prefix_path/stonefish_ros2
[21.336s] -- Installing: /home/sf_ws/install/stonefish_ros2/share/stonefish_ros2/environment/ament_prefix_path.sh
[21.336s] -- Installing: /home/sf_ws/install/stonefish_ros2/share/stonefish_ros2/environment/ament_prefix_path.dsv
[21.336s] -- Installing: /home/sf_ws/install/stonefish_ros2/share/stonefish_ros2/environment/path.sh
[21.336s] -- Installing: /home/sf_ws/install/stonefish_ros2/share/stonefish_ros2/environment/path.dsv
[21.337s] -- Installing: /home/sf_ws/install/stonefish_ros2/share/stonefish_ros2/local_setup.bash
[21.337s] -- Installing: /home/sf_ws/install/stonefish_ros2/share/stonefish_ros2/local_setup.sh
[21.337s] -- Installing: /home/sf_ws/install/stonefish_ros2/share/stonefish_ros2/local_setup.zsh
[21.337s] -- Installing: /home/sf_ws/install/stonefish_ros2/share/stonefish_ros2/local_setup.dsv
[21.337s] -- Installing: /home/sf_ws/install/stonefish_ros2/share/stonefish_ros2/package.dsv
[21.337s] -- Installing: /home/sf_ws/install/stonefish_ros2/share/ament_index/resource_index/packages/stonefish_ros2
[21.337s] -- Installing: /home/sf_ws/install/stonefish_ros2/share/stonefish_ros2/cmake/export_stonefish_ros2__rosidl_generator_cExport.cmake
[21.337s] -- Installing: /home/sf_ws/install/stonefish_ros2/share/stonefish_ros2/cmake/export_stonefish_ros2__rosidl_generator_cExport-noconfig.cmake
[21.337s] -- Installing: /home/sf_ws/install/stonefish_ros2/share/stonefish_ros2/cmake/export_stonefish_ros2__rosidl_typesupport_fastrtps_cExport.cmake
[21.337s] -- Installing: /home/sf_ws/install/stonefish_ros2/share/stonefish_ros2/cmake/export_stonefish_ros2__rosidl_typesupport_fastrtps_cExport-noconfig.cmake
[21.337s] -- Installing: /home/sf_ws/install/stonefish_ros2/share/stonefish_ros2/cmake/export_stonefish_ros2__rosidl_generator_cppExport.cmake
[21.337s] -- Installing: /home/sf_ws/install/stonefish_ros2/share/stonefish_ros2/cmake/export_stonefish_ros2__rosidl_typesupport_fastrtps_cppExport.cmake
[21.337s] -- Installing: /home/sf_ws/install/stonefish_ros2/share/stonefish_ros2/cmake/export_stonefish_ros2__rosidl_typesupport_fastrtps_cppExport-noconfig.cmake
[21.337s] -- Installing: /home/sf_ws/install/stonefish_ros2/share/stonefish_ros2/cmake/stonefish_ros2__rosidl_typesupport_introspection_cExport.cmake
[21.337s] -- Installing: /home/sf_ws/install/stonefish_ros2/share/stonefish_ros2/cmake/stonefish_ros2__rosidl_typesupport_introspection_cExport-noconfig.cmake
[21.337s] -- Installing: /home/sf_ws/install/stonefish_ros2/share/stonefish_ros2/cmake/stonefish_ros2__rosidl_typesupport_cExport.cmake
[21.337s] -- Installing: /home/sf_ws/install/stonefish_ros2/share/stonefish_ros2/cmake/stonefish_ros2__rosidl_typesupport_cExport-noconfig.cmake
[21.337s] -- Installing: /home/sf_ws/install/stonefish_ros2/share/stonefish_ros2/cmake/stonefish_ros2__rosidl_typesupport_introspection_cppExport.cmake
[21.337s] -- Installing: /home/sf_ws/install/stonefish_ros2/share/stonefish_ros2/cmake/stonefish_ros2__rosidl_typesupport_introspection_cppExport-noconfig.cmake
[21.337s] -- Installing: /home/sf_ws/install/stonefish_ros2/share/stonefish_ros2/cmake/stonefish_ros2__rosidl_typesupport_cppExport.cmake
[21.337s] -- Installing: /home/sf_ws/install/stonefish_ros2/share/stonefish_ros2/cmake/stonefish_ros2__rosidl_typesupport_cppExport-noconfig.cmake
[21.337s] -- Installing: /home/sf_ws/install/stonefish_ros2/share/stonefish_ros2/cmake/export_stonefish_ros2__rosidl_generator_pyExport.cmake
[21.337s] -- Installing: /home/sf_ws/install/stonefish_ros2/share/stonefish_ros2/cmake/export_stonefish_ros2__rosidl_generator_pyExport-noconfig.cmake
[21.337s] -- Installing: /home/sf_ws/install/stonefish_ros2/share/stonefish_ros2/cmake/rosidl_cmake-extras.cmake
[21.337s] -- Installing: /home/sf_ws/install/stonefish_ros2/share/stonefish_ros2/cmake/ament_cmake_export_dependencies-extras.cmake
[21.338s] -- Installing: /home/sf_ws/install/stonefish_ros2/share/stonefish_ros2/cmake/ament_cmake_export_include_directories-extras.cmake
[21.338s] -- Installing: /home/sf_ws/install/stonefish_ros2/share/stonefish_ros2/cmake/ament_cmake_export_libraries-extras.cmake
[21.338s] -- Installing: /home/sf_ws/install/stonefish_ros2/share/stonefish_ros2/cmake/ament_cmake_export_targets-extras.cmake
[21.338s] -- Installing: /home/sf_ws/install/stonefish_ros2/share/stonefish_ros2/cmake/rosidl_cmake_export_typesupport_targets-extras.cmake
[21.338s] -- Installing: /home/sf_ws/install/stonefish_ros2/share/stonefish_ros2/cmake/rosidl_cmake_export_typesupport_libraries-extras.cmake
[21.338s] -- Installing: /home/sf_ws/install/stonefish_ros2/share/stonefish_ros2/cmake/stonefish_ros2Config.cmake
[21.338s] -- Installing: /home/sf_ws/install/stonefish_ros2/share/stonefish_ros2/cmake/stonefish_ros2Config-version.cmake
[21.338s] -- Installing: /home/sf_ws/install/stonefish_ros2/share/stonefish_ros2/package.xml
[21.339s] Invoked command in '/home/sf_ws/build/stonefish_ros2' returned '0': CMAKE_PREFIX_PATH=${CMAKE_PREFIX_PATH}:/opt/ros/humble /usr/bin/cmake --install /home/sf_ws/build/stonefish_ros2
