-- The C compiler identification is GNU 11.4.0
-- The CXX compiler identification is GNU 11.4.0
-- Detecting C compiler ABI info
-- Detecting C compiler ABI info - done
-- Check for working C compiler: /usr/bin/cc - skipped
-- Detecting C compile features
-- Detecting C compile features - done
-- Detecting CXX compiler ABI info
-- Detecting CXX compiler ABI info - done
-- Check for working CXX compiler: /usr/bin/c++ - skipped
-- Detecting CXX compile features
-- Detecting CXX compile features - done
-- Found ament_cmake: 1.3.10 (/opt/ros/humble/share/ament_cmake/cmake)
-- Found Python3: /usr/bin/python3 (found version "3.10.12") found components: Interpreter 
-- Found rclcpp: 16.0.10 (/opt/ros/humble/share/rclcpp/cmake)
-- Found rosidl_generator_c: 3.1.5 (/opt/ros/humble/share/rosidl_generator_c/cmake)
-- Found rosidl_adapter: 3.1.5 (/opt/ros/humble/share/rosidl_adapter/cmake)
-- Found rosidl_generator_cpp: 3.1.5 (/opt/ros/humble/share/rosidl_generator_cpp/cmake)
-- Using all available rosidl_typesupport_c: rosidl_typesupport_fastrtps_c;rosidl_typesupport_introspection_c
-- Using all available rosidl_typesupport_cpp: rosidl_typesupport_fastrtps_cpp;rosidl_typesupport_introspection_cpp
-- Found rmw_implementation_cmake: 6.1.2 (/opt/ros/humble/share/rmw_implementation_cmake/cmake)
-- Found rmw_fastrtps_cpp: 6.2.7 (/opt/ros/humble/share/rmw_fastrtps_cpp/cmake)
-- Found OpenSSL: /usr/lib/x86_64-linux-gnu/libcrypto.so (found version "3.0.2")  
-- Found FastRTPS: /opt/ros/humble/include  
-- Using RMW implementation 'rmw_fastrtps_cpp' as default
-- Looking for pthread.h
-- Looking for pthread.h - found
-- Performing Test CMAKE_HAVE_LIBC_PTHREAD
-- Performing Test CMAKE_HAVE_LIBC_PTHREAD - Success
-- Found Threads: TRUE  
-- Found rclpy: 3.3.14 (/opt/ros/humble/share/rclpy/cmake)
-- Configuring done
-- Generating done
-- Build files have been written to: /home/sf_ws/build/stonefish_bluerov2
Built target ament_cmake_python_copy_stonefish_bluerov2
running egg_info
creating stonefish_bluerov2.egg-info
writing stonefish_bluerov2.egg-info/PKG-INFO
writing dependency_links to stonefish_bluerov2.egg-info/dependency_links.txt
writing top-level names to stonefish_bluerov2.egg-info/top_level.txt
writing manifest file 'stonefish_bluerov2.egg-info/SOURCES.txt'
reading manifest file 'stonefish_bluerov2.egg-info/SOURCES.txt'
writing manifest file 'stonefish_bluerov2.egg-info/SOURCES.txt'
Built target ament_cmake_python_build_stonefish_bluerov2_egg
-- Install configuration: ""
-- Installing: /home/sf_ws/install/stonefish_bluerov2/share/stonefish_bluerov2/environment/pythonpath.sh
-- Installing: /home/sf_ws/install/stonefish_bluerov2/share/stonefish_bluerov2/environment/pythonpath.dsv
-- Installing: /home/sf_ws/install/stonefish_bluerov2/local/lib/python3.10/dist-packages/stonefish_bluerov2-0.0.0-py3.10.egg-info
-- Installing: /home/sf_ws/install/stonefish_bluerov2/local/lib/python3.10/dist-packages/stonefish_bluerov2-0.0.0-py3.10.egg-info/SOURCES.txt
-- Installing: /home/sf_ws/install/stonefish_bluerov2/local/lib/python3.10/dist-packages/stonefish_bluerov2-0.0.0-py3.10.egg-info/top_level.txt
-- Installing: /home/sf_ws/install/stonefish_bluerov2/local/lib/python3.10/dist-packages/stonefish_bluerov2-0.0.0-py3.10.egg-info/PKG-INFO
-- Installing: /home/sf_ws/install/stonefish_bluerov2/local/lib/python3.10/dist-packages/stonefish_bluerov2-0.0.0-py3.10.egg-info/dependency_links.txt
-- Installing: /home/sf_ws/install/stonefish_bluerov2/local/lib/python3.10/dist-packages/stonefish_bluerov2
-- Installing: /home/sf_ws/install/stonefish_bluerov2/local/lib/python3.10/dist-packages/stonefish_bluerov2/__init__.py
Listing '/home/sf_ws/install/stonefish_bluerov2/local/lib/python3.10/dist-packages/stonefish_bluerov2'...
Compiling '/home/sf_ws/install/stonefish_bluerov2/local/lib/python3.10/dist-packages/stonefish_bluerov2/__init__.py'...
-- Installing: /home/sf_ws/install/stonefish_bluerov2/lib/stonefish_bluerov2/ardusim_patch.py
-- Installing: /home/sf_ws/install/stonefish_bluerov2/lib/stonefish_bluerov2/ardusim_patch_boat.py
-- Installing: /home/sf_ws/install/stonefish_bluerov2/share/stonefish_bluerov2//launch
-- Installing: /home/sf_ws/install/stonefish_bluerov2/share/stonefish_bluerov2//launch/bluerov2_sim.launch.py
-- Installing: /home/sf_ws/install/stonefish_bluerov2/share/stonefish_bluerov2//launch/bluerov2_sim_ros2_interface.launch.py
-- Installing: /home/sf_ws/install/stonefish_bluerov2/share/stonefish_bluerov2//launch/blueboat_sim.launch.py
-- Installing: /home/sf_ws/install/stonefish_bluerov2/share/stonefish_bluerov2//scenarios
-- Installing: /home/sf_ws/install/stonefish_bluerov2/share/stonefish_bluerov2//scenarios/blueboat_sea.scn
-- Installing: /home/sf_ws/install/stonefish_bluerov2/share/stonefish_bluerov2//scenarios/blueboat.scn
-- Installing: /home/sf_ws/install/stonefish_bluerov2/share/stonefish_bluerov2//scenarios/bluerov2_manip copy.scn
-- Installing: /home/sf_ws/install/stonefish_bluerov2/share/stonefish_bluerov2//scenarios/bluerov2_tank.scn
-- Installing: /home/sf_ws/install/stonefish_bluerov2/share/stonefish_bluerov2//scenarios/bluerov2_unphy_alpha_tank.scn
-- Installing: /home/sf_ws/install/stonefish_bluerov2/share/stonefish_bluerov2//scenarios/sonobot copy.scn
-- Installing: /home/sf_ws/install/stonefish_bluerov2/share/stonefish_bluerov2//scenarios/bluerov2_unphy_alpha.scn
-- Installing: /home/sf_ws/install/stonefish_bluerov2/share/stonefish_bluerov2//scenarios/bluerov2_manip_sea.scn
-- Installing: /home/sf_ws/install/stonefish_bluerov2/share/stonefish_bluerov2//scenarios/bluerov2.scn
-- Installing: /home/sf_ws/install/stonefish_bluerov2/share/stonefish_bluerov2//scenarios/blueboat copy.scn
-- Installing: /home/sf_ws/install/stonefish_bluerov2/share/stonefish_bluerov2//scenarios/sonobot.scn
-- Installing: /home/sf_ws/install/stonefish_bluerov2/share/stonefish_bluerov2//scenarios/bluerov2_manip.scn
-- Installing: /home/sf_ws/install/stonefish_bluerov2/share/stonefish_bluerov2//scenarios/bluerov2_ros2_interface.scn
-- Installing: /home/sf_ws/install/stonefish_bluerov2/share/stonefish_bluerov2//scenarios/bluerov2_tank_ros2_interface.scn
-- Installing: /home/sf_ws/install/stonefish_bluerov2/share/stonefish_bluerov2//scenarios/bluerov2_manip_tank.scn
-- Installing: /home/sf_ws/install/stonefish_bluerov2/share/stonefish_bluerov2//data
-- Installing: /home/sf_ws/install/stonefish_bluerov2/share/stonefish_bluerov2//data/seabed.mtl
-- Installing: /home/sf_ws/install/stonefish_bluerov2/share/stonefish_bluerov2//data/wind_turbine
-- Installing: /home/sf_ws/install/stonefish_bluerov2/share/stonefish_bluerov2//data/wind_turbine/wind_turbine_OffshoreLearningv1.obj
-- Installing: /home/sf_ws/install/stonefish_bluerov2/share/stonefish_bluerov2//data/wind_turbine/BaseColor.png
-- Installing: /home/sf_ws/install/stonefish_bluerov2/share/stonefish_bluerov2//data/flat.mtl
-- Installing: /home/sf_ws/install/stonefish_bluerov2/share/stonefish_bluerov2//data/blueboat
-- Installing: /home/sf_ws/install/stonefish_bluerov2/share/stonefish_bluerov2//data/blueboat/right_side.obj
-- Installing: /home/sf_ws/install/stonefish_bluerov2/share/stonefish_bluerov2//data/blueboat/metal_left_down.obj
-- Installing: /home/sf_ws/install/stonefish_bluerov2/share/stonefish_bluerov2//data/blueboat/propeller.obj
-- Installing: /home/sf_ws/install/stonefish_bluerov2/share/stonefish_bluerov2//data/blueboat/untitled.obj
-- Installing: /home/sf_ws/install/stonefish_bluerov2/share/stonefish_bluerov2//data/blueboat/metal_front.obj
-- Installing: /home/sf_ws/install/stonefish_bluerov2/share/stonefish_bluerov2//data/blueboat/propeller_cc.mtl
-- Installing: /home/sf_ws/install/stonefish_bluerov2/share/stonefish_bluerov2//data/blueboat/propeller_right.obj
-- Installing: /home/sf_ws/install/stonefish_bluerov2/share/stonefish_bluerov2//data/blueboat/propeller_cc.obj
-- Installing: /home/sf_ws/install/stonefish_bluerov2/share/stonefish_bluerov2//data/blueboat/propeller_left.obj
-- Installing: /home/sf_ws/install/stonefish_bluerov2/share/stonefish_bluerov2//data/blueboat/metal_left_up.obj
-- Installing: /home/sf_ws/install/stonefish_bluerov2/share/stonefish_bluerov2//data/blueboat/metal_right_down.obj
-- Installing: /home/sf_ws/install/stonefish_bluerov2/share/stonefish_bluerov2//data/blueboat/metal_rear.obj
-- Installing: /home/sf_ws/install/stonefish_bluerov2/share/stonefish_bluerov2//data/blueboat/metal_right_up.obj
-- Installing: /home/sf_ws/install/stonefish_bluerov2/share/stonefish_bluerov2//data/blueboat/propeller2.obj
-- Installing: /home/sf_ws/install/stonefish_bluerov2/share/stonefish_bluerov2//data/blueboat/right_back.obj
-- Installing: /home/sf_ws/install/stonefish_bluerov2/share/stonefish_bluerov2//data/blueboat/flag.obj
-- Installing: /home/sf_ws/install/stonefish_bluerov2/share/stonefish_bluerov2//data/blueboat/left_side.obj
-- Installing: /home/sf_ws/install/stonefish_bluerov2/share/stonefish_bluerov2//data/blueboat/propeller2.mtl
-- Installing: /home/sf_ws/install/stonefish_bluerov2/share/stonefish_bluerov2//data/blueboat/metal_left.obj
-- Installing: /home/sf_ws/install/stonefish_bluerov2/share/stonefish_bluerov2//data/blueboat/left_back.obj
-- Installing: /home/sf_ws/install/stonefish_bluerov2/share/stonefish_bluerov2//data/bluerov2
-- Installing: /home/sf_ws/install/stonefish_bluerov2/share/stonefish_bluerov2//data/bluerov2/bluerov2_wings.obj
-- Installing: /home/sf_ws/install/stonefish_bluerov2/share/stonefish_bluerov2//data/bluerov2/ccw.obj
-- Installing: /home/sf_ws/install/stonefish_bluerov2/share/stonefish_bluerov2//data/bluerov2/cw.obj
-- Installing: /home/sf_ws/install/stonefish_bluerov2/share/stonefish_bluerov2//data/bluerov2/bluerov2_phy.obj
-- Installing: /home/sf_ws/install/stonefish_bluerov2/share/stonefish_bluerov2//data/bluerov2/br2.png
-- Installing: /home/sf_ws/install/stonefish_bluerov2/share/stonefish_bluerov2//data/bluerov2/br2.obj
-- Installing: /home/sf_ws/install/stonefish_bluerov2/share/stonefish_bluerov2//data/bluerov2/bluerov2_phy.mtl
-- Installing: /home/sf_ws/install/stonefish_bluerov2/share/stonefish_bluerov2//data/bluerov2/bluerov2.obj
-- Installing: /home/sf_ws/install/stonefish_bluerov2/share/stonefish_bluerov2//data/bluerov2/bluerov2_ring.obj
-- Installing: /home/sf_ws/install/stonefish_bluerov2/share/stonefish_bluerov2//data/flat.obj
-- Installing: /home/sf_ws/install/stonefish_bluerov2/share/stonefish_bluerov2//data/SoilBeach0078_1_350.jpg
-- Installing: /home/sf_ws/install/stonefish_bluerov2/share/stonefish_bluerov2//data/bluerov2_heavy2
-- Installing: /home/sf_ws/install/stonefish_bluerov2/share/stonefish_bluerov2//data/bluerov2_heavy2/right_side.obj
-- Installing: /home/sf_ws/install/stonefish_bluerov2/share/stonefish_bluerov2//data/bluerov2_heavy2/weight_right.obj
-- Installing: /home/sf_ws/install/stonefish_bluerov2/share/stonefish_bluerov2//data/bluerov2_heavy2/right_sideUP.obj
-- Installing: /home/sf_ws/install/stonefish_bluerov2/share/stonefish_bluerov2//data/bluerov2_heavy2/weight_middle_middle.obj
-- Installing: /home/sf_ws/install/stonefish_bluerov2/share/stonefish_bluerov2//data/bluerov2_heavy2/weight_middle_up.obj
-- Installing: /home/sf_ws/install/stonefish_bluerov2/share/stonefish_bluerov2//data/bluerov2_heavy2/duct_right_up_rear.obj
-- Installing: /home/sf_ws/install/stonefish_bluerov2/share/stonefish_bluerov2//data/bluerov2_heavy2/light_right_up.obj
-- Installing: /home/sf_ws/install/stonefish_bluerov2/share/stonefish_bluerov2//data/bluerov2_heavy2/first_cylinder.obj
-- Installing: /home/sf_ws/install/stonefish_bluerov2/share/stonefish_bluerov2//data/bluerov2_heavy2/left_foam.obj
-- Installing: /home/sf_ws/install/stonefish_bluerov2/share/stonefish_bluerov2//data/bluerov2_heavy2/right_foam.obj
-- Installing: /home/sf_ws/install/stonefish_bluerov2/share/stonefish_bluerov2//data/bluerov2_heavy2/light_left_up.obj
-- Installing: /home/sf_ws/install/stonefish_bluerov2/share/stonefish_bluerov2//data/bluerov2_heavy2/weight_left.obj
-- Installing: /home/sf_ws/install/stonefish_bluerov2/share/stonefish_bluerov2//data/bluerov2_heavy2/duct_right_front.obj
-- Installing: /home/sf_ws/install/stonefish_bluerov2/share/stonefish_bluerov2//data/bluerov2_heavy2/second_cylinder.obj
-- Installing: /home/sf_ws/install/stonefish_bluerov2/share/stonefish_bluerov2//data/bluerov2_heavy2/light_left_down.obj
-- Installing: /home/sf_ws/install/stonefish_bluerov2/share/stonefish_bluerov2//data/bluerov2_heavy2/duct_left_front.obj
-- Installing: /home/sf_ws/install/stonefish_bluerov2/share/stonefish_bluerov2//data/bluerov2_heavy2/light_right_down.obj
-- Installing: /home/sf_ws/install/stonefish_bluerov2/share/stonefish_bluerov2//data/bluerov2_heavy2/duct_left_up_rear.obj
-- Installing: /home/sf_ws/install/stonefish_bluerov2/share/stonefish_bluerov2//data/bluerov2_heavy2/duct_right_up_front.obj
-- Installing: /home/sf_ws/install/stonefish_bluerov2/share/stonefish_bluerov2//data/bluerov2_heavy2/base.obj
-- Installing: /home/sf_ws/install/stonefish_bluerov2/share/stonefish_bluerov2//data/bluerov2_heavy2/left_side.obj
-- Installing: /home/sf_ws/install/stonefish_bluerov2/share/stonefish_bluerov2//data/bluerov2_heavy2/duct_left_rear.obj
-- Installing: /home/sf_ws/install/stonefish_bluerov2/share/stonefish_bluerov2//data/bluerov2_heavy2/duct_right_rear.obj
-- Installing: /home/sf_ws/install/stonefish_bluerov2/share/stonefish_bluerov2//data/bluerov2_heavy2/weight_middle_down.obj
-- Installing: /home/sf_ws/install/stonefish_bluerov2/share/stonefish_bluerov2//data/bluerov2_heavy2/Propeller.obj
-- Installing: /home/sf_ws/install/stonefish_bluerov2/share/stonefish_bluerov2//data/bluerov2_heavy2/dome.obj
-- Installing: /home/sf_ws/install/stonefish_bluerov2/share/stonefish_bluerov2//data/bluerov2_heavy2/duct_left_up_front.obj
-- Installing: /home/sf_ws/install/stonefish_bluerov2/share/stonefish_bluerov2//data/bluerov2_heavy2/left_sideUP.obj
-- Installing: /home/sf_ws/install/stonefish_bluerov2/share/stonefish_bluerov2//data/cliff.mtl
-- Installing: /home/sf_ws/install/stonefish_bluerov2/share/stonefish_bluerov2//data/girona500
-- Installing: /home/sf_ws/install/stonefish_bluerov2/share/stonefish_bluerov2//data/girona500/upper_hull_tex.png
-- Installing: /home/sf_ws/install/stonefish_bluerov2/share/stonefish_bluerov2//data/girona500/hull_phy2.obj
-- Installing: /home/sf_ws/install/stonefish_bluerov2/share/stonefish_bluerov2//data/girona500/propeller.obj
-- Installing: /home/sf_ws/install/stonefish_bluerov2/share/stonefish_bluerov2//data/girona500/lower_hull.obj
-- Installing: /home/sf_ws/install/stonefish_bluerov2/share/stonefish_bluerov2//data/girona500/antenna.obj
-- Installing: /home/sf_ws/install/stonefish_bluerov2/share/stonefish_bluerov2//data/girona500/duct.obj
-- Installing: /home/sf_ws/install/stonefish_bluerov2/share/stonefish_bluerov2//data/girona500/tbar_phy.obj
-- Installing: /home/sf_ws/install/stonefish_bluerov2/share/stonefish_bluerov2//data/girona500/tbar_back_tex.png
-- Installing: /home/sf_ws/install/stonefish_bluerov2/share/stonefish_bluerov2//data/girona500/tbar_back.obj
-- Installing: /home/sf_ws/install/stonefish_bluerov2/share/stonefish_bluerov2//data/girona500/duct_tex.png
-- Installing: /home/sf_ws/install/stonefish_bluerov2/share/stonefish_bluerov2//data/girona500/duct_phy.obj
-- Installing: /home/sf_ws/install/stonefish_bluerov2/share/stonefish_bluerov2//data/girona500/hull_phy.obj
-- Installing: /home/sf_ws/install/stonefish_bluerov2/share/stonefish_bluerov2//data/girona500/antenna_phy.obj
-- Installing: /home/sf_ws/install/stonefish_bluerov2/share/stonefish_bluerov2//data/girona500/propeller_ccw.mtl
-- Installing: /home/sf_ws/install/stonefish_bluerov2/share/stonefish_bluerov2//data/girona500/tbar_front.obj
-- Installing: /home/sf_ws/install/stonefish_bluerov2/share/stonefish_bluerov2//data/girona500/tbar_front_tex.png
-- Installing: /home/sf_ws/install/stonefish_bluerov2/share/stonefish_bluerov2//data/girona500/lower_hull_tex.png
-- Installing: /home/sf_ws/install/stonefish_bluerov2/share/stonefish_bluerov2//data/girona500/upper_hull.obj
-- Installing: /home/sf_ws/install/stonefish_bluerov2/share/stonefish_bluerov2//data/girona500/propeller_ccw.obj
-- Installing: /home/sf_ws/install/stonefish_bluerov2/share/stonefish_bluerov2//data/girona500/hull.obj
-- Installing: /home/sf_ws/install/stonefish_bluerov2/share/stonefish_bluerov2//data/girona500/propeller_tex.png
-- Installing: /home/sf_ws/install/stonefish_bluerov2/share/stonefish_bluerov2//data/cliff.jpg
-- Installing: /home/sf_ws/install/stonefish_bluerov2/share/stonefish_bluerov2//data/bluerov2_unphy
-- Installing: /home/sf_ws/install/stonefish_bluerov2/share/stonefish_bluerov2//data/bluerov2_unphy/bluerov2_wings.obj
-- Installing: /home/sf_ws/install/stonefish_bluerov2/share/stonefish_bluerov2//data/bluerov2_unphy/ccw.obj
-- Installing: /home/sf_ws/install/stonefish_bluerov2/share/stonefish_bluerov2//data/bluerov2_unphy/cw.obj
-- Installing: /home/sf_ws/install/stonefish_bluerov2/share/stonefish_bluerov2//data/bluerov2_unphy/bluerov2_phy.obj
-- Installing: /home/sf_ws/install/stonefish_bluerov2/share/stonefish_bluerov2//data/bluerov2_unphy/br2.png
-- Installing: /home/sf_ws/install/stonefish_bluerov2/share/stonefish_bluerov2//data/bluerov2_unphy/br2.obj
-- Installing: /home/sf_ws/install/stonefish_bluerov2/share/stonefish_bluerov2//data/bluerov2_unphy/bluerov2_phy.mtl
-- Installing: /home/sf_ws/install/stonefish_bluerov2/share/stonefish_bluerov2//data/bluerov2_unphy/bluerov2.obj
-- Installing: /home/sf_ws/install/stonefish_bluerov2/share/stonefish_bluerov2//data/bluerov2_unphy/bluerov2_ring.obj
-- Installing: /home/sf_ws/install/stonefish_bluerov2/share/stonefish_bluerov2//data/cliff.obj
-- Installing: /home/sf_ws/install/stonefish_bluerov2/share/stonefish_bluerov2//data/wind_turbine_OffshoreLearningv1.obj
-- Installing: /home/sf_ws/install/stonefish_bluerov2/share/stonefish_bluerov2//data/BaseColor.png
-- Installing: /home/sf_ws/install/stonefish_bluerov2/share/stonefish_bluerov2//data/wavetank.obj
-- Installing: /home/sf_ws/install/stonefish_bluerov2/share/stonefish_bluerov2//data/sonobot
-- Installing: /home/sf_ws/install/stonefish_bluerov2/share/stonefish_bluerov2//data/sonobot/sonobot.png
-- Installing: /home/sf_ws/install/stonefish_bluerov2/share/stonefish_bluerov2//data/sonobot/sonobot_top.obj
-- Installing: /home/sf_ws/install/stonefish_bluerov2/share/stonefish_bluerov2//data/sonobot/sonobot.obj
-- Installing: /home/sf_ws/install/stonefish_bluerov2/share/stonefish_bluerov2//data/opti_blueboat
-- Installing: /home/sf_ws/install/stonefish_bluerov2/share/stonefish_bluerov2//data/opti_blueboat/right_side.obj
-- Installing: /home/sf_ws/install/stonefish_bluerov2/share/stonefish_bluerov2//data/opti_blueboat/left.mtl
-- Installing: /home/sf_ws/install/stonefish_bluerov2/share/stonefish_bluerov2//data/opti_blueboat/rightside_back.mtl
-- Installing: /home/sf_ws/install/stonefish_bluerov2/share/stonefish_bluerov2//data/opti_blueboat/metal_fron.obj
-- Installing: /home/sf_ws/install/stonefish_bluerov2/share/stonefish_bluerov2//data/opti_blueboat/front_metal_or.mtl
-- Installing: /home/sf_ws/install/stonefish_bluerov2/share/stonefish_bluerov2//data/opti_blueboat/metal_rear.mtl
-- Installing: /home/sf_ws/install/stonefish_bluerov2/share/stonefish_bluerov2//data/opti_blueboat/left_side2.mtl
-- Installing: /home/sf_ws/install/stonefish_bluerov2/share/stonefish_bluerov2//data/opti_blueboat/right_side_or.mtl
-- Installing: /home/sf_ws/install/stonefish_bluerov2/share/stonefish_bluerov2//data/opti_blueboat/rightside_F1.obj
-- Installing: /home/sf_ws/install/stonefish_bluerov2/share/stonefish_bluerov2//data/opti_blueboat/rightside_F.mtl
-- Installing: /home/sf_ws/install/stonefish_bluerov2/share/stonefish_bluerov2//data/opti_blueboat/rear_metal.mtl
-- Installing: /home/sf_ws/install/stonefish_bluerov2/share/stonefish_bluerov2//data/opti_blueboat/propeller.obj
-- Installing: /home/sf_ws/install/stonefish_bluerov2/share/stonefish_bluerov2//data/opti_blueboat/metal_front.obj
-- Installing: /home/sf_ws/install/stonefish_bluerov2/share/stonefish_bluerov2//data/opti_blueboat/left_rear_or.obj
-- Installing: /home/sf_ws/install/stonefish_bluerov2/share/stonefish_bluerov2//data/opti_blueboat/right_side.mtl
-- Installing: /home/sf_ws/install/stonefish_bluerov2/share/stonefish_bluerov2//data/opti_blueboat/propeller_cc.obj
-- Installing: /home/sf_ws/install/stonefish_bluerov2/share/stonefish_bluerov2//data/opti_blueboat/metal_fron.mtl
-- Installing: /home/sf_ws/install/stonefish_bluerov2/share/stonefish_bluerov2//data/opti_blueboat/rightside_F.obj
-- Installing: /home/sf_ws/install/stonefish_bluerov2/share/stonefish_bluerov2//data/opti_blueboat/metal_rear.obj
-- Installing: /home/sf_ws/install/stonefish_bluerov2/share/stonefish_bluerov2//data/opti_blueboat/rightside_F1.mtl
-- Installing: /home/sf_ws/install/stonefish_bluerov2/share/stonefish_bluerov2//data/opti_blueboat/left_side2.obj
-- Installing: /home/sf_ws/install/stonefish_bluerov2/share/stonefish_bluerov2//data/opti_blueboat/metal_front.mtl
-- Installing: /home/sf_ws/install/stonefish_bluerov2/share/stonefish_bluerov2//data/opti_blueboat/left_side_or.obj
-- Installing: /home/sf_ws/install/stonefish_bluerov2/share/stonefish_bluerov2//data/opti_blueboat/right_rear_or.obj
-- Installing: /home/sf_ws/install/stonefish_bluerov2/share/stonefish_bluerov2//data/opti_blueboat/metal_rear_tube.mtl
-- Installing: /home/sf_ws/install/stonefish_bluerov2/share/stonefish_bluerov2//data/opti_blueboat/left.obj
-- Installing: /home/sf_ws/install/stonefish_bluerov2/share/stonefish_bluerov2//data/opti_blueboat/metal.obj
-- Installing: /home/sf_ws/install/stonefish_bluerov2/share/stonefish_bluerov2//data/opti_blueboat/front_metal.obj
-- Installing: /home/sf_ws/install/stonefish_bluerov2/share/stonefish_bluerov2//data/opti_blueboat/front_metal_or.obj
-- Installing: /home/sf_ws/install/stonefish_bluerov2/share/stonefish_bluerov2//data/opti_blueboat/propeller2.obj
-- Installing: /home/sf_ws/install/stonefish_bluerov2/share/stonefish_bluerov2//data/opti_blueboat/rear_metal.obj
-- Installing: /home/sf_ws/install/stonefish_bluerov2/share/stonefish_bluerov2//data/opti_blueboat/left_side.obj
-- Installing: /home/sf_ws/install/stonefish_bluerov2/share/stonefish_bluerov2//data/opti_blueboat/left_rear_or.mtl
-- Installing: /home/sf_ws/install/stonefish_bluerov2/share/stonefish_bluerov2//data/opti_blueboat/leftside_F.obj
-- Installing: /home/sf_ws/install/stonefish_bluerov2/share/stonefish_bluerov2//data/opti_blueboat/leftside_F.mtl
-- Installing: /home/sf_ws/install/stonefish_bluerov2/share/stonefish_bluerov2//data/opti_blueboat/metal.mtl
-- Installing: /home/sf_ws/install/stonefish_bluerov2/share/stonefish_bluerov2//data/opti_blueboat/metal_rear_tube.obj
-- Installing: /home/sf_ws/install/stonefish_bluerov2/share/stonefish_bluerov2//data/opti_blueboat/left_side.mtl
-- Installing: /home/sf_ws/install/stonefish_bluerov2/share/stonefish_bluerov2//data/opti_blueboat/leftside_back.mtl
-- Installing: /home/sf_ws/install/stonefish_bluerov2/share/stonefish_bluerov2//data/opti_blueboat/rightside_back.obj
-- Installing: /home/sf_ws/install/stonefish_bluerov2/share/stonefish_bluerov2//data/opti_blueboat/leftside_F1.mtl
-- Installing: /home/sf_ws/install/stonefish_bluerov2/share/stonefish_bluerov2//data/opti_blueboat/left_side_or.mtl
-- Installing: /home/sf_ws/install/stonefish_bluerov2/share/stonefish_bluerov2//data/opti_blueboat/leftside_back.obj
-- Installing: /home/sf_ws/install/stonefish_bluerov2/share/stonefish_bluerov2//data/opti_blueboat/leftside_F1.obj
-- Installing: /home/sf_ws/install/stonefish_bluerov2/share/stonefish_bluerov2//data/opti_blueboat/right_side_or.obj
-- Installing: /home/sf_ws/install/stonefish_bluerov2/share/stonefish_bluerov2//data/opti_blueboat/right_rear_or.mtl
-- Installing: /home/sf_ws/install/stonefish_bluerov2/share/stonefish_bluerov2//data/opti_blueboat/front_metal.mtl
-- Installing: /home/sf_ws/install/stonefish_bluerov2/share/stonefish_bluerov2//data/seabed.obj
-- Installing: /home/sf_ws/install/stonefish_bluerov2/share/stonefish_bluerov2//data/wavetank_floor.obj
-- Installing: /home/sf_ws/install/stonefish_bluerov2/share/ament_index/resource_index/package_run_dependencies/stonefish_bluerov2
-- Installing: /home/sf_ws/install/stonefish_bluerov2/share/ament_index/resource_index/parent_prefix_path/stonefish_bluerov2
-- Installing: /home/sf_ws/install/stonefish_bluerov2/share/stonefish_bluerov2/environment/ament_prefix_path.sh
-- Installing: /home/sf_ws/install/stonefish_bluerov2/share/stonefish_bluerov2/environment/ament_prefix_path.dsv
-- Installing: /home/sf_ws/install/stonefish_bluerov2/share/stonefish_bluerov2/environment/path.sh
-- Installing: /home/sf_ws/install/stonefish_bluerov2/share/stonefish_bluerov2/environment/path.dsv
-- Installing: /home/sf_ws/install/stonefish_bluerov2/share/stonefish_bluerov2/local_setup.bash
-- Installing: /home/sf_ws/install/stonefish_bluerov2/share/stonefish_bluerov2/local_setup.sh
-- Installing: /home/sf_ws/install/stonefish_bluerov2/share/stonefish_bluerov2/local_setup.zsh
-- Installing: /home/sf_ws/install/stonefish_bluerov2/share/stonefish_bluerov2/local_setup.dsv
-- Installing: /home/sf_ws/install/stonefish_bluerov2/share/stonefish_bluerov2/package.dsv
-- Installing: /home/sf_ws/install/stonefish_bluerov2/share/ament_index/resource_index/packages/stonefish_bluerov2
-- Installing: /home/sf_ws/install/stonefish_bluerov2/share/stonefish_bluerov2/cmake/stonefish_bluerov2Config.cmake
-- Installing: /home/sf_ws/install/stonefish_bluerov2/share/stonefish_bluerov2/cmake/stonefish_bluerov2Config-version.cmake
-- Installing: /home/sf_ws/install/stonefish_bluerov2/share/stonefish_bluerov2/package.xml
