[0.007s] Invoking command in '/home/sf_ws/build/stonefish_bluerov2': CMAKE_PREFIX_PATH=/opt/ros/humble:${CMAKE_PREFIX_PATH} /usr/bin/cmake /home/sf_ws/src/stonefish_bluerov2 -DCMAKE_INSTALL_PREFIX=/home/sf_ws/install/stonefish_bluerov2
[0.038s] -- The C compiler identification is GNU 11.4.0
[0.076s] -- The CXX compiler identification is GNU 11.4.0
[0.080s] -- Detecting C compiler ABI info
[0.117s] -- Detecting C compiler ABI info - done
[0.123s] -- Check for working C compiler: /usr/bin/cc - skipped
[0.123s] -- Detecting C compile features
[0.123s] -- Detecting C compile features - done
[0.125s] -- Detecting CXX compiler ABI info
[0.171s] -- Detecting CXX compiler ABI info - done
[0.175s] -- Check for working CXX compiler: /usr/bin/c++ - skipped
[0.175s] -- Detecting CXX compile features
[0.175s] -- Detecting CXX compile features - done
[0.176s] -- Found ament_cmake: 1.3.10 (/opt/ros/humble/share/ament_cmake/cmake)
[0.267s] -- Found Python3: /usr/bin/python3 (found version "3.10.12") found components: Interpreter 
[0.311s] -- Found rclcpp: 16.0.10 (/opt/ros/humble/share/rclcpp/cmake)
[0.345s] -- Found rosidl_generator_c: 3.1.5 (/opt/ros/humble/share/rosidl_generator_c/cmake)
[0.350s] -- Found rosidl_adapter: 3.1.5 (/opt/ros/humble/share/rosidl_adapter/cmake)
[0.352s] -- Found rosidl_generator_cpp: 3.1.5 (/opt/ros/humble/share/rosidl_generator_cpp/cmake)
[0.353s] -- Using all available rosidl_typesupport_c: rosidl_typesupport_fastrtps_c;rosidl_typesupport_introspection_c
[0.362s] -- Using all available rosidl_typesupport_cpp: rosidl_typesupport_fastrtps_cpp;rosidl_typesupport_introspection_cpp
[0.383s] -- Found rmw_implementation_cmake: 6.1.2 (/opt/ros/humble/share/rmw_implementation_cmake/cmake)
[0.384s] -- Found rmw_fastrtps_cpp: 6.2.7 (/opt/ros/humble/share/rmw_fastrtps_cpp/cmake)
[0.434s] -- Found OpenSSL: /usr/lib/x86_64-linux-gnu/libcrypto.so (found version "3.0.2")  
[0.448s] -- Found FastRTPS: /opt/ros/humble/include  
[0.477s] -- Using RMW implementation 'rmw_fastrtps_cpp' as default
[0.485s] -- Looking for pthread.h
[0.529s] -- Looking for pthread.h - found
[0.529s] -- Performing Test CMAKE_HAVE_LIBC_PTHREAD
[0.568s] -- Performing Test CMAKE_HAVE_LIBC_PTHREAD - Success
[0.568s] -- Found Threads: TRUE  
[0.593s] -- Found rclpy: 3.3.14 (/opt/ros/humble/share/rclpy/cmake)
[0.658s] -- Configuring done
[0.660s] -- Generating done
[0.661s] -- Build files have been written to: /home/sf_ws/build/stonefish_bluerov2
[0.664s] Invoked command in '/home/sf_ws/build/stonefish_bluerov2' returned '0': CMAKE_PREFIX_PATH=/opt/ros/humble:${CMAKE_PREFIX_PATH} /usr/bin/cmake /home/sf_ws/src/stonefish_bluerov2 -DCMAKE_INSTALL_PREFIX=/home/sf_ws/install/stonefish_bluerov2
[0.665s] Invoking command in '/home/sf_ws/build/stonefish_bluerov2': CMAKE_PREFIX_PATH=/opt/ros/humble:${CMAKE_PREFIX_PATH} /usr/bin/cmake --build /home/sf_ws/build/stonefish_bluerov2 -- -j32 -l32
[0.698s] Built target ament_cmake_python_copy_stonefish_bluerov2
[0.790s] running egg_info
[0.791s] creating stonefish_bluerov2.egg-info
[0.791s] writing stonefish_bluerov2.egg-info/PKG-INFO
[0.791s] writing dependency_links to stonefish_bluerov2.egg-info/dependency_links.txt
[0.791s] writing top-level names to stonefish_bluerov2.egg-info/top_level.txt
[0.791s] writing manifest file 'stonefish_bluerov2.egg-info/SOURCES.txt'
[0.792s] reading manifest file 'stonefish_bluerov2.egg-info/SOURCES.txt'
[0.792s] writing manifest file 'stonefish_bluerov2.egg-info/SOURCES.txt'
[0.805s] Built target ament_cmake_python_build_stonefish_bluerov2_egg
[0.811s] Invoked command in '/home/sf_ws/build/stonefish_bluerov2' returned '0': CMAKE_PREFIX_PATH=/opt/ros/humble:${CMAKE_PREFIX_PATH} /usr/bin/cmake --build /home/sf_ws/build/stonefish_bluerov2 -- -j32 -l32
[0.822s] Invoking command in '/home/sf_ws/build/stonefish_bluerov2': CMAKE_PREFIX_PATH=/opt/ros/humble:${CMAKE_PREFIX_PATH} /usr/bin/cmake --install /home/sf_ws/build/stonefish_bluerov2
[0.825s] -- Install configuration: ""
[0.825s] -- Installing: /home/sf_ws/install/stonefish_bluerov2/share/stonefish_bluerov2/environment/pythonpath.sh
[0.825s] -- Installing: /home/sf_ws/install/stonefish_bluerov2/share/stonefish_bluerov2/environment/pythonpath.dsv
[0.825s] -- Installing: /home/sf_ws/install/stonefish_bluerov2/local/lib/python3.10/dist-packages/stonefish_bluerov2-0.0.0-py3.10.egg-info
[0.825s] -- Installing: /home/sf_ws/install/stonefish_bluerov2/local/lib/python3.10/dist-packages/stonefish_bluerov2-0.0.0-py3.10.egg-info/SOURCES.txt
[0.825s] -- Installing: /home/sf_ws/install/stonefish_bluerov2/local/lib/python3.10/dist-packages/stonefish_bluerov2-0.0.0-py3.10.egg-info/top_level.txt
[0.825s] -- Installing: /home/sf_ws/install/stonefish_bluerov2/local/lib/python3.10/dist-packages/stonefish_bluerov2-0.0.0-py3.10.egg-info/PKG-INFO
[0.825s] -- Installing: /home/sf_ws/install/stonefish_bluerov2/local/lib/python3.10/dist-packages/stonefish_bluerov2-0.0.0-py3.10.egg-info/dependency_links.txt
[0.825s] -- Installing: /home/sf_ws/install/stonefish_bluerov2/local/lib/python3.10/dist-packages/stonefish_bluerov2
[0.825s] -- Installing: /home/sf_ws/install/stonefish_bluerov2/local/lib/python3.10/dist-packages/stonefish_bluerov2/__init__.py
[0.839s] Listing '/home/sf_ws/install/stonefish_bluerov2/local/lib/python3.10/dist-packages/stonefish_bluerov2'...
[0.839s] Compiling '/home/sf_ws/install/stonefish_bluerov2/local/lib/python3.10/dist-packages/stonefish_bluerov2/__init__.py'...
[0.841s] -- Installing: /home/sf_ws/install/stonefish_bluerov2/lib/stonefish_bluerov2/ardusim_patch.py
[0.841s] -- Installing: /home/sf_ws/install/stonefish_bluerov2/lib/stonefish_bluerov2/ardusim_patch_boat.py
[0.841s] -- Installing: /home/sf_ws/install/stonefish_bluerov2/share/stonefish_bluerov2//launch
[0.841s] -- Installing: /home/sf_ws/install/stonefish_bluerov2/share/stonefish_bluerov2//launch/bluerov2_sim.launch.py
[0.841s] -- Installing: /home/sf_ws/install/stonefish_bluerov2/share/stonefish_bluerov2//launch/bluerov2_sim_ros2_interface.launch.py
[0.841s] -- Installing: /home/sf_ws/install/stonefish_bluerov2/share/stonefish_bluerov2//launch/blueboat_sim.launch.py
[0.841s] -- Installing: /home/sf_ws/install/stonefish_bluerov2/share/stonefish_bluerov2//scenarios
[0.841s] -- Installing: /home/sf_ws/install/stonefish_bluerov2/share/stonefish_bluerov2//scenarios/blueboat_sea.scn
[0.841s] -- Installing: /home/sf_ws/install/stonefish_bluerov2/share/stonefish_bluerov2//scenarios/blueboat.scn
[0.841s] -- Installing: /home/sf_ws/install/stonefish_bluerov2/share/stonefish_bluerov2//scenarios/bluerov2_manip copy.scn
[0.842s] -- Installing: /home/sf_ws/install/stonefish_bluerov2/share/stonefish_bluerov2//scenarios/bluerov2_tank.scn
[0.842s] -- Installing: /home/sf_ws/install/stonefish_bluerov2/share/stonefish_bluerov2//scenarios/bluerov2_unphy_alpha_tank.scn
[0.842s] -- Installing: /home/sf_ws/install/stonefish_bluerov2/share/stonefish_bluerov2//scenarios/sonobot copy.scn
[0.842s] -- Installing: /home/sf_ws/install/stonefish_bluerov2/share/stonefish_bluerov2//scenarios/bluerov2_unphy_alpha.scn
[0.842s] -- Installing: /home/sf_ws/install/stonefish_bluerov2/share/stonefish_bluerov2//scenarios/bluerov2_manip_sea.scn
[0.842s] -- Installing: /home/sf_ws/install/stonefish_bluerov2/share/stonefish_bluerov2//scenarios/bluerov2.scn
[0.842s] -- Installing: /home/sf_ws/install/stonefish_bluerov2/share/stonefish_bluerov2//scenarios/blueboat copy.scn
[0.842s] -- Installing: /home/sf_ws/install/stonefish_bluerov2/share/stonefish_bluerov2//scenarios/sonobot.scn
[0.842s] -- Installing: /home/sf_ws/install/stonefish_bluerov2/share/stonefish_bluerov2//scenarios/bluerov2_manip.scn
[0.842s] -- Installing: /home/sf_ws/install/stonefish_bluerov2/share/stonefish_bluerov2//scenarios/bluerov2_ros2_interface.scn
[0.842s] -- Installing: /home/sf_ws/install/stonefish_bluerov2/share/stonefish_bluerov2//scenarios/bluerov2_tank_ros2_interface.scn
[0.842s] -- Installing: /home/sf_ws/install/stonefish_bluerov2/share/stonefish_bluerov2//scenarios/bluerov2_manip_tank.scn
[0.842s] -- Installing: /home/sf_ws/install/stonefish_bluerov2/share/stonefish_bluerov2//data
[0.842s] -- Installing: /home/sf_ws/install/stonefish_bluerov2/share/stonefish_bluerov2//data/seabed.mtl
[0.842s] -- Installing: /home/sf_ws/install/stonefish_bluerov2/share/stonefish_bluerov2//data/wind_turbine
[0.842s] -- Installing: /home/sf_ws/install/stonefish_bluerov2/share/stonefish_bluerov2//data/wind_turbine/wind_turbine_OffshoreLearningv1.obj
[0.845s] -- Installing: /home/sf_ws/install/stonefish_bluerov2/share/stonefish_bluerov2//data/wind_turbine/BaseColor.png
[0.845s] -- Installing: /home/sf_ws/install/stonefish_bluerov2/share/stonefish_bluerov2//data/flat.mtl
[0.845s] -- Installing: /home/sf_ws/install/stonefish_bluerov2/share/stonefish_bluerov2//data/blueboat
[0.845s] -- Installing: /home/sf_ws/install/stonefish_bluerov2/share/stonefish_bluerov2//data/blueboat/right_side.obj
[0.845s] -- Installing: /home/sf_ws/install/stonefish_bluerov2/share/stonefish_bluerov2//data/blueboat/metal_left_down.obj
[0.846s] -- Installing: /home/sf_ws/install/stonefish_bluerov2/share/stonefish_bluerov2//data/blueboat/propeller.obj
[0.846s] -- Installing: /home/sf_ws/install/stonefish_bluerov2/share/stonefish_bluerov2//data/blueboat/untitled.obj
[0.846s] -- Installing: /home/sf_ws/install/stonefish_bluerov2/share/stonefish_bluerov2//data/blueboat/metal_front.obj
[0.847s] -- Installing: /home/sf_ws/install/stonefish_bluerov2/share/stonefish_bluerov2//data/blueboat/propeller_cc.mtl
[0.847s] -- Installing: /home/sf_ws/install/stonefish_bluerov2/share/stonefish_bluerov2//data/blueboat/propeller_right.obj
[0.847s] -- Installing: /home/sf_ws/install/stonefish_bluerov2/share/stonefish_bluerov2//data/blueboat/propeller_cc.obj
[0.847s] -- Installing: /home/sf_ws/install/stonefish_bluerov2/share/stonefish_bluerov2//data/blueboat/propeller_left.obj
[0.847s] -- Installing: /home/sf_ws/install/stonefish_bluerov2/share/stonefish_bluerov2//data/blueboat/metal_left_up.obj
[0.848s] -- Installing: /home/sf_ws/install/stonefish_bluerov2/share/stonefish_bluerov2//data/blueboat/metal_right_down.obj
[0.848s] -- Installing: /home/sf_ws/install/stonefish_bluerov2/share/stonefish_bluerov2//data/blueboat/metal_rear.obj
[0.849s] -- Installing: /home/sf_ws/install/stonefish_bluerov2/share/stonefish_bluerov2//data/blueboat/metal_right_up.obj
[0.850s] -- Installing: /home/sf_ws/install/stonefish_bluerov2/share/stonefish_bluerov2//data/blueboat/propeller2.obj
[0.850s] -- Installing: /home/sf_ws/install/stonefish_bluerov2/share/stonefish_bluerov2//data/blueboat/right_back.obj
[0.850s] -- Installing: /home/sf_ws/install/stonefish_bluerov2/share/stonefish_bluerov2//data/blueboat/flag.obj
[0.850s] -- Installing: /home/sf_ws/install/stonefish_bluerov2/share/stonefish_bluerov2//data/blueboat/left_side.obj
[0.850s] -- Installing: /home/sf_ws/install/stonefish_bluerov2/share/stonefish_bluerov2//data/blueboat/propeller2.mtl
[0.850s] -- Installing: /home/sf_ws/install/stonefish_bluerov2/share/stonefish_bluerov2//data/blueboat/metal_left.obj
[0.864s] -- Installing: /home/sf_ws/install/stonefish_bluerov2/share/stonefish_bluerov2//data/blueboat/left_back.obj
[0.865s] -- Installing: /home/sf_ws/install/stonefish_bluerov2/share/stonefish_bluerov2//data/bluerov2
[0.865s] -- Installing: /home/sf_ws/install/stonefish_bluerov2/share/stonefish_bluerov2//data/bluerov2/bluerov2_wings.obj
[0.867s] -- Installing: /home/sf_ws/install/stonefish_bluerov2/share/stonefish_bluerov2//data/bluerov2/ccw.obj
[0.867s] -- Installing: /home/sf_ws/install/stonefish_bluerov2/share/stonefish_bluerov2//data/bluerov2/cw.obj
[0.867s] -- Installing: /home/sf_ws/install/stonefish_bluerov2/share/stonefish_bluerov2//data/bluerov2/bluerov2_phy.obj
[0.867s] -- Installing: /home/sf_ws/install/stonefish_bluerov2/share/stonefish_bluerov2//data/bluerov2/br2.png
[0.868s] -- Installing: /home/sf_ws/install/stonefish_bluerov2/share/stonefish_bluerov2//data/bluerov2/br2.obj
[0.870s] -- Installing: /home/sf_ws/install/stonefish_bluerov2/share/stonefish_bluerov2//data/bluerov2/bluerov2_phy.mtl
[0.870s] -- Installing: /home/sf_ws/install/stonefish_bluerov2/share/stonefish_bluerov2//data/bluerov2/bluerov2.obj
[0.874s] -- Installing: /home/sf_ws/install/stonefish_bluerov2/share/stonefish_bluerov2//data/bluerov2/bluerov2_ring.obj
[0.874s] -- Installing: /home/sf_ws/install/stonefish_bluerov2/share/stonefish_bluerov2//data/flat.obj
[0.874s] -- Installing: /home/sf_ws/install/stonefish_bluerov2/share/stonefish_bluerov2//data/SoilBeach0078_1_350.jpg
[0.874s] -- Installing: /home/sf_ws/install/stonefish_bluerov2/share/stonefish_bluerov2//data/bluerov2_heavy2
[0.874s] -- Installing: /home/sf_ws/install/stonefish_bluerov2/share/stonefish_bluerov2//data/bluerov2_heavy2/right_side.obj
[0.875s] -- Installing: /home/sf_ws/install/stonefish_bluerov2/share/stonefish_bluerov2//data/bluerov2_heavy2/weight_right.obj
[0.875s] -- Installing: /home/sf_ws/install/stonefish_bluerov2/share/stonefish_bluerov2//data/bluerov2_heavy2/right_sideUP.obj
[0.875s] -- Installing: /home/sf_ws/install/stonefish_bluerov2/share/stonefish_bluerov2//data/bluerov2_heavy2/weight_middle_middle.obj
[0.875s] -- Installing: /home/sf_ws/install/stonefish_bluerov2/share/stonefish_bluerov2//data/bluerov2_heavy2/weight_middle_up.obj
[0.875s] -- Installing: /home/sf_ws/install/stonefish_bluerov2/share/stonefish_bluerov2//data/bluerov2_heavy2/duct_right_up_rear.obj
[0.875s] -- Installing: /home/sf_ws/install/stonefish_bluerov2/share/stonefish_bluerov2//data/bluerov2_heavy2/light_right_up.obj
[0.875s] -- Installing: /home/sf_ws/install/stonefish_bluerov2/share/stonefish_bluerov2//data/bluerov2_heavy2/first_cylinder.obj
[0.875s] -- Installing: /home/sf_ws/install/stonefish_bluerov2/share/stonefish_bluerov2//data/bluerov2_heavy2/left_foam.obj
[0.875s] -- Installing: /home/sf_ws/install/stonefish_bluerov2/share/stonefish_bluerov2//data/bluerov2_heavy2/right_foam.obj
[0.875s] -- Installing: /home/sf_ws/install/stonefish_bluerov2/share/stonefish_bluerov2//data/bluerov2_heavy2/light_left_up.obj
[0.875s] -- Installing: /home/sf_ws/install/stonefish_bluerov2/share/stonefish_bluerov2//data/bluerov2_heavy2/weight_left.obj
[0.875s] -- Installing: /home/sf_ws/install/stonefish_bluerov2/share/stonefish_bluerov2//data/bluerov2_heavy2/duct_right_front.obj
[0.875s] -- Installing: /home/sf_ws/install/stonefish_bluerov2/share/stonefish_bluerov2//data/bluerov2_heavy2/second_cylinder.obj
[0.875s] -- Installing: /home/sf_ws/install/stonefish_bluerov2/share/stonefish_bluerov2//data/bluerov2_heavy2/light_left_down.obj
[0.875s] -- Installing: /home/sf_ws/install/stonefish_bluerov2/share/stonefish_bluerov2//data/bluerov2_heavy2/duct_left_front.obj
[0.875s] -- Installing: /home/sf_ws/install/stonefish_bluerov2/share/stonefish_bluerov2//data/bluerov2_heavy2/light_right_down.obj
[0.875s] -- Installing: /home/sf_ws/install/stonefish_bluerov2/share/stonefish_bluerov2//data/bluerov2_heavy2/duct_left_up_rear.obj
[0.876s] -- Installing: /home/sf_ws/install/stonefish_bluerov2/share/stonefish_bluerov2//data/bluerov2_heavy2/duct_right_up_front.obj
[0.876s] -- Installing: /home/sf_ws/install/stonefish_bluerov2/share/stonefish_bluerov2//data/bluerov2_heavy2/base.obj
[0.876s] -- Installing: /home/sf_ws/install/stonefish_bluerov2/share/stonefish_bluerov2//data/bluerov2_heavy2/left_side.obj
[0.876s] -- Installing: /home/sf_ws/install/stonefish_bluerov2/share/stonefish_bluerov2//data/bluerov2_heavy2/duct_left_rear.obj
[0.876s] -- Installing: /home/sf_ws/install/stonefish_bluerov2/share/stonefish_bluerov2//data/bluerov2_heavy2/duct_right_rear.obj
[0.876s] -- Installing: /home/sf_ws/install/stonefish_bluerov2/share/stonefish_bluerov2//data/bluerov2_heavy2/weight_middle_down.obj
[0.876s] -- Installing: /home/sf_ws/install/stonefish_bluerov2/share/stonefish_bluerov2//data/bluerov2_heavy2/Propeller.obj
[0.876s] -- Installing: /home/sf_ws/install/stonefish_bluerov2/share/stonefish_bluerov2//data/bluerov2_heavy2/dome.obj
[0.876s] -- Installing: /home/sf_ws/install/stonefish_bluerov2/share/stonefish_bluerov2//data/bluerov2_heavy2/duct_left_up_front.obj
[0.876s] -- Installing: /home/sf_ws/install/stonefish_bluerov2/share/stonefish_bluerov2//data/bluerov2_heavy2/left_sideUP.obj
[0.876s] -- Installing: /home/sf_ws/install/stonefish_bluerov2/share/stonefish_bluerov2//data/cliff.mtl
[0.876s] -- Installing: /home/sf_ws/install/stonefish_bluerov2/share/stonefish_bluerov2//data/girona500
[0.876s] -- Installing: /home/sf_ws/install/stonefish_bluerov2/share/stonefish_bluerov2//data/girona500/upper_hull_tex.png
[0.876s] -- Installing: /home/sf_ws/install/stonefish_bluerov2/share/stonefish_bluerov2//data/girona500/hull_phy2.obj
[0.876s] -- Installing: /home/sf_ws/install/stonefish_bluerov2/share/stonefish_bluerov2//data/girona500/propeller.obj
[0.877s] -- Installing: /home/sf_ws/install/stonefish_bluerov2/share/stonefish_bluerov2//data/girona500/lower_hull.obj
[0.877s] -- Installing: /home/sf_ws/install/stonefish_bluerov2/share/stonefish_bluerov2//data/girona500/antenna.obj
[0.877s] -- Installing: /home/sf_ws/install/stonefish_bluerov2/share/stonefish_bluerov2//data/girona500/duct.obj
[0.877s] -- Installing: /home/sf_ws/install/stonefish_bluerov2/share/stonefish_bluerov2//data/girona500/tbar_phy.obj
[0.877s] -- Installing: /home/sf_ws/install/stonefish_bluerov2/share/stonefish_bluerov2//data/girona500/tbar_back_tex.png
[0.877s] -- Installing: /home/sf_ws/install/stonefish_bluerov2/share/stonefish_bluerov2//data/girona500/tbar_back.obj
[0.877s] -- Installing: /home/sf_ws/install/stonefish_bluerov2/share/stonefish_bluerov2//data/girona500/duct_tex.png
[0.877s] -- Installing: /home/sf_ws/install/stonefish_bluerov2/share/stonefish_bluerov2//data/girona500/duct_phy.obj
[0.877s] -- Installing: /home/sf_ws/install/stonefish_bluerov2/share/stonefish_bluerov2//data/girona500/hull_phy.obj
[0.877s] -- Installing: /home/sf_ws/install/stonefish_bluerov2/share/stonefish_bluerov2//data/girona500/antenna_phy.obj
[0.877s] -- Installing: /home/sf_ws/install/stonefish_bluerov2/share/stonefish_bluerov2//data/girona500/propeller_ccw.mtl
[0.878s] -- Installing: /home/sf_ws/install/stonefish_bluerov2/share/stonefish_bluerov2//data/girona500/tbar_front.obj
[0.878s] -- Installing: /home/sf_ws/install/stonefish_bluerov2/share/stonefish_bluerov2//data/girona500/tbar_front_tex.png
[0.878s] -- Installing: /home/sf_ws/install/stonefish_bluerov2/share/stonefish_bluerov2//data/girona500/lower_hull_tex.png
[0.878s] -- Installing: /home/sf_ws/install/stonefish_bluerov2/share/stonefish_bluerov2//data/girona500/upper_hull.obj
[0.878s] -- Installing: /home/sf_ws/install/stonefish_bluerov2/share/stonefish_bluerov2//data/girona500/propeller_ccw.obj
[0.878s] -- Installing: /home/sf_ws/install/stonefish_bluerov2/share/stonefish_bluerov2//data/girona500/hull.obj
[0.878s] -- Installing: /home/sf_ws/install/stonefish_bluerov2/share/stonefish_bluerov2//data/girona500/propeller_tex.png
[0.879s] -- Installing: /home/sf_ws/install/stonefish_bluerov2/share/stonefish_bluerov2//data/cliff.jpg
[0.889s] -- Installing: /home/sf_ws/install/stonefish_bluerov2/share/stonefish_bluerov2//data/bluerov2_unphy
[0.889s] -- Installing: /home/sf_ws/install/stonefish_bluerov2/share/stonefish_bluerov2//data/bluerov2_unphy/bluerov2_wings.obj
[0.891s] -- Installing: /home/sf_ws/install/stonefish_bluerov2/share/stonefish_bluerov2//data/bluerov2_unphy/ccw.obj
[0.891s] -- Installing: /home/sf_ws/install/stonefish_bluerov2/share/stonefish_bluerov2//data/bluerov2_unphy/cw.obj
[0.891s] -- Installing: /home/sf_ws/install/stonefish_bluerov2/share/stonefish_bluerov2//data/bluerov2_unphy/bluerov2_phy.obj
[0.891s] -- Installing: /home/sf_ws/install/stonefish_bluerov2/share/stonefish_bluerov2//data/bluerov2_unphy/br2.png
[0.891s] -- Installing: /home/sf_ws/install/stonefish_bluerov2/share/stonefish_bluerov2//data/bluerov2_unphy/br2.obj
[0.891s] -- Installing: /home/sf_ws/install/stonefish_bluerov2/share/stonefish_bluerov2//data/bluerov2_unphy/bluerov2_phy.mtl
[0.891s] -- Installing: /home/sf_ws/install/stonefish_bluerov2/share/stonefish_bluerov2//data/bluerov2_unphy/bluerov2.obj
[0.891s] -- Installing: /home/sf_ws/install/stonefish_bluerov2/share/stonefish_bluerov2//data/bluerov2_unphy/bluerov2_ring.obj
[0.891s] -- Installing: /home/sf_ws/install/stonefish_bluerov2/share/stonefish_bluerov2//data/cliff.obj
[0.894s] -- Installing: /home/sf_ws/install/stonefish_bluerov2/share/stonefish_bluerov2//data/wind_turbine_OffshoreLearningv1.obj
[0.898s] -- Installing: /home/sf_ws/install/stonefish_bluerov2/share/stonefish_bluerov2//data/BaseColor.png
[0.898s] -- Installing: /home/sf_ws/install/stonefish_bluerov2/share/stonefish_bluerov2//data/wavetank.obj
[0.898s] -- Installing: /home/sf_ws/install/stonefish_bluerov2/share/stonefish_bluerov2//data/sonobot
[0.898s] -- Installing: /home/sf_ws/install/stonefish_bluerov2/share/stonefish_bluerov2//data/sonobot/sonobot.png
[0.898s] -- Installing: /home/sf_ws/install/stonefish_bluerov2/share/stonefish_bluerov2//data/sonobot/sonobot_top.obj
[0.898s] -- Installing: /home/sf_ws/install/stonefish_bluerov2/share/stonefish_bluerov2//data/sonobot/sonobot.obj
[0.898s] -- Installing: /home/sf_ws/install/stonefish_bluerov2/share/stonefish_bluerov2//data/opti_blueboat
[0.898s] -- Installing: /home/sf_ws/install/stonefish_bluerov2/share/stonefish_bluerov2//data/opti_blueboat/right_side.obj
[0.899s] -- Installing: /home/sf_ws/install/stonefish_bluerov2/share/stonefish_bluerov2//data/opti_blueboat/left.mtl
[0.899s] -- Installing: /home/sf_ws/install/stonefish_bluerov2/share/stonefish_bluerov2//data/opti_blueboat/rightside_back.mtl
[0.899s] -- Installing: /home/sf_ws/install/stonefish_bluerov2/share/stonefish_bluerov2//data/opti_blueboat/metal_fron.obj
[0.899s] -- Installing: /home/sf_ws/install/stonefish_bluerov2/share/stonefish_bluerov2//data/opti_blueboat/front_metal_or.mtl
[0.899s] -- Installing: /home/sf_ws/install/stonefish_bluerov2/share/stonefish_bluerov2//data/opti_blueboat/metal_rear.mtl
[0.899s] -- Installing: /home/sf_ws/install/stonefish_bluerov2/share/stonefish_bluerov2//data/opti_blueboat/left_side2.mtl
[0.899s] -- Installing: /home/sf_ws/install/stonefish_bluerov2/share/stonefish_bluerov2//data/opti_blueboat/right_side_or.mtl
[0.899s] -- Installing: /home/sf_ws/install/stonefish_bluerov2/share/stonefish_bluerov2//data/opti_blueboat/rightside_F1.obj
[0.899s] -- Installing: /home/sf_ws/install/stonefish_bluerov2/share/stonefish_bluerov2//data/opti_blueboat/rightside_F.mtl
[0.899s] -- Installing: /home/sf_ws/install/stonefish_bluerov2/share/stonefish_bluerov2//data/opti_blueboat/rear_metal.mtl
[0.899s] -- Installing: /home/sf_ws/install/stonefish_bluerov2/share/stonefish_bluerov2//data/opti_blueboat/propeller.obj
[0.899s] -- Installing: /home/sf_ws/install/stonefish_bluerov2/share/stonefish_bluerov2//data/opti_blueboat/metal_front.obj
[0.899s] -- Installing: /home/sf_ws/install/stonefish_bluerov2/share/stonefish_bluerov2//data/opti_blueboat/left_rear_or.obj
[0.899s] -- Installing: /home/sf_ws/install/stonefish_bluerov2/share/stonefish_bluerov2//data/opti_blueboat/right_side.mtl
[0.899s] -- Installing: /home/sf_ws/install/stonefish_bluerov2/share/stonefish_bluerov2//data/opti_blueboat/propeller_cc.obj
[0.899s] -- Installing: /home/sf_ws/install/stonefish_bluerov2/share/stonefish_bluerov2//data/opti_blueboat/metal_fron.mtl
[0.899s] -- Installing: /home/sf_ws/install/stonefish_bluerov2/share/stonefish_bluerov2//data/opti_blueboat/rightside_F.obj
[0.899s] -- Installing: /home/sf_ws/install/stonefish_bluerov2/share/stonefish_bluerov2//data/opti_blueboat/metal_rear.obj
[0.899s] -- Installing: /home/sf_ws/install/stonefish_bluerov2/share/stonefish_bluerov2//data/opti_blueboat/rightside_F1.mtl
[0.899s] -- Installing: /home/sf_ws/install/stonefish_bluerov2/share/stonefish_bluerov2//data/opti_blueboat/left_side2.obj
[0.900s] -- Installing: /home/sf_ws/install/stonefish_bluerov2/share/stonefish_bluerov2//data/opti_blueboat/metal_front.mtl
[0.900s] -- Installing: /home/sf_ws/install/stonefish_bluerov2/share/stonefish_bluerov2//data/opti_blueboat/left_side_or.obj
[0.900s] -- Installing: /home/sf_ws/install/stonefish_bluerov2/share/stonefish_bluerov2//data/opti_blueboat/right_rear_or.obj
[0.900s] -- Installing: /home/sf_ws/install/stonefish_bluerov2/share/stonefish_bluerov2//data/opti_blueboat/metal_rear_tube.mtl
[0.900s] -- Installing: /home/sf_ws/install/stonefish_bluerov2/share/stonefish_bluerov2//data/opti_blueboat/left.obj
[0.900s] -- Installing: /home/sf_ws/install/stonefish_bluerov2/share/stonefish_bluerov2//data/opti_blueboat/metal.obj
[0.900s] -- Installing: /home/sf_ws/install/stonefish_bluerov2/share/stonefish_bluerov2//data/opti_blueboat/front_metal.obj
[0.900s] -- Installing: /home/sf_ws/install/stonefish_bluerov2/share/stonefish_bluerov2//data/opti_blueboat/front_metal_or.obj
[0.900s] -- Installing: /home/sf_ws/install/stonefish_bluerov2/share/stonefish_bluerov2//data/opti_blueboat/propeller2.obj
[0.900s] -- Installing: /home/sf_ws/install/stonefish_bluerov2/share/stonefish_bluerov2//data/opti_blueboat/rear_metal.obj
[0.900s] -- Installing: /home/sf_ws/install/stonefish_bluerov2/share/stonefish_bluerov2//data/opti_blueboat/left_side.obj
[0.901s] -- Installing: /home/sf_ws/install/stonefish_bluerov2/share/stonefish_bluerov2//data/opti_blueboat/left_rear_or.mtl
[0.901s] -- Installing: /home/sf_ws/install/stonefish_bluerov2/share/stonefish_bluerov2//data/opti_blueboat/leftside_F.obj
[0.901s] -- Installing: /home/sf_ws/install/stonefish_bluerov2/share/stonefish_bluerov2//data/opti_blueboat/leftside_F.mtl
[0.901s] -- Installing: /home/sf_ws/install/stonefish_bluerov2/share/stonefish_bluerov2//data/opti_blueboat/metal.mtl
[0.901s] -- Installing: /home/sf_ws/install/stonefish_bluerov2/share/stonefish_bluerov2//data/opti_blueboat/metal_rear_tube.obj
[0.901s] -- Installing: /home/sf_ws/install/stonefish_bluerov2/share/stonefish_bluerov2//data/opti_blueboat/left_side.mtl
[0.901s] -- Installing: /home/sf_ws/install/stonefish_bluerov2/share/stonefish_bluerov2//data/opti_blueboat/leftside_back.mtl
[0.901s] -- Installing: /home/sf_ws/install/stonefish_bluerov2/share/stonefish_bluerov2//data/opti_blueboat/rightside_back.obj
[0.901s] -- Installing: /home/sf_ws/install/stonefish_bluerov2/share/stonefish_bluerov2//data/opti_blueboat/leftside_F1.mtl
[0.901s] -- Installing: /home/sf_ws/install/stonefish_bluerov2/share/stonefish_bluerov2//data/opti_blueboat/left_side_or.mtl
[0.901s] -- Installing: /home/sf_ws/install/stonefish_bluerov2/share/stonefish_bluerov2//data/opti_blueboat/leftside_back.obj
[0.901s] -- Installing: /home/sf_ws/install/stonefish_bluerov2/share/stonefish_bluerov2//data/opti_blueboat/leftside_F1.obj
[0.901s] -- Installing: /home/sf_ws/install/stonefish_bluerov2/share/stonefish_bluerov2//data/opti_blueboat/right_side_or.obj
[0.901s] -- Installing: /home/sf_ws/install/stonefish_bluerov2/share/stonefish_bluerov2//data/opti_blueboat/right_rear_or.mtl
[0.901s] -- Installing: /home/sf_ws/install/stonefish_bluerov2/share/stonefish_bluerov2//data/opti_blueboat/front_metal.mtl
[0.901s] -- Installing: /home/sf_ws/install/stonefish_bluerov2/share/stonefish_bluerov2//data/seabed.obj
[0.902s] -- Installing: /home/sf_ws/install/stonefish_bluerov2/share/stonefish_bluerov2//data/wavetank_floor.obj
[0.903s] -- Installing: /home/sf_ws/install/stonefish_bluerov2/share/ament_index/resource_index/package_run_dependencies/stonefish_bluerov2
[0.903s] -- Installing: /home/sf_ws/install/stonefish_bluerov2/share/ament_index/resource_index/parent_prefix_path/stonefish_bluerov2
[0.903s] -- Installing: /home/sf_ws/install/stonefish_bluerov2/share/stonefish_bluerov2/environment/ament_prefix_path.sh
[0.903s] -- Installing: /home/sf_ws/install/stonefish_bluerov2/share/stonefish_bluerov2/environment/ament_prefix_path.dsv
[0.903s] -- Installing: /home/sf_ws/install/stonefish_bluerov2/share/stonefish_bluerov2/environment/path.sh
[0.903s] -- Installing: /home/sf_ws/install/stonefish_bluerov2/share/stonefish_bluerov2/environment/path.dsv
[0.903s] -- Installing: /home/sf_ws/install/stonefish_bluerov2/share/stonefish_bluerov2/local_setup.bash
[0.903s] -- Installing: /home/sf_ws/install/stonefish_bluerov2/share/stonefish_bluerov2/local_setup.sh
[0.903s] -- Installing: /home/sf_ws/install/stonefish_bluerov2/share/stonefish_bluerov2/local_setup.zsh
[0.903s] -- Installing: /home/sf_ws/install/stonefish_bluerov2/share/stonefish_bluerov2/local_setup.dsv
[0.903s] -- Installing: /home/sf_ws/install/stonefish_bluerov2/share/stonefish_bluerov2/package.dsv
[0.903s] -- Installing: /home/sf_ws/install/stonefish_bluerov2/share/ament_index/resource_index/packages/stonefish_bluerov2
[0.903s] -- Installing: /home/sf_ws/install/stonefish_bluerov2/share/stonefish_bluerov2/cmake/stonefish_bluerov2Config.cmake
[0.903s] -- Installing: /home/sf_ws/install/stonefish_bluerov2/share/stonefish_bluerov2/cmake/stonefish_bluerov2Config-version.cmake
[0.903s] -- Installing: /home/sf_ws/install/stonefish_bluerov2/share/stonefish_bluerov2/package.xml
[0.904s] Invoked command in '/home/sf_ws/build/stonefish_bluerov2' returned '0': CMAKE_PREFIX_PATH=/opt/ros/humble:${CMAKE_PREFIX_PATH} /usr/bin/cmake --install /home/sf_ws/build/stonefish_bluerov2
