[0.005s] Invoking command in '/home/sf_ws/build/cola2_stonefish': CMAKE_PREFIX_PATH=/opt/ros/humble:/home/sf_ws/install/cola2_msgs:/home/sf_ws/install/stonefish_ros2:/usr/local PKG_CONFIG_PATH=/home/sf_ws/install/cola2_msgs/lib/x86_64-linux-gnu/pkgconfig:/home/sf_ws/install/cola2_msgs/lib/pkgconfig:/usr/local/lib/pkgconfig:/usr/local/lib/pkgconfig /usr/bin/cmake /home/sf_ws/src/cola2_stonefish_ros2 -DCMAKE_INSTALL_PREFIX=/home/sf_ws/install/cola2_stonefish
[0.034s] -- The C compiler identification is GNU 11.4.0
[0.066s] -- The CXX compiler identification is GNU 11.4.0
[0.069s] -- Detecting C compiler ABI info
[0.106s] -- Detecting C compiler ABI info - done
[0.111s] -- Check for working C compiler: /usr/bin/cc - skipped
[0.111s] -- Detecting C compile features
[0.112s] -- Detecting C compile features - done
[0.114s] -- Detecting CXX compiler ABI info
[0.156s] -- Detecting CXX compiler ABI info - done
[0.161s] -- Check for working CXX compiler: /usr/bin/c++ - skipped
[0.162s] -- Detecting CXX compile features
[0.162s] -- Detecting CXX compile features - done
[0.164s] -- Found ament_cmake: 1.3.10 (/opt/ros/humble/share/ament_cmake/cmake)
[0.244s] -- Found Python3: /usr/bin/python3 (found version "3.10.12") found components: Interpreter 
[0.287s] -- Found rclcpp: 16.0.10 (/opt/ros/humble/share/rclcpp/cmake)
[0.307s] -- Found rosidl_generator_c: 3.1.5 (/opt/ros/humble/share/rosidl_generator_c/cmake)
[0.310s] -- Found rosidl_adapter: 3.1.5 (/opt/ros/humble/share/rosidl_adapter/cmake)
[0.314s] -- Found rosidl_generator_cpp: 3.1.5 (/opt/ros/humble/share/rosidl_generator_cpp/cmake)
[0.320s] -- Using all available rosidl_typesupport_c: rosidl_typesupport_fastrtps_c;rosidl_typesupport_introspection_c
[0.327s] -- Using all available rosidl_typesupport_cpp: rosidl_typesupport_fastrtps_cpp;rosidl_typesupport_introspection_cpp
[0.349s] -- Found rmw_implementation_cmake: 6.1.2 (/opt/ros/humble/share/rmw_implementation_cmake/cmake)
[0.350s] -- Found rmw_fastrtps_cpp: 6.2.7 (/opt/ros/humble/share/rmw_fastrtps_cpp/cmake)
[0.399s] -- Found OpenSSL: /usr/lib/x86_64-linux-gnu/libcrypto.so (found version "3.0.2")  
[0.414s] -- Found FastRTPS: /opt/ros/humble/include  
[0.437s] -- Using RMW implementation 'rmw_fastrtps_cpp' as default
[0.442s] -- Looking for pthread.h
[0.481s] -- Looking for pthread.h - found
[0.481s] -- Performing Test CMAKE_HAVE_LIBC_PTHREAD
[0.523s] -- Performing Test CMAKE_HAVE_LIBC_PTHREAD - Success
[0.524s] -- Found Threads: TRUE  
[0.554s] -- Found cola2_msgs: 1.3.0 (/home/sf_ws/install/cola2_msgs/share/cola2_msgs/cmake)
[0.598s] -- Found stonefish_ros2: 1.3.0 (/home/sf_ws/install/stonefish_ros2/share/stonefish_ros2/cmake)
[0.611s] -- Found ament_lint_auto: 0.12.11 (/opt/ros/humble/share/ament_lint_auto/cmake)
[0.639s] -- Configuring done
[0.644s] -- Generating done
[0.645s] -- Build files have been written to: /home/sf_ws/build/cola2_stonefish
[0.649s] Invoked command in '/home/sf_ws/build/cola2_stonefish' returned '0': CMAKE_PREFIX_PATH=/opt/ros/humble:/home/sf_ws/install/cola2_msgs:/home/sf_ws/install/stonefish_ros2:/usr/local PKG_CONFIG_PATH=/home/sf_ws/install/cola2_msgs/lib/x86_64-linux-gnu/pkgconfig:/home/sf_ws/install/cola2_msgs/lib/pkgconfig:/usr/local/lib/pkgconfig:/usr/local/lib/pkgconfig /usr/bin/cmake /home/sf_ws/src/cola2_stonefish_ros2 -DCMAKE_INSTALL_PREFIX=/home/sf_ws/install/cola2_stonefish
[0.651s] Invoking command in '/home/sf_ws/build/cola2_stonefish': CMAKE_PREFIX_PATH=/opt/ros/humble:/home/sf_ws/install/cola2_msgs:/home/sf_ws/install/stonefish_ros2:/usr/local PKG_CONFIG_PATH=/home/sf_ws/install/cola2_msgs/lib/x86_64-linux-gnu/pkgconfig:/home/sf_ws/install/cola2_msgs/lib/pkgconfig:/usr/local/lib/pkgconfig:/usr/local/lib/pkgconfig /usr/bin/cmake --build /home/sf_ws/build/cola2_stonefish -- -j32 -l32
[0.684s] [ 50%] [32mBuilding CXX object CMakeFiles/cola2_stonefish_node.dir/src/cola2_stonefish_node.cpp.o[0m
[6.279s] [100%] [32m[1mLinking CXX executable cola2_stonefish_node[0m
[6.604s] [100%] Built target cola2_stonefish_node
[6.611s] Invoked command in '/home/sf_ws/build/cola2_stonefish' returned '0': CMAKE_PREFIX_PATH=/opt/ros/humble:/home/sf_ws/install/cola2_msgs:/home/sf_ws/install/stonefish_ros2:/usr/local PKG_CONFIG_PATH=/home/sf_ws/install/cola2_msgs/lib/x86_64-linux-gnu/pkgconfig:/home/sf_ws/install/cola2_msgs/lib/pkgconfig:/usr/local/lib/pkgconfig:/usr/local/lib/pkgconfig /usr/bin/cmake --build /home/sf_ws/build/cola2_stonefish -- -j32 -l32
[6.625s] Invoking command in '/home/sf_ws/build/cola2_stonefish': CMAKE_PREFIX_PATH=/opt/ros/humble:/home/sf_ws/install/cola2_msgs:/home/sf_ws/install/stonefish_ros2:/usr/local PKG_CONFIG_PATH=/home/sf_ws/install/cola2_msgs/lib/x86_64-linux-gnu/pkgconfig:/home/sf_ws/install/cola2_msgs/lib/pkgconfig:/usr/local/lib/pkgconfig:/usr/local/lib/pkgconfig /usr/bin/cmake --install /home/sf_ws/build/cola2_stonefish
[6.629s] -- Install configuration: ""
[6.629s] -- Installing: /home/sf_ws/install/cola2_stonefish/lib/cola2_stonefish/cola2_stonefish_node
[6.631s] -- Set runtime path of "/home/sf_ws/install/cola2_stonefish/lib/cola2_stonefish/cola2_stonefish_node" to ""
[6.631s] -- Installing: /home/sf_ws/install/cola2_stonefish/lib/cola2_stonefish/logitechF310teleop.py
[6.631s] -- Installing: /home/sf_ws/install/cola2_stonefish/lib/cola2_stonefish/odom2tf.py
[6.631s] -- Installing: /home/sf_ws/install/cola2_stonefish/lib/cola2_stonefish/bluerov2_logitechF310teleop.py
[6.632s] -- Installing: /home/sf_ws/install/cola2_stonefish/share/cola2_stonefish//launch
[6.632s] -- Installing: /home/sf_ws/install/cola2_stonefish/share/cola2_stonefish//launch/asv_auv_sim.py
[6.632s] -- Installing: /home/sf_ws/install/cola2_stonefish/share/cola2_stonefish//launch/bluerov2_heavy_alpha.launch.py
[6.632s] -- Installing: /home/sf_ws/install/cola2_stonefish/share/cola2_stonefish//launch/bluerov2_alpha.py
[6.632s] -- Installing: /home/sf_ws/install/cola2_stonefish/share/cola2_stonefish//launch/bluerov2_heavy_simulation.launch.py
[6.632s] -- Installing: /home/sf_ws/install/cola2_stonefish/share/cola2_stonefish//launch/console_test.py
[6.632s] -- Installing: /home/sf_ws/install/cola2_stonefish/share/cola2_stonefish//launch/blueboat_launch.py
[6.632s] -- Installing: /home/sf_ws/install/cola2_stonefish/share/cola2_stonefish//launch/bluerov2_laser_simulation.launch.py
[6.632s] -- Installing: /home/sf_ws/install/cola2_stonefish/share/cola2_stonefish//launch/falcon_launch.py
[6.632s] -- Installing: /home/sf_ws/install/cola2_stonefish/share/cola2_stonefish//launch/bluerov_fls_simulation.launch.py
[6.632s] -- Installing: /home/sf_ws/install/cola2_stonefish/share/cola2_stonefish//launch/bluerov_fls_simulation.launch copy.py
[6.633s] -- Installing: /home/sf_ws/install/cola2_stonefish/share/cola2_stonefish/data
[6.633s] -- Installing: /home/sf_ws/install/cola2_stonefish/share/cola2_stonefish/data/valve_panel_tex.png
[6.634s] -- Installing: /home/sf_ws/install/cola2_stonefish/share/cola2_stonefish/data/wind_turbine
[6.634s] -- Installing: /home/sf_ws/install/cola2_stonefish/share/cola2_stonefish/data/wind_turbine/wind_turbine_OffshoreLearningv1.obj
[6.640s] -- Installing: /home/sf_ws/install/cola2_stonefish/share/cola2_stonefish/data/wind_turbine/BaseColor.png
[6.641s] -- Installing: /home/sf_ws/install/cola2_stonefish/share/cola2_stonefish/data/blueboat
[6.641s] -- Installing: /home/sf_ws/install/cola2_stonefish/share/cola2_stonefish/data/blueboat/right_side.obj
[6.642s] -- Installing: /home/sf_ws/install/cola2_stonefish/share/cola2_stonefish/data/blueboat/metal_left_down.obj
[6.643s] -- Installing: /home/sf_ws/install/cola2_stonefish/share/cola2_stonefish/data/blueboat/propeller.obj
[6.643s] -- Installing: /home/sf_ws/install/cola2_stonefish/share/cola2_stonefish/data/blueboat/untitled.obj
[6.643s] -- Installing: /home/sf_ws/install/cola2_stonefish/share/cola2_stonefish/data/blueboat/metal_front.obj
[6.645s] -- Installing: /home/sf_ws/install/cola2_stonefish/share/cola2_stonefish/data/blueboat/propeller_cc.mtl
[6.645s] -- Installing: /home/sf_ws/install/cola2_stonefish/share/cola2_stonefish/data/blueboat/propeller_right.obj
[6.645s] -- Installing: /home/sf_ws/install/cola2_stonefish/share/cola2_stonefish/data/blueboat/propeller_cc.obj
[6.646s] -- Installing: /home/sf_ws/install/cola2_stonefish/share/cola2_stonefish/data/blueboat/propeller_left.obj
[6.646s] -- Installing: /home/sf_ws/install/cola2_stonefish/share/cola2_stonefish/data/blueboat/metal_left_up.obj
[6.648s] -- Installing: /home/sf_ws/install/cola2_stonefish/share/cola2_stonefish/data/blueboat/metal_right_down.obj
[6.649s] -- Installing: /home/sf_ws/install/cola2_stonefish/share/cola2_stonefish/data/blueboat/metal_rear.obj
[6.651s] -- Installing: /home/sf_ws/install/cola2_stonefish/share/cola2_stonefish/data/blueboat/metal_right_up.obj
[6.653s] -- Installing: /home/sf_ws/install/cola2_stonefish/share/cola2_stonefish/data/blueboat/propeller2.obj
[6.654s] -- Installing: /home/sf_ws/install/cola2_stonefish/share/cola2_stonefish/data/blueboat/right_back.obj
[6.654s] -- Installing: /home/sf_ws/install/cola2_stonefish/share/cola2_stonefish/data/blueboat/flag.obj
[6.655s] -- Installing: /home/sf_ws/install/cola2_stonefish/share/cola2_stonefish/data/blueboat/left_side.obj
[6.656s] -- Installing: /home/sf_ws/install/cola2_stonefish/share/cola2_stonefish/data/blueboat/propeller2.mtl
[6.656s] -- Installing: /home/sf_ws/install/cola2_stonefish/share/cola2_stonefish/data/blueboat/metal_left.obj
[6.699s] -- Installing: /home/sf_ws/install/cola2_stonefish/share/cola2_stonefish/data/blueboat/left_back.obj
[6.699s] -- Installing: /home/sf_ws/install/cola2_stonefish/share/cola2_stonefish/data/rexrov
[6.700s] -- Installing: /home/sf_ws/install/cola2_stonefish/share/cola2_stonefish/data/rexrov/rexrov.obj
[6.701s] -- Installing: /home/sf_ws/install/cola2_stonefish/share/cola2_stonefish/data/rexrov/rexrov_propeller.obj
[6.702s] -- Installing: /home/sf_ws/install/cola2_stonefish/share/cola2_stonefish/data/bluerov2_heavy2
[6.702s] -- Installing: /home/sf_ws/install/cola2_stonefish/share/cola2_stonefish/data/bluerov2_heavy2/right_side.obj
[6.702s] -- Installing: /home/sf_ws/install/cola2_stonefish/share/cola2_stonefish/data/bluerov2_heavy2/weight_right.obj
[6.702s] -- Installing: /home/sf_ws/install/cola2_stonefish/share/cola2_stonefish/data/bluerov2_heavy2/right_sideUP.obj
[6.702s] -- Installing: /home/sf_ws/install/cola2_stonefish/share/cola2_stonefish/data/bluerov2_heavy2/weight_middle_middle.obj
[6.703s] -- Installing: /home/sf_ws/install/cola2_stonefish/share/cola2_stonefish/data/bluerov2_heavy2/weight_middle_up.obj
[6.703s] -- Installing: /home/sf_ws/install/cola2_stonefish/share/cola2_stonefish/data/bluerov2_heavy2/duct_right_up_rear.obj
[6.703s] -- Installing: /home/sf_ws/install/cola2_stonefish/share/cola2_stonefish/data/bluerov2_heavy2/light_right_up.obj
[6.703s] -- Installing: /home/sf_ws/install/cola2_stonefish/share/cola2_stonefish/data/bluerov2_heavy2/first_cylinder.obj
[6.704s] -- Installing: /home/sf_ws/install/cola2_stonefish/share/cola2_stonefish/data/bluerov2_heavy2/left_foam.obj
[6.704s] -- Installing: /home/sf_ws/install/cola2_stonefish/share/cola2_stonefish/data/bluerov2_heavy2/right_foam.obj
[6.704s] -- Installing: /home/sf_ws/install/cola2_stonefish/share/cola2_stonefish/data/bluerov2_heavy2/light_left_up.obj
[6.705s] -- Installing: /home/sf_ws/install/cola2_stonefish/share/cola2_stonefish/data/bluerov2_heavy2/weight_left.obj
[6.705s] -- Installing: /home/sf_ws/install/cola2_stonefish/share/cola2_stonefish/data/bluerov2_heavy2/duct_right_front.obj
[6.705s] -- Installing: /home/sf_ws/install/cola2_stonefish/share/cola2_stonefish/data/bluerov2_heavy2/second_cylinder.obj
[6.706s] -- Installing: /home/sf_ws/install/cola2_stonefish/share/cola2_stonefish/data/bluerov2_heavy2/light_left_down.obj
[6.706s] -- Installing: /home/sf_ws/install/cola2_stonefish/share/cola2_stonefish/data/bluerov2_heavy2/duct_left_front.obj
[6.706s] -- Installing: /home/sf_ws/install/cola2_stonefish/share/cola2_stonefish/data/bluerov2_heavy2/light_right_down.obj
[6.706s] -- Installing: /home/sf_ws/install/cola2_stonefish/share/cola2_stonefish/data/bluerov2_heavy2/duct_left_up_rear.obj
[6.707s] -- Installing: /home/sf_ws/install/cola2_stonefish/share/cola2_stonefish/data/bluerov2_heavy2/duct_right_up_front.obj
[6.707s] -- Installing: /home/sf_ws/install/cola2_stonefish/share/cola2_stonefish/data/bluerov2_heavy2/base.obj
[6.707s] -- Installing: /home/sf_ws/install/cola2_stonefish/share/cola2_stonefish/data/bluerov2_heavy2/left_side.obj
[6.708s] -- Installing: /home/sf_ws/install/cola2_stonefish/share/cola2_stonefish/data/bluerov2_heavy2/duct_left_rear.obj
[6.708s] -- Installing: /home/sf_ws/install/cola2_stonefish/share/cola2_stonefish/data/bluerov2_heavy2/duct_right_rear.obj
[6.708s] -- Installing: /home/sf_ws/install/cola2_stonefish/share/cola2_stonefish/data/bluerov2_heavy2/weight_middle_down.obj
[6.708s] -- Installing: /home/sf_ws/install/cola2_stonefish/share/cola2_stonefish/data/bluerov2_heavy2/Propeller.obj
[6.709s] -- Installing: /home/sf_ws/install/cola2_stonefish/share/cola2_stonefish/data/bluerov2_heavy2/dome.obj
[6.709s] -- Installing: /home/sf_ws/install/cola2_stonefish/share/cola2_stonefish/data/bluerov2_heavy2/duct_left_up_front.obj
[6.709s] -- Installing: /home/sf_ws/install/cola2_stonefish/share/cola2_stonefish/data/bluerov2_heavy2/left_sideUP.obj
[6.709s] -- Installing: /home/sf_ws/install/cola2_stonefish/share/cola2_stonefish/data/cliff.mtl
[6.709s] -- Installing: /home/sf_ws/install/cola2_stonefish/share/cola2_stonefish/data/bluerov
[6.710s] -- Installing: /home/sf_ws/install/cola2_stonefish/share/cola2_stonefish/data/bluerov/propeller_bottom_retro_left.mtl
[6.710s] -- Installing: /home/sf_ws/install/cola2_stonefish/share/cola2_stonefish/data/bluerov/camera_dome_vis.obj
[6.710s] -- Installing: /home/sf_ws/install/cola2_stonefish/share/cola2_stonefish/data/bluerov/propeller_bottom_right.obj
[6.710s] -- Installing: /home/sf_ws/install/cola2_stonefish/share/cola2_stonefish/data/bluerov/weight_center1_vis.obj
[6.710s] -- Installing: /home/sf_ws/install/cola2_stonefish/share/cola2_stonefish/data/bluerov/propeller_bottom_retro_right.mtl
[6.711s] -- Installing: /home/sf_ws/install/cola2_stonefish/share/cola2_stonefish/data/bluerov/under_hull_r3_phy.obj
[6.711s] -- Installing: /home/sf_ws/install/cola2_stonefish/share/cola2_stonefish/data/bluerov/under_hull_r2_vis.obj
[6.711s] -- Installing: /home/sf_ws/install/cola2_stonefish/share/cola2_stonefish/data/bluerov/duct_bottom_left_phy.obj
[6.711s] -- Installing: /home/sf_ws/install/cola2_stonefish/share/cola2_stonefish/data/bluerov/side_r_vis.obj
[6.712s] -- Installing: /home/sf_ws/install/cola2_stonefish/share/cola2_stonefish/data/bluerov/duct_bottom_retro_left_phy.obj
[6.712s] -- Installing: /home/sf_ws/install/cola2_stonefish/share/cola2_stonefish/data/bluerov/duct_bottom_left_vis.obj
[6.713s] -- Installing: /home/sf_ws/install/cola2_stonefish/share/cola2_stonefish/data/bluerov/propeller.obj
[6.713s] -- Installing: /home/sf_ws/install/cola2_stonefish/share/cola2_stonefish/data/bluerov/weight_center1_phy.obj
[6.713s] -- Installing: /home/sf_ws/install/cola2_stonefish/share/cola2_stonefish/data/bluerov/propeller_up_right.obj
[6.713s] -- Installing: /home/sf_ws/install/cola2_stonefish/share/cola2_stonefish/data/bluerov/camera_hull_vis.obj
[6.717s] -- Installing: /home/sf_ws/install/cola2_stonefish/share/cola2_stonefish/data/bluerov/hull_r1_vis.obj
[6.717s] -- Installing: /home/sf_ws/install/cola2_stonefish/share/cola2_stonefish/data/bluerov/hull_r3_phy.obj
[6.717s] -- Installing: /home/sf_ws/install/cola2_stonefish/share/cola2_stonefish/data/bluerov/camera_hull_phy.obj
[6.717s] -- Installing: /home/sf_ws/install/cola2_stonefish/share/cola2_stonefish/data/bluerov/duct_bottom_retro_right_vis.obj
[6.718s] -- Installing: /home/sf_ws/install/cola2_stonefish/share/cola2_stonefish/data/bluerov/hull_r4_vis.obj
[6.719s] -- Installing: /home/sf_ws/install/cola2_stonefish/share/cola2_stonefish/data/bluerov/weight_left_vis.obj
[6.719s] -- Installing: /home/sf_ws/install/cola2_stonefish/share/cola2_stonefish/data/bluerov/under_hull_r1_vis.obj
[6.719s] -- Installing: /home/sf_ws/install/cola2_stonefish/share/cola2_stonefish/data/bluerov/weight_right_vis.obj
[6.719s] -- Installing: /home/sf_ws/install/cola2_stonefish/share/cola2_stonefish/data/bluerov/propeller_bottom_left1.mtl
[6.719s] -- Installing: /home/sf_ws/install/cola2_stonefish/share/cola2_stonefish/data/bluerov/under_hull_r4_phy.obj
[6.720s] -- Installing: /home/sf_ws/install/cola2_stonefish/share/cola2_stonefish/data/bluerov/camera_dome_phy.obj
[6.720s] -- Installing: /home/sf_ws/install/cola2_stonefish/share/cola2_stonefish/data/bluerov/weight_right_phy.obj
[6.720s] -- Installing: /home/sf_ws/install/cola2_stonefish/share/cola2_stonefish/data/bluerov/propeller_bottom_retro_right.obj
[6.720s] -- Installing: /home/sf_ws/install/cola2_stonefish/share/cola2_stonefish/data/bluerov/side_r_phy.obj
[6.720s] -- Installing: /home/sf_ws/install/cola2_stonefish/share/cola2_stonefish/data/bluerov/duct_up_right_phy.obj
[6.721s] -- Installing: /home/sf_ws/install/cola2_stonefish/share/cola2_stonefish/data/bluerov/under_hull_r3_vis.obj
[6.721s] -- Installing: /home/sf_ws/install/cola2_stonefish/share/cola2_stonefish/data/bluerov/duct_phy.obj
[6.721s] -- Installing: /home/sf_ws/install/cola2_stonefish/share/cola2_stonefish/data/bluerov/duct_bottom_retro_left_vis1.obj
[6.722s] -- Installing: /home/sf_ws/install/cola2_stonefish/share/cola2_stonefish/data/bluerov/propeller_up_left.obj
[6.722s] -- Installing: /home/sf_ws/install/cola2_stonefish/share/cola2_stonefish/data/bluerov/under_hull_r1_phy.obj
[6.722s] -- Installing: /home/sf_ws/install/cola2_stonefish/share/cola2_stonefish/data/bluerov/under_hull_r2_phy.obj
[6.722s] -- Installing: /home/sf_ws/install/cola2_stonefish/share/cola2_stonefish/data/bluerov/propeller_up_right1.obj
[6.723s] -- Installing: /home/sf_ws/install/cola2_stonefish/share/cola2_stonefish/data/bluerov/propeller_bottom_left1.obj
[6.723s] -- Installing: /home/sf_ws/install/cola2_stonefish/share/cola2_stonefish/data/bluerov/bluerov.blend1
[6.765s] -- Installing: /home/sf_ws/install/cola2_stonefish/share/cola2_stonefish/data/bluerov/duct_up_left_vis.obj
[6.766s] -- Installing: /home/sf_ws/install/cola2_stonefish/share/cola2_stonefish/data/bluerov/propeller_up_right.mtl
[6.766s] -- Installing: /home/sf_ws/install/cola2_stonefish/share/cola2_stonefish/data/bluerov/duct_up_left_phy.obj
[6.766s] -- Installing: /home/sf_ws/install/cola2_stonefish/share/cola2_stonefish/data/bluerov/weight_center2_vis.obj
[6.767s] -- Installing: /home/sf_ws/install/cola2_stonefish/share/cola2_stonefish/data/bluerov/duct_bottom_right_phy.obj
[6.767s] -- Installing: /home/sf_ws/install/cola2_stonefish/share/cola2_stonefish/data/bluerov/weight_center3_phy.obj
[6.767s] -- Installing: /home/sf_ws/install/cola2_stonefish/share/cola2_stonefish/data/bluerov/propeller_bottom_retro_left.obj
[6.767s] -- Installing: /home/sf_ws/install/cola2_stonefish/share/cola2_stonefish/data/bluerov/propeller_up_right2.obj
[6.768s] -- Installing: /home/sf_ws/install/cola2_stonefish/share/cola2_stonefish/data/bluerov/hull_r2_phy.obj
[6.768s] -- Installing: /home/sf_ws/install/cola2_stonefish/share/cola2_stonefish/data/bluerov/weight_center2_phy.obj
[6.768s] -- Installing: /home/sf_ws/install/cola2_stonefish/share/cola2_stonefish/data/bluerov/second_cylinder_vis.obj
[6.770s] -- Installing: /home/sf_ws/install/cola2_stonefish/share/cola2_stonefish/data/bluerov/propeller_bottom_right.mtl
[6.770s] -- Installing: /home/sf_ws/install/cola2_stonefish/share/cola2_stonefish/data/bluerov/side_l_phy.obj
[6.770s] -- Installing: /home/sf_ws/install/cola2_stonefish/share/cola2_stonefish/data/bluerov/bottom_hull_phy.obj
[6.771s] -- Installing: /home/sf_ws/install/cola2_stonefish/share/cola2_stonefish/data/bluerov/propeller_up_left.mtl
[6.771s] -- Installing: /home/sf_ws/install/cola2_stonefish/share/cola2_stonefish/data/bluerov/bluerov.blend
[6.814s] -- Installing: /home/sf_ws/install/cola2_stonefish/share/cola2_stonefish/data/bluerov/second_cylinder_phy.obj
[6.814s] -- Installing: /home/sf_ws/install/cola2_stonefish/share/cola2_stonefish/data/bluerov/hull_r3_vis.obj
[6.815s] -- Installing: /home/sf_ws/install/cola2_stonefish/share/cola2_stonefish/data/bluerov/camera_dome.obj
[6.815s] -- Installing: /home/sf_ws/install/cola2_stonefish/share/cola2_stonefish/data/bluerov/duct_bottom_retro_left_vis.obj
[6.816s] -- Installing: /home/sf_ws/install/cola2_stonefish/share/cola2_stonefish/data/bluerov/duct_bottom_right_vis.obj
[6.816s] -- Installing: /home/sf_ws/install/cola2_stonefish/share/cola2_stonefish/data/bluerov/duct_up_right_vis.obj
[6.817s] -- Installing: /home/sf_ws/install/cola2_stonefish/share/cola2_stonefish/data/bluerov/hull_r4_phy.obj
[6.817s] -- Installing: /home/sf_ws/install/cola2_stonefish/share/cola2_stonefish/data/bluerov/weight_left_phy.obj
[6.817s] -- Installing: /home/sf_ws/install/cola2_stonefish/share/cola2_stonefish/data/bluerov/hull_r1_phy.obj
[6.817s] -- Installing: /home/sf_ws/install/cola2_stonefish/share/cola2_stonefish/data/bluerov/weight_center3_vis.obj
[6.817s] -- Installing: /home/sf_ws/install/cola2_stonefish/share/cola2_stonefish/data/bluerov/bottom_hull_vis.obj
[6.818s] -- Installing: /home/sf_ws/install/cola2_stonefish/share/cola2_stonefish/data/bluerov/duct_bottom_retro_right_phy.obj
[6.818s] -- Installing: /home/sf_ws/install/cola2_stonefish/share/cola2_stonefish/data/bluerov/under_hull_r4_vis.obj
[6.818s] -- Installing: /home/sf_ws/install/cola2_stonefish/share/cola2_stonefish/data/bluerov/side_l_vis.obj
[6.819s] -- Installing: /home/sf_ws/install/cola2_stonefish/share/cola2_stonefish/data/bluerov/hull_r2_vis.obj
[6.820s] -- Installing: /home/sf_ws/install/cola2_stonefish/share/cola2_stonefish/data/bluerov/duct_vis.obj
[6.820s] -- Installing: /home/sf_ws/install/cola2_stonefish/share/cola2_stonefish/data/eca5emicro
[6.820s] -- Installing: /home/sf_ws/install/cola2_stonefish/share/cola2_stonefish/data/eca5emicro/link2_phy.obj
[6.820s] -- Installing: /home/sf_ws/install/cola2_stonefish/share/cola2_stonefish/data/eca5emicro/link4_ft_gripper.obj
[6.821s] -- Installing: /home/sf_ws/install/cola2_stonefish/share/cola2_stonefish/data/eca5emicro/ft_sensor_a.obj
[6.821s] -- Installing: /home/sf_ws/install/cola2_stonefish/share/cola2_stonefish/data/eca5emicro/link3_phy.obj
[6.821s] -- Installing: /home/sf_ws/install/cola2_stonefish/share/cola2_stonefish/data/eca5emicro/link3.obj
[6.822s] -- Installing: /home/sf_ws/install/cola2_stonefish/share/cola2_stonefish/data/eca5emicro/link4.obj
[6.822s] -- Installing: /home/sf_ws/install/cola2_stonefish/share/cola2_stonefish/data/eca5emicro/link1.obj
[6.822s] -- Installing: /home/sf_ws/install/cola2_stonefish/share/cola2_stonefish/data/eca5emicro/link2.obj
[6.823s] -- Installing: /home/sf_ws/install/cola2_stonefish/share/cola2_stonefish/data/eca5emicro/jawbase2.obj
[6.823s] -- Installing: /home/sf_ws/install/cola2_stonefish/share/cola2_stonefish/data/eca5emicro/base_link.obj
[6.824s] -- Installing: /home/sf_ws/install/cola2_stonefish/share/cola2_stonefish/data/eca5emicro/link4_ft.obj
[6.824s] -- Installing: /home/sf_ws/install/cola2_stonefish/share/cola2_stonefish/data/eca5emicro/link4_tex.png
[6.824s] -- Installing: /home/sf_ws/install/cola2_stonefish/share/cola2_stonefish/data/eca5emicro/base_link_phy.obj
[6.824s] -- Installing: /home/sf_ws/install/cola2_stonefish/share/cola2_stonefish/data/eca5emicro/ft_sensor_b.obj
[6.825s] -- Installing: /home/sf_ws/install/cola2_stonefish/share/cola2_stonefish/data/eca5emicro/finger.obj
[6.825s] -- Installing: /home/sf_ws/install/cola2_stonefish/share/cola2_stonefish/data/eca5emicro/link1_phy.obj
[6.825s] -- Installing: /home/sf_ws/install/cola2_stonefish/share/cola2_stonefish/data/sparus2
[6.825s] -- Installing: /home/sf_ws/install/cola2_stonefish/share/cola2_stonefish/data/sparus2/propeller.obj
[6.825s] -- Installing: /home/sf_ws/install/cola2_stonefish/share/cola2_stonefish/data/sparus2/antenna.obj
[6.826s] -- Installing: /home/sf_ws/install/cola2_stonefish/share/cola2_stonefish/data/sparus2/thruster.obj
[6.826s] -- Installing: /home/sf_ws/install/cola2_stonefish/share/cola2_stonefish/data/sparus2/thruster_phy.obj
[6.826s] -- Installing: /home/sf_ws/install/cola2_stonefish/share/cola2_stonefish/data/sparus2/hull_phy.obj
[6.826s] -- Installing: /home/sf_ws/install/cola2_stonefish/share/cola2_stonefish/data/sparus2/antenna_phy.obj
[6.827s] -- Installing: /home/sf_ws/install/cola2_stonefish/share/cola2_stonefish/data/sparus2/tail_phy.obj
[6.827s] -- Installing: /home/sf_ws/install/cola2_stonefish/share/cola2_stonefish/data/sparus2/hull_tex.png
[6.827s] -- Installing: /home/sf_ws/install/cola2_stonefish/share/cola2_stonefish/data/sparus2/hull.obj
[6.829s] -- Installing: /home/sf_ws/install/cola2_stonefish/share/cola2_stonefish/data/girona500
[6.829s] -- Installing: /home/sf_ws/install/cola2_stonefish/share/cola2_stonefish/data/girona500/upper_hull_tex.png
[6.829s] -- Installing: /home/sf_ws/install/cola2_stonefish/share/cola2_stonefish/data/girona500/hull_phy2.obj
[6.830s] -- Installing: /home/sf_ws/install/cola2_stonefish/share/cola2_stonefish/data/girona500/propeller.obj
[6.830s] -- Installing: /home/sf_ws/install/cola2_stonefish/share/cola2_stonefish/data/girona500/lower_hull.obj
[6.831s] -- Installing: /home/sf_ws/install/cola2_stonefish/share/cola2_stonefish/data/girona500/antenna.obj
[6.832s] -- Installing: /home/sf_ws/install/cola2_stonefish/share/cola2_stonefish/data/girona500/duct.obj
[6.832s] -- Installing: /home/sf_ws/install/cola2_stonefish/share/cola2_stonefish/data/girona500/tbar_phy.obj
[6.832s] -- Installing: /home/sf_ws/install/cola2_stonefish/share/cola2_stonefish/data/girona500/tbar_back_tex.png
[6.832s] -- Installing: /home/sf_ws/install/cola2_stonefish/share/cola2_stonefish/data/girona500/tbar_back.obj
[6.833s] -- Installing: /home/sf_ws/install/cola2_stonefish/share/cola2_stonefish/data/girona500/duct_tex.png
[6.833s] -- Installing: /home/sf_ws/install/cola2_stonefish/share/cola2_stonefish/data/girona500/duct_phy.obj
[6.833s] -- Installing: /home/sf_ws/install/cola2_stonefish/share/cola2_stonefish/data/girona500/hull_phy.obj
[6.834s] -- Installing: /home/sf_ws/install/cola2_stonefish/share/cola2_stonefish/data/girona500/antenna_phy.obj
[6.834s] -- Installing: /home/sf_ws/install/cola2_stonefish/share/cola2_stonefish/data/girona500/tbar_front.obj
[6.834s] -- Installing: /home/sf_ws/install/cola2_stonefish/share/cola2_stonefish/data/girona500/tbar_front_tex.png
[6.834s] -- Installing: /home/sf_ws/install/cola2_stonefish/share/cola2_stonefish/data/girona500/lower_hull_tex.png
[6.835s] -- Installing: /home/sf_ws/install/cola2_stonefish/share/cola2_stonefish/data/girona500/upper_hull.obj
[6.835s] -- Installing: /home/sf_ws/install/cola2_stonefish/share/cola2_stonefish/data/girona500/hull.obj
[6.836s] -- Installing: /home/sf_ws/install/cola2_stonefish/share/cola2_stonefish/data/girona500/propeller_tex.png
[6.836s] -- Installing: /home/sf_ws/install/cola2_stonefish/share/cola2_stonefish/data/cliff.jpg
[6.844s] -- Installing: /home/sf_ws/install/cola2_stonefish/share/cola2_stonefish/data/bluerov2_unphy
[6.844s] -- Installing: /home/sf_ws/install/cola2_stonefish/share/cola2_stonefish/data/bluerov2_unphy/bluerov2_wings.obj
[6.850s] -- Installing: /home/sf_ws/install/cola2_stonefish/share/cola2_stonefish/data/bluerov2_unphy/ccw.obj
[6.851s] -- Installing: /home/sf_ws/install/cola2_stonefish/share/cola2_stonefish/data/bluerov2_unphy/cw.obj
[6.851s] -- Installing: /home/sf_ws/install/cola2_stonefish/share/cola2_stonefish/data/bluerov2_unphy/bluerov2_phy.obj
[6.852s] -- Installing: /home/sf_ws/install/cola2_stonefish/share/cola2_stonefish/data/bluerov2_unphy/br2.png
[6.852s] -- Installing: /home/sf_ws/install/cola2_stonefish/share/cola2_stonefish/data/bluerov2_unphy/br2.obj
[6.860s] -- Installing: /home/sf_ws/install/cola2_stonefish/share/cola2_stonefish/data/bluerov2_unphy/bluerov2_phy.mtl
[6.860s] -- Installing: /home/sf_ws/install/cola2_stonefish/share/cola2_stonefish/data/bluerov2_unphy/bluerov2.obj
[6.870s] -- Installing: /home/sf_ws/install/cola2_stonefish/share/cola2_stonefish/data/bluerov2_unphy/bluerov2_ring.obj
[6.870s] -- Installing: /home/sf_ws/install/cola2_stonefish/share/cola2_stonefish/data/cliff.obj
[6.878s] -- Installing: /home/sf_ws/install/cola2_stonefish/share/cola2_stonefish/data/alpha
[6.878s] -- Installing: /home/sf_ws/install/cola2_stonefish/share/cola2_stonefish/data/alpha/m2_v2.obj
[6.878s] -- Installing: /home/sf_ws/install/cola2_stonefish/share/cola2_stonefish/data/alpha/rs1_139_fin_v3.obj
[6.879s] -- Installing: /home/sf_ws/install/cola2_stonefish/share/cola2_stonefish/data/alpha/end_effectors
[6.879s] -- Installing: /home/sf_ws/install/cola2_stonefish/share/cola2_stonefish/data/alpha/end_effectors/RS1-139.stl
[6.880s] -- Installing: /home/sf_ws/install/cola2_stonefish/share/cola2_stonefish/data/alpha/end_effectors/RS1-130.stl
[6.880s] -- Installing: /home/sf_ws/install/cola2_stonefish/share/cola2_stonefish/data/alpha/end_effectors/RS1-124.stl
[6.881s] -- Installing: /home/sf_ws/install/cola2_stonefish/share/cola2_stonefish/data/alpha/rs1_v2.obj
[6.881s] -- Installing: /home/sf_ws/install/cola2_stonefish/share/cola2_stonefish/data/alpha/M3-INLINE.stl
[6.882s] -- Installing: /home/sf_ws/install/cola2_stonefish/share/cola2_stonefish/data/alpha/rs1_130_fin_v3.mtl
[6.883s] -- Installing: /home/sf_ws/install/cola2_stonefish/share/cola2_stonefish/data/alpha/rs1_139_v2.mtl
[6.883s] -- Installing: /home/sf_ws/install/cola2_stonefish/share/cola2_stonefish/data/alpha/m2_1_1.obj
[6.883s] -- Installing: /home/sf_ws/install/cola2_stonefish/share/cola2_stonefish/data/alpha/rs1_124.mtl
[6.883s] -- Installing: /home/sf_ws/install/cola2_stonefish/share/cola2_stonefish/data/alpha/rs1_130_v5.mtl
[6.886s] -- Installing: /home/sf_ws/install/cola2_stonefish/share/cola2_stonefish/data/alpha/rs1_v2.mtl
[6.886s] -- Installing: /home/sf_ws/install/cola2_stonefish/share/cola2_stonefish/data/alpha/rs1_130_v2.mtl
[6.886s] -- Installing: /home/sf_ws/install/cola2_stonefish/share/cola2_stonefish/data/alpha/rs1_139_fin.mtl
[6.886s] -- Installing: /home/sf_ws/install/cola2_stonefish/share/cola2_stonefish/data/alpha/m2.obj
[6.886s] -- Installing: /home/sf_ws/install/cola2_stonefish/share/cola2_stonefish/data/alpha/rs1_139_v3.obj
[6.886s] -- Installing: /home/sf_ws/install/cola2_stonefish/share/cola2_stonefish/data/alpha/m2_1_3.mtl
[6.887s] -- Installing: /home/sf_ws/install/cola2_stonefish/share/cola2_stonefish/data/alpha/rs1_124_v2.obj
[6.887s] -- Installing: /home/sf_ws/install/cola2_stonefish/share/cola2_stonefish/data/alpha/rs1_130_v3.mtl
[6.887s] -- Installing: /home/sf_ws/install/cola2_stonefish/share/cola2_stonefish/data/alpha/m2_v3.mtl
[6.887s] -- Installing: /home/sf_ws/install/cola2_stonefish/share/cola2_stonefish/data/alpha/m2_1_1.mtl
[6.887s] -- Installing: /home/sf_ws/install/cola2_stonefish/share/cola2_stonefish/data/alpha/M2-1-3.stl
[6.888s] -- Installing: /home/sf_ws/install/cola2_stonefish/share/cola2_stonefish/data/alpha/m2_1_1_v2.mtl
[6.888s] -- Installing: /home/sf_ws/install/cola2_stonefish/share/cola2_stonefish/data/alpha/rs1_130.mtl
[6.888s] -- Installing: /home/sf_ws/install/cola2_stonefish/share/cola2_stonefish/data/alpha/rs1_139_v2.obj
[6.888s] -- Installing: /home/sf_ws/install/cola2_stonefish/share/cola2_stonefish/data/alpha/M2-1-1.stl
[6.889s] -- Installing: /home/sf_ws/install/cola2_stonefish/share/cola2_stonefish/data/alpha/rs1_130_v4.mtl
[6.889s] -- Installing: /home/sf_ws/install/cola2_stonefish/share/cola2_stonefish/data/alpha/m2_1_1_v2.obj
[6.889s] -- Installing: /home/sf_ws/install/cola2_stonefish/share/cola2_stonefish/data/alpha/m3_inline.obj
[6.890s] -- Installing: /home/sf_ws/install/cola2_stonefish/share/cola2_stonefish/data/alpha/m2_v3.obj
[6.890s] -- Installing: /home/sf_ws/install/cola2_stonefish/share/cola2_stonefish/data/alpha/rs1_130_v3.obj
[6.890s] -- Installing: /home/sf_ws/install/cola2_stonefish/share/cola2_stonefish/data/alpha/rs1.obj
[6.890s] -- Installing: /home/sf_ws/install/cola2_stonefish/share/cola2_stonefish/data/alpha/rs1_139_v3.mtl
[6.890s] -- Installing: /home/sf_ws/install/cola2_stonefish/share/cola2_stonefish/data/alpha/rs1_130_v2.obj
[6.891s] -- Installing: /home/sf_ws/install/cola2_stonefish/share/cola2_stonefish/data/alpha/LICENSE
[6.891s] -- Installing: /home/sf_ws/install/cola2_stonefish/share/cola2_stonefish/data/alpha/m2_1_3_fin.obj
[6.891s] -- Installing: /home/sf_ws/install/cola2_stonefish/share/cola2_stonefish/data/alpha/rs1_139.mtl
[6.891s] -- Installing: /home/sf_ws/install/cola2_stonefish/share/cola2_stonefish/data/alpha/rs1_130_fin_v2.obj
[6.892s] -- Installing: /home/sf_ws/install/cola2_stonefish/share/cola2_stonefish/data/alpha/M2.stl
[6.893s] -- Installing: /home/sf_ws/install/cola2_stonefish/share/cola2_stonefish/data/alpha/rs1_139_fin_v2.obj
[6.893s] -- Installing: /home/sf_ws/install/cola2_stonefish/share/cola2_stonefish/data/alpha/rs1.mtl
[6.893s] -- Installing: /home/sf_ws/install/cola2_stonefish/share/cola2_stonefish/data/alpha/m2_v2.mtl
[6.894s] -- Installing: /home/sf_ws/install/cola2_stonefish/share/cola2_stonefish/data/alpha/rs1_130_fin_v2.mtl
[6.894s] -- Installing: /home/sf_ws/install/cola2_stonefish/share/cola2_stonefish/data/alpha/rs1_130_fin.mtl
[6.894s] -- Installing: /home/sf_ws/install/cola2_stonefish/share/cola2_stonefish/data/alpha/m2_1_3.obj
[6.894s] -- Installing: /home/sf_ws/install/cola2_stonefish/share/cola2_stonefish/data/alpha/m3_inline.mtl
[6.894s] -- Installing: /home/sf_ws/install/cola2_stonefish/share/cola2_stonefish/data/alpha/m2_1_3_fin.mtl
[6.894s] -- Installing: /home/sf_ws/install/cola2_stonefish/share/cola2_stonefish/data/alpha/rs1_130.obj
[6.894s] -- Installing: /home/sf_ws/install/cola2_stonefish/share/cola2_stonefish/data/alpha/rs1_130_fin_v3.obj
[6.895s] -- Installing: /home/sf_ws/install/cola2_stonefish/share/cola2_stonefish/data/alpha/m2.mtl
[6.895s] -- Installing: /home/sf_ws/install/cola2_stonefish/share/cola2_stonefish/data/alpha/rs1_130_v4.obj
[6.896s] -- Installing: /home/sf_ws/install/cola2_stonefish/share/cola2_stonefish/data/alpha/rs1_139.obj
[6.896s] -- Installing: /home/sf_ws/install/cola2_stonefish/share/cola2_stonefish/data/alpha/rs1_124.obj
[6.896s] -- Installing: /home/sf_ws/install/cola2_stonefish/share/cola2_stonefish/data/alpha/rs1_139_fin.obj
[6.896s] -- Installing: /home/sf_ws/install/cola2_stonefish/share/cola2_stonefish/data/alpha/rs1_124_v2.mtl
[6.897s] -- Installing: /home/sf_ws/install/cola2_stonefish/share/cola2_stonefish/data/alpha/RS1-100-101-123.stl
[6.898s] -- Installing: /home/sf_ws/install/cola2_stonefish/share/cola2_stonefish/data/alpha/rs1_139_fin_v2.mtl
[6.898s] -- Installing: /home/sf_ws/install/cola2_stonefish/share/cola2_stonefish/data/alpha/rs1_130_v5.obj
[6.898s] -- Installing: /home/sf_ws/install/cola2_stonefish/share/cola2_stonefish/data/alpha/rs1_130_fin.obj
[6.898s] -- Installing: /home/sf_ws/install/cola2_stonefish/share/cola2_stonefish/data/alpha/rs1_139_fin_v3.mtl
[6.898s] -- Installing: /home/sf_ws/install/cola2_stonefish/share/cola2_stonefish/data/cirs_tank.obj
[6.898s] -- Installing: /home/sf_ws/install/cola2_stonefish/share/cola2_stonefish/data/stereo.obj
[6.900s] -- Installing: /home/sf_ws/install/cola2_stonefish/share/cola2_stonefish/data/reach_bravo7
[6.900s] -- Installing: /home/sf_ws/install/cola2_stonefish/share/cola2_stonefish/data/reach_bravo7/cp_probe_foam.obj
[6.901s] -- Installing: /home/sf_ws/install/cola2_stonefish/share/cola2_stonefish/data/reach_bravo7/cp_probe_foam_phy.obj
[6.901s] -- Installing: /home/sf_ws/install/cola2_stonefish/share/cola2_stonefish/data/reach_bravo7/link2_phy.obj
[6.901s] -- Installing: /home/sf_ws/install/cola2_stonefish/share/cola2_stonefish/data/reach_bravo7/link5.obj
[6.901s] -- Installing: /home/sf_ws/install/cola2_stonefish/share/cola2_stonefish/data/reach_bravo7/link6.obj
[6.902s] -- Installing: /home/sf_ws/install/cola2_stonefish/share/cola2_stonefish/data/reach_bravo7/nemo_drill_tex.png
[6.902s] -- Installing: /home/sf_ws/install/cola2_stonefish/share/cola2_stonefish/data/reach_bravo7/fta_phy.obj
[6.902s] -- Installing: /home/sf_ws/install/cola2_stonefish/share/cola2_stonefish/data/reach_bravo7/nemo_brush.obj
[6.902s] -- Installing: /home/sf_ws/install/cola2_stonefish/share/cola2_stonefish/data/reach_bravo7/nemo_brush_phy.obj
[6.902s] -- Installing: /home/sf_ws/install/cola2_stonefish/share/cola2_stonefish/data/reach_bravo7/cp_probe_phy.obj
[6.902s] -- Installing: /home/sf_ws/install/cola2_stonefish/share/cola2_stonefish/data/reach_bravo7/link3_phy.obj
[6.903s] -- Installing: /home/sf_ws/install/cola2_stonefish/share/cola2_stonefish/data/reach_bravo7/link3.obj
[6.903s] -- Installing: /home/sf_ws/install/cola2_stonefish/share/cola2_stonefish/data/reach_bravo7/fta.obj
[6.903s] -- Installing: /home/sf_ws/install/cola2_stonefish/share/cola2_stonefish/data/reach_bravo7/link6_phy.obj
[6.903s] -- Installing: /home/sf_ws/install/cola2_stonefish/share/cola2_stonefish/data/reach_bravo7/link4.obj
[6.904s] -- Installing: /home/sf_ws/install/cola2_stonefish/share/cola2_stonefish/data/reach_bravo7/cp_probe.obj
[6.904s] -- Installing: /home/sf_ws/install/cola2_stonefish/share/cola2_stonefish/data/reach_bravo7/nemo_drill.obj
[6.905s] -- Installing: /home/sf_ws/install/cola2_stonefish/share/cola2_stonefish/data/reach_bravo7/nemo_brush_tex.png
[6.905s] -- Installing: /home/sf_ws/install/cola2_stonefish/share/cola2_stonefish/data/reach_bravo7/cp_probe_tex.png
[6.905s] -- Installing: /home/sf_ws/install/cola2_stonefish/share/cola2_stonefish/data/reach_bravo7/nemo_drill_phy.obj
[6.905s] -- Installing: /home/sf_ws/install/cola2_stonefish/share/cola2_stonefish/data/reach_bravo7/link1.obj
[6.906s] -- Installing: /home/sf_ws/install/cola2_stonefish/share/cola2_stonefish/data/reach_bravo7/link2.obj
[6.906s] -- Installing: /home/sf_ws/install/cola2_stonefish/share/cola2_stonefish/data/reach_bravo7/ftb_phy.obj
[6.906s] -- Installing: /home/sf_ws/install/cola2_stonefish/share/cola2_stonefish/data/reach_bravo7/link5_phy.obj
[6.906s] -- Installing: /home/sf_ws/install/cola2_stonefish/share/cola2_stonefish/data/reach_bravo7/link4_phy.obj
[6.906s] -- Installing: /home/sf_ws/install/cola2_stonefish/share/cola2_stonefish/data/reach_bravo7/base_link.obj
[6.907s] -- Installing: /home/sf_ws/install/cola2_stonefish/share/cola2_stonefish/data/reach_bravo7/ftb.obj
[6.907s] -- Installing: /home/sf_ws/install/cola2_stonefish/share/cola2_stonefish/data/reach_bravo7/base_link_phy.obj
[6.907s] -- Installing: /home/sf_ws/install/cola2_stonefish/share/cola2_stonefish/data/reach_bravo7/link1_phy.obj
[6.907s] -- Installing: /home/sf_ws/install/cola2_stonefish/share/cola2_stonefish/data/opti_blueboat
[6.907s] -- Installing: /home/sf_ws/install/cola2_stonefish/share/cola2_stonefish/data/opti_blueboat/right_side.obj
[6.908s] -- Installing: /home/sf_ws/install/cola2_stonefish/share/cola2_stonefish/data/opti_blueboat/left.mtl
[6.909s] -- Installing: /home/sf_ws/install/cola2_stonefish/share/cola2_stonefish/data/opti_blueboat/rightside_back.mtl
[6.909s] -- Installing: /home/sf_ws/install/cola2_stonefish/share/cola2_stonefish/data/opti_blueboat/metal_fron.obj
[6.909s] -- Installing: /home/sf_ws/install/cola2_stonefish/share/cola2_stonefish/data/opti_blueboat/front_metal_or.mtl
[6.909s] -- Installing: /home/sf_ws/install/cola2_stonefish/share/cola2_stonefish/data/opti_blueboat/metal_rear.mtl
[6.909s] -- Installing: /home/sf_ws/install/cola2_stonefish/share/cola2_stonefish/data/opti_blueboat/left_side2.mtl
[6.909s] -- Installing: /home/sf_ws/install/cola2_stonefish/share/cola2_stonefish/data/opti_blueboat/right_side_or.mtl
[6.909s] -- Installing: /home/sf_ws/install/cola2_stonefish/share/cola2_stonefish/data/opti_blueboat/rightside_F1.obj
[6.910s] -- Installing: /home/sf_ws/install/cola2_stonefish/share/cola2_stonefish/data/opti_blueboat/rightside_F.mtl
[6.910s] -- Installing: /home/sf_ws/install/cola2_stonefish/share/cola2_stonefish/data/opti_blueboat/rear_metal.mtl
[6.910s] -- Installing: /home/sf_ws/install/cola2_stonefish/share/cola2_stonefish/data/opti_blueboat/propeller.obj
[6.910s] -- Installing: /home/sf_ws/install/cola2_stonefish/share/cola2_stonefish/data/opti_blueboat/metal_front.obj
[6.910s] -- Installing: /home/sf_ws/install/cola2_stonefish/share/cola2_stonefish/data/opti_blueboat/left_rear_or.obj
[6.910s] -- Installing: /home/sf_ws/install/cola2_stonefish/share/cola2_stonefish/data/opti_blueboat/right_side.mtl
[6.910s] -- Installing: /home/sf_ws/install/cola2_stonefish/share/cola2_stonefish/data/opti_blueboat/propeller_cc.obj
[6.911s] -- Installing: /home/sf_ws/install/cola2_stonefish/share/cola2_stonefish/data/opti_blueboat/metal_fron.mtl
[6.911s] -- Installing: /home/sf_ws/install/cola2_stonefish/share/cola2_stonefish/data/opti_blueboat/rightside_F.obj
[6.911s] -- Installing: /home/sf_ws/install/cola2_stonefish/share/cola2_stonefish/data/opti_blueboat/metal_rear.obj
[6.911s] -- Installing: /home/sf_ws/install/cola2_stonefish/share/cola2_stonefish/data/opti_blueboat/rightside_F1.mtl
[6.911s] -- Installing: /home/sf_ws/install/cola2_stonefish/share/cola2_stonefish/data/opti_blueboat/left_side2.obj
[6.912s] -- Installing: /home/sf_ws/install/cola2_stonefish/share/cola2_stonefish/data/opti_blueboat/metal_front.mtl
[6.912s] -- Installing: /home/sf_ws/install/cola2_stonefish/share/cola2_stonefish/data/opti_blueboat/left_side_or.obj
[6.912s] -- Installing: /home/sf_ws/install/cola2_stonefish/share/cola2_stonefish/data/opti_blueboat/right_rear_or.obj
[6.913s] -- Installing: /home/sf_ws/install/cola2_stonefish/share/cola2_stonefish/data/opti_blueboat/metal_rear_tube.mtl
[6.913s] -- Installing: /home/sf_ws/install/cola2_stonefish/share/cola2_stonefish/data/opti_blueboat/left.obj
[6.913s] -- Installing: /home/sf_ws/install/cola2_stonefish/share/cola2_stonefish/data/opti_blueboat/metal.obj
[6.914s] -- Installing: /home/sf_ws/install/cola2_stonefish/share/cola2_stonefish/data/opti_blueboat/front_metal.obj
[6.914s] -- Installing: /home/sf_ws/install/cola2_stonefish/share/cola2_stonefish/data/opti_blueboat/front_metal_or.obj
[6.914s] -- Installing: /home/sf_ws/install/cola2_stonefish/share/cola2_stonefish/data/opti_blueboat/propeller2.obj
[6.914s] -- Installing: /home/sf_ws/install/cola2_stonefish/share/cola2_stonefish/data/opti_blueboat/rear_metal.obj
[6.914s] -- Installing: /home/sf_ws/install/cola2_stonefish/share/cola2_stonefish/data/opti_blueboat/left_side.obj
[6.915s] -- Installing: /home/sf_ws/install/cola2_stonefish/share/cola2_stonefish/data/opti_blueboat/left_rear_or.mtl
[6.915s] -- Installing: /home/sf_ws/install/cola2_stonefish/share/cola2_stonefish/data/opti_blueboat/leftside_F.obj
[6.916s] -- Installing: /home/sf_ws/install/cola2_stonefish/share/cola2_stonefish/data/opti_blueboat/leftside_F.mtl
[6.916s] -- Installing: /home/sf_ws/install/cola2_stonefish/share/cola2_stonefish/data/opti_blueboat/metal.mtl
[6.916s] -- Installing: /home/sf_ws/install/cola2_stonefish/share/cola2_stonefish/data/opti_blueboat/metal_rear_tube.obj
[6.916s] -- Installing: /home/sf_ws/install/cola2_stonefish/share/cola2_stonefish/data/opti_blueboat/left_side.mtl
[6.916s] -- Installing: /home/sf_ws/install/cola2_stonefish/share/cola2_stonefish/data/opti_blueboat/leftside_back.mtl
[6.916s] -- Installing: /home/sf_ws/install/cola2_stonefish/share/cola2_stonefish/data/opti_blueboat/rightside_back.obj
[6.916s] -- Installing: /home/sf_ws/install/cola2_stonefish/share/cola2_stonefish/data/opti_blueboat/leftside_F1.mtl
[6.917s] -- Installing: /home/sf_ws/install/cola2_stonefish/share/cola2_stonefish/data/opti_blueboat/left_side_or.mtl
[6.917s] -- Installing: /home/sf_ws/install/cola2_stonefish/share/cola2_stonefish/data/opti_blueboat/leftside_back.obj
[6.917s] -- Installing: /home/sf_ws/install/cola2_stonefish/share/cola2_stonefish/data/opti_blueboat/leftside_F1.obj
[6.917s] -- Installing: /home/sf_ws/install/cola2_stonefish/share/cola2_stonefish/data/opti_blueboat/right_side_or.obj
[6.918s] -- Installing: /home/sf_ws/install/cola2_stonefish/share/cola2_stonefish/data/opti_blueboat/right_rear_or.mtl
[6.918s] -- Installing: /home/sf_ws/install/cola2_stonefish/share/cola2_stonefish/data/opti_blueboat/front_metal.mtl
[6.918s] -- Installing: /home/sf_ws/install/cola2_stonefish/share/cola2_stonefish/data/falcon
[6.918s] -- Installing: /home/sf_ws/install/cola2_stonefish/share/cola2_stonefish/data/falcon/frame.mtl
[6.918s] -- Installing: /home/sf_ws/install/cola2_stonefish/share/cola2_stonefish/data/falcon/right_light_glass.obj
[6.918s] -- Installing: /home/sf_ws/install/cola2_stonefish/share/cola2_stonefish/data/falcon/z_duct.obj
[6.918s] -- Installing: /home/sf_ws/install/cola2_stonefish/share/cola2_stonefish/data/falcon/right_light_glass.mtl
[6.918s] -- Installing: /home/sf_ws/install/cola2_stonefish/share/cola2_stonefish/data/falcon/right_glass.obj
[6.919s] -- Installing: /home/sf_ws/install/cola2_stonefish/share/cola2_stonefish/data/falcon/propeller.obj
[6.919s] -- Installing: /home/sf_ws/install/cola2_stonefish/share/cola2_stonefish/data/falcon/lower_hull.obj
[6.919s] -- Installing: /home/sf_ws/install/cola2_stonefish/share/cola2_stonefish/data/falcon/left_glass.obj
[6.919s] -- Installing: /home/sf_ws/install/cola2_stonefish/share/cola2_stonefish/data/falcon/frame_right.mtl
[6.919s] -- Installing: /home/sf_ws/install/cola2_stonefish/share/cola2_stonefish/data/falcon/lower_hull_fin4.obj
[6.919s] -- Installing: /home/sf_ws/install/cola2_stonefish/share/cola2_stonefish/data/falcon/right_glass.mtl
[6.919s] -- Installing: /home/sf_ws/install/cola2_stonefish/share/cola2_stonefish/data/falcon/lower_hull_fin2.mtl
[6.920s] -- Installing: /home/sf_ws/install/cola2_stonefish/share/cola2_stonefish/data/falcon/front_left_duct.obj
[6.920s] -- Installing: /home/sf_ws/install/cola2_stonefish/share/cola2_stonefish/data/falcon/under_frame.mtl
[6.920s] -- Installing: /home/sf_ws/install/cola2_stonefish/share/cola2_stonefish/data/falcon/frame_left.mtl
[6.920s] -- Installing: /home/sf_ws/install/cola2_stonefish/share/cola2_stonefish/data/falcon/lower_hull_fin5.mtl
[6.920s] -- Installing: /home/sf_ws/install/cola2_stonefish/share/cola2_stonefish/data/falcon/lower_hull_fin3.obj
[6.920s] -- Installing: /home/sf_ws/install/cola2_stonefish/share/cola2_stonefish/data/falcon/frame.obj
[6.921s] -- Installing: /home/sf_ws/install/cola2_stonefish/share/cola2_stonefish/data/falcon/upper_hull.mtl
[6.921s] -- Installing: /home/sf_ws/install/cola2_stonefish/share/cola2_stonefish/data/falcon/center_light_glass.mtl
[6.921s] -- Installing: /home/sf_ws/install/cola2_stonefish/share/cola2_stonefish/data/falcon/battery.obj
[6.921s] -- Installing: /home/sf_ws/install/cola2_stonefish/share/cola2_stonefish/data/falcon/center_light.obj
[6.921s] -- Installing: /home/sf_ws/install/cola2_stonefish/share/cola2_stonefish/data/falcon/right_light.mtl
[6.922s] -- Installing: /home/sf_ws/install/cola2_stonefish/share/cola2_stonefish/data/falcon/lower_hull_fin3.mtl
[6.922s] -- Installing: /home/sf_ws/install/cola2_stonefish/share/cola2_stonefish/data/falcon/rear_left_duct.obj
[6.922s] -- Installing: /home/sf_ws/install/cola2_stonefish/share/cola2_stonefish/data/falcon/battery.mtl
[6.922s] -- Installing: /home/sf_ws/install/cola2_stonefish/share/cola2_stonefish/data/falcon/frame_right.obj
[6.922s] -- Installing: /home/sf_ws/install/cola2_stonefish/share/cola2_stonefish/data/falcon/frame_left.obj
[6.922s] -- Installing: /home/sf_ws/install/cola2_stonefish/share/cola2_stonefish/data/falcon/under_frame.obj
[6.922s] -- Installing: /home/sf_ws/install/cola2_stonefish/share/cola2_stonefish/data/falcon/left_light.obj
[6.923s] -- Installing: /home/sf_ws/install/cola2_stonefish/share/cola2_stonefish/data/falcon/falcon_arm_base.obj
[6.923s] -- Installing: /home/sf_ws/install/cola2_stonefish/share/cola2_stonefish/data/falcon/camera.obj
[6.923s] -- Installing: /home/sf_ws/install/cola2_stonefish/share/cola2_stonefish/data/falcon/left_light.mtl
[6.923s] -- Installing: /home/sf_ws/install/cola2_stonefish/share/cola2_stonefish/data/falcon/front_right_duct.obj
[6.923s] -- Installing: /home/sf_ws/install/cola2_stonefish/share/cola2_stonefish/data/falcon/right_light.obj
[6.923s] -- Installing: /home/sf_ws/install/cola2_stonefish/share/cola2_stonefish/data/falcon/rear_right_duct.mtl
[6.923s] -- Installing: /home/sf_ws/install/cola2_stonefish/share/cola2_stonefish/data/falcon/center_light.mtl
[6.924s] -- Installing: /home/sf_ws/install/cola2_stonefish/share/cola2_stonefish/data/falcon/camera.mtl
[6.924s] -- Installing: /home/sf_ws/install/cola2_stonefish/share/cola2_stonefish/data/falcon/camera_dome.obj
[6.924s] -- Installing: /home/sf_ws/install/cola2_stonefish/share/cola2_stonefish/data/falcon/camera_support.mtl
[6.924s] -- Installing: /home/sf_ws/install/cola2_stonefish/share/cola2_stonefish/data/falcon/left_glass.mtl
[6.924s] -- Installing: /home/sf_ws/install/cola2_stonefish/share/cola2_stonefish/data/falcon/front_left_duct.mtl
[6.924s] -- Installing: /home/sf_ws/install/cola2_stonefish/share/cola2_stonefish/data/falcon/camera_dome.mtl
[6.924s] -- Installing: /home/sf_ws/install/cola2_stonefish/share/cola2_stonefish/data/falcon/front_right_duct.mtl
[6.924s] -- Installing: /home/sf_ws/install/cola2_stonefish/share/cola2_stonefish/data/falcon/rear_left_duct.mtl
[6.924s] -- Installing: /home/sf_ws/install/cola2_stonefish/share/cola2_stonefish/data/falcon/camera_support.obj
[6.925s] -- Installing: /home/sf_ws/install/cola2_stonefish/share/cola2_stonefish/data/falcon/upper_hull.obj
[6.925s] -- Installing: /home/sf_ws/install/cola2_stonefish/share/cola2_stonefish/data/falcon/girona_propeller.obj
[6.925s] -- Installing: /home/sf_ws/install/cola2_stonefish/share/cola2_stonefish/data/falcon/left_light_glass.mtl
[6.925s] -- Installing: /home/sf_ws/install/cola2_stonefish/share/cola2_stonefish/data/falcon/propeller.mtl
[6.925s] -- Installing: /home/sf_ws/install/cola2_stonefish/share/cola2_stonefish/data/falcon/falcon_arm_base.mtl
[6.925s] -- Installing: /home/sf_ws/install/cola2_stonefish/share/cola2_stonefish/data/falcon/rear_right_duct.obj
[6.926s] -- Installing: /home/sf_ws/install/cola2_stonefish/share/cola2_stonefish/data/falcon/lower_hull_fin4.mtl
[6.926s] -- Installing: /home/sf_ws/install/cola2_stonefish/share/cola2_stonefish/data/falcon/lower_hull.mtl
[6.926s] -- Installing: /home/sf_ws/install/cola2_stonefish/share/cola2_stonefish/data/falcon/lower_hull_fin.mtl
[6.926s] -- Installing: /home/sf_ws/install/cola2_stonefish/share/cola2_stonefish/data/falcon/lower_hull_fin2.obj
[6.926s] -- Installing: /home/sf_ws/install/cola2_stonefish/share/cola2_stonefish/data/falcon/lower_hull_fin.obj
[6.926s] -- Installing: /home/sf_ws/install/cola2_stonefish/share/cola2_stonefish/data/falcon/left_light_glass.obj
[6.926s] -- Installing: /home/sf_ws/install/cola2_stonefish/share/cola2_stonefish/data/falcon/center_light_glass.obj
[6.927s] -- Installing: /home/sf_ws/install/cola2_stonefish/share/cola2_stonefish/data/falcon/z_duct.mtl
[6.927s] -- Installing: /home/sf_ws/install/cola2_stonefish/share/cola2_stonefish/data/falcon/lower_hull_fin5.obj
[6.927s] -- Installing: /home/sf_ws/install/cola2_stonefish/share/cola2_stonefish/scenarios
[6.927s] -- Installing: /home/sf_ws/install/cola2_stonefish/share/cola2_stonefish/scenarios/bluerov2_unphy.scn
[6.927s] -- Installing: /home/sf_ws/install/cola2_stonefish/share/cola2_stonefish/scenarios/girona500.scn
[6.927s] -- Installing: /home/sf_ws/install/cola2_stonefish/share/cola2_stonefish/scenarios/bluerov_tank.scn
[6.927s] -- Installing: /home/sf_ws/install/cola2_stonefish/share/cola2_stonefish/scenarios/blueboat.scn
[6.927s] -- Installing: /home/sf_ws/install/cola2_stonefish/share/cola2_stonefish/scenarios/blueboat_bluerov_env.scn
[6.928s] -- Installing: /home/sf_ws/install/cola2_stonefish/share/cola2_stonefish/scenarios/bluerov2_unphy_laser_tank.scn
[6.928s] -- Installing: /home/sf_ws/install/cola2_stonefish/share/cola2_stonefish/scenarios/sparus2_tank.scn
[6.928s] -- Installing: /home/sf_ws/install/cola2_stonefish/share/cola2_stonefish/scenarios/bluerov2_heavy_alpha_tank.scn
[6.928s] -- Installing: /home/sf_ws/install/cola2_stonefish/share/cola2_stonefish/scenarios/HW_REXROV2.scn
[6.928s] -- Installing: /home/sf_ws/install/cola2_stonefish/share/cola2_stonefish/scenarios/falcon.scn
[6.928s] -- Installing: /home/sf_ws/install/cola2_stonefish/share/cola2_stonefish/scenarios/sparus2.scn
[6.928s] -- Installing: /home/sf_ws/install/cola2_stonefish/share/cola2_stonefish/scenarios/bluerov2_unphy_alpha_tank.scn
[6.928s] -- Installing: /home/sf_ws/install/cola2_stonefish/share/cola2_stonefish/scenarios/HW_REXROV2_tank.scn
[6.929s] -- Installing: /home/sf_ws/install/cola2_stonefish/share/cola2_stonefish/scenarios/girona500_valve_turning.scn
[6.929s] -- Installing: /home/sf_ws/install/cola2_stonefish/share/cola2_stonefish/scenarios/blueboat_tank.scn
[6.929s] -- Installing: /home/sf_ws/install/cola2_stonefish/share/cola2_stonefish/scenarios/bluerov2_unphy_alpha.scn
[6.929s] -- Installing: /home/sf_ws/install/cola2_stonefish/share/cola2_stonefish/scenarios/bluerov.scn
[6.929s] -- Installing: /home/sf_ws/install/cola2_stonefish/share/cola2_stonefish/scenarios/bluerov2_unphy_laser.scn
[6.929s] -- Installing: /home/sf_ws/install/cola2_stonefish/share/cola2_stonefish/scenarios/blueboat_bluerov.scn
[6.929s] -- Installing: /home/sf_ws/install/cola2_stonefish/share/cola2_stonefish/scenarios/bluerov2_heavy.scn
[6.930s] -- Installing: /home/sf_ws/install/cola2_stonefish/share/cola2_stonefish/scenarios/girona500_tank.scn
[6.930s] -- Installing: /home/sf_ws/install/cola2_stonefish/share/cola2_stonefish/scenarios/bluerov_stereo_tank.scn
[6.930s] -- Installing: /home/sf_ws/install/cola2_stonefish/share/cola2_stonefish/scenarios/falcon_tank.scn
[6.930s] -- Installing: /home/sf_ws/install/cola2_stonefish/share/cola2_stonefish/scenarios/bluerov_fls_tank.scn
[6.930s] -- Installing: /home/sf_ws/install/cola2_stonefish/share/cola2_stonefish/scenarios/girona500_eca5emicro.scn
[6.930s] -- Installing: /home/sf_ws/install/cola2_stonefish/share/cola2_stonefish/scenarios/bluerov_stereo.scn
[6.930s] -- Installing: /home/sf_ws/install/cola2_stonefish/share/cola2_stonefish/scenarios/bluerov_fls.scn
[6.931s] -- Installing: /home/sf_ws/install/cola2_stonefish/share/cola2_stonefish/scenarios/bluerov2_heavy_alpha.scn
[6.931s] -- Installing: /home/sf_ws/install/cola2_stonefish/share/cola2_stonefish/scenarios/bluerov2_unphy_fls_tank.scn
[6.931s] -- Installing: /home/sf_ws/install/cola2_stonefish/share/cola2_stonefish/scenarios/bluerov2_heavy_tank.scn
[6.931s] -- Installing: /home/sf_ws/install/cola2_stonefish/share/ament_index/resource_index/package_run_dependencies/cola2_stonefish
[6.931s] -- Installing: /home/sf_ws/install/cola2_stonefish/share/ament_index/resource_index/parent_prefix_path/cola2_stonefish
[6.931s] -- Installing: /home/sf_ws/install/cola2_stonefish/share/cola2_stonefish/environment/ament_prefix_path.sh
[6.931s] -- Installing: /home/sf_ws/install/cola2_stonefish/share/cola2_stonefish/environment/ament_prefix_path.dsv
[6.931s] -- Installing: /home/sf_ws/install/cola2_stonefish/share/cola2_stonefish/environment/path.sh
[6.931s] -- Installing: /home/sf_ws/install/cola2_stonefish/share/cola2_stonefish/environment/path.dsv
[6.931s] -- Installing: /home/sf_ws/install/cola2_stonefish/share/cola2_stonefish/local_setup.bash
[6.932s] -- Installing: /home/sf_ws/install/cola2_stonefish/share/cola2_stonefish/local_setup.sh
[6.932s] -- Installing: /home/sf_ws/install/cola2_stonefish/share/cola2_stonefish/local_setup.zsh
[6.932s] -- Installing: /home/sf_ws/install/cola2_stonefish/share/cola2_stonefish/local_setup.dsv
[6.932s] -- Installing: /home/sf_ws/install/cola2_stonefish/share/cola2_stonefish/package.dsv
[6.932s] -- Installing: /home/sf_ws/install/cola2_stonefish/share/ament_index/resource_index/packages/cola2_stonefish
[6.932s] -- Installing: /home/sf_ws/install/cola2_stonefish/share/cola2_stonefish/cmake/cola2_stonefishConfig.cmake
[6.932s] -- Installing: /home/sf_ws/install/cola2_stonefish/share/cola2_stonefish/cmake/cola2_stonefishConfig-version.cmake
[6.932s] -- Installing: /home/sf_ws/install/cola2_stonefish/share/cola2_stonefish/package.xml
[6.933s] Invoked command in '/home/sf_ws/build/cola2_stonefish' returned '0': CMAKE_PREFIX_PATH=/opt/ros/humble:/home/sf_ws/install/cola2_msgs:/home/sf_ws/install/stonefish_ros2:/usr/local PKG_CONFIG_PATH=/home/sf_ws/install/cola2_msgs/lib/x86_64-linux-gnu/pkgconfig:/home/sf_ws/install/cola2_msgs/lib/pkgconfig:/usr/local/lib/pkgconfig:/usr/local/lib/pkgconfig /usr/bin/cmake --install /home/sf_ws/build/cola2_stonefish
