[0.047s] DEBUG:colcon:Command line arguments: ['/usr/bin/colcon', 'build', '--packages-select', 'cola2_msgs']
[0.047s] DEBUG:colcon:Parsed command line arguments: Namespace(log_base=None, log_level=None, verb_name='build', build_base='build', install_base='install', merge_install=False, symlink_install=False, test_result_base=None, continue_on_error=False, executor='parallel', parallel_workers=32, event_handlers=None, ignore_user_meta=False, metas=['./colcon.meta'], base_paths=['.'], packages_ignore=None, packages_ignore_regex=None, paths=None, packages_up_to=None, packages_up_to_regex=None, packages_above=None, packages_above_and_dependencies=None, packages_above_depth=None, packages_select_by_dep=None, packages_skip_by_dep=None, packages_skip_up_to=None, packages_select_build_failed=False, packages_skip_build_finished=False, packages_select_test_failures=False, packages_skip_test_passed=False, packages_select=['cola2_msgs'], packages_skip=None, packages_select_regex=None, packages_skip_regex=None, packages_start=None, packages_end=None, cmake_args=None, cmake_target=None, cmake_target_skip_unavailable=False, cmake_clean_cache=False, cmake_clean_first=False, cmake_force_configure=False, ament_cmake_args=None, catkin_cmake_args=None, catkin_skip_building_tests=False, mixin_files=None, mixin=None, verb_parser=<colcon_mixin.mixin.mixin_argument.MixinArgumentDecorator object at 0x76f88b3e4f10>, verb_extension=<colcon_core.verb.build.BuildVerb object at 0x76f88b529690>, main=<bound method BuildVerb.main of <colcon_core.verb.build.BuildVerb object at 0x76f88b529690>>, mixin_verb=('build',))
[0.101s] Level 1:colcon.colcon_core.package_discovery:discover_packages(colcon_meta) check parameters
[0.101s] INFO:colcon.colcon_metadata.package_discovery.colcon_meta:Using configuration from '/root/.colcon/metadata/default/Gazebo.meta'
[0.102s] INFO:colcon.colcon_metadata.package_discovery.colcon_meta:Using configuration from '/root/.colcon/metadata/default/fastrtps.meta'
[0.102s] Level 1:colcon.colcon_core.package_discovery:discover_packages(recursive) check parameters
[0.102s] Level 1:colcon.colcon_core.package_discovery:discover_packages(ignore) check parameters
[0.102s] Level 1:colcon.colcon_core.package_discovery:discover_packages(path) check parameters
[0.102s] Level 1:colcon.colcon_core.package_discovery:discover_packages(colcon_meta) discover
[0.102s] Level 1:colcon.colcon_core.package_discovery:discover_packages(recursive) discover
[0.102s] INFO:colcon.colcon_core.package_discovery:Crawling recursively for packages in '/home/sf_ws'
[0.102s] Level 1:colcon.colcon_core.package_identification:_identify(.) by extensions ['ignore', 'ignore_ament_install']
[0.102s] Level 1:colcon.colcon_core.package_identification:_identify(.) by extension 'ignore'
[0.102s] Level 1:colcon.colcon_core.package_identification:_identify(.) by extension 'ignore_ament_install'
[0.102s] Level 1:colcon.colcon_core.package_identification:_identify(.) by extensions ['colcon_pkg']
[0.102s] Level 1:colcon.colcon_core.package_identification:_identify(.) by extension 'colcon_pkg'
[0.102s] Level 1:colcon.colcon_core.package_identification:_identify(.) by extensions ['colcon_meta']
[0.102s] Level 1:colcon.colcon_core.package_identification:_identify(.) by extension 'colcon_meta'
[0.102s] Level 1:colcon.colcon_core.package_identification:_identify(.) by extensions ['ros']
[0.102s] Level 1:colcon.colcon_core.package_identification:_identify(.) by extension 'ros'
[0.107s] Level 1:colcon.colcon_core.package_identification:_identify(.) by extensions ['cmake', 'python']
[0.107s] Level 1:colcon.colcon_core.package_identification:_identify(.) by extension 'cmake'
[0.107s] Level 1:colcon.colcon_core.package_identification:_identify(.) by extension 'python'
[0.107s] Level 1:colcon.colcon_core.package_identification:_identify(.) by extensions ['python_setup_py']
[0.107s] Level 1:colcon.colcon_core.package_identification:_identify(.) by extension 'python_setup_py'
[0.107s] Level 1:colcon.colcon_core.package_identification:_identify(annotations_2024-10-12) by extensions ['ignore', 'ignore_ament_install']
[0.107s] Level 1:colcon.colcon_core.package_identification:_identify(annotations_2024-10-12) by extension 'ignore'
[0.107s] Level 1:colcon.colcon_core.package_identification:_identify(annotations_2024-10-12) by extension 'ignore_ament_install'
[0.107s] Level 1:colcon.colcon_core.package_identification:_identify(annotations_2024-10-12) by extensions ['colcon_pkg']
[0.107s] Level 1:colcon.colcon_core.package_identification:_identify(annotations_2024-10-12) by extension 'colcon_pkg'
[0.107s] Level 1:colcon.colcon_core.package_identification:_identify(annotations_2024-10-12) by extensions ['colcon_meta']
[0.107s] Level 1:colcon.colcon_core.package_identification:_identify(annotations_2024-10-12) by extension 'colcon_meta'
[0.107s] Level 1:colcon.colcon_core.package_identification:_identify(annotations_2024-10-12) by extensions ['ros']
[0.107s] Level 1:colcon.colcon_core.package_identification:_identify(annotations_2024-10-12) by extension 'ros'
[0.107s] Level 1:colcon.colcon_core.package_identification:_identify(annotations_2024-10-12) by extensions ['cmake', 'python']
[0.107s] Level 1:colcon.colcon_core.package_identification:_identify(annotations_2024-10-12) by extension 'cmake'
[0.107s] Level 1:colcon.colcon_core.package_identification:_identify(annotations_2024-10-12) by extension 'python'
[0.107s] Level 1:colcon.colcon_core.package_identification:_identify(annotations_2024-10-12) by extensions ['python_setup_py']
[0.107s] Level 1:colcon.colcon_core.package_identification:_identify(annotations_2024-10-12) by extension 'python_setup_py'
[0.107s] Level 1:colcon.colcon_core.package_identification:_identify(build) by extensions ['ignore', 'ignore_ament_install']
[0.107s] Level 1:colcon.colcon_core.package_identification:_identify(build) by extension 'ignore'
[0.107s] Level 1:colcon.colcon_core.package_identification:_identify(build) ignored
[0.107s] Level 1:colcon.colcon_core.package_identification:_identify(install) by extensions ['ignore', 'ignore_ament_install']
[0.107s] Level 1:colcon.colcon_core.package_identification:_identify(install) by extension 'ignore'
[0.107s] Level 1:colcon.colcon_core.package_identification:_identify(install) ignored
[0.107s] Level 1:colcon.colcon_core.package_identification:_identify(log) by extensions ['ignore', 'ignore_ament_install']
[0.107s] Level 1:colcon.colcon_core.package_identification:_identify(log) by extension 'ignore'
[0.107s] Level 1:colcon.colcon_core.package_identification:_identify(log) ignored
[0.107s] Level 1:colcon.colcon_core.package_identification:_identify(logs) by extensions ['ignore', 'ignore_ament_install']
[0.107s] Level 1:colcon.colcon_core.package_identification:_identify(logs) by extension 'ignore'
[0.107s] Level 1:colcon.colcon_core.package_identification:_identify(logs) by extension 'ignore_ament_install'
[0.107s] Level 1:colcon.colcon_core.package_identification:_identify(logs) by extensions ['colcon_pkg']
[0.107s] Level 1:colcon.colcon_core.package_identification:_identify(logs) by extension 'colcon_pkg'
[0.107s] Level 1:colcon.colcon_core.package_identification:_identify(logs) by extensions ['colcon_meta']
[0.107s] Level 1:colcon.colcon_core.package_identification:_identify(logs) by extension 'colcon_meta'
[0.107s] Level 1:colcon.colcon_core.package_identification:_identify(logs) by extensions ['ros']
[0.107s] Level 1:colcon.colcon_core.package_identification:_identify(logs) by extension 'ros'
[0.107s] Level 1:colcon.colcon_core.package_identification:_identify(logs) by extensions ['cmake', 'python']
[0.107s] Level 1:colcon.colcon_core.package_identification:_identify(logs) by extension 'cmake'
[0.107s] Level 1:colcon.colcon_core.package_identification:_identify(logs) by extension 'python'
[0.107s] Level 1:colcon.colcon_core.package_identification:_identify(logs) by extensions ['python_setup_py']
[0.107s] Level 1:colcon.colcon_core.package_identification:_identify(logs) by extension 'python_setup_py'
[0.107s] Level 1:colcon.colcon_core.package_identification:_identify(src) by extensions ['ignore', 'ignore_ament_install']
[0.107s] Level 1:colcon.colcon_core.package_identification:_identify(src) by extension 'ignore'
[0.107s] Level 1:colcon.colcon_core.package_identification:_identify(src) by extension 'ignore_ament_install'
[0.107s] Level 1:colcon.colcon_core.package_identification:_identify(src) by extensions ['colcon_pkg']
[0.107s] Level 1:colcon.colcon_core.package_identification:_identify(src) by extension 'colcon_pkg'
[0.107s] Level 1:colcon.colcon_core.package_identification:_identify(src) by extensions ['colcon_meta']
[0.108s] Level 1:colcon.colcon_core.package_identification:_identify(src) by extension 'colcon_meta'
[0.108s] Level 1:colcon.colcon_core.package_identification:_identify(src) by extensions ['ros']
[0.108s] Level 1:colcon.colcon_core.package_identification:_identify(src) by extension 'ros'
[0.108s] Level 1:colcon.colcon_core.package_identification:_identify(src) by extensions ['cmake', 'python']
[0.108s] Level 1:colcon.colcon_core.package_identification:_identify(src) by extension 'cmake'
[0.108s] Level 1:colcon.colcon_core.package_identification:_identify(src) by extension 'python'
[0.108s] Level 1:colcon.colcon_core.package_identification:_identify(src) by extensions ['python_setup_py']
[0.108s] Level 1:colcon.colcon_core.package_identification:_identify(src) by extension 'python_setup_py'
[0.108s] Level 1:colcon.colcon_core.package_identification:_identify(src/cola2_msgs_ros2) by extensions ['ignore', 'ignore_ament_install']
[0.108s] Level 1:colcon.colcon_core.package_identification:_identify(src/cola2_msgs_ros2) by extension 'ignore'
[0.108s] Level 1:colcon.colcon_core.package_identification:_identify(src/cola2_msgs_ros2) by extension 'ignore_ament_install'
[0.108s] Level 1:colcon.colcon_core.package_identification:_identify(src/cola2_msgs_ros2) by extensions ['colcon_pkg']
[0.108s] Level 1:colcon.colcon_core.package_identification:_identify(src/cola2_msgs_ros2) by extension 'colcon_pkg'
[0.108s] Level 1:colcon.colcon_core.package_identification:_identify(src/cola2_msgs_ros2) by extensions ['colcon_meta']
[0.108s] Level 1:colcon.colcon_core.package_identification:_identify(src/cola2_msgs_ros2) by extension 'colcon_meta'
[0.108s] Level 1:colcon.colcon_core.package_identification:_identify(src/cola2_msgs_ros2) by extensions ['ros']
[0.108s] Level 1:colcon.colcon_core.package_identification:_identify(src/cola2_msgs_ros2) by extension 'ros'
[0.109s] DEBUG:colcon.colcon_core.package_identification:Package 'src/cola2_msgs_ros2' with type 'ros.catkin' and name 'cola2_msgs'
[0.109s] Level 1:colcon.colcon_core.package_identification:_identify(src/cola2_stonefish_ros2) by extensions ['ignore', 'ignore_ament_install']
[0.109s] Level 1:colcon.colcon_core.package_identification:_identify(src/cola2_stonefish_ros2) by extension 'ignore'
[0.109s] Level 1:colcon.colcon_core.package_identification:_identify(src/cola2_stonefish_ros2) by extension 'ignore_ament_install'
[0.109s] Level 1:colcon.colcon_core.package_identification:_identify(src/cola2_stonefish_ros2) by extensions ['colcon_pkg']
[0.109s] Level 1:colcon.colcon_core.package_identification:_identify(src/cola2_stonefish_ros2) by extension 'colcon_pkg'
[0.109s] Level 1:colcon.colcon_core.package_identification:_identify(src/cola2_stonefish_ros2) by extensions ['colcon_meta']
[0.109s] Level 1:colcon.colcon_core.package_identification:_identify(src/cola2_stonefish_ros2) by extension 'colcon_meta'
[0.109s] Level 1:colcon.colcon_core.package_identification:_identify(src/cola2_stonefish_ros2) by extensions ['ros']
[0.109s] Level 1:colcon.colcon_core.package_identification:_identify(src/cola2_stonefish_ros2) by extension 'ros'
[0.109s] DEBUG:colcon.colcon_core.package_identification:Package 'src/cola2_stonefish_ros2' with type 'ros.ament_cmake' and name 'cola2_stonefish'
[0.109s] Level 1:colcon.colcon_core.package_identification:_identify(src/extras_boat) by extensions ['ignore', 'ignore_ament_install']
[0.109s] Level 1:colcon.colcon_core.package_identification:_identify(src/extras_boat) by extension 'ignore'
[0.109s] Level 1:colcon.colcon_core.package_identification:_identify(src/extras_boat) by extension 'ignore_ament_install'
[0.109s] Level 1:colcon.colcon_core.package_identification:_identify(src/extras_boat) by extensions ['colcon_pkg']
[0.109s] Level 1:colcon.colcon_core.package_identification:_identify(src/extras_boat) by extension 'colcon_pkg'
[0.109s] Level 1:colcon.colcon_core.package_identification:_identify(src/extras_boat) by extensions ['colcon_meta']
[0.109s] Level 1:colcon.colcon_core.package_identification:_identify(src/extras_boat) by extension 'colcon_meta'
[0.109s] Level 1:colcon.colcon_core.package_identification:_identify(src/extras_boat) by extensions ['ros']
[0.109s] Level 1:colcon.colcon_core.package_identification:_identify(src/extras_boat) by extension 'ros'
[0.109s] Level 1:colcon.colcon_core.package_identification:_identify(src/extras_boat) by extensions ['cmake', 'python']
[0.109s] Level 1:colcon.colcon_core.package_identification:_identify(src/extras_boat) by extension 'cmake'
[0.110s] Level 1:colcon.colcon_core.package_identification:_identify(src/extras_boat) by extension 'python'
[0.110s] Level 1:colcon.colcon_core.package_identification:_identify(src/extras_boat) by extensions ['python_setup_py']
[0.110s] Level 1:colcon.colcon_core.package_identification:_identify(src/extras_boat) by extension 'python_setup_py'
[0.110s] Level 1:colcon.colcon_core.package_identification:_identify(src/extras_rov) by extensions ['ignore', 'ignore_ament_install']
[0.110s] Level 1:colcon.colcon_core.package_identification:_identify(src/extras_rov) by extension 'ignore'
[0.110s] Level 1:colcon.colcon_core.package_identification:_identify(src/extras_rov) by extension 'ignore_ament_install'
[0.110s] Level 1:colcon.colcon_core.package_identification:_identify(src/extras_rov) by extensions ['colcon_pkg']
[0.110s] Level 1:colcon.colcon_core.package_identification:_identify(src/extras_rov) by extension 'colcon_pkg'
[0.110s] Level 1:colcon.colcon_core.package_identification:_identify(src/extras_rov) by extensions ['colcon_meta']
[0.110s] Level 1:colcon.colcon_core.package_identification:_identify(src/extras_rov) by extension 'colcon_meta'
[0.110s] Level 1:colcon.colcon_core.package_identification:_identify(src/extras_rov) by extensions ['ros']
[0.110s] Level 1:colcon.colcon_core.package_identification:_identify(src/extras_rov) by extension 'ros'
[0.110s] Level 1:colcon.colcon_core.package_identification:_identify(src/extras_rov) by extensions ['cmake', 'python']
[0.110s] Level 1:colcon.colcon_core.package_identification:_identify(src/extras_rov) by extension 'cmake'
[0.110s] Level 1:colcon.colcon_core.package_identification:_identify(src/extras_rov) by extension 'python'
[0.110s] Level 1:colcon.colcon_core.package_identification:_identify(src/extras_rov) by extensions ['python_setup_py']
[0.110s] Level 1:colcon.colcon_core.package_identification:_identify(src/extras_rov) by extension 'python_setup_py'
[0.110s] Level 1:colcon.colcon_core.package_identification:_identify(src/stonefish_bluerov2) by extensions ['ignore', 'ignore_ament_install']
[0.110s] Level 1:colcon.colcon_core.package_identification:_identify(src/stonefish_bluerov2) by extension 'ignore'
[0.110s] Level 1:colcon.colcon_core.package_identification:_identify(src/stonefish_bluerov2) by extension 'ignore_ament_install'
[0.110s] Level 1:colcon.colcon_core.package_identification:_identify(src/stonefish_bluerov2) by extensions ['colcon_pkg']
[0.110s] Level 1:colcon.colcon_core.package_identification:_identify(src/stonefish_bluerov2) by extension 'colcon_pkg'
[0.110s] Level 1:colcon.colcon_core.package_identification:_identify(src/stonefish_bluerov2) by extensions ['colcon_meta']
[0.110s] Level 1:colcon.colcon_core.package_identification:_identify(src/stonefish_bluerov2) by extension 'colcon_meta'
[0.110s] Level 1:colcon.colcon_core.package_identification:_identify(src/stonefish_bluerov2) by extensions ['ros']
[0.110s] Level 1:colcon.colcon_core.package_identification:_identify(src/stonefish_bluerov2) by extension 'ros'
[0.110s] DEBUG:colcon.colcon_core.package_identification:Package 'src/stonefish_bluerov2' with type 'ros.ament_cmake' and name 'stonefish_bluerov2'
[0.110s] Level 1:colcon.colcon_core.package_identification:_identify(src/stonefish_ros2) by extensions ['ignore', 'ignore_ament_install']
[0.110s] Level 1:colcon.colcon_core.package_identification:_identify(src/stonefish_ros2) by extension 'ignore'
[0.110s] Level 1:colcon.colcon_core.package_identification:_identify(src/stonefish_ros2) by extension 'ignore_ament_install'
[0.110s] Level 1:colcon.colcon_core.package_identification:_identify(src/stonefish_ros2) by extensions ['colcon_pkg']
[0.110s] Level 1:colcon.colcon_core.package_identification:_identify(src/stonefish_ros2) by extension 'colcon_pkg'
[0.110s] Level 1:colcon.colcon_core.package_identification:_identify(src/stonefish_ros2) by extensions ['colcon_meta']
[0.110s] Level 1:colcon.colcon_core.package_identification:_identify(src/stonefish_ros2) by extension 'colcon_meta'
[0.110s] Level 1:colcon.colcon_core.package_identification:_identify(src/stonefish_ros2) by extensions ['ros']
[0.110s] Level 1:colcon.colcon_core.package_identification:_identify(src/stonefish_ros2) by extension 'ros'
[0.111s] DEBUG:colcon.colcon_core.package_identification:Package 'src/stonefish_ros2' with type 'ros.ament_cmake' and name 'stonefish_ros2'
[0.111s] Level 1:colcon.colcon_core.package_discovery:discover_packages(recursive) using defaults
[0.111s] Level 1:colcon.colcon_core.package_discovery:discover_packages(ignore) discover
[0.111s] Level 1:colcon.colcon_core.package_discovery:discover_packages(ignore) using defaults
[0.111s] Level 1:colcon.colcon_core.package_discovery:discover_packages(path) discover
[0.111s] Level 1:colcon.colcon_core.package_discovery:discover_packages(path) using defaults
[0.119s] INFO:colcon.colcon_core.package_selection:Skipping not selected package 'stonefish_bluerov2' in 'src/stonefish_bluerov2'
[0.119s] INFO:colcon.colcon_core.package_selection:Skipping not selected package 'stonefish_ros2' in 'src/stonefish_ros2'
[0.119s] INFO:colcon.colcon_core.package_selection:Skipping not selected package 'cola2_stonefish' in 'src/cola2_stonefish_ros2'
[0.119s] Level 5:colcon.colcon_core.verb:set package 'cola2_msgs' build argument 'cmake_args' from command line to 'None'
[0.119s] Level 5:colcon.colcon_core.verb:set package 'cola2_msgs' build argument 'cmake_target' from command line to 'None'
[0.119s] Level 5:colcon.colcon_core.verb:set package 'cola2_msgs' build argument 'cmake_target_skip_unavailable' from command line to 'False'
[0.119s] Level 5:colcon.colcon_core.verb:set package 'cola2_msgs' build argument 'cmake_clean_cache' from command line to 'False'
[0.119s] Level 5:colcon.colcon_core.verb:set package 'cola2_msgs' build argument 'cmake_clean_first' from command line to 'False'
[0.119s] Level 5:colcon.colcon_core.verb:set package 'cola2_msgs' build argument 'cmake_force_configure' from command line to 'False'
[0.119s] Level 5:colcon.colcon_core.verb:set package 'cola2_msgs' build argument 'ament_cmake_args' from command line to 'None'
[0.119s] Level 5:colcon.colcon_core.verb:set package 'cola2_msgs' build argument 'catkin_cmake_args' from command line to 'None'
[0.119s] Level 5:colcon.colcon_core.verb:set package 'cola2_msgs' build argument 'catkin_skip_building_tests' from command line to 'False'
[0.119s] DEBUG:colcon.colcon_core.verb:Building package 'cola2_msgs' with the following arguments: {'ament_cmake_args': None, 'build_base': '/home/sf_ws/build/cola2_msgs', 'catkin_cmake_args': None, 'catkin_skip_building_tests': False, 'cmake_args': None, 'cmake_clean_cache': False, 'cmake_clean_first': False, 'cmake_force_configure': False, 'cmake_target': None, 'cmake_target_skip_unavailable': False, 'install_base': '/home/sf_ws/install/cola2_msgs', 'merge_install': False, 'path': '/home/sf_ws/src/cola2_msgs_ros2', 'symlink_install': False, 'test_result_base': None}
[0.119s] INFO:colcon.colcon_core.executor:Executing jobs using 'parallel' executor
[0.120s] DEBUG:colcon.colcon_parallel_executor.executor.parallel:run_until_complete
[0.120s] INFO:colcon.colcon_ros.task.catkin.build:Building ROS package in '/home/sf_ws/src/cola2_msgs_ros2' with build type 'catkin'
[0.120s] INFO:colcon.colcon_cmake.task.cmake.build:Building CMake package in '/home/sf_ws/src/cola2_msgs_ros2'
[0.121s] INFO:colcon.colcon_core.plugin_system:Skipping extension 'colcon_core.shell.bat': Not used on non-Windows systems
[0.121s] INFO:colcon.colcon_core.shell:Skip shell extension 'powershell' for command environment: Not usable outside of PowerShell
[0.121s] DEBUG:colcon.colcon_core.shell:Skip shell extension 'dsv' for command environment
[0.127s] DEBUG:colcon.colcon_core.event_handler.log_command:Invoking command in '/home/sf_ws/build/cola2_msgs': /usr/bin/cmake /home/sf_ws/src/cola2_msgs_ros2 -DCATKIN_INSTALL_INTO_PREFIX_ROOT=0 -DCMAKE_INSTALL_PREFIX=/home/sf_ws/install/cola2_msgs
[1.263s] DEBUG:colcon.colcon_core.event_handler.log_command:Invoked command in '/home/sf_ws/build/cola2_msgs' returned '0': /usr/bin/cmake /home/sf_ws/src/cola2_msgs_ros2 -DCATKIN_INSTALL_INTO_PREFIX_ROOT=0 -DCMAKE_INSTALL_PREFIX=/home/sf_ws/install/cola2_msgs
[1.263s] DEBUG:colcon.colcon_core.event_handler.log_command:Invoking command in '/home/sf_ws/build/cola2_msgs': /usr/bin/cmake --build /home/sf_ws/build/cola2_msgs -- -j32 -l32
[7.101s] DEBUG:colcon.colcon_core.event_handler.log_command:Invoked command in '/home/sf_ws/build/cola2_msgs' returned '0': /usr/bin/cmake --build /home/sf_ws/build/cola2_msgs -- -j32 -l32
[7.741s] DEBUG:colcon.colcon_core.event_handler.log_command:Invoking command in '/home/sf_ws/build/cola2_msgs': /usr/bin/cmake --install /home/sf_ws/build/cola2_msgs
[7.810s] DEBUG:colcon.colcon_core.event_handler.log_command:Invoked command in '/home/sf_ws/build/cola2_msgs' returned '0': /usr/bin/cmake --install /home/sf_ws/build/cola2_msgs
[8.134s] Level 1:colcon.colcon_core.shell:create_environment_hook('cola2_msgs', 'ros_package_path')
[8.134s] INFO:colcon.colcon_core.shell:Creating environment hook '/home/sf_ws/install/cola2_msgs/share/cola2_msgs/hook/ros_package_path.ps1'
[8.135s] INFO:colcon.colcon_core.shell:Creating environment descriptor '/home/sf_ws/install/cola2_msgs/share/cola2_msgs/hook/ros_package_path.dsv'
[8.135s] INFO:colcon.colcon_core.shell:Creating environment hook '/home/sf_ws/install/cola2_msgs/share/cola2_msgs/hook/ros_package_path.sh'
[8.135s] Level 1:colcon.colcon_ros.task.catkin:checking '/home/sf_ws/install/cola2_msgs/local/lib/python3.10/dist-packages'
[8.135s] Level 1:colcon.colcon_core.shell:create_environment_hook('cola2_msgs', 'catkin_pythonpath')
[8.135s] INFO:colcon.colcon_core.shell:Creating environment hook '/home/sf_ws/install/cola2_msgs/share/cola2_msgs/hook/catkin_pythonpath.ps1'
[8.135s] INFO:colcon.colcon_core.shell:Creating environment descriptor '/home/sf_ws/install/cola2_msgs/share/cola2_msgs/hook/catkin_pythonpath.dsv'
[8.135s] INFO:colcon.colcon_core.shell:Creating environment hook '/home/sf_ws/install/cola2_msgs/share/cola2_msgs/hook/catkin_pythonpath.sh'
[8.136s] Level 1:colcon.colcon_core.shell:create_environment_hook('cola2_msgs', 'pkg_config_path')
[8.136s] INFO:colcon.colcon_core.shell:Creating environment hook '/home/sf_ws/install/cola2_msgs/share/cola2_msgs/hook/pkg_config_path.ps1'
[8.136s] INFO:colcon.colcon_core.shell:Creating environment descriptor '/home/sf_ws/install/cola2_msgs/share/cola2_msgs/hook/pkg_config_path.dsv'
[8.136s] INFO:colcon.colcon_core.shell:Creating environment hook '/home/sf_ws/install/cola2_msgs/share/cola2_msgs/hook/pkg_config_path.sh'
[8.137s] Level 1:colcon.colcon_core.shell:create_environment_hook('cola2_msgs', 'pkg_config_path_multiarch')
[8.137s] INFO:colcon.colcon_core.shell:Creating environment hook '/home/sf_ws/install/cola2_msgs/share/cola2_msgs/hook/pkg_config_path_multiarch.ps1'
[8.137s] INFO:colcon.colcon_core.shell:Creating environment descriptor '/home/sf_ws/install/cola2_msgs/share/cola2_msgs/hook/pkg_config_path_multiarch.dsv'
[8.137s] INFO:colcon.colcon_core.shell:Creating environment hook '/home/sf_ws/install/cola2_msgs/share/cola2_msgs/hook/pkg_config_path_multiarch.sh'
[8.138s] Level 1:colcon.colcon_core.environment:create_environment_scripts_only(cola2_msgs)
[8.138s] Level 1:colcon.colcon_core.environment:checking '/home/sf_ws/install/cola2_msgs' for CMake module files
[8.139s] Level 1:colcon.colcon_core.environment:checking '/home/sf_ws/install/cola2_msgs' for CMake config files
[8.139s] Level 1:colcon.colcon_core.shell:create_environment_hook('cola2_msgs', 'cmake_prefix_path')
[8.139s] INFO:colcon.colcon_core.shell:Creating environment hook '/home/sf_ws/install/cola2_msgs/share/cola2_msgs/hook/cmake_prefix_path.ps1'
[8.139s] INFO:colcon.colcon_core.shell:Creating environment descriptor '/home/sf_ws/install/cola2_msgs/share/cola2_msgs/hook/cmake_prefix_path.dsv'
[8.140s] INFO:colcon.colcon_core.shell:Creating environment hook '/home/sf_ws/install/cola2_msgs/share/cola2_msgs/hook/cmake_prefix_path.sh'
[8.144s] Level 1:colcon.colcon_core.environment:checking '/home/sf_ws/install/cola2_msgs/lib'
[8.144s] Level 1:colcon.colcon_core.shell:create_environment_hook('cola2_msgs', 'ld_library_path_lib')
[8.144s] INFO:colcon.colcon_core.shell:Creating environment hook '/home/sf_ws/install/cola2_msgs/share/cola2_msgs/hook/ld_library_path_lib.ps1'
[8.145s] INFO:colcon.colcon_core.shell:Creating environment descriptor '/home/sf_ws/install/cola2_msgs/share/cola2_msgs/hook/ld_library_path_lib.dsv'
[8.145s] INFO:colcon.colcon_core.shell:Creating environment hook '/home/sf_ws/install/cola2_msgs/share/cola2_msgs/hook/ld_library_path_lib.sh'
[8.145s] Level 1:colcon.colcon_core.environment:checking '/home/sf_ws/install/cola2_msgs/bin'
[8.145s] Level 1:colcon.colcon_core.environment:checking '/home/sf_ws/install/cola2_msgs/lib/pkgconfig/cola2_msgs.pc'
[8.146s] Level 1:colcon.colcon_core.environment:checking '/home/sf_ws/install/cola2_msgs/lib/python3.10/site-packages'
[8.146s] Level 1:colcon.colcon_core.environment:checking '/home/sf_ws/install/cola2_msgs/bin'
[8.146s] INFO:colcon.colcon_core.shell:Creating package script '/home/sf_ws/install/cola2_msgs/share/cola2_msgs/package.ps1'
[8.146s] INFO:colcon.colcon_core.shell:Creating package descriptor '/home/sf_ws/install/cola2_msgs/share/cola2_msgs/package.dsv'
[8.147s] INFO:colcon.colcon_core.shell:Creating package script '/home/sf_ws/install/cola2_msgs/share/cola2_msgs/package.sh'
[8.147s] INFO:colcon.colcon_core.shell:Creating package script '/home/sf_ws/install/cola2_msgs/share/cola2_msgs/package.bash'
[8.147s] INFO:colcon.colcon_core.shell:Creating package script '/home/sf_ws/install/cola2_msgs/share/cola2_msgs/package.zsh'
[8.147s] Level 1:colcon.colcon_core.environment:create_file_with_runtime_dependencies(/home/sf_ws/install/cola2_msgs/share/colcon-core/packages/cola2_msgs)
[8.148s] DEBUG:colcon.colcon_parallel_executor.executor.parallel:closing loop
[8.148s] DEBUG:colcon.colcon_parallel_executor.executor.parallel:loop closed
[8.148s] DEBUG:colcon.colcon_parallel_executor.executor.parallel:run_until_complete finished with '0'
[8.148s] DEBUG:colcon.colcon_core.event_reactor:joining thread
[8.150s] INFO:colcon.colcon_core.plugin_system:Skipping extension 'colcon_notification.desktop_notification.notify_send': Could not find 'notify-send'
[8.150s] INFO:colcon.colcon_core.plugin_system:Skipping extension 'colcon_notification.desktop_notification.terminal_notifier': Not used on non-Darwin systems
[8.150s] INFO:colcon.colcon_core.plugin_system:Skipping extension 'colcon_notification.desktop_notification.win32': Not used on non-Windows systems
[8.150s] INFO:colcon.colcon_notification.desktop_notification:Sending desktop notification using 'notify2'
[8.151s] DEBUG:colcon.colcon_notification.desktop_notification.notify2:Failed to initialize notify2: org.freedesktop.DBus.Error.Spawn.ExecFailed: /usr/bin/dbus-launch terminated abnormally without any error message
[8.151s] DEBUG:colcon.colcon_core.event_reactor:joined thread
[8.151s] INFO:colcon.colcon_core.shell:Creating prefix script '/home/sf_ws/install/local_setup.ps1'
[8.152s] INFO:colcon.colcon_core.shell:Creating prefix util module '/home/sf_ws/install/_local_setup_util_ps1.py'
[8.152s] INFO:colcon.colcon_core.shell:Creating prefix chain script '/home/sf_ws/install/setup.ps1'
[8.153s] INFO:colcon.colcon_core.shell:Creating prefix script '/home/sf_ws/install/local_setup.sh'
[8.153s] INFO:colcon.colcon_core.shell:Creating prefix util module '/home/sf_ws/install/_local_setup_util_sh.py'
[8.153s] INFO:colcon.colcon_core.shell:Creating prefix chain script '/home/sf_ws/install/setup.sh'
[8.154s] INFO:colcon.colcon_core.shell:Creating prefix script '/home/sf_ws/install/local_setup.bash'
[8.154s] INFO:colcon.colcon_core.shell:Creating prefix chain script '/home/sf_ws/install/setup.bash'
[8.154s] INFO:colcon.colcon_core.shell:Creating prefix script '/home/sf_ws/install/local_setup.zsh'
[8.154s] INFO:colcon.colcon_core.shell:Creating prefix chain script '/home/sf_ws/install/setup.zsh'
