[0.006s] Invoking command in '/home/sf_ws/build/stonefish_ros2': CMAKE_PREFIX_PATH=${CMAKE_PREFIX_PATH}:/opt/ros/humble /usr/bin/cmake /home/sf_ws/src/stonefish_ros2 -DCMAKE_INSTALL_PREFIX=/home/sf_ws/install/stonefish_ros2
[0.039s] -- The C compiler identification is GNU 11.4.0
[0.073s] -- The CXX compiler identification is GNU 11.4.0
[0.078s] -- Detecting C compiler ABI info
[0.118s] -- Detecting C compiler ABI info - done
[0.121s] -- Check for working C compiler: /usr/bin/cc - skipped
[0.122s] -- Detecting C compile features
[0.122s] -- Detecting C compile features - done
[0.123s] -- Detecting CXX compiler ABI info
[0.168s] -- Detecting CXX compiler ABI info - done
[0.171s] -- Check for working CXX compiler: /usr/bin/c++ - skipped
[0.171s] -- Detecting CXX compile features
[0.172s] -- Detecting CXX compile features - done
[0.173s] -- Found ament_cmake: 1.3.10 (/opt/ros/humble/share/ament_cmake/cmake)
[0.251s] -- Found Python3: /usr/bin/python3 (found version "3.10.12") found components: Interpreter 
[0.299s] -- Found rclcpp: 16.0.10 (/opt/ros/humble/share/rclcpp/cmake)
[0.323s] -- Found rosidl_generator_c: 3.1.5 (/opt/ros/humble/share/rosidl_generator_c/cmake)
[0.326s] -- Found rosidl_adapter: 3.1.5 (/opt/ros/humble/share/rosidl_adapter/cmake)
[0.331s] -- Found rosidl_generator_cpp: 3.1.5 (/opt/ros/humble/share/rosidl_generator_cpp/cmake)
[0.337s] -- Using all available rosidl_typesupport_c: rosidl_typesupport_fastrtps_c;rosidl_typesupport_introspection_c
[0.345s] -- Using all available rosidl_typesupport_cpp: rosidl_typesupport_fastrtps_cpp;rosidl_typesupport_introspection_cpp
[0.368s] -- Found rmw_implementation_cmake: 6.1.2 (/opt/ros/humble/share/rmw_implementation_cmake/cmake)
[0.369s] -- Found rmw_fastrtps_cpp: 6.2.7 (/opt/ros/humble/share/rmw_fastrtps_cpp/cmake)
[0.420s] -- Found OpenSSL: /usr/lib/x86_64-linux-gnu/libcrypto.so (found version "3.0.2")  
[0.440s] -- Found FastRTPS: /opt/ros/humble/include  
[0.461s] -- Using RMW implementation 'rmw_fastrtps_cpp' as default
[0.466s] -- Looking for pthread.h
[0.502s] -- Looking for pthread.h - found
[0.502s] -- Performing Test CMAKE_HAVE_LIBC_PTHREAD
[0.544s] -- Performing Test CMAKE_HAVE_LIBC_PTHREAD - Success
[0.544s] -- Found Threads: TRUE  
[0.569s] -- Found std_srvs: 4.2.4 (/opt/ros/humble/share/std_srvs/cmake)
[0.574s] -- Found geometry_msgs: 4.2.4 (/opt/ros/humble/share/geometry_msgs/cmake)
[0.581s] -- Found nav_msgs: 4.2.4 (/opt/ros/humble/share/nav_msgs/cmake)
[0.589s] -- Found sensor_msgs: 4.2.4 (/opt/ros/humble/share/sensor_msgs/cmake)
[0.597s] -- Found visualization_msgs: 4.2.4 (/opt/ros/humble/share/visualization_msgs/cmake)
[0.606s] -- Found rosidl_default_generators: 1.2.0 (/opt/ros/humble/share/rosidl_default_generators/cmake)
[0.611s] -- Found pcl_conversions: 2.4.5 (/opt/ros/humble/share/pcl_conversions/cmake)
[0.630s] -- Checking for module 'eigen3'
[0.638s] --   Found eigen3, version 3.4.0
[0.657s] -- Found Eigen: /usr/include/eigen3 (Required is at least version "3.1") 
[0.657s] -- Eigen found (include: /usr/include/eigen3, version: 3.4.0)
[0.678s] -- Checking for module 'flann'
[0.686s] --   Found flann, version 1.9.1
[0.709s] -- Found FLANN: /usr/lib/x86_64-linux-gnu/libflann_cpp.so  
[0.709s] -- FLANN found (include: /usr/include, lib: /usr/lib/x86_64-linux-gnu/libflann_cpp.so)
[1.198s] -- Checking for module 'libusb-1.0'
[1.206s] --   Found libusb-1.0, version 1.0.25
[1.226s] -- Found libusb: /usr/lib/x86_64-linux-gnu/libusb-1.0.so  
[1.227s] -- OpenNI found (version: 1.5.4.0, include: /usr/include/ni, lib: /usr/lib/libOpenNI.so;libusb::libusb)
[1.256s] -- OpenNI2 found (version: 2.2.0.33, include: /usr/include/openni2, lib: /usr/lib/x86_64-linux-gnu/libOpenNI2.so;libusb::libusb)
[1.333s] -- Eigen found (include: /usr/include/eigen3, version: 3.4.0)
[1.337s] -- OpenNI found (version: 1.5.4.0, include: /usr/include/ni, lib: /usr/lib/libOpenNI.so;libusb::libusb)
[1.341s] -- OpenNI2 found (version: 2.2.0.33, include: /usr/include/openni2, lib: /usr/lib/x86_64-linux-gnu/libOpenNI2.so;libusb::libusb)
[1.407s] -- Found Qhull version 8.0.2
[1.474s] -- OpenNI found (version: 1.5.4.0, include: /usr/include/ni, lib: /usr/lib/libOpenNI.so;libusb::libusb)
[1.541s] -- Found PCL_COMMON: /usr/lib/x86_64-linux-gnu/libpcl_common.so  
[1.541s] -- Found PCL_KDTREE: /usr/lib/x86_64-linux-gnu/libpcl_kdtree.so  
[1.541s] -- Found PCL_OCTREE: /usr/lib/x86_64-linux-gnu/libpcl_octree.so  
[1.542s] -- Found PCL_SEARCH: /usr/lib/x86_64-linux-gnu/libpcl_search.so  
[1.542s] -- Found PCL_SAMPLE_CONSENSUS: /usr/lib/x86_64-linux-gnu/libpcl_sample_consensus.so  
[1.542s] -- Found PCL_FILTERS: /usr/lib/x86_64-linux-gnu/libpcl_filters.so  
[1.543s] -- Found PCL_2D: /usr/include/pcl-1.12  
[1.543s] -- Found PCL_GEOMETRY: /usr/include/pcl-1.12  
[1.543s] -- Found PCL_IO: /usr/lib/x86_64-linux-gnu/libpcl_io.so  
[1.543s] -- Found PCL_FEATURES: /usr/lib/x86_64-linux-gnu/libpcl_features.so  
[1.544s] -- Found PCL_ML: /usr/lib/x86_64-linux-gnu/libpcl_ml.so  
[1.544s] -- Found PCL_SEGMENTATION: /usr/lib/x86_64-linux-gnu/libpcl_segmentation.so  
[1.544s] -- Found PCL_VISUALIZATION: /usr/lib/x86_64-linux-gnu/libpcl_visualization.so  
[1.545s] -- Found PCL_SURFACE: /usr/lib/x86_64-linux-gnu/libpcl_surface.so  
[1.545s] -- Found PCL_REGISTRATION: /usr/lib/x86_64-linux-gnu/libpcl_registration.so  
[1.545s] -- Found PCL_KEYPOINTS: /usr/lib/x86_64-linux-gnu/libpcl_keypoints.so  
[1.546s] -- Found PCL_TRACKING: /usr/lib/x86_64-linux-gnu/libpcl_tracking.so  
[1.546s] -- Found PCL_RECOGNITION: /usr/lib/x86_64-linux-gnu/libpcl_recognition.so  
[1.547s] -- Found PCL_STEREO: /usr/lib/x86_64-linux-gnu/libpcl_stereo.so  
[1.547s] -- Found PCL_APPS: /usr/lib/x86_64-linux-gnu/libpcl_apps.so  
[1.547s] -- Found PCL_IN_HAND_SCANNER: /usr/include/pcl-1.12  
[1.547s] -- Found PCL_MODELER: /usr/include/pcl-1.12  
[1.548s] -- Found PCL_POINT_CLOUD_EDITOR: /usr/include/pcl-1.12  
[1.548s] -- Found PCL_OUTOFCORE: /usr/lib/x86_64-linux-gnu/libpcl_outofcore.so  
[1.548s] -- Found PCL_PEOPLE: /usr/lib/x86_64-linux-gnu/libpcl_people.so  
[1.550s] -- Found image_transport: 3.1.9 (/opt/ros/humble/share/image_transport/cmake)
[1.568s] -- Found tf2: 0.25.8 (/opt/ros/humble/share/tf2/cmake)
[1.570s] -- Found tf2_ros: 0.25.8 (/opt/ros/humble/share/tf2_ros/cmake)
[1.610s] -- Found OpenGL: /usr/lib/x86_64-linux-gnu/libOpenGL.so   
[1.614s] -- Found Freetype: /usr/lib/x86_64-linux-gnu/libfreetype.so (found version "2.11.1") 
[1.737s] -- Found OpenMP_C: -fopenmp (found version "4.5") 
[1.782s] -- Found OpenMP_CXX: -fopenmp (found version "4.5") 
[1.782s] -- Found OpenMP: TRUE (found version "4.5")  
[1.940s] -- Found ament_cmake_ros: 0.10.0 (/opt/ros/humble/share/ament_cmake_ros/cmake)
[2.166s] -- Using all available rosidl_typesupport_c: rosidl_typesupport_fastrtps_c;rosidl_typesupport_introspection_c
[2.259s] -- Using all available rosidl_typesupport_cpp: rosidl_typesupport_fastrtps_cpp;rosidl_typesupport_introspection_cpp
[2.270s] -- Found PythonInterp: /usr/bin/python3 (found suitable version "3.10.12", minimum required is "3.6") 
[2.271s] -- Found python_cmake_module: 0.10.0 (/opt/ros/humble/share/python_cmake_module/cmake)
[2.285s] -- Found PythonLibs: /usr/lib/x86_64-linux-gnu/libpython3.10.so (found suitable version "3.10.12", minimum required is "3.5") 
[2.285s] -- Using PYTHON_EXECUTABLE: /usr/bin/python3
[2.285s] -- Using PYTHON_INCLUDE_DIRS: /usr/include/python3.10
[2.285s] -- Using PYTHON_LIBRARIES: /usr/lib/x86_64-linux-gnu/libpython3.10.so
[2.296s] -- Found PythonExtra: .so  
[2.327s] [33mCMake Warning (dev) at CMakeLists.txt:43 (find_package):
[2.327s]   Policy CMP0074 is not set: find_package uses <PackageName>_ROOT variables.
[2.327s]   Run "cmake --help-policy CMP0074" for policy details.  Use the cmake_policy
[2.327s]   command to set the policy and suppress this warning.
[2.327s] 
[2.327s]   CMake variable PCL_ROOT is set to:
[2.327s] 
[2.327s]     /usr
[2.327s] 
[2.327s]   For compatibility, CMake is ignoring the variable.
[2.327s] This warning is for project developers.  Use -Wno-dev to suppress it.
[2.327s] [0m
[2.337s] -- Found ament_lint_auto: 0.12.11 (/opt/ros/humble/share/ament_lint_auto/cmake)
[2.350s] -- Added test 'cppcheck' to perform static code analysis on C / C++ code
[2.350s] -- Configured cppcheck include dirs: $<BUILD_INTERFACE:/home/sf_ws/src/stonefish_ros2/include>
[2.350s] -- Configured cppcheck exclude dirs and/or files: 
[2.351s] -- Added test 'flake8' to check Python code syntax and style conventions
[2.352s] -- Added test 'lint_cmake' to check CMake code style
[2.352s] -- Added test 'pep257' to check Python code against some of the docstring style conventions in PEP 257
[2.355s] -- Added test 'uncrustify' to check C / C++ code style
[2.355s] -- Configured uncrustify additional arguments: 
[2.356s] -- Added test 'xmllint' to check XML markup files
[2.357s] -- Configuring done
[2.420s] -- Generating done
[2.422s] -- Build files have been written to: /home/sf_ws/build/stonefish_ros2
[2.434s] Invoked command in '/home/sf_ws/build/stonefish_ros2' returned '0': CMAKE_PREFIX_PATH=${CMAKE_PREFIX_PATH}:/opt/ros/humble /usr/bin/cmake /home/sf_ws/src/stonefish_ros2 -DCMAKE_INSTALL_PREFIX=/home/sf_ws/install/stonefish_ros2
[2.434s] Invoking command in '/home/sf_ws/build/stonefish_ros2': CMAKE_PREFIX_PATH=${CMAKE_PREFIX_PATH}:/opt/ros/humble /usr/bin/cmake --build /home/sf_ws/build/stonefish_ros2 -- -j32 -l32
[2.464s] [  1%] [34m[1mGenerating C code for ROS interfaces[0m
[2.469s] [  1%] [34m[1mGenerating C++ code for ROS interfaces[0m
[2.473s] [  1%] Built target ament_cmake_python_copy_stonefish_ros2
[2.564s] running egg_info
[2.565s] creating stonefish_ros2.egg-info
[2.565s] writing stonefish_ros2.egg-info/PKG-INFO
[2.565s] writing dependency_links to stonefish_ros2.egg-info/dependency_links.txt
[2.565s] writing top-level names to stonefish_ros2.egg-info/top_level.txt
[2.565s] writing manifest file 'stonefish_ros2.egg-info/SOURCES.txt'
[2.566s] reading manifest file 'stonefish_ros2.egg-info/SOURCES.txt'
[2.566s] writing manifest file 'stonefish_ros2.egg-info/SOURCES.txt'
[2.580s] [  1%] Built target ament_cmake_python_build_stonefish_ros2_egg
[2.859s] [  1%] Built target stonefish_ros2__cpp
[2.865s] [  2%] [34m[1mGenerating C++ type support dispatch for ROS interfaces[0m
[2.866s] [  4%] [34m[1mGenerating C++ introspection for ROS interfaces[0m
[2.866s] [  4%] [34m[1mGenerating C++ type support for eProsima Fast-RTPS[0m
[2.893s] [  6%] [32mBuilding C object CMakeFiles/stonefish_ros2__rosidl_generator_c.dir/rosidl_generator_c/stonefish_ros2/srv/detail/sonar_settings__functions.c.o[0m
[2.893s] [  6%] [32mBuilding C object CMakeFiles/stonefish_ros2__rosidl_generator_c.dir/rosidl_generator_c/stonefish_ros2/srv/detail/sonar_settings2__functions.c.o[0m
[2.893s] [  6%] [32mBuilding C object CMakeFiles/stonefish_ros2__rosidl_generator_c.dir/rosidl_generator_c/stonefish_ros2/msg/detail/thruster_state__functions.c.o[0m
[2.893s] [  7%] [32mBuilding C object CMakeFiles/stonefish_ros2__rosidl_generator_c.dir/rosidl_generator_c/stonefish_ros2/msg/detail/int32_stamped__functions.c.o[0m
[2.894s] [  8%] [32mBuilding C object CMakeFiles/stonefish_ros2__rosidl_generator_c.dir/rosidl_generator_c/stonefish_ros2/msg/detail/beacon_info__functions.c.o[0m
[2.894s] [  8%] [32mBuilding C object CMakeFiles/stonefish_ros2__rosidl_generator_c.dir/rosidl_generator_c/stonefish_ros2/msg/detail/ned_pose__functions.c.o[0m
[2.894s] [  9%] [32mBuilding C object CMakeFiles/stonefish_ros2__rosidl_generator_c.dir/rosidl_generator_c/stonefish_ros2/msg/detail/dvl__functions.c.o[0m
[2.894s] [ 10%] [32mBuilding C object CMakeFiles/stonefish_ros2__rosidl_generator_c.dir/rosidl_generator_c/stonefish_ros2/msg/detail/ins__functions.c.o[0m
[2.894s] [ 11%] [32mBuilding C object CMakeFiles/stonefish_ros2__rosidl_generator_c.dir/rosidl_generator_c/stonefish_ros2/msg/detail/dvl_beam__functions.c.o[0m
[2.894s] [ 12%] [32mBuilding C object CMakeFiles/stonefish_ros2__rosidl_generator_c.dir/rosidl_generator_c/stonefish_ros2/msg/detail/debug_physics__functions.c.o[0m
[2.895s] [ 13%] [32mBuilding C object CMakeFiles/stonefish_ros2__rosidl_generator_c.dir/rosidl_generator_c/stonefish_ros2/srv/detail/respawn__functions.c.o[0m
[2.940s] [ 14%] [32m[1mLinking C shared library libstonefish_ros2__rosidl_generator_c.so[0m
[2.963s] [ 14%] Built target stonefish_ros2__rosidl_generator_c
[2.970s] [ 17%] [34m[1mGenerating C type support dispatch for ROS interfaces[0m
[2.970s] [ 17%] [34m[1mGenerating C type support for eProsima Fast-RTPS[0m
[2.970s] [ 17%] [34m[1mGenerating C introspection for ROS interfaces[0m
[3.206s] [ 18%] [32mBuilding CXX object CMakeFiles/stonefish_ros2__rosidl_typesupport_cpp.dir/rosidl_typesupport_cpp/stonefish_ros2/msg/debug_physics__type_support.cpp.o[0m
[3.206s] [ 20%] [32mBuilding CXX object CMakeFiles/stonefish_ros2__rosidl_typesupport_cpp.dir/rosidl_typesupport_cpp/stonefish_ros2/msg/int32_stamped__type_support.cpp.o[0m
[3.206s] [ 21%] [32mBuilding CXX object CMakeFiles/stonefish_ros2__rosidl_typesupport_cpp.dir/rosidl_typesupport_cpp/stonefish_ros2/msg/thruster_state__type_support.cpp.o[0m
[3.206s] [ 21%] [32mBuilding CXX object CMakeFiles/stonefish_ros2__rosidl_typesupport_cpp.dir/rosidl_typesupport_cpp/stonefish_ros2/msg/beacon_info__type_support.cpp.o[0m
[3.206s] [ 23%] [32mBuilding CXX object CMakeFiles/stonefish_ros2__rosidl_typesupport_cpp.dir/rosidl_typesupport_cpp/stonefish_ros2/msg/ins__type_support.cpp.o[0m
[3.206s] [ 23%] [32mBuilding CXX object CMakeFiles/stonefish_ros2__rosidl_typesupport_cpp.dir/rosidl_typesupport_cpp/stonefish_ros2/msg/ned_pose__type_support.cpp.o[0m
[3.206s] [ 23%] [32mBuilding CXX object CMakeFiles/stonefish_ros2__rosidl_typesupport_cpp.dir/rosidl_typesupport_cpp/stonefish_ros2/msg/dvl_beam__type_support.cpp.o[0m
[3.207s] [ 24%] [32mBuilding CXX object CMakeFiles/stonefish_ros2__rosidl_typesupport_introspection_cpp.dir/rosidl_typesupport_introspection_cpp/stonefish_ros2/msg/detail/int32_stamped__type_support.cpp.o[0m
[3.207s] [ 25%] [32mBuilding CXX object CMakeFiles/stonefish_ros2__rosidl_typesupport_cpp.dir/rosidl_typesupport_cpp/stonefish_ros2/msg/dvl__type_support.cpp.o[0m
[3.207s] [ 25%] [32mBuilding CXX object CMakeFiles/stonefish_ros2__rosidl_typesupport_cpp.dir/rosidl_typesupport_cpp/stonefish_ros2/srv/sonar_settings__type_support.cpp.o[0m
[3.207s] [ 26%] [32mBuilding CXX object CMakeFiles/stonefish_ros2__rosidl_typesupport_introspection_cpp.dir/rosidl_typesupport_introspection_cpp/stonefish_ros2/msg/detail/ned_pose__type_support.cpp.o[0m
[3.208s] [ 29%] [32mBuilding CXX object CMakeFiles/stonefish_ros2__rosidl_typesupport_introspection_cpp.dir/rosidl_typesupport_introspection_cpp/stonefish_ros2/msg/detail/ins__type_support.cpp.o[0m
[3.208s] [ 29%] [32mBuilding CXX object CMakeFiles/stonefish_ros2__rosidl_typesupport_cpp.dir/rosidl_typesupport_cpp/stonefish_ros2/srv/sonar_settings2__type_support.cpp.o[0m
[3.208s] [ 29%] [32mBuilding CXX object CMakeFiles/stonefish_ros2__rosidl_typesupport_cpp.dir/rosidl_typesupport_cpp/stonefish_ros2/srv/respawn__type_support.cpp.o[0m
[3.208s] [ 30%] [32mBuilding CXX object CMakeFiles/stonefish_ros2__rosidl_typesupport_introspection_cpp.dir/rosidl_typesupport_introspection_cpp/stonefish_ros2/srv/detail/sonar_settings__type_support.cpp.o[0m
[3.208s] [ 31%] [32mBuilding CXX object CMakeFiles/stonefish_ros2__rosidl_typesupport_introspection_cpp.dir/rosidl_typesupport_introspection_cpp/stonefish_ros2/msg/detail/thruster_state__type_support.cpp.o[0m
[3.208s] [ 32%] [32mBuilding CXX object CMakeFiles/stonefish_ros2__rosidl_typesupport_introspection_cpp.dir/rosidl_typesupport_introspection_cpp/stonefish_ros2/msg/detail/dvl__type_support.cpp.o[0m
[3.208s] [ 33%] [32mBuilding CXX object CMakeFiles/stonefish_ros2__rosidl_typesupport_introspection_cpp.dir/rosidl_typesupport_introspection_cpp/stonefish_ros2/msg/detail/beacon_info__type_support.cpp.o[0m
[3.208s] [ 33%] [32mBuilding CXX object CMakeFiles/stonefish_ros2__rosidl_typesupport_introspection_cpp.dir/rosidl_typesupport_introspection_cpp/stonefish_ros2/srv/detail/respawn__type_support.cpp.o[0m
[3.209s] [ 34%] [32mBuilding CXX object CMakeFiles/stonefish_ros2__rosidl_typesupport_introspection_cpp.dir/rosidl_typesupport_introspection_cpp/stonefish_ros2/msg/detail/debug_physics__type_support.cpp.o[0m
[3.209s] [ 34%] [32mBuilding CXX object CMakeFiles/stonefish_ros2__rosidl_typesupport_introspection_cpp.dir/rosidl_typesupport_introspection_cpp/stonefish_ros2/msg/detail/dvl_beam__type_support.cpp.o[0m
[3.210s] [ 35%] [32mBuilding CXX object CMakeFiles/stonefish_ros2__rosidl_typesupport_introspection_cpp.dir/rosidl_typesupport_introspection_cpp/stonefish_ros2/srv/detail/sonar_settings2__type_support.cpp.o[0m
[3.270s] [ 35%] [32mBuilding CXX object CMakeFiles/stonefish_ros2__rosidl_typesupport_c.dir/rosidl_typesupport_c/stonefish_ros2/msg/int32_stamped__type_support.cpp.o[0m
[3.273s] [ 36%] [32mBuilding CXX object CMakeFiles/stonefish_ros2__rosidl_typesupport_c.dir/rosidl_typesupport_c/stonefish_ros2/msg/beacon_info__type_support.cpp.o[0m
[3.278s] [ 37%] [32mBuilding CXX object CMakeFiles/stonefish_ros2__rosidl_typesupport_c.dir/rosidl_typesupport_c/stonefish_ros2/msg/ned_pose__type_support.cpp.o[0m
[3.278s] [ 38%] [32mBuilding CXX object CMakeFiles/stonefish_ros2__rosidl_typesupport_c.dir/rosidl_typesupport_c/stonefish_ros2/msg/ins__type_support.cpp.o[0m
[3.279s] [ 39%] [32mBuilding CXX object CMakeFiles/stonefish_ros2__rosidl_typesupport_c.dir/rosidl_typesupport_c/stonefish_ros2/msg/dvl__type_support.cpp.o[0m
[3.280s] [ 40%] [32mBuilding CXX object CMakeFiles/stonefish_ros2__rosidl_typesupport_c.dir/rosidl_typesupport_c/stonefish_ros2/msg/dvl_beam__type_support.cpp.o[0m
[3.281s] [ 40%] [32mBuilding CXX object CMakeFiles/stonefish_ros2__rosidl_typesupport_c.dir/rosidl_typesupport_c/stonefish_ros2/msg/thruster_state__type_support.cpp.o[0m
[3.294s] [ 41%] [32mBuilding CXX object CMakeFiles/stonefish_ros2__rosidl_typesupport_fastrtps_cpp.dir/rosidl_typesupport_fastrtps_cpp/stonefish_ros2/msg/detail/dds_fastrtps/int32_stamped__type_support.cpp.o[0m
[3.298s] [ 42%] [32mBuilding CXX object CMakeFiles/stonefish_ros2__rosidl_typesupport_c.dir/rosidl_typesupport_c/stonefish_ros2/msg/debug_physics__type_support.cpp.o[0m
[3.301s] [ 43%] [32mBuilding CXX object CMakeFiles/stonefish_ros2__rosidl_typesupport_c.dir/rosidl_typesupport_c/stonefish_ros2/srv/sonar_settings__type_support.cpp.o[0m
[3.306s] [ 44%] [32mBuilding CXX object CMakeFiles/stonefish_ros2__rosidl_typesupport_c.dir/rosidl_typesupport_c/stonefish_ros2/srv/sonar_settings2__type_support.cpp.o[0m
[3.306s] [ 45%] [32mBuilding CXX object CMakeFiles/stonefish_ros2__rosidl_typesupport_c.dir/rosidl_typesupport_c/stonefish_ros2/srv/respawn__type_support.cpp.o[0m
[3.306s] [ 46%] [32mBuilding CXX object CMakeFiles/stonefish_ros2__rosidl_typesupport_fastrtps_cpp.dir/rosidl_typesupport_fastrtps_cpp/stonefish_ros2/msg/detail/dds_fastrtps/beacon_info__type_support.cpp.o[0m
[3.308s] [ 47%] [32mBuilding CXX object CMakeFiles/stonefish_ros2__rosidl_typesupport_fastrtps_cpp.dir/rosidl_typesupport_fastrtps_cpp/stonefish_ros2/msg/detail/dds_fastrtps/ned_pose__type_support.cpp.o[0m
[3.316s] [ 47%] [32mBuilding CXX object CMakeFiles/stonefish_ros2__rosidl_typesupport_fastrtps_cpp.dir/rosidl_typesupport_fastrtps_cpp/stonefish_ros2/msg/detail/dds_fastrtps/ins__type_support.cpp.o[0m
[3.326s] [ 48%] [32mBuilding CXX object CMakeFiles/stonefish_ros2__rosidl_typesupport_fastrtps_cpp.dir/rosidl_typesupport_fastrtps_cpp/stonefish_ros2/msg/detail/dds_fastrtps/dvl_beam__type_support.cpp.o[0m
[3.332s] [ 50%] [32m[1mLinking CXX shared library libstonefish_ros2__rosidl_typesupport_c.so[0m
[3.332s] [ 50%] [32mBuilding CXX object CMakeFiles/stonefish_ros2__rosidl_typesupport_fastrtps_cpp.dir/rosidl_typesupport_fastrtps_cpp/stonefish_ros2/msg/detail/dds_fastrtps/dvl__type_support.cpp.o[0m
[3.332s] [ 51%] [32mBuilding CXX object CMakeFiles/stonefish_ros2__rosidl_typesupport_fastrtps_cpp.dir/rosidl_typesupport_fastrtps_cpp/stonefish_ros2/msg/detail/dds_fastrtps/thruster_state__type_support.cpp.o[0m
[3.375s] [ 51%] Built target stonefish_ros2__rosidl_typesupport_c
[3.383s] [ 52%] [32mBuilding CXX object CMakeFiles/stonefish_ros2__rosidl_typesupport_fastrtps_cpp.dir/rosidl_typesupport_fastrtps_cpp/stonefish_ros2/srv/detail/dds_fastrtps/sonar_settings__type_support.cpp.o[0m
[3.387s] [ 53%] [32mBuilding CXX object CMakeFiles/stonefish_ros2__rosidl_typesupport_fastrtps_cpp.dir/rosidl_typesupport_fastrtps_cpp/stonefish_ros2/msg/detail/dds_fastrtps/debug_physics__type_support.cpp.o[0m
[3.400s] [ 53%] [32mBuilding CXX object CMakeFiles/stonefish_ros2__rosidl_typesupport_fastrtps_cpp.dir/rosidl_typesupport_fastrtps_cpp/stonefish_ros2/srv/detail/dds_fastrtps/sonar_settings2__type_support.cpp.o[0m
[3.410s] [ 54%] [32mBuilding CXX object CMakeFiles/stonefish_ros2__rosidl_typesupport_fastrtps_cpp.dir/rosidl_typesupport_fastrtps_cpp/stonefish_ros2/srv/detail/dds_fastrtps/respawn__type_support.cpp.o[0m
[3.460s] [ 55%] [32mBuilding C object CMakeFiles/stonefish_ros2__rosidl_typesupport_introspection_c.dir/rosidl_typesupport_introspection_c/stonefish_ros2/msg/detail/ins__type_support.c.o[0m
[3.460s] [ 55%] [32mBuilding C object CMakeFiles/stonefish_ros2__rosidl_typesupport_introspection_c.dir/rosidl_typesupport_introspection_c/stonefish_ros2/msg/detail/ned_pose__type_support.c.o[0m
[3.462s] [ 56%] [32mBuilding C object CMakeFiles/stonefish_ros2__rosidl_typesupport_introspection_c.dir/rosidl_typesupport_introspection_c/stonefish_ros2/msg/detail/dvl_beam__type_support.c.o[0m
[3.465s] [ 57%] [32mBuilding C object CMakeFiles/stonefish_ros2__rosidl_typesupport_introspection_c.dir/rosidl_typesupport_introspection_c/stonefish_ros2/msg/detail/beacon_info__type_support.c.o[0m
[3.465s] [ 58%] [32mBuilding C object CMakeFiles/stonefish_ros2__rosidl_typesupport_introspection_c.dir/rosidl_typesupport_introspection_c/stonefish_ros2/msg/detail/int32_stamped__type_support.c.o[0m
[3.475s] [ 59%] [32mBuilding C object CMakeFiles/stonefish_ros2__rosidl_typesupport_introspection_c.dir/rosidl_typesupport_introspection_c/stonefish_ros2/msg/detail/dvl__type_support.c.o[0m
[3.477s] [ 60%] [32mBuilding C object CMakeFiles/stonefish_ros2__rosidl_typesupport_introspection_c.dir/rosidl_typesupport_introspection_c/stonefish_ros2/msg/detail/thruster_state__type_support.c.o[0m
[3.484s] [ 62%] [32mBuilding C object CMakeFiles/stonefish_ros2__rosidl_typesupport_introspection_c.dir/rosidl_typesupport_introspection_c/stonefish_ros2/msg/detail/debug_physics__type_support.c.o[0m
[3.484s] [ 62%] [32m[1mLinking CXX shared library libstonefish_ros2__rosidl_typesupport_cpp.so[0m
[3.488s] [ 62%] [32mBuilding C object CMakeFiles/stonefish_ros2__rosidl_typesupport_introspection_c.dir/rosidl_typesupport_introspection_c/stonefish_ros2/srv/detail/sonar_settings__type_support.c.o[0m
[3.490s] [ 63%] [32mBuilding C object CMakeFiles/stonefish_ros2__rosidl_typesupport_introspection_c.dir/rosidl_typesupport_introspection_c/stonefish_ros2/srv/detail/sonar_settings2__type_support.c.o[0m
[3.493s] [ 64%] [32mBuilding C object CMakeFiles/stonefish_ros2__rosidl_typesupport_introspection_c.dir/rosidl_typesupport_introspection_c/stonefish_ros2/srv/detail/respawn__type_support.c.o[0m
[3.519s] [ 64%] Built target stonefish_ros2__rosidl_typesupport_cpp
[3.527s] [ 65%] [32m[1mLinking C shared library libstonefish_ros2__rosidl_typesupport_introspection_c.so[0m
[3.537s] [ 67%] [32mBuilding CXX object CMakeFiles/stonefish_ros2_interface.dir/src/stonefish_ros2/ROS2GraphicalSimulationApp.cpp.o[0m
[3.537s] [ 67%] [32mBuilding CXX object CMakeFiles/stonefish_ros2_interface.dir/src/stonefish_ros2/ROS2ConsoleSimulationApp.cpp.o[0m
[3.537s] [ 68%] [32mBuilding CXX object CMakeFiles/stonefish_ros2_interface.dir/src/stonefish_ros2/ROS2SimulationManager.cpp.o[0m
[3.537s] [ 69%] [32mBuilding CXX object CMakeFiles/stonefish_ros2_interface.dir/src/stonefish_ros2/ROS2Interface.cpp.o[0m
[3.537s] [ 69%] [32mBuilding CXX object CMakeFiles/stonefish_ros2_interface.dir/src/stonefish_ros2/ROS2ScenarioParser.cpp.o[0m
[3.550s] [ 69%] Built target stonefish_ros2__rosidl_typesupport_introspection_c
[3.558s] [ 72%] [32mBuilding CXX object CMakeFiles/stonefish_ros2__rosidl_typesupport_fastrtps_c.dir/rosidl_typesupport_fastrtps_c/stonefish_ros2/msg/detail/int32_stamped__type_support_c.cpp.o[0m
[3.558s] [ 70%] [32mBuilding CXX object CMakeFiles/stonefish_ros2__rosidl_typesupport_fastrtps_c.dir/rosidl_typesupport_fastrtps_c/stonefish_ros2/msg/detail/beacon_info__type_support_c.cpp.o[0m
[3.559s] [ 72%] [32mBuilding CXX object CMakeFiles/stonefish_ros2__rosidl_typesupport_fastrtps_c.dir/rosidl_typesupport_fastrtps_c/stonefish_ros2/msg/detail/dvl_beam__type_support_c.cpp.o[0m
[3.561s] [ 73%] [32mBuilding CXX object CMakeFiles/stonefish_ros2__rosidl_typesupport_fastrtps_c.dir/rosidl_typesupport_fastrtps_c/stonefish_ros2/msg/detail/ins__type_support_c.cpp.o[0m
[3.561s] [ 73%] [32mBuilding CXX object CMakeFiles/stonefish_ros2__rosidl_typesupport_fastrtps_c.dir/rosidl_typesupport_fastrtps_c/stonefish_ros2/msg/detail/dvl__type_support_c.cpp.o[0m
[3.561s] [ 74%] [32mBuilding CXX object CMakeFiles/stonefish_ros2__rosidl_typesupport_fastrtps_c.dir/rosidl_typesupport_fastrtps_c/stonefish_ros2/msg/detail/ned_pose__type_support_c.cpp.o[0m
[3.561s] [ 75%] [32mBuilding CXX object CMakeFiles/stonefish_ros2__rosidl_typesupport_fastrtps_c.dir/rosidl_typesupport_fastrtps_c/stonefish_ros2/msg/detail/thruster_state__type_support_c.cpp.o[0m
[3.561s] [ 76%] [32mBuilding CXX object CMakeFiles/stonefish_ros2__rosidl_typesupport_fastrtps_c.dir/rosidl_typesupport_fastrtps_c/stonefish_ros2/srv/detail/sonar_settings__type_support_c.cpp.o[0m
[3.565s] [ 76%] [32mBuilding CXX object CMakeFiles/stonefish_ros2__rosidl_typesupport_fastrtps_c.dir/rosidl_typesupport_fastrtps_c/stonefish_ros2/msg/detail/debug_physics__type_support_c.cpp.o[0m
[3.567s] [ 77%] [32mBuilding CXX object CMakeFiles/stonefish_ros2__rosidl_typesupport_fastrtps_c.dir/rosidl_typesupport_fastrtps_c/stonefish_ros2/srv/detail/sonar_settings2__type_support_c.cpp.o[0m
[3.570s] [ 78%] [32mBuilding CXX object CMakeFiles/stonefish_ros2__rosidl_typesupport_fastrtps_c.dir/rosidl_typesupport_fastrtps_c/stonefish_ros2/srv/detail/respawn__type_support_c.cpp.o[0m
[3.611s] [ 79%] [32m[1mLinking CXX shared library libstonefish_ros2__rosidl_typesupport_introspection_cpp.so[0m
[3.659s] [ 79%] Built target stonefish_ros2__rosidl_typesupport_introspection_cpp
[3.683s] [ 80%] [32m[1mLinking CXX shared library libstonefish_ros2__rosidl_typesupport_fastrtps_cpp.so[0m
[3.740s] [ 80%] Built target stonefish_ros2__rosidl_typesupport_fastrtps_cpp
[3.841s] [ 81%] [32m[1mLinking CXX shared library libstonefish_ros2__rosidl_typesupport_fastrtps_c.so[0m
[3.884s] [ 81%] Built target stonefish_ros2__rosidl_typesupport_fastrtps_c
[3.897s] [ 81%] Built target stonefish_ros2
[3.911s] [ 82%] [34m[1mGenerating Python code for ROS interfaces[0m
[4.629s] [ 82%] Built target stonefish_ros2__py
[4.643s] [ 83%] [32mBuilding C object CMakeFiles/stonefish_ros2__rosidl_generator_py.dir/rosidl_generator_py/stonefish_ros2/msg/_ned_pose_s.c.o[0m
[4.643s] [ 83%] [32mBuilding C object CMakeFiles/stonefish_ros2__rosidl_generator_py.dir/rosidl_generator_py/stonefish_ros2/msg/_beacon_info_s.c.o[0m
[4.644s] [ 84%] [32mBuilding C object CMakeFiles/stonefish_ros2__rosidl_generator_py.dir/rosidl_generator_py/stonefish_ros2/srv/_sonar_settings2_s.c.o[0m
[4.644s] [ 85%] [32mBuilding C object CMakeFiles/stonefish_ros2__rosidl_generator_py.dir/rosidl_generator_py/stonefish_ros2/msg/_ins_s.c.o[0m
[4.645s] [ 86%] [32mBuilding C object CMakeFiles/stonefish_ros2__rosidl_generator_py.dir/rosidl_generator_py/stonefish_ros2/msg/_int32_stamped_s.c.o[0m
[4.645s] [ 87%] [32mBuilding C object CMakeFiles/stonefish_ros2__rosidl_generator_py.dir/rosidl_generator_py/stonefish_ros2/msg/_dvl_beam_s.c.o[0m
[4.645s] [ 88%] [32mBuilding C object CMakeFiles/stonefish_ros2__rosidl_generator_py.dir/rosidl_generator_py/stonefish_ros2/msg/_dvl_s.c.o[0m
[4.646s] [ 89%] [32mBuilding C object CMakeFiles/stonefish_ros2__rosidl_generator_py.dir/rosidl_generator_py/stonefish_ros2/msg/_thruster_state_s.c.o[0m
[4.646s] [ 89%] [32mBuilding C object CMakeFiles/stonefish_ros2__rosidl_generator_py.dir/rosidl_generator_py/stonefish_ros2/srv/_sonar_settings_s.c.o[0m
[4.646s] [ 90%] [32mBuilding C object CMakeFiles/stonefish_ros2__rosidl_generator_py.dir/rosidl_generator_py/stonefish_ros2/msg/_debug_physics_s.c.o[0m
[4.646s] [ 91%] [32mBuilding C object CMakeFiles/stonefish_ros2__rosidl_generator_py.dir/rosidl_generator_py/stonefish_ros2/srv/_respawn_s.c.o[0m
[4.726s] [ 92%] [32m[1mLinking C shared library rosidl_generator_py/stonefish_ros2/libstonefish_ros2__rosidl_generator_py.so[0m
[4.751s] [ 92%] Built target stonefish_ros2__rosidl_generator_py
[4.763s] [ 93%] [32mBuilding C object CMakeFiles/stonefish_ros2__rosidl_typesupport_c__pyext.dir/rosidl_generator_py/stonefish_ros2/_stonefish_ros2_s.ep.rosidl_typesupport_c.c.o[0m
[4.763s] [ 93%] [32mBuilding C object CMakeFiles/stonefish_ros2__rosidl_typesupport_fastrtps_c__pyext.dir/rosidl_generator_py/stonefish_ros2/_stonefish_ros2_s.ep.rosidl_typesupport_fastrtps_c.c.o[0m
[4.764s] [ 94%] [32mBuilding C object CMakeFiles/stonefish_ros2__rosidl_typesupport_introspection_c__pyext.dir/rosidl_generator_py/stonefish_ros2/_stonefish_ros2_s.ep.rosidl_typesupport_introspection_c.c.o[0m
[4.827s] [ 95%] [32m[1mLinking C shared library rosidl_generator_py/stonefish_ros2/stonefish_ros2_s__rosidl_typesupport_c.cpython-310-x86_64-linux-gnu.so[0m
[4.831s] [ 95%] [32m[1mLinking C shared library rosidl_generator_py/stonefish_ros2/stonefish_ros2_s__rosidl_typesupport_introspection_c.cpython-310-x86_64-linux-gnu.so[0m
[4.832s] [ 95%] [32m[1mLinking C shared library rosidl_generator_py/stonefish_ros2/stonefish_ros2_s__rosidl_typesupport_fastrtps_c.cpython-310-x86_64-linux-gnu.so[0m
[4.857s] [ 95%] Built target stonefish_ros2__rosidl_typesupport_c__pyext
[4.859s] [ 95%] Built target stonefish_ros2__rosidl_typesupport_introspection_c__pyext
[4.862s] [ 95%] Built target stonefish_ros2__rosidl_typesupport_fastrtps_c__pyext
[5.425s] [01m[K/home/sf_ws/src/stonefish_ros2/src/stonefish_ros2/ROS2SimulationManager.cpp:[m[K In member function ‘[01m[Kvoid sf::ROS2SimulationManager::SensorService(std_srvs::srv::SetBool_Request_<std::allocator<void> >::SharedPtr, std_srvs::srv::SetBool_Response_<std::allocator<void> >::SharedPtr, sf::Sensor*)[m[K’:
[5.425s] [01m[K/home/sf_ws/src/stonefish_ros2/src/stonefish_ros2/ROS2SimulationManager.cpp:964:98:[m[K [01;35m[Kwarning: [m[Kunused parameter ‘[01m[Ksens[m[K’ [[01;35m[K-Wunused-parameter[m[K]
[5.425s]   964 |                                         std_srvs::srv::SetBool::Response::SharedPtr res, [01;35m[KSensor* sens[m[K)
[5.425s]       |                                                                                          [01;35m[K~~~~~~~~^~~~[m[K
[16.249s] [ 96%] [32m[1mLinking CXX shared library libstonefish_ros2_interface.so[0m
[17.834s] [ 96%] Built target stonefish_ros2_interface
[17.847s] [ 97%] [32mBuilding CXX object CMakeFiles/stonefish_simulator.dir/src/stonefish_simulator.cpp.o[0m
[17.847s] [ 98%] [32mBuilding CXX object CMakeFiles/stonefish_simulator_nogpu.dir/src/stonefish_simulator_nogpu.cpp.o[0m
[19.814s] [ 99%] [32m[1mLinking CXX executable stonefish_simulator_nogpu[0m
[19.857s] [100%] [32m[1mLinking CXX executable stonefish_simulator[0m
[20.960s] [100%] Built target stonefish_simulator_nogpu
[20.961s] [100%] Built target stonefish_simulator
[20.969s] Invoked command in '/home/sf_ws/build/stonefish_ros2' returned '0': CMAKE_PREFIX_PATH=${CMAKE_PREFIX_PATH}:/opt/ros/humble /usr/bin/cmake --build /home/sf_ws/build/stonefish_ros2 -- -j32 -l32
[21.114s] Invoking command in '/home/sf_ws/build/stonefish_ros2': CMAKE_PREFIX_PATH=${CMAKE_PREFIX_PATH}:/opt/ros/humble /usr/bin/cmake --install /home/sf_ws/build/stonefish_ros2
[21.117s] -- Install configuration: ""
[21.118s] -- Installing: /home/sf_ws/install/stonefish_ros2/share/ament_index/resource_index/rosidl_interfaces/stonefish_ros2
[21.118s] -- Installing: /home/sf_ws/install/stonefish_ros2/include/stonefish_ros2/stonefish_ros2
[21.118s] -- Installing: /home/sf_ws/install/stonefish_ros2/include/stonefish_ros2/stonefish_ros2/msg
[21.118s] -- Installing: /home/sf_ws/install/stonefish_ros2/include/stonefish_ros2/stonefish_ros2/msg/thruster_state.h
[21.118s] -- Installing: /home/sf_ws/install/stonefish_ros2/include/stonefish_ros2/stonefish_ros2/msg/int32_stamped.h
[21.118s] -- Installing: /home/sf_ws/install/stonefish_ros2/include/stonefish_ros2/stonefish_ros2/msg/dvl_beam.h
[21.118s] -- Installing: /home/sf_ws/install/stonefish_ros2/include/stonefish_ros2/stonefish_ros2/msg/dvl.h
[21.118s] -- Installing: /home/sf_ws/install/stonefish_ros2/include/stonefish_ros2/stonefish_ros2/msg/ins.h
[21.118s] -- Installing: /home/sf_ws/install/stonefish_ros2/include/stonefish_ros2/stonefish_ros2/msg/detail
[21.118s] -- Installing: /home/sf_ws/install/stonefish_ros2/include/stonefish_ros2/stonefish_ros2/msg/detail/int32_stamped__type_support.h
[21.118s] -- Installing: /home/sf_ws/install/stonefish_ros2/include/stonefish_ros2/stonefish_ros2/msg/detail/thruster_state__struct.h
[21.118s] -- Installing: /home/sf_ws/install/stonefish_ros2/include/stonefish_ros2/stonefish_ros2/msg/detail/beacon_info__functions.c
[21.118s] -- Installing: /home/sf_ws/install/stonefish_ros2/include/stonefish_ros2/stonefish_ros2/msg/detail/beacon_info__type_support.h
[21.118s] -- Installing: /home/sf_ws/install/stonefish_ros2/include/stonefish_ros2/stonefish_ros2/msg/detail/ned_pose__struct.h
[21.118s] -- Installing: /home/sf_ws/install/stonefish_ros2/include/stonefish_ros2/stonefish_ros2/msg/detail/ins__struct.h
[21.118s] -- Installing: /home/sf_ws/install/stonefish_ros2/include/stonefish_ros2/stonefish_ros2/msg/detail/beacon_info__functions.h
[21.118s] -- Installing: /home/sf_ws/install/stonefish_ros2/include/stonefish_ros2/stonefish_ros2/msg/detail/debug_physics__functions.h
[21.118s] -- Installing: /home/sf_ws/install/stonefish_ros2/include/stonefish_ros2/stonefish_ros2/msg/detail/thruster_state__functions.c
[21.118s] -- Installing: /home/sf_ws/install/stonefish_ros2/include/stonefish_ros2/stonefish_ros2/msg/detail/dvl__functions.c
[21.118s] -- Installing: /home/sf_ws/install/stonefish_ros2/include/stonefish_ros2/stonefish_ros2/msg/detail/dvl__struct.h
[21.118s] -- Installing: /home/sf_ws/install/stonefish_ros2/include/stonefish_ros2/stonefish_ros2/msg/detail/thruster_state__type_support.h
[21.118s] -- Installing: /home/sf_ws/install/stonefish_ros2/include/stonefish_ros2/stonefish_ros2/msg/detail/debug_physics__type_support.h
[21.118s] -- Installing: /home/sf_ws/install/stonefish_ros2/include/stonefish_ros2/stonefish_ros2/msg/detail/ins__functions.c
[21.118s] -- Installing: /home/sf_ws/install/stonefish_ros2/include/stonefish_ros2/stonefish_ros2/msg/detail/ins__functions.h
[21.118s] -- Installing: /home/sf_ws/install/stonefish_ros2/include/stonefish_ros2/stonefish_ros2/msg/detail/int32_stamped__struct.h
[21.118s] -- Installing: /home/sf_ws/install/stonefish_ros2/include/stonefish_ros2/stonefish_ros2/msg/detail/ins__type_support.h
[21.118s] -- Installing: /home/sf_ws/install/stonefish_ros2/include/stonefish_ros2/stonefish_ros2/msg/detail/int32_stamped__functions.c
[21.118s] -- Installing: /home/sf_ws/install/stonefish_ros2/include/stonefish_ros2/stonefish_ros2/msg/detail/dvl_beam__struct.h
[21.118s] -- Installing: /home/sf_ws/install/stonefish_ros2/include/stonefish_ros2/stonefish_ros2/msg/detail/dvl_beam__functions.h
[21.118s] -- Installing: /home/sf_ws/install/stonefish_ros2/include/stonefish_ros2/stonefish_ros2/msg/detail/dvl_beam__type_support.h
[21.118s] -- Installing: /home/sf_ws/install/stonefish_ros2/include/stonefish_ros2/stonefish_ros2/msg/detail/thruster_state__functions.h
[21.118s] -- Installing: /home/sf_ws/install/stonefish_ros2/include/stonefish_ros2/stonefish_ros2/msg/detail/debug_physics__struct.h
[21.118s] -- Installing: /home/sf_ws/install/stonefish_ros2/include/stonefish_ros2/stonefish_ros2/msg/detail/beacon_info__struct.h
[21.119s] -- Installing: /home/sf_ws/install/stonefish_ros2/include/stonefish_ros2/stonefish_ros2/msg/detail/ned_pose__functions.c
[21.119s] -- Installing: /home/sf_ws/install/stonefish_ros2/include/stonefish_ros2/stonefish_ros2/msg/detail/debug_physics__functions.c
[21.119s] -- Installing: /home/sf_ws/install/stonefish_ros2/include/stonefish_ros2/stonefish_ros2/msg/detail/dvl_beam__functions.c
[21.119s] -- Installing: /home/sf_ws/install/stonefish_ros2/include/stonefish_ros2/stonefish_ros2/msg/detail/ned_pose__functions.h
[21.119s] -- Installing: /home/sf_ws/install/stonefish_ros2/include/stonefish_ros2/stonefish_ros2/msg/detail/dvl__functions.h
[21.119s] -- Installing: /home/sf_ws/install/stonefish_ros2/include/stonefish_ros2/stonefish_ros2/msg/detail/ned_pose__type_support.h
[21.119s] -- Installing: /home/sf_ws/install/stonefish_ros2/include/stonefish_ros2/stonefish_ros2/msg/detail/int32_stamped__functions.h
[21.119s] -- Installing: /home/sf_ws/install/stonefish_ros2/include/stonefish_ros2/stonefish_ros2/msg/detail/dvl__type_support.h
[21.119s] -- Installing: /home/sf_ws/install/stonefish_ros2/include/stonefish_ros2/stonefish_ros2/msg/rosidl_generator_c__visibility_control.h
[21.119s] -- Installing: /home/sf_ws/install/stonefish_ros2/include/stonefish_ros2/stonefish_ros2/msg/beacon_info.h
[21.119s] -- Installing: /home/sf_ws/install/stonefish_ros2/include/stonefish_ros2/stonefish_ros2/msg/debug_physics.h
[21.119s] -- Installing: /home/sf_ws/install/stonefish_ros2/include/stonefish_ros2/stonefish_ros2/msg/ned_pose.h
[21.119s] -- Installing: /home/sf_ws/install/stonefish_ros2/include/stonefish_ros2/stonefish_ros2/srv
[21.119s] -- Installing: /home/sf_ws/install/stonefish_ros2/include/stonefish_ros2/stonefish_ros2/srv/detail
[21.119s] -- Installing: /home/sf_ws/install/stonefish_ros2/include/stonefish_ros2/stonefish_ros2/srv/detail/sonar_settings2__struct.h
[21.119s] -- Installing: /home/sf_ws/install/stonefish_ros2/include/stonefish_ros2/stonefish_ros2/srv/detail/sonar_settings__struct.h
[21.119s] -- Installing: /home/sf_ws/install/stonefish_ros2/include/stonefish_ros2/stonefish_ros2/srv/detail/sonar_settings__functions.c
[21.119s] -- Installing: /home/sf_ws/install/stonefish_ros2/include/stonefish_ros2/stonefish_ros2/srv/detail/respawn__struct.h
[21.119s] -- Installing: /home/sf_ws/install/stonefish_ros2/include/stonefish_ros2/stonefish_ros2/srv/detail/respawn__functions.h
[21.119s] -- Installing: /home/sf_ws/install/stonefish_ros2/include/stonefish_ros2/stonefish_ros2/srv/detail/sonar_settings__type_support.h
[21.119s] -- Installing: /home/sf_ws/install/stonefish_ros2/include/stonefish_ros2/stonefish_ros2/srv/detail/sonar_settings2__functions.h
[21.119s] -- Installing: /home/sf_ws/install/stonefish_ros2/include/stonefish_ros2/stonefish_ros2/srv/detail/respawn__functions.c
[21.119s] -- Installing: /home/sf_ws/install/stonefish_ros2/include/stonefish_ros2/stonefish_ros2/srv/detail/sonar_settings2__type_support.h
[21.119s] -- Installing: /home/sf_ws/install/stonefish_ros2/include/stonefish_ros2/stonefish_ros2/srv/detail/sonar_settings2__functions.c
[21.119s] -- Installing: /home/sf_ws/install/stonefish_ros2/include/stonefish_ros2/stonefish_ros2/srv/detail/respawn__type_support.h
[21.119s] -- Installing: /home/sf_ws/install/stonefish_ros2/include/stonefish_ros2/stonefish_ros2/srv/detail/sonar_settings__functions.h
[21.119s] -- Installing: /home/sf_ws/install/stonefish_ros2/include/stonefish_ros2/stonefish_ros2/srv/sonar_settings.h
[21.119s] -- Installing: /home/sf_ws/install/stonefish_ros2/include/stonefish_ros2/stonefish_ros2/srv/respawn.h
[21.119s] -- Installing: /home/sf_ws/install/stonefish_ros2/include/stonefish_ros2/stonefish_ros2/srv/sonar_settings2.h
[21.119s] -- Installing: /home/sf_ws/install/stonefish_ros2/share/stonefish_ros2/environment/library_path.sh
[21.119s] -- Installing: /home/sf_ws/install/stonefish_ros2/share/stonefish_ros2/environment/library_path.dsv
[21.119s] -- Installing: /home/sf_ws/install/stonefish_ros2/lib/libstonefish_ros2__rosidl_generator_c.so
[21.119s] -- Set runtime path of "/home/sf_ws/install/stonefish_ros2/lib/libstonefish_ros2__rosidl_generator_c.so" to ""
[21.119s] -- Up-to-date: /home/sf_ws/install/stonefish_ros2/include/stonefish_ros2/stonefish_ros2
[21.119s] -- Up-to-date: /home/sf_ws/install/stonefish_ros2/include/stonefish_ros2/stonefish_ros2/msg
[21.120s] -- Installing: /home/sf_ws/install/stonefish_ros2/include/stonefish_ros2/stonefish_ros2/msg/rosidl_typesupport_fastrtps_c__visibility_control.h
[21.120s] -- Up-to-date: /home/sf_ws/install/stonefish_ros2/include/stonefish_ros2/stonefish_ros2/msg/detail
[21.120s] -- Installing: /home/sf_ws/install/stonefish_ros2/include/stonefish_ros2/stonefish_ros2/msg/detail/beacon_info__rosidl_typesupport_fastrtps_c.h
[21.120s] -- Installing: /home/sf_ws/install/stonefish_ros2/include/stonefish_ros2/stonefish_ros2/msg/detail/thruster_state__rosidl_typesupport_fastrtps_c.h
[21.120s] -- Installing: /home/sf_ws/install/stonefish_ros2/include/stonefish_ros2/stonefish_ros2/msg/detail/debug_physics__rosidl_typesupport_fastrtps_c.h
[21.120s] -- Installing: /home/sf_ws/install/stonefish_ros2/include/stonefish_ros2/stonefish_ros2/msg/detail/dvl_beam__rosidl_typesupport_fastrtps_c.h
[21.120s] -- Installing: /home/sf_ws/install/stonefish_ros2/include/stonefish_ros2/stonefish_ros2/msg/detail/int32_stamped__rosidl_typesupport_fastrtps_c.h
[21.120s] -- Installing: /home/sf_ws/install/stonefish_ros2/include/stonefish_ros2/stonefish_ros2/msg/detail/ins__rosidl_typesupport_fastrtps_c.h
[21.120s] -- Installing: /home/sf_ws/install/stonefish_ros2/include/stonefish_ros2/stonefish_ros2/msg/detail/ned_pose__rosidl_typesupport_fastrtps_c.h
[21.120s] -- Installing: /home/sf_ws/install/stonefish_ros2/include/stonefish_ros2/stonefish_ros2/msg/detail/dvl__rosidl_typesupport_fastrtps_c.h
[21.120s] -- Up-to-date: /home/sf_ws/install/stonefish_ros2/include/stonefish_ros2/stonefish_ros2/srv
[21.120s] -- Up-to-date: /home/sf_ws/install/stonefish_ros2/include/stonefish_ros2/stonefish_ros2/srv/detail
[21.120s] -- Installing: /home/sf_ws/install/stonefish_ros2/include/stonefish_ros2/stonefish_ros2/srv/detail/respawn__rosidl_typesupport_fastrtps_c.h
[21.120s] -- Installing: /home/sf_ws/install/stonefish_ros2/include/stonefish_ros2/stonefish_ros2/srv/detail/sonar_settings__rosidl_typesupport_fastrtps_c.h
[21.120s] -- Installing: /home/sf_ws/install/stonefish_ros2/include/stonefish_ros2/stonefish_ros2/srv/detail/sonar_settings2__rosidl_typesupport_fastrtps_c.h
[21.120s] -- Installing: /home/sf_ws/install/stonefish_ros2/lib/libstonefish_ros2__rosidl_typesupport_fastrtps_c.so
[21.120s] -- Set runtime path of "/home/sf_ws/install/stonefish_ros2/lib/libstonefish_ros2__rosidl_typesupport_fastrtps_c.so" to ""
[21.120s] -- Up-to-date: /home/sf_ws/install/stonefish_ros2/include/stonefish_ros2/stonefish_ros2
[21.120s] -- Up-to-date: /home/sf_ws/install/stonefish_ros2/include/stonefish_ros2/stonefish_ros2/msg
[21.120s] -- Installing: /home/sf_ws/install/stonefish_ros2/include/stonefish_ros2/stonefish_ros2/msg/dvl.hpp
[21.120s] -- Installing: /home/sf_ws/install/stonefish_ros2/include/stonefish_ros2/stonefish_ros2/msg/thruster_state.hpp
[21.120s] -- Installing: /home/sf_ws/install/stonefish_ros2/include/stonefish_ros2/stonefish_ros2/msg/ins.hpp
[21.120s] -- Installing: /home/sf_ws/install/stonefish_ros2/include/stonefish_ros2/stonefish_ros2/msg/debug_physics.hpp
[21.120s] -- Installing: /home/sf_ws/install/stonefish_ros2/include/stonefish_ros2/stonefish_ros2/msg/dvl_beam.hpp
[21.120s] -- Up-to-date: /home/sf_ws/install/stonefish_ros2/include/stonefish_ros2/stonefish_ros2/msg/detail
[21.120s] -- Installing: /home/sf_ws/install/stonefish_ros2/include/stonefish_ros2/stonefish_ros2/msg/detail/debug_physics__builder.hpp
[21.120s] -- Installing: /home/sf_ws/install/stonefish_ros2/include/stonefish_ros2/stonefish_ros2/msg/detail/beacon_info__traits.hpp
[21.120s] -- Installing: /home/sf_ws/install/stonefish_ros2/include/stonefish_ros2/stonefish_ros2/msg/detail/dvl_beam__builder.hpp
[21.120s] -- Installing: /home/sf_ws/install/stonefish_ros2/include/stonefish_ros2/stonefish_ros2/msg/detail/debug_physics__traits.hpp
[21.120s] -- Installing: /home/sf_ws/install/stonefish_ros2/include/stonefish_ros2/stonefish_ros2/msg/detail/ins__builder.hpp
[21.120s] -- Installing: /home/sf_ws/install/stonefish_ros2/include/stonefish_ros2/stonefish_ros2/msg/detail/beacon_info__builder.hpp
[21.120s] -- Installing: /home/sf_ws/install/stonefish_ros2/include/stonefish_ros2/stonefish_ros2/msg/detail/int32_stamped__builder.hpp
[21.120s] -- Installing: /home/sf_ws/install/stonefish_ros2/include/stonefish_ros2/stonefish_ros2/msg/detail/thruster_state__traits.hpp
[21.120s] -- Installing: /home/sf_ws/install/stonefish_ros2/include/stonefish_ros2/stonefish_ros2/msg/detail/ins__struct.hpp
[21.120s] -- Installing: /home/sf_ws/install/stonefish_ros2/include/stonefish_ros2/stonefish_ros2/msg/detail/dvl_beam__traits.hpp
[21.120s] -- Installing: /home/sf_ws/install/stonefish_ros2/include/stonefish_ros2/stonefish_ros2/msg/detail/thruster_state__struct.hpp
[21.120s] -- Installing: /home/sf_ws/install/stonefish_ros2/include/stonefish_ros2/stonefish_ros2/msg/detail/debug_physics__struct.hpp
[21.121s] -- Installing: /home/sf_ws/install/stonefish_ros2/include/stonefish_ros2/stonefish_ros2/msg/detail/ned_pose__traits.hpp
[21.121s] -- Installing: /home/sf_ws/install/stonefish_ros2/include/stonefish_ros2/stonefish_ros2/msg/detail/ins__traits.hpp
[21.121s] -- Installing: /home/sf_ws/install/stonefish_ros2/include/stonefish_ros2/stonefish_ros2/msg/detail/thruster_state__builder.hpp
[21.121s] -- Installing: /home/sf_ws/install/stonefish_ros2/include/stonefish_ros2/stonefish_ros2/msg/detail/dvl__traits.hpp
[21.121s] -- Installing: /home/sf_ws/install/stonefish_ros2/include/stonefish_ros2/stonefish_ros2/msg/detail/int32_stamped__struct.hpp
[21.121s] -- Installing: /home/sf_ws/install/stonefish_ros2/include/stonefish_ros2/stonefish_ros2/msg/detail/beacon_info__struct.hpp
[21.121s] -- Installing: /home/sf_ws/install/stonefish_ros2/include/stonefish_ros2/stonefish_ros2/msg/detail/dvl_beam__struct.hpp
[21.121s] -- Installing: /home/sf_ws/install/stonefish_ros2/include/stonefish_ros2/stonefish_ros2/msg/detail/ned_pose__builder.hpp
[21.121s] -- Installing: /home/sf_ws/install/stonefish_ros2/include/stonefish_ros2/stonefish_ros2/msg/detail/int32_stamped__traits.hpp
[21.121s] -- Installing: /home/sf_ws/install/stonefish_ros2/include/stonefish_ros2/stonefish_ros2/msg/detail/ned_pose__struct.hpp
[21.121s] -- Installing: /home/sf_ws/install/stonefish_ros2/include/stonefish_ros2/stonefish_ros2/msg/detail/dvl__struct.hpp
[21.121s] -- Installing: /home/sf_ws/install/stonefish_ros2/include/stonefish_ros2/stonefish_ros2/msg/detail/dvl__builder.hpp
[21.121s] -- Installing: /home/sf_ws/install/stonefish_ros2/include/stonefish_ros2/stonefish_ros2/msg/int32_stamped.hpp
[21.121s] -- Installing: /home/sf_ws/install/stonefish_ros2/include/stonefish_ros2/stonefish_ros2/msg/beacon_info.hpp
[21.121s] -- Installing: /home/sf_ws/install/stonefish_ros2/include/stonefish_ros2/stonefish_ros2/msg/ned_pose.hpp
[21.121s] -- Up-to-date: /home/sf_ws/install/stonefish_ros2/include/stonefish_ros2/stonefish_ros2/srv
[21.121s] -- Installing: /home/sf_ws/install/stonefish_ros2/include/stonefish_ros2/stonefish_ros2/srv/sonar_settings2.hpp
[21.121s] -- Up-to-date: /home/sf_ws/install/stonefish_ros2/include/stonefish_ros2/stonefish_ros2/srv/detail
[21.121s] -- Installing: /home/sf_ws/install/stonefish_ros2/include/stonefish_ros2/stonefish_ros2/srv/detail/respawn__struct.hpp
[21.121s] -- Installing: /home/sf_ws/install/stonefish_ros2/include/stonefish_ros2/stonefish_ros2/srv/detail/respawn__traits.hpp
[21.121s] -- Installing: /home/sf_ws/install/stonefish_ros2/include/stonefish_ros2/stonefish_ros2/srv/detail/sonar_settings2__struct.hpp
[21.121s] -- Installing: /home/sf_ws/install/stonefish_ros2/include/stonefish_ros2/stonefish_ros2/srv/detail/sonar_settings2__builder.hpp
[21.121s] -- Installing: /home/sf_ws/install/stonefish_ros2/include/stonefish_ros2/stonefish_ros2/srv/detail/sonar_settings__builder.hpp
[21.121s] -- Installing: /home/sf_ws/install/stonefish_ros2/include/stonefish_ros2/stonefish_ros2/srv/detail/sonar_settings2__traits.hpp
[21.121s] -- Installing: /home/sf_ws/install/stonefish_ros2/include/stonefish_ros2/stonefish_ros2/srv/detail/sonar_settings__struct.hpp
[21.121s] -- Installing: /home/sf_ws/install/stonefish_ros2/include/stonefish_ros2/stonefish_ros2/srv/detail/sonar_settings__traits.hpp
[21.121s] -- Installing: /home/sf_ws/install/stonefish_ros2/include/stonefish_ros2/stonefish_ros2/srv/detail/respawn__builder.hpp
[21.121s] -- Installing: /home/sf_ws/install/stonefish_ros2/include/stonefish_ros2/stonefish_ros2/srv/sonar_settings.hpp
[21.121s] -- Installing: /home/sf_ws/install/stonefish_ros2/include/stonefish_ros2/stonefish_ros2/srv/respawn.hpp
[21.121s] -- Up-to-date: /home/sf_ws/install/stonefish_ros2/include/stonefish_ros2/stonefish_ros2
[21.121s] -- Up-to-date: /home/sf_ws/install/stonefish_ros2/include/stonefish_ros2/stonefish_ros2/msg
[21.121s] -- Up-to-date: /home/sf_ws/install/stonefish_ros2/include/stonefish_ros2/stonefish_ros2/msg/detail
[21.121s] -- Installing: /home/sf_ws/install/stonefish_ros2/include/stonefish_ros2/stonefish_ros2/msg/detail/ins__rosidl_typesupport_fastrtps_cpp.hpp
[21.121s] -- Installing: /home/sf_ws/install/stonefish_ros2/include/stonefish_ros2/stonefish_ros2/msg/detail/dds_fastrtps
[21.121s] -- Installing: /home/sf_ws/install/stonefish_ros2/include/stonefish_ros2/stonefish_ros2/msg/detail/dvl_beam__rosidl_typesupport_fastrtps_cpp.hpp
[21.121s] -- Installing: /home/sf_ws/install/stonefish_ros2/include/stonefish_ros2/stonefish_ros2/msg/detail/ned_pose__rosidl_typesupport_fastrtps_cpp.hpp
[21.121s] -- Installing: /home/sf_ws/install/stonefish_ros2/include/stonefish_ros2/stonefish_ros2/msg/detail/beacon_info__rosidl_typesupport_fastrtps_cpp.hpp
[21.121s] -- Installing: /home/sf_ws/install/stonefish_ros2/include/stonefish_ros2/stonefish_ros2/msg/detail/int32_stamped__rosidl_typesupport_fastrtps_cpp.hpp
[21.122s] -- Installing: /home/sf_ws/install/stonefish_ros2/include/stonefish_ros2/stonefish_ros2/msg/detail/thruster_state__rosidl_typesupport_fastrtps_cpp.hpp
[21.122s] -- Installing: /home/sf_ws/install/stonefish_ros2/include/stonefish_ros2/stonefish_ros2/msg/detail/dvl__rosidl_typesupport_fastrtps_cpp.hpp
[21.122s] -- Installing: /home/sf_ws/install/stonefish_ros2/include/stonefish_ros2/stonefish_ros2/msg/detail/debug_physics__rosidl_typesupport_fastrtps_cpp.hpp
[21.122s] -- Installing: /home/sf_ws/install/stonefish_ros2/include/stonefish_ros2/stonefish_ros2/msg/rosidl_typesupport_fastrtps_cpp__visibility_control.h
[21.122s] -- Up-to-date: /home/sf_ws/install/stonefish_ros2/include/stonefish_ros2/stonefish_ros2/srv
[21.122s] -- Up-to-date: /home/sf_ws/install/stonefish_ros2/include/stonefish_ros2/stonefish_ros2/srv/detail
[21.122s] -- Installing: /home/sf_ws/install/stonefish_ros2/include/stonefish_ros2/stonefish_ros2/srv/detail/dds_fastrtps
[21.122s] -- Installing: /home/sf_ws/install/stonefish_ros2/include/stonefish_ros2/stonefish_ros2/srv/detail/sonar_settings2__rosidl_typesupport_fastrtps_cpp.hpp
[21.122s] -- Installing: /home/sf_ws/install/stonefish_ros2/include/stonefish_ros2/stonefish_ros2/srv/detail/sonar_settings__rosidl_typesupport_fastrtps_cpp.hpp
[21.122s] -- Installing: /home/sf_ws/install/stonefish_ros2/include/stonefish_ros2/stonefish_ros2/srv/detail/respawn__rosidl_typesupport_fastrtps_cpp.hpp
[21.122s] -- Installing: /home/sf_ws/install/stonefish_ros2/lib/libstonefish_ros2__rosidl_typesupport_fastrtps_cpp.so
[21.122s] -- Set runtime path of "/home/sf_ws/install/stonefish_ros2/lib/libstonefish_ros2__rosidl_typesupport_fastrtps_cpp.so" to ""
[21.122s] -- Up-to-date: /home/sf_ws/install/stonefish_ros2/include/stonefish_ros2/stonefish_ros2
[21.122s] -- Up-to-date: /home/sf_ws/install/stonefish_ros2/include/stonefish_ros2/stonefish_ros2/msg
[21.122s] -- Up-to-date: /home/sf_ws/install/stonefish_ros2/include/stonefish_ros2/stonefish_ros2/msg/detail
[21.122s] -- Installing: /home/sf_ws/install/stonefish_ros2/include/stonefish_ros2/stonefish_ros2/msg/detail/beacon_info__rosidl_typesupport_introspection_c.h
[21.122s] -- Installing: /home/sf_ws/install/stonefish_ros2/include/stonefish_ros2/stonefish_ros2/msg/detail/thruster_state__rosidl_typesupport_introspection_c.h
[21.122s] -- Installing: /home/sf_ws/install/stonefish_ros2/include/stonefish_ros2/stonefish_ros2/msg/detail/int32_stamped__type_support.c
[21.122s] -- Installing: /home/sf_ws/install/stonefish_ros2/include/stonefish_ros2/stonefish_ros2/msg/detail/debug_physics__type_support.c
[21.122s] -- Installing: /home/sf_ws/install/stonefish_ros2/include/stonefish_ros2/stonefish_ros2/msg/detail/dvl__type_support.c
[21.122s] -- Installing: /home/sf_ws/install/stonefish_ros2/include/stonefish_ros2/stonefish_ros2/msg/detail/ned_pose__rosidl_typesupport_introspection_c.h
[21.122s] -- Installing: /home/sf_ws/install/stonefish_ros2/include/stonefish_ros2/stonefish_ros2/msg/detail/int32_stamped__rosidl_typesupport_introspection_c.h
[21.122s] -- Installing: /home/sf_ws/install/stonefish_ros2/include/stonefish_ros2/stonefish_ros2/msg/detail/thruster_state__type_support.c
[21.122s] -- Installing: /home/sf_ws/install/stonefish_ros2/include/stonefish_ros2/stonefish_ros2/msg/detail/dvl_beam__rosidl_typesupport_introspection_c.h
[21.122s] -- Installing: /home/sf_ws/install/stonefish_ros2/include/stonefish_ros2/stonefish_ros2/msg/detail/beacon_info__type_support.c
[21.122s] -- Installing: /home/sf_ws/install/stonefish_ros2/include/stonefish_ros2/stonefish_ros2/msg/detail/ned_pose__type_support.c
[21.122s] -- Installing: /home/sf_ws/install/stonefish_ros2/include/stonefish_ros2/stonefish_ros2/msg/detail/debug_physics__rosidl_typesupport_introspection_c.h
[21.122s] -- Installing: /home/sf_ws/install/stonefish_ros2/include/stonefish_ros2/stonefish_ros2/msg/detail/ins__rosidl_typesupport_introspection_c.h
[21.122s] -- Installing: /home/sf_ws/install/stonefish_ros2/include/stonefish_ros2/stonefish_ros2/msg/detail/ins__type_support.c
[21.122s] -- Installing: /home/sf_ws/install/stonefish_ros2/include/stonefish_ros2/stonefish_ros2/msg/detail/dvl_beam__type_support.c
[21.122s] -- Installing: /home/sf_ws/install/stonefish_ros2/include/stonefish_ros2/stonefish_ros2/msg/detail/dvl__rosidl_typesupport_introspection_c.h
[21.122s] -- Installing: /home/sf_ws/install/stonefish_ros2/include/stonefish_ros2/stonefish_ros2/msg/rosidl_typesupport_introspection_c__visibility_control.h
[21.122s] -- Up-to-date: /home/sf_ws/install/stonefish_ros2/include/stonefish_ros2/stonefish_ros2/srv
[21.123s] -- Up-to-date: /home/sf_ws/install/stonefish_ros2/include/stonefish_ros2/stonefish_ros2/srv/detail
[21.123s] -- Installing: /home/sf_ws/install/stonefish_ros2/include/stonefish_ros2/stonefish_ros2/srv/detail/sonar_settings__rosidl_typesupport_introspection_c.h
[21.123s] -- Installing: /home/sf_ws/install/stonefish_ros2/include/stonefish_ros2/stonefish_ros2/srv/detail/sonar_settings__type_support.c
[21.123s] -- Installing: /home/sf_ws/install/stonefish_ros2/include/stonefish_ros2/stonefish_ros2/srv/detail/respawn__rosidl_typesupport_introspection_c.h
[21.123s] -- Installing: /home/sf_ws/install/stonefish_ros2/include/stonefish_ros2/stonefish_ros2/srv/detail/sonar_settings2__type_support.c
[21.123s] -- Installing: /home/sf_ws/install/stonefish_ros2/include/stonefish_ros2/stonefish_ros2/srv/detail/respawn__type_support.c
[21.123s] -- Installing: /home/sf_ws/install/stonefish_ros2/include/stonefish_ros2/stonefish_ros2/srv/detail/sonar_settings2__rosidl_typesupport_introspection_c.h
[21.123s] -- Installing: /home/sf_ws/install/stonefish_ros2/lib/libstonefish_ros2__rosidl_typesupport_introspection_c.so
[21.123s] -- Set runtime path of "/home/sf_ws/install/stonefish_ros2/lib/libstonefish_ros2__rosidl_typesupport_introspection_c.so" to ""
[21.123s] -- Installing: /home/sf_ws/install/stonefish_ros2/lib/libstonefish_ros2__rosidl_typesupport_c.so
[21.123s] -- Set runtime path of "/home/sf_ws/install/stonefish_ros2/lib/libstonefish_ros2__rosidl_typesupport_c.so" to ""
[21.123s] -- Up-to-date: /home/sf_ws/install/stonefish_ros2/include/stonefish_ros2/stonefish_ros2
[21.123s] -- Up-to-date: /home/sf_ws/install/stonefish_ros2/include/stonefish_ros2/stonefish_ros2/msg
[21.123s] -- Up-to-date: /home/sf_ws/install/stonefish_ros2/include/stonefish_ros2/stonefish_ros2/msg/detail
[21.123s] -- Installing: /home/sf_ws/install/stonefish_ros2/include/stonefish_ros2/stonefish_ros2/msg/detail/int32_stamped__type_support.cpp
[21.123s] -- Installing: /home/sf_ws/install/stonefish_ros2/include/stonefish_ros2/stonefish_ros2/msg/detail/beacon_info__type_support.cpp
[21.123s] -- Installing: /home/sf_ws/install/stonefish_ros2/include/stonefish_ros2/stonefish_ros2/msg/detail/dvl__rosidl_typesupport_introspection_cpp.hpp
[21.123s] -- Installing: /home/sf_ws/install/stonefish_ros2/include/stonefish_ros2/stonefish_ros2/msg/detail/ins__rosidl_typesupport_introspection_cpp.hpp
[21.123s] -- Installing: /home/sf_ws/install/stonefish_ros2/include/stonefish_ros2/stonefish_ros2/msg/detail/ned_pose__type_support.cpp
[21.123s] -- Installing: /home/sf_ws/install/stonefish_ros2/include/stonefish_ros2/stonefish_ros2/msg/detail/ins__type_support.cpp
[21.123s] -- Installing: /home/sf_ws/install/stonefish_ros2/include/stonefish_ros2/stonefish_ros2/msg/detail/dvl__type_support.cpp
[21.123s] -- Installing: /home/sf_ws/install/stonefish_ros2/include/stonefish_ros2/stonefish_ros2/msg/detail/thruster_state__rosidl_typesupport_introspection_cpp.hpp
[21.123s] -- Installing: /home/sf_ws/install/stonefish_ros2/include/stonefish_ros2/stonefish_ros2/msg/detail/ned_pose__rosidl_typesupport_introspection_cpp.hpp
[21.123s] -- Installing: /home/sf_ws/install/stonefish_ros2/include/stonefish_ros2/stonefish_ros2/msg/detail/debug_physics__type_support.cpp
[21.124s] -- Installing: /home/sf_ws/install/stonefish_ros2/include/stonefish_ros2/stonefish_ros2/msg/detail/thruster_state__type_support.cpp
[21.124s] -- Installing: /home/sf_ws/install/stonefish_ros2/include/stonefish_ros2/stonefish_ros2/msg/detail/beacon_info__rosidl_typesupport_introspection_cpp.hpp
[21.124s] -- Installing: /home/sf_ws/install/stonefish_ros2/include/stonefish_ros2/stonefish_ros2/msg/detail/dvl_beam__rosidl_typesupport_introspection_cpp.hpp
[21.124s] -- Installing: /home/sf_ws/install/stonefish_ros2/include/stonefish_ros2/stonefish_ros2/msg/detail/dvl_beam__type_support.cpp
[21.124s] -- Installing: /home/sf_ws/install/stonefish_ros2/include/stonefish_ros2/stonefish_ros2/msg/detail/debug_physics__rosidl_typesupport_introspection_cpp.hpp
[21.124s] -- Installing: /home/sf_ws/install/stonefish_ros2/include/stonefish_ros2/stonefish_ros2/msg/detail/int32_stamped__rosidl_typesupport_introspection_cpp.hpp
[21.124s] -- Up-to-date: /home/sf_ws/install/stonefish_ros2/include/stonefish_ros2/stonefish_ros2/srv
[21.124s] -- Up-to-date: /home/sf_ws/install/stonefish_ros2/include/stonefish_ros2/stonefish_ros2/srv/detail
[21.124s] -- Installing: /home/sf_ws/install/stonefish_ros2/include/stonefish_ros2/stonefish_ros2/srv/detail/sonar_settings2__type_support.cpp
[21.124s] -- Installing: /home/sf_ws/install/stonefish_ros2/include/stonefish_ros2/stonefish_ros2/srv/detail/sonar_settings2__rosidl_typesupport_introspection_cpp.hpp
[21.124s] -- Installing: /home/sf_ws/install/stonefish_ros2/include/stonefish_ros2/stonefish_ros2/srv/detail/sonar_settings__rosidl_typesupport_introspection_cpp.hpp
[21.124s] -- Installing: /home/sf_ws/install/stonefish_ros2/include/stonefish_ros2/stonefish_ros2/srv/detail/sonar_settings__type_support.cpp
[21.124s] -- Installing: /home/sf_ws/install/stonefish_ros2/include/stonefish_ros2/stonefish_ros2/srv/detail/respawn__rosidl_typesupport_introspection_cpp.hpp
[21.124s] -- Installing: /home/sf_ws/install/stonefish_ros2/include/stonefish_ros2/stonefish_ros2/srv/detail/respawn__type_support.cpp
[21.124s] -- Installing: /home/sf_ws/install/stonefish_ros2/lib/libstonefish_ros2__rosidl_typesupport_introspection_cpp.so
[21.124s] -- Set runtime path of "/home/sf_ws/install/stonefish_ros2/lib/libstonefish_ros2__rosidl_typesupport_introspection_cpp.so" to ""
[21.124s] -- Installing: /home/sf_ws/install/stonefish_ros2/lib/libstonefish_ros2__rosidl_typesupport_cpp.so
[21.124s] -- Set runtime path of "/home/sf_ws/install/stonefish_ros2/lib/libstonefish_ros2__rosidl_typesupport_cpp.so" to ""
[21.124s] -- Installing: /home/sf_ws/install/stonefish_ros2/share/stonefish_ros2/environment/pythonpath.sh
[21.124s] -- Installing: /home/sf_ws/install/stonefish_ros2/share/stonefish_ros2/environment/pythonpath.dsv
[21.124s] -- Installing: /home/sf_ws/install/stonefish_ros2/local/lib/python3.10/dist-packages/stonefish_ros2-1.3.0-py3.10.egg-info
[21.124s] -- Installing: /home/sf_ws/install/stonefish_ros2/local/lib/python3.10/dist-packages/stonefish_ros2-1.3.0-py3.10.egg-info/SOURCES.txt
[21.124s] -- Installing: /home/sf_ws/install/stonefish_ros2/local/lib/python3.10/dist-packages/stonefish_ros2-1.3.0-py3.10.egg-info/top_level.txt
[21.124s] -- Installing: /home/sf_ws/install/stonefish_ros2/local/lib/python3.10/dist-packages/stonefish_ros2-1.3.0-py3.10.egg-info/PKG-INFO
[21.124s] -- Installing: /home/sf_ws/install/stonefish_ros2/local/lib/python3.10/dist-packages/stonefish_ros2-1.3.0-py3.10.egg-info/dependency_links.txt
[21.124s] -- Installing: /home/sf_ws/install/stonefish_ros2/local/lib/python3.10/dist-packages/stonefish_ros2
[21.124s] -- Installing: /home/sf_ws/install/stonefish_ros2/local/lib/python3.10/dist-packages/stonefish_ros2/stonefish_ros2_s__rosidl_typesupport_introspection_c.cpython-310-x86_64-linux-gnu.so
[21.124s] -- Installing: /home/sf_ws/install/stonefish_ros2/local/lib/python3.10/dist-packages/stonefish_ros2/_stonefish_ros2_s.ep.rosidl_typesupport_c.c
[21.124s] -- Installing: /home/sf_ws/install/stonefish_ros2/local/lib/python3.10/dist-packages/stonefish_ros2/stonefish_ros2_s__rosidl_typesupport_c.cpython-310-x86_64-linux-gnu.so
[21.124s] -- Installing: /home/sf_ws/install/stonefish_ros2/local/lib/python3.10/dist-packages/stonefish_ros2/libstonefish_ros2__rosidl_generator_py.so
[21.125s] -- Installing: /home/sf_ws/install/stonefish_ros2/local/lib/python3.10/dist-packages/stonefish_ros2/msg
[21.125s] -- Installing: /home/sf_ws/install/stonefish_ros2/local/lib/python3.10/dist-packages/stonefish_ros2/msg/_ins.py
[21.125s] -- Installing: /home/sf_ws/install/stonefish_ros2/local/lib/python3.10/dist-packages/stonefish_ros2/msg/_beacon_info.py
[21.125s] -- Installing: /home/sf_ws/install/stonefish_ros2/local/lib/python3.10/dist-packages/stonefish_ros2/msg/_ins_s.c
[21.125s] -- Installing: /home/sf_ws/install/stonefish_ros2/local/lib/python3.10/dist-packages/stonefish_ros2/msg/_debug_physics.py
[21.125s] -- Installing: /home/sf_ws/install/stonefish_ros2/local/lib/python3.10/dist-packages/stonefish_ros2/msg/_dvl_s.c
[21.125s] -- Installing: /home/sf_ws/install/stonefish_ros2/local/lib/python3.10/dist-packages/stonefish_ros2/msg/_thruster_state.py
[21.125s] -- Installing: /home/sf_ws/install/stonefish_ros2/local/lib/python3.10/dist-packages/stonefish_ros2/msg/_debug_physics_s.c
[21.125s] -- Installing: /home/sf_ws/install/stonefish_ros2/local/lib/python3.10/dist-packages/stonefish_ros2/msg/_ned_pose_s.c
[21.125s] -- Installing: /home/sf_ws/install/stonefish_ros2/local/lib/python3.10/dist-packages/stonefish_ros2/msg/_dvl.py
[21.125s] -- Installing: /home/sf_ws/install/stonefish_ros2/local/lib/python3.10/dist-packages/stonefish_ros2/msg/_dvl_beam_s.c
[21.125s] -- Installing: /home/sf_ws/install/stonefish_ros2/local/lib/python3.10/dist-packages/stonefish_ros2/msg/_int32_stamped.py
[21.125s] -- Installing: /home/sf_ws/install/stonefish_ros2/local/lib/python3.10/dist-packages/stonefish_ros2/msg/__init__.py
[21.125s] -- Installing: /home/sf_ws/install/stonefish_ros2/local/lib/python3.10/dist-packages/stonefish_ros2/msg/_beacon_info_s.c
[21.125s] -- Installing: /home/sf_ws/install/stonefish_ros2/local/lib/python3.10/dist-packages/stonefish_ros2/msg/_thruster_state_s.c
[21.125s] -- Installing: /home/sf_ws/install/stonefish_ros2/local/lib/python3.10/dist-packages/stonefish_ros2/msg/_int32_stamped_s.c
[21.125s] -- Installing: /home/sf_ws/install/stonefish_ros2/local/lib/python3.10/dist-packages/stonefish_ros2/msg/_dvl_beam.py
[21.125s] -- Installing: /home/sf_ws/install/stonefish_ros2/local/lib/python3.10/dist-packages/stonefish_ros2/msg/_ned_pose.py
[21.125s] -- Installing: /home/sf_ws/install/stonefish_ros2/local/lib/python3.10/dist-packages/stonefish_ros2/stonefish_ros2_s__rosidl_typesupport_fastrtps_c.cpython-310-x86_64-linux-gnu.so
[21.125s] -- Installing: /home/sf_ws/install/stonefish_ros2/local/lib/python3.10/dist-packages/stonefish_ros2/_stonefish_ros2_s.ep.rosidl_typesupport_introspection_c.c
[21.125s] -- Installing: /home/sf_ws/install/stonefish_ros2/local/lib/python3.10/dist-packages/stonefish_ros2/__init__.py
[21.125s] -- Installing: /home/sf_ws/install/stonefish_ros2/local/lib/python3.10/dist-packages/stonefish_ros2/_stonefish_ros2_s.ep.rosidl_typesupport_fastrtps_c.c
[21.125s] -- Installing: /home/sf_ws/install/stonefish_ros2/local/lib/python3.10/dist-packages/stonefish_ros2/srv
[21.125s] -- Installing: /home/sf_ws/install/stonefish_ros2/local/lib/python3.10/dist-packages/stonefish_ros2/srv/_respawn_s.c
[21.125s] -- Installing: /home/sf_ws/install/stonefish_ros2/local/lib/python3.10/dist-packages/stonefish_ros2/srv/_sonar_settings2.py
[21.125s] -- Installing: /home/sf_ws/install/stonefish_ros2/local/lib/python3.10/dist-packages/stonefish_ros2/srv/_sonar_settings.py
[21.125s] -- Installing: /home/sf_ws/install/stonefish_ros2/local/lib/python3.10/dist-packages/stonefish_ros2/srv/_sonar_settings_s.c
[21.125s] -- Installing: /home/sf_ws/install/stonefish_ros2/local/lib/python3.10/dist-packages/stonefish_ros2/srv/_sonar_settings2_s.c
[21.125s] -- Installing: /home/sf_ws/install/stonefish_ros2/local/lib/python3.10/dist-packages/stonefish_ros2/srv/__init__.py
[21.125s] -- Installing: /home/sf_ws/install/stonefish_ros2/local/lib/python3.10/dist-packages/stonefish_ros2/srv/_respawn.py
[21.149s] Listing '/home/sf_ws/install/stonefish_ros2/local/lib/python3.10/dist-packages/stonefish_ros2'...
[21.149s] Compiling '/home/sf_ws/install/stonefish_ros2/local/lib/python3.10/dist-packages/stonefish_ros2/__init__.py'...
[21.149s] Listing '/home/sf_ws/install/stonefish_ros2/local/lib/python3.10/dist-packages/stonefish_ros2/msg'...
[21.149s] Compiling '/home/sf_ws/install/stonefish_ros2/local/lib/python3.10/dist-packages/stonefish_ros2/msg/__init__.py'...
[21.149s] Compiling '/home/sf_ws/install/stonefish_ros2/local/lib/python3.10/dist-packages/stonefish_ros2/msg/_beacon_info.py'...
[21.149s] Compiling '/home/sf_ws/install/stonefish_ros2/local/lib/python3.10/dist-packages/stonefish_ros2/msg/_debug_physics.py'...
[21.149s] Compiling '/home/sf_ws/install/stonefish_ros2/local/lib/python3.10/dist-packages/stonefish_ros2/msg/_dvl.py'...
[21.149s] Compiling '/home/sf_ws/install/stonefish_ros2/local/lib/python3.10/dist-packages/stonefish_ros2/msg/_dvl_beam.py'...
[21.149s] Compiling '/home/sf_ws/install/stonefish_ros2/local/lib/python3.10/dist-packages/stonefish_ros2/msg/_ins.py'...
[21.149s] Compiling '/home/sf_ws/install/stonefish_ros2/local/lib/python3.10/dist-packages/stonefish_ros2/msg/_int32_stamped.py'...
[21.149s] Compiling '/home/sf_ws/install/stonefish_ros2/local/lib/python3.10/dist-packages/stonefish_ros2/msg/_ned_pose.py'...
[21.149s] Compiling '/home/sf_ws/install/stonefish_ros2/local/lib/python3.10/dist-packages/stonefish_ros2/msg/_thruster_state.py'...
[21.149s] Listing '/home/sf_ws/install/stonefish_ros2/local/lib/python3.10/dist-packages/stonefish_ros2/srv'...
[21.149s] Compiling '/home/sf_ws/install/stonefish_ros2/local/lib/python3.10/dist-packages/stonefish_ros2/srv/__init__.py'...
[21.149s] Compiling '/home/sf_ws/install/stonefish_ros2/local/lib/python3.10/dist-packages/stonefish_ros2/srv/_respawn.py'...
[21.150s] Compiling '/home/sf_ws/install/stonefish_ros2/local/lib/python3.10/dist-packages/stonefish_ros2/srv/_sonar_settings.py'...
[21.150s] Compiling '/home/sf_ws/install/stonefish_ros2/local/lib/python3.10/dist-packages/stonefish_ros2/srv/_sonar_settings2.py'...
[21.151s] -- Installing: /home/sf_ws/install/stonefish_ros2/local/lib/python3.10/dist-packages/stonefish_ros2/stonefish_ros2_s__rosidl_typesupport_fastrtps_c.cpython-310-x86_64-linux-gnu.so
[21.152s] -- Set runtime path of "/home/sf_ws/install/stonefish_ros2/local/lib/python3.10/dist-packages/stonefish_ros2/stonefish_ros2_s__rosidl_typesupport_fastrtps_c.cpython-310-x86_64-linux-gnu.so" to ""
[21.152s] -- Installing: /home/sf_ws/install/stonefish_ros2/local/lib/python3.10/dist-packages/stonefish_ros2/stonefish_ros2_s__rosidl_typesupport_introspection_c.cpython-310-x86_64-linux-gnu.so
[21.152s] -- Set runtime path of "/home/sf_ws/install/stonefish_ros2/local/lib/python3.10/dist-packages/stonefish_ros2/stonefish_ros2_s__rosidl_typesupport_introspection_c.cpython-310-x86_64-linux-gnu.so" to ""
[21.152s] -- Installing: /home/sf_ws/install/stonefish_ros2/local/lib/python3.10/dist-packages/stonefish_ros2/stonefish_ros2_s__rosidl_typesupport_c.cpython-310-x86_64-linux-gnu.so
[21.152s] -- Set runtime path of "/home/sf_ws/install/stonefish_ros2/local/lib/python3.10/dist-packages/stonefish_ros2/stonefish_ros2_s__rosidl_typesupport_c.cpython-310-x86_64-linux-gnu.so" to ""
[21.152s] -- Installing: /home/sf_ws/install/stonefish_ros2/lib/libstonefish_ros2__rosidl_generator_py.so
[21.152s] -- Set runtime path of "/home/sf_ws/install/stonefish_ros2/lib/libstonefish_ros2__rosidl_generator_py.so" to ""
[21.152s] -- Installing: /home/sf_ws/install/stonefish_ros2/share/stonefish_ros2/msg/Int32Stamped.idl
[21.152s] -- Installing: /home/sf_ws/install/stonefish_ros2/share/stonefish_ros2/msg/BeaconInfo.idl
[21.152s] -- Installing: /home/sf_ws/install/stonefish_ros2/share/stonefish_ros2/msg/NEDPose.idl
[21.152s] -- Installing: /home/sf_ws/install/stonefish_ros2/share/stonefish_ros2/msg/INS.idl
[21.152s] -- Installing: /home/sf_ws/install/stonefish_ros2/share/stonefish_ros2/msg/DVLBeam.idl
[21.152s] -- Installing: /home/sf_ws/install/stonefish_ros2/share/stonefish_ros2/msg/DVL.idl
[21.152s] -- Installing: /home/sf_ws/install/stonefish_ros2/share/stonefish_ros2/msg/ThrusterState.idl
[21.152s] -- Installing: /home/sf_ws/install/stonefish_ros2/share/stonefish_ros2/msg/DebugPhysics.idl
[21.152s] -- Installing: /home/sf_ws/install/stonefish_ros2/share/stonefish_ros2/srv/SonarSettings.idl
[21.152s] -- Installing: /home/sf_ws/install/stonefish_ros2/share/stonefish_ros2/srv/SonarSettings2.idl
[21.152s] -- Installing: /home/sf_ws/install/stonefish_ros2/share/stonefish_ros2/srv/Respawn.idl
[21.152s] -- Installing: /home/sf_ws/install/stonefish_ros2/share/stonefish_ros2/msg/Int32Stamped.msg
[21.152s] -- Installing: /home/sf_ws/install/stonefish_ros2/share/stonefish_ros2/msg/BeaconInfo.msg
[21.152s] -- Installing: /home/sf_ws/install/stonefish_ros2/share/stonefish_ros2/msg/NEDPose.msg
[21.153s] -- Installing: /home/sf_ws/install/stonefish_ros2/share/stonefish_ros2/msg/INS.msg
[21.153s] -- Installing: /home/sf_ws/install/stonefish_ros2/share/stonefish_ros2/msg/DVLBeam.msg
[21.153s] -- Installing: /home/sf_ws/install/stonefish_ros2/share/stonefish_ros2/msg/DVL.msg
[21.153s] -- Installing: /home/sf_ws/install/stonefish_ros2/share/stonefish_ros2/msg/ThrusterState.msg
[21.153s] -- Installing: /home/sf_ws/install/stonefish_ros2/share/stonefish_ros2/msg/DebugPhysics.msg
[21.153s] -- Installing: /home/sf_ws/install/stonefish_ros2/share/stonefish_ros2/srv/SonarSettings.srv
[21.153s] -- Installing: /home/sf_ws/install/stonefish_ros2/share/stonefish_ros2/srv/SonarSettings_Request.msg
[21.153s] -- Installing: /home/sf_ws/install/stonefish_ros2/share/stonefish_ros2/srv/SonarSettings_Response.msg
[21.153s] -- Installing: /home/sf_ws/install/stonefish_ros2/share/stonefish_ros2/srv/SonarSettings2.srv
[21.153s] -- Installing: /home/sf_ws/install/stonefish_ros2/share/stonefish_ros2/srv/SonarSettings2_Request.msg
[21.153s] -- Installing: /home/sf_ws/install/stonefish_ros2/share/stonefish_ros2/srv/SonarSettings2_Response.msg
[21.153s] -- Installing: /home/sf_ws/install/stonefish_ros2/share/stonefish_ros2/srv/Respawn.srv
[21.153s] -- Installing: /home/sf_ws/install/stonefish_ros2/share/stonefish_ros2/srv/Respawn_Request.msg
[21.153s] -- Installing: /home/sf_ws/install/stonefish_ros2/share/stonefish_ros2/srv/Respawn_Response.msg
[21.153s] -- Installing: /home/sf_ws/install/stonefish_ros2/lib/libstonefish_ros2_interface.so
[21.168s] -- Set runtime path of "/home/sf_ws/install/stonefish_ros2/lib/libstonefish_ros2_interface.so" to ""
[21.168s] -- Installing: /home/sf_ws/install/stonefish_ros2/include/include
[21.168s] -- Installing: /home/sf_ws/install/stonefish_ros2/include/include/stonefish_ros2
[21.168s] -- Installing: /home/sf_ws/install/stonefish_ros2/include/include/stonefish_ros2/ROS2Interface.h
[21.168s] -- Installing: /home/sf_ws/install/stonefish_ros2/include/include/stonefish_ros2/ROS2SimulationManager.h
[21.168s] -- Installing: /home/sf_ws/install/stonefish_ros2/include/include/stonefish_ros2/ROS2GraphicalSimulationApp.h
[21.168s] -- Installing: /home/sf_ws/install/stonefish_ros2/include/include/stonefish_ros2/ROS2ConsoleSimulationApp.h
[21.168s] -- Installing: /home/sf_ws/install/stonefish_ros2/include/include/stonefish_ros2/ROS2ScenarioParser.h
[21.168s] -- Installing: /home/sf_ws/install/stonefish_ros2/lib/stonefish_ros2/stonefish_simulator
[21.169s] -- Set runtime path of "/home/sf_ws/install/stonefish_ros2/lib/stonefish_ros2/stonefish_simulator" to ""
[21.169s] -- Installing: /home/sf_ws/install/stonefish_ros2/lib/stonefish_ros2/stonefish_simulator_nogpu
[21.169s] -- Set runtime path of "/home/sf_ws/install/stonefish_ros2/lib/stonefish_ros2/stonefish_simulator_nogpu" to ""
[21.169s] -- Installing: /home/sf_ws/install/stonefish_ros2/share/stonefish_ros2/launch
[21.169s] -- Installing: /home/sf_ws/install/stonefish_ros2/share/stonefish_ros2/launch/stonefish_simulator_nogpu.launch.py
[21.169s] -- Installing: /home/sf_ws/install/stonefish_ros2/share/stonefish_ros2/launch/stonefish_simulator.launch.py
[21.169s] -- Installing: /home/sf_ws/install/stonefish_ros2/share/ament_index/resource_index/package_run_dependencies/stonefish_ros2
[21.169s] -- Installing: /home/sf_ws/install/stonefish_ros2/share/ament_index/resource_index/parent_prefix_path/stonefish_ros2
[21.169s] -- Installing: /home/sf_ws/install/stonefish_ros2/share/stonefish_ros2/environment/ament_prefix_path.sh
[21.169s] -- Installing: /home/sf_ws/install/stonefish_ros2/share/stonefish_ros2/environment/ament_prefix_path.dsv
[21.169s] -- Installing: /home/sf_ws/install/stonefish_ros2/share/stonefish_ros2/environment/path.sh
[21.169s] -- Installing: /home/sf_ws/install/stonefish_ros2/share/stonefish_ros2/environment/path.dsv
[21.169s] -- Installing: /home/sf_ws/install/stonefish_ros2/share/stonefish_ros2/local_setup.bash
[21.169s] -- Installing: /home/sf_ws/install/stonefish_ros2/share/stonefish_ros2/local_setup.sh
[21.169s] -- Installing: /home/sf_ws/install/stonefish_ros2/share/stonefish_ros2/local_setup.zsh
[21.169s] -- Installing: /home/sf_ws/install/stonefish_ros2/share/stonefish_ros2/local_setup.dsv
[21.169s] -- Installing: /home/sf_ws/install/stonefish_ros2/share/stonefish_ros2/package.dsv
[21.169s] -- Installing: /home/sf_ws/install/stonefish_ros2/share/ament_index/resource_index/packages/stonefish_ros2
[21.169s] -- Installing: /home/sf_ws/install/stonefish_ros2/share/stonefish_ros2/cmake/export_stonefish_ros2__rosidl_generator_cExport.cmake
[21.170s] -- Installing: /home/sf_ws/install/stonefish_ros2/share/stonefish_ros2/cmake/export_stonefish_ros2__rosidl_generator_cExport-noconfig.cmake
[21.170s] -- Installing: /home/sf_ws/install/stonefish_ros2/share/stonefish_ros2/cmake/export_stonefish_ros2__rosidl_typesupport_fastrtps_cExport.cmake
[21.170s] -- Installing: /home/sf_ws/install/stonefish_ros2/share/stonefish_ros2/cmake/export_stonefish_ros2__rosidl_typesupport_fastrtps_cExport-noconfig.cmake
[21.170s] -- Installing: /home/sf_ws/install/stonefish_ros2/share/stonefish_ros2/cmake/export_stonefish_ros2__rosidl_generator_cppExport.cmake
[21.170s] -- Installing: /home/sf_ws/install/stonefish_ros2/share/stonefish_ros2/cmake/export_stonefish_ros2__rosidl_typesupport_fastrtps_cppExport.cmake
[21.170s] -- Installing: /home/sf_ws/install/stonefish_ros2/share/stonefish_ros2/cmake/export_stonefish_ros2__rosidl_typesupport_fastrtps_cppExport-noconfig.cmake
[21.170s] -- Installing: /home/sf_ws/install/stonefish_ros2/share/stonefish_ros2/cmake/stonefish_ros2__rosidl_typesupport_introspection_cExport.cmake
[21.170s] -- Installing: /home/sf_ws/install/stonefish_ros2/share/stonefish_ros2/cmake/stonefish_ros2__rosidl_typesupport_introspection_cExport-noconfig.cmake
[21.170s] -- Installing: /home/sf_ws/install/stonefish_ros2/share/stonefish_ros2/cmake/stonefish_ros2__rosidl_typesupport_cExport.cmake
[21.170s] -- Installing: /home/sf_ws/install/stonefish_ros2/share/stonefish_ros2/cmake/stonefish_ros2__rosidl_typesupport_cExport-noconfig.cmake
[21.170s] -- Installing: /home/sf_ws/install/stonefish_ros2/share/stonefish_ros2/cmake/stonefish_ros2__rosidl_typesupport_introspection_cppExport.cmake
[21.170s] -- Installing: /home/sf_ws/install/stonefish_ros2/share/stonefish_ros2/cmake/stonefish_ros2__rosidl_typesupport_introspection_cppExport-noconfig.cmake
[21.170s] -- Installing: /home/sf_ws/install/stonefish_ros2/share/stonefish_ros2/cmake/stonefish_ros2__rosidl_typesupport_cppExport.cmake
[21.170s] -- Installing: /home/sf_ws/install/stonefish_ros2/share/stonefish_ros2/cmake/stonefish_ros2__rosidl_typesupport_cppExport-noconfig.cmake
[21.170s] -- Installing: /home/sf_ws/install/stonefish_ros2/share/stonefish_ros2/cmake/export_stonefish_ros2__rosidl_generator_pyExport.cmake
[21.170s] -- Installing: /home/sf_ws/install/stonefish_ros2/share/stonefish_ros2/cmake/export_stonefish_ros2__rosidl_generator_pyExport-noconfig.cmake
[21.170s] -- Installing: /home/sf_ws/install/stonefish_ros2/share/stonefish_ros2/cmake/rosidl_cmake-extras.cmake
[21.170s] -- Installing: /home/sf_ws/install/stonefish_ros2/share/stonefish_ros2/cmake/ament_cmake_export_dependencies-extras.cmake
[21.170s] -- Installing: /home/sf_ws/install/stonefish_ros2/share/stonefish_ros2/cmake/ament_cmake_export_include_directories-extras.cmake
[21.170s] -- Installing: /home/sf_ws/install/stonefish_ros2/share/stonefish_ros2/cmake/ament_cmake_export_libraries-extras.cmake
[21.170s] -- Installing: /home/sf_ws/install/stonefish_ros2/share/stonefish_ros2/cmake/ament_cmake_export_targets-extras.cmake
[21.170s] -- Installing: /home/sf_ws/install/stonefish_ros2/share/stonefish_ros2/cmake/rosidl_cmake_export_typesupport_targets-extras.cmake
[21.170s] -- Installing: /home/sf_ws/install/stonefish_ros2/share/stonefish_ros2/cmake/rosidl_cmake_export_typesupport_libraries-extras.cmake
[21.170s] -- Installing: /home/sf_ws/install/stonefish_ros2/share/stonefish_ros2/cmake/stonefish_ros2Config.cmake
[21.170s] -- Installing: /home/sf_ws/install/stonefish_ros2/share/stonefish_ros2/cmake/stonefish_ros2Config-version.cmake
[21.170s] -- Installing: /home/sf_ws/install/stonefish_ros2/share/stonefish_ros2/package.xml
[21.172s] Invoked command in '/home/sf_ws/build/stonefish_ros2' returned '0': CMAKE_PREFIX_PATH=${CMAKE_PREFIX_PATH}:/opt/ros/humble /usr/bin/cmake --install /home/sf_ws/build/stonefish_ros2
